<?xml version="1.0" encoding="utf-8"?>
<TestRun id="e6df165b-558c-44f1-b923-63e33387655d" name="@pkrvmccyg1gnepe 2025-08-29 00:41:27" xmlns="http://microsoft.com/schemas/VisualStudio/TeamTest/2010">
  <Times creation="2025-08-29T00:41:27.2091159+00:00" queuing="2025-08-29T00:41:27.2091160+00:00" start="2025-08-29T00:41:25.0474353+00:00" finish="2025-08-29T00:41:28.2634468+00:00" />
  <TestSettings name="default" id="2f4c0dfa-7f23-4097-9663-43d1fbb51cb5">
    <Deployment runDeploymentRoot="_pkrvmccyg1gnepe_2025-08-29_00_41_27" />
  </TestSettings>
  <Results>
    <UnitTestResult executionId="a61e1ea9-8e1d-4a6b-a4e0-5879ab8cb113" testId="6e95a11c-ba0a-17a5-b618-642e6194107c" testName="BuckScience.Tests.PhotoFilteringComprehensiveTests.PhotoFiltering_BackwardCompatibility_WithoutFilters" computerName="pkrvmccyg1gnepe" duration="00:00:00.0170163" startTime="2025-08-29T00:41:27.1755481+00:00" endTime="2025-08-29T00:41:27.1755482+00:00" testType="13cdc9d9-ddb5-4fa4-a97d-d965ccfc6d4b" outcome="Passed" testListId="8c84fa94-04c1-424b-9868-57a2d4851a1d" relativeResultsDirectory="a61e1ea9-8e1d-4a6b-a4e0-5879ab8cb113" />
    <UnitTestResult executionId="acbe147b-6fe5-4a99-a18e-84d6b5af45d1" testId="a7640c1c-3e1a-ff5f-a7c8-4da5a8b29af2" testName="BuckScience.Tests.Web.Helpers.WeatherHelpersTests.ConvertMoonPhaseTextToNumeric_ValidText_ReturnsCorrectValue(text: &quot;First Quarter&quot;, expected: 0.25)" computerName="pkrvmccyg1gnepe" duration="00:00:00.0000160" startTime="2025-08-29T00:41:27.1742063+00:00" endTime="2025-08-29T00:41:27.1742064+00:00" testType="13cdc9d9-ddb5-4fa4-a97d-d965ccfc6d4b" outcome="Passed" testListId="8c84fa94-04c1-424b-9868-57a2d4851a1d" relativeResultsDirectory="acbe147b-6fe5-4a99-a18e-84d6b5af45d1" />
    <UnitTestResult executionId="7ae58d22-5a17-4869-8af4-e20f2887c43a" testId="11c53883-3d96-0957-d8a1-9dcf44cb5e78" testName="BuckScience.Tests.Web.Helpers.WeatherHelpersTests.StandardWindDirections_Contains16Directions" computerName="pkrvmccyg1gnepe" duration="00:00:00.0002490" startTime="2025-08-29T00:41:27.1753967+00:00" endTime="2025-08-29T00:41:27.1753968+00:00" testType="13cdc9d9-ddb5-4fa4-a97d-d965ccfc6d4b" outcome="Passed" testListId="8c84fa94-04c1-424b-9868-57a2d4851a1d" relativeResultsDirectory="7ae58d22-5a17-4869-8af4-e20f2887c43a" />
    <UnitTestResult executionId="28193e5e-8b6d-45a0-8204-c2250a75ee9f" testId="4103318d-2de0-6e72-8544-27607329cbb3" testName="BuckScience.Tests.CameraDetailsVmTests.CameraDetailsVm_ShouldAllowNullModel" computerName="pkrvmccyg1gnepe" duration="00:00:00.0015464" startTime="2025-08-29T00:41:27.1777932+00:00" endTime="2025-08-29T00:41:27.1777933+00:00" testType="13cdc9d9-ddb5-4fa4-a97d-d965ccfc6d4b" outcome="Passed" testListId="8c84fa94-04c1-424b-9868-57a2d4851a1d" relativeResultsDirectory="28193e5e-8b6d-45a0-8204-c2250a75ee9f" />
    <UnitTestResult executionId="f091bc77-803d-4649-8b30-2f8d9563ba7e" testId="d23e84fd-71f4-7bce-d8fe-1741eb8da08e" testName="BuckScience.Tests.PhotoFilteringComprehensiveTests.PropertyPhotosVm_WithoutFilters_CorrectProperties" computerName="pkrvmccyg1gnepe" duration="00:00:00.0001791" startTime="2025-08-29T00:41:27.1756284+00:00" endTime="2025-08-29T00:41:27.1756284+00:00" testType="13cdc9d9-ddb5-4fa4-a97d-d965ccfc6d4b" outcome="Passed" testListId="8c84fa94-04c1-424b-9868-57a2d4851a1d" relativeResultsDirectory="f091bc77-803d-4649-8b30-2f8d9563ba7e" />
    <UnitTestResult executionId="5cbca8e9-2d3c-446d-bb06-2055125fafed" testId="9f544328-b14d-2f96-b54b-781ab9cf51e8" testName="BuckScience.Tests.Web.Helpers.WeatherHelpersTests.ConvertMoonPhaseToText_VariousValues_ReturnsCorrectText(phase: 0.40000000000000002, expected: &quot;Waxing Gibbous&quot;)" computerName="pkrvmccyg1gnepe" duration="00:00:00.0000063" startTime="2025-08-29T00:41:27.1646262+00:00" endTime="2025-08-29T00:41:27.1646263+00:00" testType="13cdc9d9-ddb5-4fa4-a97d-d965ccfc6d4b" outcome="Passed" testListId="8c84fa94-04c1-424b-9868-57a2d4851a1d" relativeResultsDirectory="5cbca8e9-2d3c-446d-bb06-2055125fafed" />
    <UnitTestResult executionId="f6485215-b307-4e99-ab66-288e7e29b77c" testId="2e480f4f-8e65-8226-244e-bc56a9d64e7e" testName="BuckScience.Tests.Web.Helpers.WeatherHelpersTests.ConvertWindDirectionToText_VariousAngles_ReturnsCorrectDirection(degrees: 33.75, expected: &quot;NE&quot;)" computerName="pkrvmccyg1gnepe" duration="00:00:00.0000059" startTime="2025-08-29T00:41:27.1695527+00:00" endTime="2025-08-29T00:41:27.1695528+00:00" testType="13cdc9d9-ddb5-4fa4-a97d-d965ccfc6d4b" outcome="Passed" testListId="8c84fa94-04c1-424b-9868-57a2d4851a1d" relativeResultsDirectory="f6485215-b307-4e99-ab66-288e7e29b77c" />
    <UnitTestResult executionId="898eb715-3afa-4307-a3c4-4bfb6aa71596" testId="697a3a18-bb68-1bc4-ecac-a4680501e02f" testName="BuckScience.Tests.PhotoFilteringIntegrationTests.BuildFilters_WithNoParameters_ReturnsNull" computerName="pkrvmccyg1gnepe" duration="00:00:00.0022843" startTime="2025-08-29T00:41:27.2516083+00:00" endTime="2025-08-29T00:41:27.2516084+00:00" testType="13cdc9d9-ddb5-4fa4-a97d-d965ccfc6d4b" outcome="Passed" testListId="8c84fa94-04c1-424b-9868-57a2d4851a1d" relativeResultsDirectory="898eb715-3afa-4307-a3c4-4bfb6aa71596" />
    <UnitTestResult executionId="34c49d60-4386-4929-8ee0-13482f24f47f" testId="5c61d628-c74f-c8f0-779e-82c0c2dc77df" testName="BuckScience.Tests.Web.Helpers.WeatherHelpersTests.ConvertWindDirectionTextToNumeric_ValidDirections_ReturnsCorrectDegrees(direction: &quot;N&quot;, expected: 0)" computerName="pkrvmccyg1gnepe" duration="00:00:00.0000098" startTime="2025-08-29T00:41:27.1730584+00:00" endTime="2025-08-29T00:41:27.1730585+00:00" testType="13cdc9d9-ddb5-4fa4-a97d-d965ccfc6d4b" outcome="Passed" testListId="8c84fa94-04c1-424b-9868-57a2d4851a1d" relativeResultsDirectory="34c49d60-4386-4929-8ee0-13482f24f47f" />
    <UnitTestResult executionId="60957834-bf4f-4ba7-9079-a618fd4e014d" testId="8f75422e-f196-d0f3-b885-da9f9acf8fde" testName="BuckScience.Tests.Web.Helpers.WeatherHelpersTests.ConvertWindDirectionTextToNumeric_InvalidText_ReturnsNull(direction: &quot;&quot;)" computerName="pkrvmccyg1gnepe" duration="00:00:00.0000039" startTime="2025-08-29T00:41:27.1671412+00:00" endTime="2025-08-29T00:41:27.1671413+00:00" testType="13cdc9d9-ddb5-4fa4-a97d-d965ccfc6d4b" outcome="Passed" testListId="8c84fa94-04c1-424b-9868-57a2d4851a1d" relativeResultsDirectory="60957834-bf4f-4ba7-9079-a618fd4e014d" />
    <UnitTestResult executionId="d95b9c6d-bfec-44a7-81fd-329a2b9ab8f4" testId="35d57337-18a5-4629-635a-b25a895ec8a2" testName="BuckScience.Tests.PhotoGroupingTests.CameraPhotoGrouping_ShouldGroupByMonthYear_Ascending" computerName="pkrvmccyg1gnepe" duration="00:00:00.0083032" startTime="2025-08-29T00:41:27.1780439+00:00" endTime="2025-08-29T00:41:27.1780440+00:00" testType="13cdc9d9-ddb5-4fa4-a97d-d965ccfc6d4b" outcome="Passed" testListId="8c84fa94-04c1-424b-9868-57a2d4851a1d" relativeResultsDirectory="d95b9c6d-bfec-44a7-81fd-329a2b9ab8f4" />
    <UnitTestResult executionId="377f725a-1b78-4d7f-8434-b6e7d3055022" testId="fb8ea106-f542-3a06-bc35-d8f4e171c2a2" testName="BuckScience.Tests.Web.Helpers.WeatherHelpersTests.ConvertMoonPhaseTextToNumeric_ValidText_ReturnsCorrectValue(text: &quot;Waning Gibbous&quot;, expected: 0.625)" computerName="pkrvmccyg1gnepe" duration="00:00:00.0000096" startTime="2025-08-29T00:41:27.1742645+00:00" endTime="2025-08-29T00:41:27.1742646+00:00" testType="13cdc9d9-ddb5-4fa4-a97d-d965ccfc6d4b" outcome="Passed" testListId="8c84fa94-04c1-424b-9868-57a2d4851a1d" relativeResultsDirectory="377f725a-1b78-4d7f-8434-b6e7d3055022" />
    <UnitTestResult executionId="6e55b97e-0e47-4cd8-975c-dd52ec12a28d" testId="63390816-73a6-312f-e706-2ca3dfa39f0e" testName="BuckScience.Tests.Web.Helpers.WeatherHelpersTests.ConvertWindDirectionTextToNumeric_ValidDirections_ReturnsCorrectDegrees(direction: &quot;W&quot;, expected: 270)" computerName="pkrvmccyg1gnepe" duration="00:00:00.0000099" startTime="2025-08-29T00:41:27.1721144+00:00" endTime="2025-08-29T00:41:27.1721145+00:00" testType="13cdc9d9-ddb5-4fa4-a97d-d965ccfc6d4b" outcome="Passed" testListId="8c84fa94-04c1-424b-9868-57a2d4851a1d" relativeResultsDirectory="6e55b97e-0e47-4cd8-975c-dd52ec12a28d" />
    <UnitTestResult executionId="d5c93bc8-f83f-406e-84d4-3b8622514769" testId="fb896724-2095-3026-71b5-ad9198efd098" testName="BuckScience.Tests.Web.Helpers.WeatherHelpersTests.ConvertMoonPhaseTextToNumeric_InvalidText_ReturnsNull(text: &quot;Unknown&quot;)" computerName="pkrvmccyg1gnepe" duration="00:00:00.0001562" startTime="2025-08-29T00:41:27.1743971+00:00" endTime="2025-08-29T00:41:27.1743972+00:00" testType="13cdc9d9-ddb5-4fa4-a97d-d965ccfc6d4b" outcome="Passed" testListId="8c84fa94-04c1-424b-9868-57a2d4851a1d" relativeResultsDirectory="d5c93bc8-f83f-406e-84d4-3b8622514769" />
    <UnitTestResult executionId="94712c27-f48c-428d-9109-24893867a15e" testId="6219abff-caed-b73f-a3a3-a932c37fd5fb" testName="BuckScience.Tests.TaggingSystemTests.GetOrCreateTag_ShouldThrowException_WhenTagNameIsInvalid(invalidTagName: &quot;   &quot;)" computerName="pkrvmccyg1gnepe" duration="00:00:00.0001308" startTime="2025-08-29T00:41:28.0844502+00:00" endTime="2025-08-29T00:41:28.0844503+00:00" testType="13cdc9d9-ddb5-4fa4-a97d-d965ccfc6d4b" outcome="Passed" testListId="8c84fa94-04c1-424b-9868-57a2d4851a1d" relativeResultsDirectory="94712c27-f48c-428d-9109-24893867a15e" />
    <UnitTestResult executionId="dac75740-0e0d-42d9-a787-296768aa8a84" testId="fa35896d-315e-329a-8dc3-bb5ba3189b52" testName="BuckScience.Tests.Web.Helpers.WeatherHelpersTests.ConvertWindDirectionTextToNumeric_ValidDirections_ReturnsCorrectDegrees(direction: &quot;WNW&quot;, expected: 292.5)" computerName="pkrvmccyg1gnepe" duration="00:00:00.0019692" startTime="2025-08-29T00:41:27.1699340+00:00" endTime="2025-08-29T00:41:27.1699341+00:00" testType="13cdc9d9-ddb5-4fa4-a97d-d965ccfc6d4b" outcome="Passed" testListId="8c84fa94-04c1-424b-9868-57a2d4851a1d" relativeResultsDirectory="dac75740-0e0d-42d9-a787-296768aa8a84" />
    <UnitTestResult executionId="fb7e1e79-c631-4912-835f-9168c96ef9eb" testId="a4c9dc78-d66c-c69a-90ef-d545d65a1a43" testName="BuckScience.Tests.Web.Helpers.WeatherHelpersTests.ConvertWindDirectionTextToNumeric_ValidDirections_ReturnsCorrectDegrees(direction: &quot;E&quot;, expected: 90)" computerName="pkrvmccyg1gnepe" duration="00:00:00.0000100" startTime="2025-08-29T00:41:27.1728889+00:00" endTime="2025-08-29T00:41:27.1728889+00:00" testType="13cdc9d9-ddb5-4fa4-a97d-d965ccfc6d4b" outcome="Passed" testListId="8c84fa94-04c1-424b-9868-57a2d4851a1d" relativeResultsDirectory="fb7e1e79-c631-4912-835f-9168c96ef9eb" />
    <UnitTestResult executionId="80e88b75-62db-4b34-9118-8f90fa7d89f1" testId="b1f41500-5f15-b967-f0a8-55e935ea7819" testName="BuckScience.Tests.WeatherBatchProcessingTests.WeatherService_ShouldRoundCoordinatesConsistently" computerName="pkrvmccyg1gnepe" duration="00:00:00.0886926" startTime="2025-08-29T00:41:27.2362456+00:00" endTime="2025-08-29T00:41:27.2362457+00:00" testType="13cdc9d9-ddb5-4fa4-a97d-d965ccfc6d4b" outcome="Passed" testListId="8c84fa94-04c1-424b-9868-57a2d4851a1d" relativeResultsDirectory="80e88b75-62db-4b34-9118-8f90fa7d89f1" />
    <UnitTestResult executionId="896b0378-bfdc-4f53-9bd7-bd7a3b20144d" testId="44213f5c-f4e3-7f19-6a5d-6c4a3c8d0dec" testName="BuckScience.Tests.Web.Helpers.WeatherHelpersTests.ConvertWindDirectionTextToNumeric_ValidDirections_ReturnsCorrectDegrees(direction: &quot;SSE&quot;, expected: 157.5)" computerName="pkrvmccyg1gnepe" duration="00:00:00.0000125" startTime="2025-08-29T00:41:27.1699978+00:00" endTime="2025-08-29T00:41:27.1699979+00:00" testType="13cdc9d9-ddb5-4fa4-a97d-d965ccfc6d4b" outcome="Passed" testListId="8c84fa94-04c1-424b-9868-57a2d4851a1d" relativeResultsDirectory="896b0378-bfdc-4f53-9bd7-bd7a3b20144d" />
    <UnitTestResult executionId="a847dca2-481c-47ee-9839-8222716bca06" testId="90576d28-8c3e-aa47-8e92-100b02ac5a05" testName="BuckScience.Tests.Web.Helpers.WeatherHelpersTests.GetWindDirectionOptions_WithAvailableDirections_SetsAvailability" computerName="pkrvmccyg1gnepe" duration="00:00:00.0014309" startTime="2025-08-29T00:41:27.1743325+00:00" endTime="2025-08-29T00:41:27.1743325+00:00" testType="13cdc9d9-ddb5-4fa4-a97d-d965ccfc6d4b" outcome="Passed" testListId="8c84fa94-04c1-424b-9868-57a2d4851a1d" relativeResultsDirectory="a847dca2-481c-47ee-9839-8222716bca06" />
    <UnitTestResult executionId="0e52aa34-46ef-4689-9621-7dfbb799f639" testId="5281d8e8-e57c-c45e-69f7-66dd4ef8cb7b" testName="BuckScience.Tests.PhotoFiltersTests.PhotoFilters_HasAnyFilters_ReturnsTrueWhenDateFilterSet" computerName="pkrvmccyg1gnepe" duration="00:00:00.0009100" startTime="2025-08-29T00:41:27.1768620+00:00" endTime="2025-08-29T00:41:27.1768621+00:00" testType="13cdc9d9-ddb5-4fa4-a97d-d965ccfc6d4b" outcome="Passed" testListId="8c84fa94-04c1-424b-9868-57a2d4851a1d" relativeResultsDirectory="0e52aa34-46ef-4689-9621-7dfbb799f639" />
    <UnitTestResult executionId="67e108ae-71c5-4099-95a1-b8f1bb9eb672" testId="75db6be7-a24b-fda6-3919-e716d174ed3d" testName="BuckScience.Tests.TaggingRequirementsTests.Requirement2_PhotoTagging_ShouldSupportBulkOperations" computerName="pkrvmccyg1gnepe" duration="00:00:00.0602324" startTime="2025-08-29T00:41:28.1272291+00:00" endTime="2025-08-29T00:41:28.1272293+00:00" testType="13cdc9d9-ddb5-4fa4-a97d-d965ccfc6d4b" outcome="Passed" testListId="8c84fa94-04c1-424b-9868-57a2d4851a1d" relativeResultsDirectory="67e108ae-71c5-4099-95a1-b8f1bb9eb672" />
    <UnitTestResult executionId="1fa948bb-857a-40ea-ad72-3f72d3c3a360" testId="e531c44f-a81a-259c-843c-505a398d8b55" testName="BuckScience.Tests.Web.Helpers.WeatherHelpersTests.ConvertMoonPhaseTextToNumeric_InvalidText_ReturnsNull(text: &quot;Invalid Phase&quot;)" computerName="pkrvmccyg1gnepe" duration="00:00:00.0000108" startTime="2025-08-29T00:41:27.1744997+00:00" endTime="2025-08-29T00:41:27.1744997+00:00" testType="13cdc9d9-ddb5-4fa4-a97d-d965ccfc6d4b" outcome="Passed" testListId="8c84fa94-04c1-424b-9868-57a2d4851a1d" relativeResultsDirectory="1fa948bb-857a-40ea-ad72-3f72d3c3a360" />
    <UnitTestResult executionId="287f11f8-c41e-4393-9cd9-43c74672390c" testId="8dc17fe0-66a4-6cf2-3749-0f755c367e4d" testName="BuckScience.Tests.Web.Helpers.WeatherHelpersTests.GetWindDirectionOptions_WithEmptyAvailable_AllUnavailable" computerName="pkrvmccyg1gnepe" duration="00:00:00.0003251" startTime="2025-08-29T00:41:27.1753294+00:00" endTime="2025-08-29T00:41:27.1753295+00:00" testType="13cdc9d9-ddb5-4fa4-a97d-d965ccfc6d4b" outcome="Passed" testListId="8c84fa94-04c1-424b-9868-57a2d4851a1d" relativeResultsDirectory="287f11f8-c41e-4393-9cd9-43c74672390c" />
    <UnitTestResult executionId="34e26b02-daa7-4e9b-8bff-445a290c796f" testId="33aaf4d3-9999-0bc6-ded9-bd2870cebad9" testName="BuckScience.Tests.Web.Helpers.WeatherHelpersTests.ConvertWindDirectionToText_VariousAngles_ReturnsCorrectDirection(degrees: 22.5, expected: &quot;NNE&quot;)" computerName="pkrvmccyg1gnepe" duration="00:00:00.0000059" startTime="2025-08-29T00:41:27.1674669+00:00" endTime="2025-08-29T00:41:27.1674669+00:00" testType="13cdc9d9-ddb5-4fa4-a97d-d965ccfc6d4b" outcome="Passed" testListId="8c84fa94-04c1-424b-9868-57a2d4851a1d" relativeResultsDirectory="34e26b02-daa7-4e9b-8bff-445a290c796f" />
    <UnitTestResult executionId="8a86ceab-0ade-419b-b6e5-7629adaa483f" testId="18fd69b0-d054-4b67-4fab-caa28c12efff" testName="BuckScience.Tests.TaggingSystemTests.GetOrCreateTag_ShouldBeCaseInsensitive" computerName="pkrvmccyg1gnepe" duration="00:00:00.0015917" startTime="2025-08-29T00:41:28.0858227+00:00" endTime="2025-08-29T00:41:28.0858228+00:00" testType="13cdc9d9-ddb5-4fa4-a97d-d965ccfc6d4b" outcome="Passed" testListId="8c84fa94-04c1-424b-9868-57a2d4851a1d" relativeResultsDirectory="8a86ceab-0ade-419b-b6e5-7629adaa483f" />
    <UnitTestResult executionId="1b3aced3-8bc1-49c4-8d86-0f6113672963" testId="ce73eb79-a497-c2a4-9a02-ef4f9a7168c5" testName="BuckScience.Tests.PhotoFilteringUrlExamples.BuildFilters_UrlParameters_ShouldParseCorrectly(urlParams: &quot;tempMin=10&amp;tempMax=30&quot;, expectedTempMin: 10, expectedTempMax: 30, expectedWindMin: null, expectedWindMax: null)" computerName="pkrvmccyg1gnepe" duration="00:00:00.0000125" startTime="2025-08-29T00:41:27.2662248+00:00" endTime="2025-08-29T00:41:27.2662249+00:00" testType="13cdc9d9-ddb5-4fa4-a97d-d965ccfc6d4b" outcome="Passed" testListId="8c84fa94-04c1-424b-9868-57a2d4851a1d" relativeResultsDirectory="1b3aced3-8bc1-49c4-8d86-0f6113672963" />
    <UnitTestResult executionId="7f97edc5-27df-4abc-851f-4bc52747178f" testId="1798213c-35a3-cbbc-3a0a-8843aace427d" testName="BuckScience.Tests.Web.Helpers.WeatherHelpersTests.ConvertWindDirectionToText_VariousAngles_ReturnsCorrectDirection(degrees: 45, expected: &quot;NE&quot;)" computerName="pkrvmccyg1gnepe" duration="00:00:00.0000046" startTime="2025-08-29T00:41:27.1697302+00:00" endTime="2025-08-29T00:41:27.1697303+00:00" testType="13cdc9d9-ddb5-4fa4-a97d-d965ccfc6d4b" outcome="Passed" testListId="8c84fa94-04c1-424b-9868-57a2d4851a1d" relativeResultsDirectory="7f97edc5-27df-4abc-851f-4bc52747178f" />
    <UnitTestResult executionId="5420cce3-0ef5-49c1-8006-3c49a0b5976a" testId="5a1b2923-7867-c9d7-9184-902164877e6b" testName="BuckScience.Tests.WeatherBatchProcessingTests.WeatherBatchProcessing_ShouldMinimizeApiCalls" computerName="pkrvmccyg1gnepe" duration="00:00:00.0064450" startTime="2025-08-29T00:41:27.1790624+00:00" endTime="2025-08-29T00:41:27.1790625+00:00" testType="13cdc9d9-ddb5-4fa4-a97d-d965ccfc6d4b" outcome="Passed" testListId="8c84fa94-04c1-424b-9868-57a2d4851a1d" relativeResultsDirectory="5420cce3-0ef5-49c1-8006-3c49a0b5976a" />
    <UnitTestResult executionId="1036b488-34c2-4e89-b7b6-edae66e9e3f6" testId="62abf167-66b2-7338-5ead-888596c0fffe" testName="BuckScience.Tests.TaggingRequirementsTests.Requirement2_PropertyCreation_ShouldAutoAssignDefaultTags" computerName="pkrvmccyg1gnepe" duration="00:00:00.0353136" startTime="2025-08-29T00:41:28.1626773+00:00" endTime="2025-08-29T00:41:28.1626775+00:00" testType="13cdc9d9-ddb5-4fa4-a97d-d965ccfc6d4b" outcome="Passed" testListId="8c84fa94-04c1-424b-9868-57a2d4851a1d" relativeResultsDirectory="1036b488-34c2-4e89-b7b6-edae66e9e3f6" />
    <UnitTestResult executionId="49695b07-08a1-4b2e-9dbe-72f99260af9b" testId="8d324366-3662-08e0-9537-a5a51d46bda5" testName="BuckScience.Tests.Web.Helpers.WeatherHelpersTests.ConvertMoonPhaseToText_VariousValues_ReturnsCorrectText(phase: 0.5, expected: &quot;Full Moon&quot;)" computerName="pkrvmccyg1gnepe" duration="00:00:00.0000070" startTime="2025-08-29T00:41:27.1646899+00:00" endTime="2025-08-29T00:41:27.1646900+00:00" testType="13cdc9d9-ddb5-4fa4-a97d-d965ccfc6d4b" outcome="Passed" testListId="8c84fa94-04c1-424b-9868-57a2d4851a1d" relativeResultsDirectory="49695b07-08a1-4b2e-9dbe-72f99260af9b" />
    <UnitTestResult executionId="adb436a6-1b5d-4f31-969e-967f51c73a31" testId="d983931e-3379-4c6a-5c76-852ec2540d36" testName="BuckScience.Tests.Web.Helpers.WeatherHelpersTests.ConvertWindDirectionToText_VariousAngles_ReturnsCorrectDirection(degrees: 361, expected: &quot;N&quot;)" computerName="pkrvmccyg1gnepe" duration="00:00:00.0003726" startTime="2025-08-29T00:41:27.1672926+00:00" endTime="2025-08-29T00:41:27.1672927+00:00" testType="13cdc9d9-ddb5-4fa4-a97d-d965ccfc6d4b" outcome="Passed" testListId="8c84fa94-04c1-424b-9868-57a2d4851a1d" relativeResultsDirectory="adb436a6-1b5d-4f31-969e-967f51c73a31" />
    <UnitTestResult executionId="9b4bea88-a21a-4b40-b1ee-aa57684e6b47" testId="fa20158d-fb5e-8e7a-f1da-aa0a1eb9ba5a" testName="BuckScience.Tests.PhotoGroupingTests.CameraPhotoGrouping_ShouldGroupByMonthYear" computerName="pkrvmccyg1gnepe" duration="00:00:00.0007917" startTime="2025-08-29T00:41:27.1783132+00:00" endTime="2025-08-29T00:41:27.1783133+00:00" testType="13cdc9d9-ddb5-4fa4-a97d-d965ccfc6d4b" outcome="Passed" testListId="8c84fa94-04c1-424b-9868-57a2d4851a1d" relativeResultsDirectory="9b4bea88-a21a-4b40-b1ee-aa57684e6b47" />
    <UnitTestResult executionId="1bbb2649-11ca-45be-a6b1-9eaab6e346e6" testId="f4c9aa46-811a-389b-d744-72a428dee7d2" testName="BuckScience.Tests.TaggingSystemTests.GetOrCreateTag_ShouldReturnExistingTag_WhenTagExists" computerName="pkrvmccyg1gnepe" duration="00:00:00.0013980" startTime="2025-08-29T00:41:28.0801453+00:00" endTime="2025-08-29T00:41:28.0801455+00:00" testType="13cdc9d9-ddb5-4fa4-a97d-d965ccfc6d4b" outcome="Passed" testListId="8c84fa94-04c1-424b-9868-57a2d4851a1d" relativeResultsDirectory="1bbb2649-11ca-45be-a6b1-9eaab6e346e6" />
    <UnitTestResult executionId="4b13ad18-2c16-4a7e-b554-2bc4b18cedb4" testId="4018bd47-d5cd-e85a-b6de-7760e129dafa" testName="BuckScience.Tests.Web.Helpers.WeatherHelpersTests.ConvertWindDirectionToText_VariousAngles_ReturnsCorrectDirection(degrees: 180, expected: &quot;S&quot;)" computerName="pkrvmccyg1gnepe" duration="00:00:00.0000092" startTime="2025-08-29T00:41:27.1674096+00:00" endTime="2025-08-29T00:41:27.1674097+00:00" testType="13cdc9d9-ddb5-4fa4-a97d-d965ccfc6d4b" outcome="Passed" testListId="8c84fa94-04c1-424b-9868-57a2d4851a1d" relativeResultsDirectory="4b13ad18-2c16-4a7e-b554-2bc4b18cedb4" />
    <UnitTestResult executionId="85046c02-d55c-46f9-b7d1-bcaf9131f68f" testId="5d2b9441-7258-8eb0-806c-14775f849641" testName="BuckScience.Tests.TaggingSystemTests.RemoveTagFromPhotos_ShouldRemoveSpecifiedTags" computerName="pkrvmccyg1gnepe" duration="00:00:00.9405163" startTime="2025-08-29T00:41:28.0213895+00:00" endTime="2025-08-29T00:41:28.0213898+00:00" testType="13cdc9d9-ddb5-4fa4-a97d-d965ccfc6d4b" outcome="Passed" testListId="8c84fa94-04c1-424b-9868-57a2d4851a1d" relativeResultsDirectory="85046c02-d55c-46f9-b7d1-bcaf9131f68f" />
    <UnitTestResult executionId="bde14625-d25b-4d2d-ab66-8641d233fb72" testId="e294371f-24bd-e5af-41b0-5a6f22f8d71f" testName="BuckScience.Tests.Web.Helpers.WeatherHelpersTests.ConvertWindDirectionTextToNumeric_ValidDirections_ReturnsCorrectDegrees(direction: &quot;S&quot;, expected: 180)" computerName="pkrvmccyg1gnepe" duration="00:00:00.0000313" startTime="2025-08-29T00:41:27.1709185+00:00" endTime="2025-08-29T00:41:27.1709186+00:00" testType="13cdc9d9-ddb5-4fa4-a97d-d965ccfc6d4b" outcome="Passed" testListId="8c84fa94-04c1-424b-9868-57a2d4851a1d" relativeResultsDirectory="bde14625-d25b-4d2d-ab66-8641d233fb72" />
    <UnitTestResult executionId="6f1da60f-62ae-41c3-b2e2-4da35647dad9" testId="17d2bd4a-a575-7ccc-1676-102dfc4795d6" testName="BuckScience.Tests.PhotoFilteringComprehensiveTests.CameraOption_PropertiesWork" computerName="pkrvmccyg1gnepe" duration="00:00:00.0004365" startTime="2025-08-29T00:41:27.1776900+00:00" endTime="2025-08-29T00:41:27.1776901+00:00" testType="13cdc9d9-ddb5-4fa4-a97d-d965ccfc6d4b" outcome="Passed" testListId="8c84fa94-04c1-424b-9868-57a2d4851a1d" relativeResultsDirectory="6f1da60f-62ae-41c3-b2e2-4da35647dad9" />
    <UnitTestResult executionId="0f6ca753-20aa-4ea7-9a4c-ea6ac36845b0" testId="f2ce22ba-4e0c-a11c-c657-a799ce863a26" testName="BuckScience.Tests.Web.Helpers.WeatherHelpersTests.ConvertMoonPhaseTextToNumeric_InvalidText_ReturnsNull(text: &quot;&quot;)" computerName="pkrvmccyg1gnepe" duration="00:00:00.0005252" startTime="2025-08-29T00:41:27.1744468+00:00" endTime="2025-08-29T00:41:27.1744469+00:00" testType="13cdc9d9-ddb5-4fa4-a97d-d965ccfc6d4b" outcome="Passed" testListId="8c84fa94-04c1-424b-9868-57a2d4851a1d" relativeResultsDirectory="0f6ca753-20aa-4ea7-9a4c-ea6ac36845b0" />
    <UnitTestResult executionId="7977c2fc-a96a-4bc2-ac59-21a70b6f9e16" testId="dab68c95-06ed-1b25-9b7e-b55b2972fccc" testName="BuckScience.Tests.WeatherServiceTests.RoundCoordinates_ShouldRoundTo1DecimalPlace" computerName="pkrvmccyg1gnepe" duration="00:00:00.0013121" startTime="2025-08-29T00:41:27.2342006+00:00" endTime="2025-08-29T00:41:27.2342007+00:00" testType="13cdc9d9-ddb5-4fa4-a97d-d965ccfc6d4b" outcome="Passed" testListId="8c84fa94-04c1-424b-9868-57a2d4851a1d" relativeResultsDirectory="7977c2fc-a96a-4bc2-ac59-21a70b6f9e16" />
    <UnitTestResult executionId="7512de9c-320a-4c5d-9a06-51324bf52e79" testId="6d9ecacc-771f-c0f8-81b8-e7f5f5ecfa5f" testName="BuckScience.Tests.WeatherConfigurationTests.WeatherSettings_ShouldBindFromConfiguration" computerName="pkrvmccyg1gnepe" duration="00:00:00.0023406" startTime="2025-08-29T00:41:27.1781209+00:00" endTime="2025-08-29T00:41:27.1781209+00:00" testType="13cdc9d9-ddb5-4fa4-a97d-d965ccfc6d4b" outcome="Passed" testListId="8c84fa94-04c1-424b-9868-57a2d4851a1d" relativeResultsDirectory="7512de9c-320a-4c5d-9a06-51324bf52e79" />
    <UnitTestResult executionId="0ea4732a-fe68-46a3-8e0b-b8c66b48d32d" testId="9b0dd086-97eb-5a55-6e89-79dde58b1fca" testName="BuckScience.Tests.PhotoFilteringUrlExamples.BuildFilters_CameraParameters_ShouldParseCorrectly(cameras: &quot;5&quot;, expectedCameras: [5])" computerName="pkrvmccyg1gnepe" duration="00:00:00.0002636" startTime="2025-08-29T00:41:27.2653490+00:00" endTime="2025-08-29T00:41:27.2653492+00:00" testType="13cdc9d9-ddb5-4fa4-a97d-d965ccfc6d4b" outcome="Passed" testListId="8c84fa94-04c1-424b-9868-57a2d4851a1d" relativeResultsDirectory="0ea4732a-fe68-46a3-8e0b-b8c66b48d32d" />
    <UnitTestResult executionId="7359e5d5-3b8e-4768-ade1-9f73cf7b123c" testId="73d0473b-eb3b-71b8-da90-00961c42343e" testName="BuckScience.Tests.PhotoFilteringUrlExamples.BuildFilters_ConditionsParameters_ShouldParseCorrectly(conditions: &quot;Clear,Partly Cloudy,Overcast&quot;, expectedConditions: [&quot;Clear&quot;, &quot;Partly Cloudy&quot;, &quot;Overcast&quot;])" computerName="pkrvmccyg1gnepe" duration="00:00:00.0002646" startTime="2025-08-29T00:41:27.2672681+00:00" endTime="2025-08-29T00:41:27.2672682+00:00" testType="13cdc9d9-ddb5-4fa4-a97d-d965ccfc6d4b" outcome="Passed" testListId="8c84fa94-04c1-424b-9868-57a2d4851a1d" relativeResultsDirectory="7359e5d5-3b8e-4768-ade1-9f73cf7b123c" />
    <UnitTestResult executionId="4fa42799-846a-4395-93b6-806e83f67525" testId="22422765-9e0c-6be7-c83c-360c392ca9f5" testName="BuckScience.Tests.PhotoFilteringIntegrationTests.BuildFilters_WithInvalidCameraIds_IgnoresInvalidIds" computerName="pkrvmccyg1gnepe" duration="00:00:00.0066441" startTime="2025-08-29T00:41:27.2585821+00:00" endTime="2025-08-29T00:41:27.2585823+00:00" testType="13cdc9d9-ddb5-4fa4-a97d-d965ccfc6d4b" outcome="Passed" testListId="8c84fa94-04c1-424b-9868-57a2d4851a1d" relativeResultsDirectory="4fa42799-846a-4395-93b6-806e83f67525" />
    <UnitTestResult executionId="86736a89-e187-4151-85a1-631ba9655cea" testId="396d4f9b-ac51-22fa-04b5-9956711699f1" testName="BuckScience.Tests.Web.Helpers.WeatherHelpersTests.ConvertWindDirectionToText_VariousAngles_ReturnsCorrectDirection(degrees: 360, expected: &quot;N&quot;)" computerName="pkrvmccyg1gnepe" duration="00:00:00.0000122" startTime="2025-08-29T00:41:27.1682999+00:00" endTime="2025-08-29T00:41:27.1682999+00:00" testType="13cdc9d9-ddb5-4fa4-a97d-d965ccfc6d4b" outcome="Passed" testListId="8c84fa94-04c1-424b-9868-57a2d4851a1d" relativeResultsDirectory="86736a89-e187-4151-85a1-631ba9655cea" />
    <UnitTestResult executionId="6aeb0209-cbed-4aaf-b4d8-949146da2518" testId="5caf925d-9bc2-c40c-f14f-bb094f78a12c" testName="BuckScience.Tests.PhotoGroupingTests.PropertyPhotosSortBy_ShouldMapCorrectly" computerName="pkrvmccyg1gnepe" duration="00:00:00.0023386" startTime="2025-08-29T00:41:27.1782384+00:00" endTime="2025-08-29T00:41:27.1782384+00:00" testType="13cdc9d9-ddb5-4fa4-a97d-d965ccfc6d4b" outcome="Passed" testListId="8c84fa94-04c1-424b-9868-57a2d4851a1d" relativeResultsDirectory="6aeb0209-cbed-4aaf-b4d8-949146da2518" />
    <UnitTestResult executionId="19a9c9c1-114d-4f29-84fa-486c83919a6d" testId="b8a41320-c868-9123-86b4-03e71d0ff6ef" testName="BuckScience.Tests.Web.Helpers.WeatherHelpersTests.ConvertWindDirectionToText_VariousAngles_ReturnsCorrectDirection(degrees: 11.24, expected: &quot;N&quot;)" computerName="pkrvmccyg1gnepe" duration="00:00:00.0000035" startTime="2025-08-29T00:41:27.1686153+00:00" endTime="2025-08-29T00:41:27.1686154+00:00" testType="13cdc9d9-ddb5-4fa4-a97d-d965ccfc6d4b" outcome="Passed" testListId="8c84fa94-04c1-424b-9868-57a2d4851a1d" relativeResultsDirectory="19a9c9c1-114d-4f29-84fa-486c83919a6d" />
    <UnitTestResult executionId="3f0e7e2b-e7d7-4047-9fd0-78c7a41b66c7" testId="31c8774a-1539-0a44-3404-de06d646b468" testName="BuckScience.Tests.Web.Helpers.WeatherHelpersTests.ConvertMoonPhaseToText_VariousValues_ReturnsCorrectText(phase: 0.10000000000000001, expected: &quot;Waxing Crescent&quot;)" computerName="pkrvmccyg1gnepe" duration="00:00:00.0000130" startTime="2025-08-29T00:41:27.1635558+00:00" endTime="2025-08-29T00:41:27.1635560+00:00" testType="13cdc9d9-ddb5-4fa4-a97d-d965ccfc6d4b" outcome="Passed" testListId="8c84fa94-04c1-424b-9868-57a2d4851a1d" relativeResultsDirectory="3f0e7e2b-e7d7-4047-9fd0-78c7a41b66c7" />
    <UnitTestResult executionId="2aa1c142-0aec-465f-b78b-a931292931a9" testId="7f448030-c6f3-ad7f-1c7b-809f60db9d71" testName="BuckScience.Tests.Web.Helpers.WeatherHelpersTests.ConvertWindDirectionTextToNumeric_ValidDirections_ReturnsCorrectDegrees(direction: &quot;NW&quot;, expected: 315)" computerName="pkrvmccyg1gnepe" duration="00:00:00.0000111" startTime="2025-08-29T00:41:27.1729503+00:00" endTime="2025-08-29T00:41:27.1729504+00:00" testType="13cdc9d9-ddb5-4fa4-a97d-d965ccfc6d4b" outcome="Passed" testListId="8c84fa94-04c1-424b-9868-57a2d4851a1d" relativeResultsDirectory="2aa1c142-0aec-465f-b78b-a931292931a9" />
    <UnitTestResult executionId="c63b198d-6750-4b10-90a2-ea29bc0346ea" testId="639a2f8f-de06-aff0-2654-2e863df98d3d" testName="BuckScience.Tests.Web.Helpers.WeatherHelpersTests.ConvertMoonPhaseToText_VariousValues_ReturnsCorrectText(phase: 0.25, expected: &quot;First Quarter&quot;)" computerName="pkrvmccyg1gnepe" duration="00:00:00.0004117" startTime="2025-08-29T00:41:27.1043705+00:00" endTime="2025-08-29T00:41:27.1043706+00:00" testType="13cdc9d9-ddb5-4fa4-a97d-d965ccfc6d4b" outcome="Passed" testListId="8c84fa94-04c1-424b-9868-57a2d4851a1d" relativeResultsDirectory="c63b198d-6750-4b10-90a2-ea29bc0346ea" />
    <UnitTestResult executionId="cc86bdb0-c0a6-4b2a-bf38-a337830aa277" testId="4e6de647-43c0-2d5e-ffcc-d884e859b7df" testName="BuckScience.Tests.TaggingIntegrationTests.TagUniqueness_ShouldBeEnforcedCorrectly" computerName="pkrvmccyg1gnepe" duration="00:00:00.0019898" startTime="2025-08-29T00:41:28.1494691+00:00" endTime="2025-08-29T00:41:28.1494692+00:00" testType="13cdc9d9-ddb5-4fa4-a97d-d965ccfc6d4b" outcome="Passed" testListId="8c84fa94-04c1-424b-9868-57a2d4851a1d" relativeResultsDirectory="cc86bdb0-c0a6-4b2a-bf38-a337830aa277" />
    <UnitTestResult executionId="f883ae88-1e63-43fc-85e7-7a3c7640c43b" testId="35247ab4-97a5-e557-91c7-742a1f89dba4" testName="BuckScience.Tests.Web.Helpers.WeatherHelpersTests.ConvertWindDirectionTextToNumeric_InvalidText_ReturnsNull(direction: &quot;Northeast&quot;)" computerName="pkrvmccyg1gnepe" duration="00:00:00.0003568" startTime="2025-08-29T00:41:27.1649963+00:00" endTime="2025-08-29T00:41:27.1649964+00:00" testType="13cdc9d9-ddb5-4fa4-a97d-d965ccfc6d4b" outcome="Passed" testListId="8c84fa94-04c1-424b-9868-57a2d4851a1d" relativeResultsDirectory="f883ae88-1e63-43fc-85e7-7a3c7640c43b" />
    <UnitTestResult executionId="72e0bae3-a991-4a91-aade-8c07008e665b" testId="282510b6-3046-16e6-500c-da1402387fc9" testName="BuckScience.Tests.Web.Helpers.WeatherHelpersTests.ConvertWindDirectionToText_VariousAngles_ReturnsCorrectDirection(degrees: 90, expected: &quot;E&quot;)" computerName="pkrvmccyg1gnepe" duration="00:00:00.0000100" startTime="2025-08-29T00:41:27.1675835+00:00" endTime="2025-08-29T00:41:27.1675836+00:00" testType="13cdc9d9-ddb5-4fa4-a97d-d965ccfc6d4b" outcome="Passed" testListId="8c84fa94-04c1-424b-9868-57a2d4851a1d" relativeResultsDirectory="72e0bae3-a991-4a91-aade-8c07008e665b" />
    <UnitTestResult executionId="289dee57-79de-40da-9651-5ba021a07e3c" testId="57fdcf56-cdf1-9f39-baba-1b1c695971d5" testName="BuckScience.Tests.Web.Helpers.WeatherHelpersTests.ConvertWindDirectionTextToNumeric_CaseInsensitive_Works" computerName="pkrvmccyg1gnepe" duration="00:00:00.0002531" startTime="2025-08-29T00:41:27.1752505+00:00" endTime="2025-08-29T00:41:27.1752506+00:00" testType="13cdc9d9-ddb5-4fa4-a97d-d965ccfc6d4b" outcome="Passed" testListId="8c84fa94-04c1-424b-9868-57a2d4851a1d" relativeResultsDirectory="289dee57-79de-40da-9651-5ba021a07e3c" />
    <UnitTestResult executionId="25c07d39-ac97-4561-b286-a70ab1b827f8" testId="9cd7f192-bb9b-abd8-007d-2585a8ffb5e9" testName="BuckScience.Tests.PhotoFilteringUrlExamples.PhotoFiltering_RealWorldScenario_TempAndCameraFilter" computerName="pkrvmccyg1gnepe" duration="00:00:00.0005742" startTime="2025-08-29T00:41:27.2680311+00:00" endTime="2025-08-29T00:41:27.2680312+00:00" testType="13cdc9d9-ddb5-4fa4-a97d-d965ccfc6d4b" outcome="Passed" testListId="8c84fa94-04c1-424b-9868-57a2d4851a1d" relativeResultsDirectory="25c07d39-ac97-4561-b286-a70ab1b827f8" />
    <UnitTestResult executionId="0e0c2fc2-5674-427e-8c47-d6a2713059a4" testId="ce19e570-cfff-5516-73c5-0c25670038af" testName="BuckScience.Tests.PhotoFiltersTests.PhotoFilters_HasWeatherFilters_ReturnsTrueWhenTemperatureFilterSet" computerName="pkrvmccyg1gnepe" duration="00:00:00.0004245" startTime="2025-08-29T00:41:27.1766521+00:00" endTime="2025-08-29T00:41:27.1766521+00:00" testType="13cdc9d9-ddb5-4fa4-a97d-d965ccfc6d4b" outcome="Passed" testListId="8c84fa94-04c1-424b-9868-57a2d4851a1d" relativeResultsDirectory="0e0c2fc2-5674-427e-8c47-d6a2713059a4" />
    <UnitTestResult executionId="28be4445-f101-43ff-b7db-29673b5fba24" testId="d7049aa3-0901-3782-ef96-d1caac1bac5e" testName="BuckScience.Tests.Web.Helpers.WeatherHelpersTests.ConvertMoonPhaseToText_VariousValues_ReturnsCorrectText(phase: 0.02, expected: &quot;New Moon&quot;)" computerName="pkrvmccyg1gnepe" duration="00:00:00.0000071" startTime="2025-08-29T00:41:27.1648080+00:00" endTime="2025-08-29T00:41:27.1648081+00:00" testType="13cdc9d9-ddb5-4fa4-a97d-d965ccfc6d4b" outcome="Passed" testListId="8c84fa94-04c1-424b-9868-57a2d4851a1d" relativeResultsDirectory="28be4445-f101-43ff-b7db-29673b5fba24" />
    <UnitTestResult executionId="3285d2b4-3903-4531-83d9-22210cbe1db3" testId="78d335ed-d8a0-4e68-1b07-0e64ec6fcf01" testName="BuckScience.Tests.Web.Helpers.WeatherHelpersTests.ConvertMoonPhaseToText_VariousValues_ReturnsCorrectText(phase: 0.75, expected: &quot;Last Quarter&quot;)" computerName="pkrvmccyg1gnepe" duration="00:00:00.0000088" startTime="2025-08-29T00:41:27.1045690+00:00" endTime="2025-08-29T00:41:27.1045690+00:00" testType="13cdc9d9-ddb5-4fa4-a97d-d965ccfc6d4b" outcome="Passed" testListId="8c84fa94-04c1-424b-9868-57a2d4851a1d" relativeResultsDirectory="3285d2b4-3903-4531-83d9-22210cbe1db3" />
    <UnitTestResult executionId="99728be9-e245-4879-8b9b-186576e1db6f" testId="dfe6a45f-34c2-c767-91dd-1f8de6538cc0" testName="BuckScience.Tests.Web.Helpers.WeatherHelpersTests.ConvertMoonPhaseTextToNumeric_ValidText_ReturnsCorrectValue(text: &quot;Waning Crescent&quot;, expected: 0.875)" computerName="pkrvmccyg1gnepe" duration="00:00:00.0001486" startTime="2025-08-29T00:41:27.1732264+00:00" endTime="2025-08-29T00:41:27.1732264+00:00" testType="13cdc9d9-ddb5-4fa4-a97d-d965ccfc6d4b" outcome="Passed" testListId="8c84fa94-04c1-424b-9868-57a2d4851a1d" relativeResultsDirectory="99728be9-e245-4879-8b9b-186576e1db6f" />
    <UnitTestResult executionId="ae0b3faa-622d-4aac-b1b0-1e30880fb72f" testId="78fd4f15-08d5-878b-fd2a-dd2d3bcc8384" testName="BuckScience.Tests.PhotoFilteringUrlExamples.BuildFilters_UrlParameters_ShouldParseCorrectly(urlParams: &quot;tempMax=25&quot;, expectedTempMin: null, expectedTempMax: 25, expectedWindMin: null, expectedWindMax: null)" computerName="pkrvmccyg1gnepe" duration="00:00:00.0004205" startTime="2025-08-29T00:41:27.2660794+00:00" endTime="2025-08-29T00:41:27.2660795+00:00" testType="13cdc9d9-ddb5-4fa4-a97d-d965ccfc6d4b" outcome="Passed" testListId="8c84fa94-04c1-424b-9868-57a2d4851a1d" relativeResultsDirectory="ae0b3faa-622d-4aac-b1b0-1e30880fb72f" />
    <UnitTestResult executionId="960790c6-e558-4b36-8ad9-89ae9d53f762" testId="22960b58-9cb3-5bbf-01a8-8b59f0364e15" testName="BuckScience.Tests.CameraDetailsVmTests.CameraDetailsVm_ShouldHaveAllRequiredProperties" computerName="pkrvmccyg1gnepe" duration="00:00:00.0057109" startTime="2025-08-29T00:41:27.1778651+00:00" endTime="2025-08-29T00:41:27.1778652+00:00" testType="13cdc9d9-ddb5-4fa4-a97d-d965ccfc6d4b" outcome="Passed" testListId="8c84fa94-04c1-424b-9868-57a2d4851a1d" relativeResultsDirectory="960790c6-e558-4b36-8ad9-89ae9d53f762" />
    <UnitTestResult executionId="f8232b21-f057-481d-a873-869c6db84e51" testId="46016c60-0720-f808-02e7-68fa8d4036c4" testName="BuckScience.Tests.Web.Helpers.WeatherHelpersTests.ConvertMoonPhaseToText_VariousValues_ReturnsCorrectText(phase: 0.98999999999999999, expected: &quot;New Moon&quot;)" computerName="pkrvmccyg1gnepe" duration="00:00:00.0000093" startTime="2025-08-29T00:41:27.1044948+00:00" endTime="2025-08-29T00:41:27.1044948+00:00" testType="13cdc9d9-ddb5-4fa4-a97d-d965ccfc6d4b" outcome="Passed" testListId="8c84fa94-04c1-424b-9868-57a2d4851a1d" relativeResultsDirectory="f8232b21-f057-481d-a873-869c6db84e51" />
    <UnitTestResult executionId="8cbd4195-9d55-44bf-ad6c-523eeb9eb7c1" testId="878dbf6d-4718-3010-2956-9a909a749d2f" testName="BuckScience.Tests.PhotoFilteringComprehensiveTests.PhotoFilters_EdgeCases_HandleCorrectly" computerName="pkrvmccyg1gnepe" duration="00:00:00.0025735" startTime="2025-08-29T00:41:27.1757811+00:00" endTime="2025-08-29T00:41:27.1757812+00:00" testType="13cdc9d9-ddb5-4fa4-a97d-d965ccfc6d4b" outcome="Passed" testListId="8c84fa94-04c1-424b-9868-57a2d4851a1d" relativeResultsDirectory="8cbd4195-9d55-44bf-ad6c-523eeb9eb7c1" />
    <UnitTestResult executionId="72aa9a98-e136-4d98-abb2-4d3e4a963d31" testId="a1855258-2f38-7695-fb75-dcfca8f4ee44" testName="BuckScience.Tests.PhotoFilteringIntegrationTests.BuildFilters_WithTemperatureRange_ReturnsFiltersWithTemperature" computerName="pkrvmccyg1gnepe" duration="00:00:00.0003857" startTime="2025-08-29T00:41:27.2596070+00:00" endTime="2025-08-29T00:41:27.2596071+00:00" testType="13cdc9d9-ddb5-4fa4-a97d-d965ccfc6d4b" outcome="Passed" testListId="8c84fa94-04c1-424b-9868-57a2d4851a1d" relativeResultsDirectory="72aa9a98-e136-4d98-abb2-4d3e4a963d31" />
    <UnitTestResult executionId="f59d0533-2a8b-43e7-8f64-e48791026192" testId="b1a32a5b-bec7-9c13-ecb5-d09eae519281" testName="BuckScience.Tests.WeatherConfigurationTests.WeatherApiSettings_ShouldBindFromConfiguration" computerName="pkrvmccyg1gnepe" duration="00:00:00.0574464" startTime="2025-08-29T00:41:27.1779682+00:00" endTime="2025-08-29T00:41:27.1779682+00:00" testType="13cdc9d9-ddb5-4fa4-a97d-d965ccfc6d4b" outcome="Passed" testListId="8c84fa94-04c1-424b-9868-57a2d4851a1d" relativeResultsDirectory="f59d0533-2a8b-43e7-8f64-e48791026192" />
    <UnitTestResult executionId="097efea7-9565-44e4-9b46-1105463086df" testId="3f4d3f91-09a2-a334-5932-6e78104fd8ba" testName="BuckScience.Tests.WeatherBatchProcessingTests.PhotoGrouping_ShouldGroupByLocationAndDate" computerName="pkrvmccyg1gnepe" duration="00:00:00.0122908" startTime="2025-08-29T00:41:27.2489403+00:00" endTime="2025-08-29T00:41:27.2489405+00:00" testType="13cdc9d9-ddb5-4fa4-a97d-d965ccfc6d4b" outcome="Passed" testListId="8c84fa94-04c1-424b-9868-57a2d4851a1d" relativeResultsDirectory="097efea7-9565-44e4-9b46-1105463086df" />
    <UnitTestResult executionId="5284e4e9-2802-4351-ad0d-0e6023bef7f6" testId="172a47eb-7de7-c6df-b8be-70c0be7e14f7" testName="BuckScience.Tests.Web.Helpers.WeatherHelpersTests.ConvertWindDirectionTextToNumeric_ValidDirections_ReturnsCorrectDegrees(direction: &quot;SSW&quot;, expected: 202.5)" computerName="pkrvmccyg1gnepe" duration="00:00:00.0000088" startTime="2025-08-29T00:41:27.1711240+00:00" endTime="2025-08-29T00:41:27.1711240+00:00" testType="13cdc9d9-ddb5-4fa4-a97d-d965ccfc6d4b" outcome="Passed" testListId="8c84fa94-04c1-424b-9868-57a2d4851a1d" relativeResultsDirectory="5284e4e9-2802-4351-ad0d-0e6023bef7f6" />
    <UnitTestResult executionId="335671b1-37f1-4328-86bc-cb763e410e33" testId="e79130f3-839b-5123-ac52-8ca3bb6ef8c5" testName="BuckScience.Tests.WeatherServiceTests.RoundCoordinates_ShouldRoundTo2DecimalPlaces" computerName="pkrvmccyg1gnepe" duration="00:00:00.1085991" startTime="2025-08-29T00:41:27.2332505+00:00" endTime="2025-08-29T00:41:27.2332507+00:00" testType="13cdc9d9-ddb5-4fa4-a97d-d965ccfc6d4b" outcome="Passed" testListId="8c84fa94-04c1-424b-9868-57a2d4851a1d" relativeResultsDirectory="335671b1-37f1-4328-86bc-cb763e410e33" />
    <UnitTestResult executionId="c54f990a-2546-4c7c-9f8d-59c445ad45c4" testId="80f7e275-5c62-bf32-953c-a522d71f0911" testName="BuckScience.Tests.PhotoFilteringUrlExamples.PhotoFiltering_RealWorldScenario_MoonPhaseAndConditions" computerName="pkrvmccyg1gnepe" duration="00:00:00.0007953" startTime="2025-08-29T00:41:27.2620896+00:00" endTime="2025-08-29T00:41:27.2620897+00:00" testType="13cdc9d9-ddb5-4fa4-a97d-d965ccfc6d4b" outcome="Passed" testListId="8c84fa94-04c1-424b-9868-57a2d4851a1d" relativeResultsDirectory="c54f990a-2546-4c7c-9f8d-59c445ad45c4" />
    <UnitTestResult executionId="a4f507ed-2d01-4b0f-89e7-c528678ee58a" testId="188163b5-3a99-e726-205c-6b6fc846baac" testName="BuckScience.Tests.PhotoGroupingTests.PhotoGrouping_ShouldGroupByMonthYear_Ascending" computerName="pkrvmccyg1gnepe" duration="00:00:00.0017408" startTime="2025-08-29T00:41:27.1788890+00:00" endTime="2025-08-29T00:41:27.1788891+00:00" testType="13cdc9d9-ddb5-4fa4-a97d-d965ccfc6d4b" outcome="Passed" testListId="8c84fa94-04c1-424b-9868-57a2d4851a1d" relativeResultsDirectory="a4f507ed-2d01-4b0f-89e7-c528678ee58a" />
    <UnitTestResult executionId="311500c1-c916-4c3b-979e-2a8e7b0a46ca" testId="5d43f699-35d1-a4da-58e9-d0a22f0dcdd2" testName="BuckScience.Tests.PhotoFiltersTests.PhotoFilters_HasWeatherFilters_ReturnsFalseWhenNoWeatherFiltersSet" computerName="pkrvmccyg1gnepe" duration="00:00:00.0001544" startTime="2025-08-29T00:41:27.1769382+00:00" endTime="2025-08-29T00:41:27.1769383+00:00" testType="13cdc9d9-ddb5-4fa4-a97d-d965ccfc6d4b" outcome="Passed" testListId="8c84fa94-04c1-424b-9868-57a2d4851a1d" relativeResultsDirectory="311500c1-c916-4c3b-979e-2a8e7b0a46ca" />
    <UnitTestResult executionId="a74769d4-b5c3-4258-8269-08e9234a04a3" testId="6c5bb03b-3d70-308f-aed5-443e0f2530e1" testName="BuckScience.Tests.Web.Helpers.WeatherHelpersTests.WindDirectionOption_Properties_Work" computerName="pkrvmccyg1gnepe" duration="00:00:00.0003066" startTime="2025-08-29T00:41:27.1754693+00:00" endTime="2025-08-29T00:41:27.1754694+00:00" testType="13cdc9d9-ddb5-4fa4-a97d-d965ccfc6d4b" outcome="Passed" testListId="8c84fa94-04c1-424b-9868-57a2d4851a1d" relativeResultsDirectory="a74769d4-b5c3-4258-8269-08e9234a04a3" />
    <UnitTestResult executionId="ed4272c4-79e9-4300-a326-261f7d27c130" testId="3b62dc28-12fd-93fe-6512-390293682652" testName="BuckScience.Tests.CameraCreateVmTests.CameraCreateVm_PropertyCoordinates_ShouldBeInitializedToZero" computerName="pkrvmccyg1gnepe" duration="00:00:00.0002269" startTime="2025-08-29T00:41:27.1764787+00:00" endTime="2025-08-29T00:41:27.1764788+00:00" testType="13cdc9d9-ddb5-4fa4-a97d-d965ccfc6d4b" outcome="Passed" testListId="8c84fa94-04c1-424b-9868-57a2d4851a1d" relativeResultsDirectory="ed4272c4-79e9-4300-a326-261f7d27c130" />
    <UnitTestResult executionId="be416c1a-6e81-4f1c-8886-22d56819291c" testId="b96d0d20-292a-e609-b515-79cd877929d7" testName="BuckScience.Tests.Web.Helpers.WeatherHelpersTests.ConvertWindDirectionToText_VariousAngles_ReturnsCorrectDirection(degrees: 337.5, expected: &quot;NNW&quot;)" computerName="pkrvmccyg1gnepe" duration="00:00:00.0000063" startTime="2025-08-29T00:41:27.1675247+00:00" endTime="2025-08-29T00:41:27.1675248+00:00" testType="13cdc9d9-ddb5-4fa4-a97d-d965ccfc6d4b" outcome="Passed" testListId="8c84fa94-04c1-424b-9868-57a2d4851a1d" relativeResultsDirectory="be416c1a-6e81-4f1c-8886-22d56819291c" />
    <UnitTestResult executionId="c2075a16-8afd-4817-a216-bf19fd6bf62d" testId="48d95b96-b471-deb8-51bf-62c5a89928a2" testName="BuckScience.Tests.Web.Helpers.WeatherHelpersTests.ConvertMoonPhaseToText_VariousValues_ReturnsCorrectText(phase: 0.59999999999999998, expected: &quot;Waning Gibbous&quot;)" computerName="pkrvmccyg1gnepe" duration="00:00:00.0000061" startTime="2025-08-29T00:41:27.1645591+00:00" endTime="2025-08-29T00:41:27.1645592+00:00" testType="13cdc9d9-ddb5-4fa4-a97d-d965ccfc6d4b" outcome="Passed" testListId="8c84fa94-04c1-424b-9868-57a2d4851a1d" relativeResultsDirectory="c2075a16-8afd-4817-a216-bf19fd6bf62d" />
    <UnitTestResult executionId="50864f00-fa19-4d67-84dc-8f65b0bfebe9" testId="6ddbf3e0-3ece-b657-908f-2948ae07368f" testName="BuckScience.Tests.Web.Helpers.WeatherHelpersTests.ConvertMoonPhaseTextToNumeric_CaseInsensitive_Works" computerName="pkrvmccyg1gnepe" duration="00:00:00.0008051" startTime="2025-08-29T00:41:27.1731323+00:00" endTime="2025-08-29T00:41:27.1731324+00:00" testType="13cdc9d9-ddb5-4fa4-a97d-d965ccfc6d4b" outcome="Passed" testListId="8c84fa94-04c1-424b-9868-57a2d4851a1d" relativeResultsDirectory="50864f00-fa19-4d67-84dc-8f65b0bfebe9" />
    <UnitTestResult executionId="dc367ba0-1a05-4645-b593-49804e23d774" testId="81cae9df-520c-bb72-ca7a-30a828451359" testName="BuckScience.Tests.PhotoFilteringComprehensiveTests.PhotoFilters_ComplexCombination_AllFilterTypes" computerName="pkrvmccyg1gnepe" duration="00:00:00.0078676" startTime="2025-08-29T00:41:27.1770049+00:00" endTime="2025-08-29T00:41:27.1770049+00:00" testType="13cdc9d9-ddb5-4fa4-a97d-d965ccfc6d4b" outcome="Passed" testListId="8c84fa94-04c1-424b-9868-57a2d4851a1d" relativeResultsDirectory="dc367ba0-1a05-4645-b593-49804e23d774" />
    <UnitTestResult executionId="8581b018-740e-4e5f-bd6f-e81d04a379e9" testId="d6582cc4-f5d7-7ddd-419a-8856fe5530f3" testName="BuckScience.Tests.TaggingSystemTests.AssignDefaultTagsToProperty_ShouldAssignOnlyDefaultTags" computerName="pkrvmccyg1gnepe" duration="00:00:00.0099641" startTime="2025-08-29T00:41:28.0786784+00:00" endTime="2025-08-29T00:41:28.0786787+00:00" testType="13cdc9d9-ddb5-4fa4-a97d-d965ccfc6d4b" outcome="Passed" testListId="8c84fa94-04c1-424b-9868-57a2d4851a1d" relativeResultsDirectory="8581b018-740e-4e5f-bd6f-e81d04a379e9" />
    <UnitTestResult executionId="db45bcc4-fe35-4062-b9ff-42256db0acc2" testId="9f164cb9-b0ee-2833-0b35-619b21bae903" testName="BuckScience.Tests.Web.Helpers.WeatherHelpersTests.ConvertWindDirectionToText_VariousAngles_ReturnsCorrectDirection(degrees: 348.74000000000001, expected: &quot;NNW&quot;)" computerName="pkrvmccyg1gnepe" duration="00:00:00.0000046" startTime="2025-08-29T00:41:27.1687350+00:00" endTime="2025-08-29T00:41:27.1687351+00:00" testType="13cdc9d9-ddb5-4fa4-a97d-d965ccfc6d4b" outcome="Passed" testListId="8c84fa94-04c1-424b-9868-57a2d4851a1d" relativeResultsDirectory="db45bcc4-fe35-4062-b9ff-42256db0acc2" />
    <UnitTestResult executionId="1a2fa605-ef12-4d4f-a884-43acb636e593" testId="0249bb7c-cd9a-b690-46ba-3252e9d64885" testName="BuckScience.Tests.PhotoFilteringUrlExamples.BuildFilters_CameraParameters_ShouldParseCorrectly(cameras: &quot;1,5,10&quot;, expectedCameras: [1, 5, 10])" computerName="pkrvmccyg1gnepe" duration="00:00:00.0000181" startTime="2025-08-29T00:41:27.2654254+00:00" endTime="2025-08-29T00:41:27.2654256+00:00" testType="13cdc9d9-ddb5-4fa4-a97d-d965ccfc6d4b" outcome="Passed" testListId="8c84fa94-04c1-424b-9868-57a2d4851a1d" relativeResultsDirectory="1a2fa605-ef12-4d4f-a884-43acb636e593" />
    <UnitTestResult executionId="ccdd2d1a-e0ad-43a6-a99f-59ebe527c4fc" testId="61590a98-8800-c63c-636c-5d74543a54c1" testName="BuckScience.Tests.Web.Helpers.WeatherHelpersTests.ConvertMoonPhaseToText_VariousValues_ReturnsCorrectText(phase: 0, expected: &quot;New Moon&quot;)" computerName="pkrvmccyg1gnepe" duration="00:00:00.0000050" startTime="2025-08-29T00:41:27.1647504+00:00" endTime="2025-08-29T00:41:27.1647504+00:00" testType="13cdc9d9-ddb5-4fa4-a97d-d965ccfc6d4b" outcome="Passed" testListId="8c84fa94-04c1-424b-9868-57a2d4851a1d" relativeResultsDirectory="ccdd2d1a-e0ad-43a6-a99f-59ebe527c4fc" />
    <UnitTestResult executionId="d3c8ac20-ce04-4b7d-9bbf-c0a2e83bcad6" testId="c900e632-ca6a-8d11-765e-c59876f4f7f8" testName="BuckScience.Tests.PhotoFilteringIntegrationTests.BuildFilters_WithDateRange_ReturnsFiltersWithDates" computerName="pkrvmccyg1gnepe" duration="00:00:00.0005097" startTime="2025-08-29T00:41:27.2590411+00:00" endTime="2025-08-29T00:41:27.2590412+00:00" testType="13cdc9d9-ddb5-4fa4-a97d-d965ccfc6d4b" outcome="Passed" testListId="8c84fa94-04c1-424b-9868-57a2d4851a1d" relativeResultsDirectory="d3c8ac20-ce04-4b7d-9bbf-c0a2e83bcad6" />
    <UnitTestResult executionId="cb3d284d-f20b-4c49-817b-9b87f17d0be4" testId="994b105a-2d3c-5d2b-62ff-1c998f53f588" testName="BuckScience.Tests.TaggingSystemTests.AddTagToPhotos_ShouldNotCreateDuplicates" computerName="pkrvmccyg1gnepe" duration="00:00:00.0075268" startTime="2025-08-29T00:41:28.0934205+00:00" endTime="2025-08-29T00:41:28.0934207+00:00" testType="13cdc9d9-ddb5-4fa4-a97d-d965ccfc6d4b" outcome="Passed" testListId="8c84fa94-04c1-424b-9868-57a2d4851a1d" relativeResultsDirectory="cb3d284d-f20b-4c49-817b-9b87f17d0be4" />
    <UnitTestResult executionId="2777bffb-f7b9-43b7-99c1-409d7e15f4dd" testId="46a7f553-bbcf-0c84-0101-71d2924c06c9" testName="BuckScience.Tests.TaggingIntegrationTests.EndToEndTaggingWorkflow_ShouldWorkCorrectly" computerName="pkrvmccyg1gnepe" duration="00:00:01.0007291" startTime="2025-08-29T00:41:28.1474326+00:00" endTime="2025-08-29T00:41:28.1474328+00:00" testType="13cdc9d9-ddb5-4fa4-a97d-d965ccfc6d4b" outcome="Passed" testListId="8c84fa94-04c1-424b-9868-57a2d4851a1d" relativeResultsDirectory="2777bffb-f7b9-43b7-99c1-409d7e15f4dd" />
    <UnitTestResult executionId="d51d60b2-97bb-4938-95b3-5cbc30f94e7a" testId="c91192db-21fb-4e08-e57b-721298eb140d" testName="BuckScience.Tests.Web.Helpers.WeatherHelpersTests.ConvertWindDirectionTextToNumeric_ValidDirections_ReturnsCorrectDegrees(direction: &quot;SE&quot;, expected: 135)" computerName="pkrvmccyg1gnepe" duration="00:00:00.0000099" startTime="2025-08-29T00:41:27.1722025+00:00" endTime="2025-08-29T00:41:27.1722025+00:00" testType="13cdc9d9-ddb5-4fa4-a97d-d965ccfc6d4b" outcome="Passed" testListId="8c84fa94-04c1-424b-9868-57a2d4851a1d" relativeResultsDirectory="d51d60b2-97bb-4938-95b3-5cbc30f94e7a" />
    <UnitTestResult executionId="ba28ca19-2de4-45c4-8aad-045ddf85d4c0" testId="407fdbb6-f29a-a8a2-0277-cd698b7b57a7" testName="BuckScience.Tests.PhotoFilteringIntegrationTests.BuildFilters_WithConditions_ReturnsFiltersWithConditions" computerName="pkrvmccyg1gnepe" duration="00:00:00.0004492" startTime="2025-08-29T00:41:27.2603355+00:00" endTime="2025-08-29T00:41:27.2603356+00:00" testType="13cdc9d9-ddb5-4fa4-a97d-d965ccfc6d4b" outcome="Passed" testListId="8c84fa94-04c1-424b-9868-57a2d4851a1d" relativeResultsDirectory="ba28ca19-2de4-45c4-8aad-045ddf85d4c0" />
    <UnitTestResult executionId="dbb274c9-7991-4cc3-888b-ec0449ff8f7a" testId="65305c54-3e3e-31b1-f5dd-4a4bc66b7c08" testName="BuckScience.Tests.CameraCreateVmTests.CameraCreateVm_ShouldIncludePropertyCoordinates" computerName="pkrvmccyg1gnepe" duration="00:00:00.0052408" startTime="2025-08-29T00:41:27.1758659+00:00" endTime="2025-08-29T00:41:27.1758660+00:00" testType="13cdc9d9-ddb5-4fa4-a97d-d965ccfc6d4b" outcome="Passed" testListId="8c84fa94-04c1-424b-9868-57a2d4851a1d" relativeResultsDirectory="dbb274c9-7991-4cc3-888b-ec0449ff8f7a" />
    <UnitTestResult executionId="27b8a962-8005-44ac-909e-20367a23e121" testId="fa4cc283-dfe0-de36-3d73-29ab1e351353" testName="BuckScience.Tests.Web.Helpers.WeatherHelpersTests.ConvertWindDirectionToText_VariousAngles_ReturnsCorrectDirection(degrees: 348.75, expected: &quot;N&quot;)" computerName="pkrvmccyg1gnepe" duration="00:00:00.0002903" startTime="2025-08-29T00:41:27.1673520+00:00" endTime="2025-08-29T00:41:27.1673521+00:00" testType="13cdc9d9-ddb5-4fa4-a97d-d965ccfc6d4b" outcome="Passed" testListId="8c84fa94-04c1-424b-9868-57a2d4851a1d" relativeResultsDirectory="27b8a962-8005-44ac-909e-20367a23e121" />
    <UnitTestResult executionId="fc9ab476-f558-4581-a261-860a3148d64f" testId="117d72dd-b186-d8e9-ce14-8d711079c929" testName="BuckScience.Tests.Web.Helpers.WeatherHelpersTests.ConvertWindDirectionTextToNumeric_ValidDirections_ReturnsCorrectDegrees(direction: &quot;WSW&quot;, expected: 247.5)" computerName="pkrvmccyg1gnepe" duration="00:00:00.0000098" startTime="2025-08-29T00:41:27.1710666+00:00" endTime="2025-08-29T00:41:27.1710667+00:00" testType="13cdc9d9-ddb5-4fa4-a97d-d965ccfc6d4b" outcome="Passed" testListId="8c84fa94-04c1-424b-9868-57a2d4851a1d" relativeResultsDirectory="fc9ab476-f558-4581-a261-860a3148d64f" />
    <UnitTestResult executionId="034e1afe-7195-4ee4-bb76-594696563ac0" testId="7d1b1cf4-8561-5b1e-3cb0-e9438583a7c7" testName="BuckScience.Tests.PhotoGroupingTests.PhotoGrouping_ShouldGroupByMonthYear" computerName="pkrvmccyg1gnepe" duration="00:00:00.0006091" startTime="2025-08-29T00:41:27.1789657+00:00" endTime="2025-08-29T00:41:27.1789657+00:00" testType="13cdc9d9-ddb5-4fa4-a97d-d965ccfc6d4b" outcome="Passed" testListId="8c84fa94-04c1-424b-9868-57a2d4851a1d" relativeResultsDirectory="034e1afe-7195-4ee4-bb76-594696563ac0" />
    <UnitTestResult executionId="d75682cd-56b6-4789-a2e3-ca5fc94bde25" testId="3f5baae7-b2ef-0a09-bc51-f8b04a3acced" testName="BuckScience.Tests.Web.Helpers.WeatherHelpersTests.ConvertWindDirectionToText_VariousAngles_ReturnsCorrectDirection(degrees: 67.5, expected: &quot;ENE&quot;)" computerName="pkrvmccyg1gnepe" duration="00:00:00.0000028" startTime="2025-08-29T00:41:27.1685581+00:00" endTime="2025-08-29T00:41:27.1685582+00:00" testType="13cdc9d9-ddb5-4fa4-a97d-d965ccfc6d4b" outcome="Passed" testListId="8c84fa94-04c1-424b-9868-57a2d4851a1d" relativeResultsDirectory="d75682cd-56b6-4789-a2e3-ca5fc94bde25" />
    <UnitTestResult executionId="af7329dc-13ad-4f8e-a28e-c8525ff6c08b" testId="477057b0-3b6f-36a4-06fc-1b03c23a4da7" testName="BuckScience.Tests.PhotoFilteringUrlExamples.BuildFilters_ConditionsParameters_ShouldParseCorrectly(conditions: &quot;Clear,Cloudy&quot;, expectedConditions: [&quot;Clear&quot;, &quot;Cloudy&quot;])" computerName="pkrvmccyg1gnepe" duration="00:00:00.0006923" startTime="2025-08-29T00:41:27.2669476+00:00" endTime="2025-08-29T00:41:27.2669477+00:00" testType="13cdc9d9-ddb5-4fa4-a97d-d965ccfc6d4b" outcome="Passed" testListId="8c84fa94-04c1-424b-9868-57a2d4851a1d" relativeResultsDirectory="af7329dc-13ad-4f8e-a28e-c8525ff6c08b" />
    <UnitTestResult executionId="221352c4-1a01-4a63-805b-b27a934abf0f" testId="1634510e-087e-a71c-61ba-55901a3677cc" testName="BuckScience.Tests.Web.Helpers.WeatherHelpersTests.ConvertWindDirectionTextToNumeric_ValidDirections_ReturnsCorrectDegrees(direction: &quot;NNE&quot;, expected: 22.5)" computerName="pkrvmccyg1gnepe" duration="00:00:00.0000090" startTime="2025-08-29T00:41:27.1711961+00:00" endTime="2025-08-29T00:41:27.1711962+00:00" testType="13cdc9d9-ddb5-4fa4-a97d-d965ccfc6d4b" outcome="Passed" testListId="8c84fa94-04c1-424b-9868-57a2d4851a1d" relativeResultsDirectory="221352c4-1a01-4a63-805b-b27a934abf0f" />
    <UnitTestResult executionId="10dc499c-3b7c-4762-8c6e-fe0768e1048e" testId="b14ae956-297a-f056-fdd7-ca8f9b76076f" testName="BuckScience.Tests.PhotoFilteringUrlExamples.BuildFilters_CameraParameters_ShouldParseCorrectly(cameras: &quot;1,2,3&quot;, expectedCameras: [1, 2, 3])" computerName="pkrvmccyg1gnepe" duration="00:00:00.0010950" startTime="2025-08-29T00:41:27.2635651+00:00" endTime="2025-08-29T00:41:27.2635652+00:00" testType="13cdc9d9-ddb5-4fa4-a97d-d965ccfc6d4b" outcome="Passed" testListId="8c84fa94-04c1-424b-9868-57a2d4851a1d" relativeResultsDirectory="10dc499c-3b7c-4762-8c6e-fe0768e1048e" />
    <UnitTestResult executionId="d9ac4cb0-aef7-4b55-b7c9-8488ac5e0f38" testId="13b70763-63fd-f0df-582a-0fb307fcad59" testName="BuckScience.Tests.PhotoFiltersTests.PhotoFilters_AllWeatherRangeFiltersWork" computerName="pkrvmccyg1gnepe" duration="00:00:00.0010715" startTime="2025-08-29T00:41:27.1767192+00:00" endTime="2025-08-29T00:41:27.1767192+00:00" testType="13cdc9d9-ddb5-4fa4-a97d-d965ccfc6d4b" outcome="Passed" testListId="8c84fa94-04c1-424b-9868-57a2d4851a1d" relativeResultsDirectory="d9ac4cb0-aef7-4b55-b7c9-8488ac5e0f38" />
    <UnitTestResult executionId="f6d8bf99-49ee-4758-b56a-1280dd217d43" testId="62aa58ea-9077-0f9e-c60d-aafd4a8d0ad6" testName="BuckScience.Tests.Web.Helpers.WeatherHelpersTests.ConvertWindDirectionToText_VariousAngles_ReturnsCorrectDirection(degrees: -10, expected: &quot;N&quot;)" computerName="pkrvmccyg1gnepe" duration="00:00:00.0000053" startTime="2025-08-29T00:41:27.1696084+00:00" endTime="2025-08-29T00:41:27.1696085+00:00" testType="13cdc9d9-ddb5-4fa4-a97d-d965ccfc6d4b" outcome="Passed" testListId="8c84fa94-04c1-424b-9868-57a2d4851a1d" relativeResultsDirectory="f6d8bf99-49ee-4758-b56a-1280dd217d43" />
    <UnitTestResult executionId="67f28e49-c1d4-4a15-b3ac-47b6bceade6c" testId="d158f051-212f-d40f-0819-bf99fbd314c0" testName="BuckScience.Tests.Web.Helpers.WeatherHelpersTests.ConvertWindDirectionToText_VariousAngles_ReturnsCorrectDirection(degrees: 0, expected: &quot;N&quot;)" computerName="pkrvmccyg1gnepe" duration="00:00:00.0000079" startTime="2025-08-29T00:41:27.1687939+00:00" endTime="2025-08-29T00:41:27.1687940+00:00" testType="13cdc9d9-ddb5-4fa4-a97d-d965ccfc6d4b" outcome="Passed" testListId="8c84fa94-04c1-424b-9868-57a2d4851a1d" relativeResultsDirectory="67f28e49-c1d4-4a15-b3ac-47b6bceade6c" />
    <UnitTestResult executionId="31330ff1-7b08-4277-a0b4-2efdde495d1f" testId="ec7cd5e3-a82c-cf66-66cc-45c1ba395a3e" testName="BuckScience.Tests.Web.Helpers.WeatherHelpersTests.ConvertMoonPhaseTextToNumeric_InvalidText_ReturnsNull(text: &quot;   &quot;)" computerName="pkrvmccyg1gnepe" duration="00:00:00.0000060" startTime="2025-08-29T00:41:27.1745481+00:00" endTime="2025-08-29T00:41:27.1745481+00:00" testType="13cdc9d9-ddb5-4fa4-a97d-d965ccfc6d4b" outcome="Passed" testListId="8c84fa94-04c1-424b-9868-57a2d4851a1d" relativeResultsDirectory="31330ff1-7b08-4277-a0b4-2efdde495d1f" />
    <UnitTestResult executionId="09e5b99c-1eac-4a93-a4b4-dfb2585ce37f" testId="5184c208-ba66-a1eb-00ca-490830c3b61a" testName="BuckScience.Tests.Web.Helpers.WeatherHelpersTests.ConvertWindDirectionToText_VariousAngles_ReturnsCorrectDirection(degrees: 225, expected: &quot;SW&quot;)" computerName="pkrvmccyg1gnepe" duration="00:00:00.0000060" startTime="2025-08-29T00:41:27.1694879+00:00" endTime="2025-08-29T00:41:27.1694880+00:00" testType="13cdc9d9-ddb5-4fa4-a97d-d965ccfc6d4b" outcome="Passed" testListId="8c84fa94-04c1-424b-9868-57a2d4851a1d" relativeResultsDirectory="09e5b99c-1eac-4a93-a4b4-dfb2585ce37f" />
    <UnitTestResult executionId="854eb70c-dfc9-41e6-82b2-101c048e5136" testId="7aa5e31a-c407-5fc0-2788-70d3aa03acd3" testName="BuckScience.Tests.PhotoFilteringUrlExamples.BuildFilters_ConditionsParameters_ShouldParseCorrectly(conditions: &quot;Rainy&quot;, expectedConditions: [&quot;Rainy&quot;])" computerName="pkrvmccyg1gnepe" duration="00:00:00.0000200" startTime="2025-08-29T00:41:27.2673315+00:00" endTime="2025-08-29T00:41:27.2673315+00:00" testType="13cdc9d9-ddb5-4fa4-a97d-d965ccfc6d4b" outcome="Passed" testListId="8c84fa94-04c1-424b-9868-57a2d4851a1d" relativeResultsDirectory="854eb70c-dfc9-41e6-82b2-101c048e5136" />
    <UnitTestResult executionId="4d5d5db3-31c5-4c11-b574-cba6bb584d4b" testId="088d383f-5fbc-e375-2326-3e321a2adf4f" testName="BuckScience.Tests.TaggingRequirementsTests.Requirement2_TagUniqueness_ShouldBeEnforced" computerName="pkrvmccyg1gnepe" duration="00:00:00.0494773" startTime="2025-08-29T00:41:28.0668571+00:00" endTime="2025-08-29T00:41:28.0668573+00:00" testType="13cdc9d9-ddb5-4fa4-a97d-d965ccfc6d4b" outcome="Passed" testListId="8c84fa94-04c1-424b-9868-57a2d4851a1d" relativeResultsDirectory="4d5d5db3-31c5-4c11-b574-cba6bb584d4b" />
    <UnitTestResult executionId="0f2f60c3-d5c8-43fa-aabc-c53911dc573b" testId="29048f6b-b73b-a720-ef94-9f27a4540f3c" testName="BuckScience.Tests.Web.Helpers.WeatherHelpersTests.ConvertMoonPhaseTextToNumeric_ValidText_ReturnsCorrectValue(text: &quot;New Moon&quot;, expected: 0)" computerName="pkrvmccyg1gnepe" duration="00:00:00.0000105" startTime="2025-08-29T00:41:27.1733938+00:00" endTime="2025-08-29T00:41:27.1733939+00:00" testType="13cdc9d9-ddb5-4fa4-a97d-d965ccfc6d4b" outcome="Passed" testListId="8c84fa94-04c1-424b-9868-57a2d4851a1d" relativeResultsDirectory="0f2f60c3-d5c8-43fa-aabc-c53911dc573b" />
    <UnitTestResult executionId="7ce7d90b-4def-4be8-b0d1-8804ee2908bd" testId="24c340fb-d377-9a86-7f7b-24671f6c604a" testName="BuckScience.Tests.UnitTest1.Test1" computerName="pkrvmccyg1gnepe" duration="00:00:00.0002463" startTime="2025-08-29T00:41:27.2608971+00:00" endTime="2025-08-29T00:41:27.2608971+00:00" testType="13cdc9d9-ddb5-4fa4-a97d-d965ccfc6d4b" outcome="Passed" testListId="8c84fa94-04c1-424b-9868-57a2d4851a1d" relativeResultsDirectory="7ce7d90b-4def-4be8-b0d1-8804ee2908bd" />
    <UnitTestResult executionId="7cdcaef3-f5f3-4772-9120-e6f064bf8309" testId="8bb24d97-4056-0aed-e738-d86e9d34f566" testName="BuckScience.Tests.Web.Helpers.WeatherHelpersTests.ConvertWindDirectionTextToNumeric_ValidDirections_ReturnsCorrectDegrees(direction: &quot;ESE&quot;, expected: 112.5)" computerName="pkrvmccyg1gnepe" duration="00:00:00.0000108" startTime="2025-08-29T00:41:27.1709775+00:00" endTime="2025-08-29T00:41:27.1709775+00:00" testType="13cdc9d9-ddb5-4fa4-a97d-d965ccfc6d4b" outcome="Passed" testListId="8c84fa94-04c1-424b-9868-57a2d4851a1d" relativeResultsDirectory="7cdcaef3-f5f3-4772-9120-e6f064bf8309" />
    <UnitTestResult executionId="90537c98-6fa0-4cfe-841e-99a199ae724e" testId="61de09e0-94b0-9094-bdcf-74e56c5800ed" testName="BuckScience.Tests.TaggingRequirementsTests.Requirement1_DefaultTags_ShouldBePopulatedByMigration" computerName="pkrvmccyg1gnepe" duration="00:00:00.0041755" startTime="2025-08-29T00:41:28.1774744+00:00" endTime="2025-08-29T00:41:28.1774745+00:00" testType="13cdc9d9-ddb5-4fa4-a97d-d965ccfc6d4b" outcome="Passed" testListId="8c84fa94-04c1-424b-9868-57a2d4851a1d" relativeResultsDirectory="90537c98-6fa0-4cfe-841e-99a199ae724e" />
    <UnitTestResult executionId="deac94e1-a68c-42da-b51c-6d050e71c7d4" testId="2cc2759a-0e74-d1e3-53c0-3d706804902c" testName="BuckScience.Tests.PhotoFilteringComprehensiveTests.PropertyPhotosVm_WithFilters_CorrectProperties" computerName="pkrvmccyg1gnepe" duration="00:00:00.0090071" startTime="2025-08-29T00:41:27.1001520+00:00" endTime="2025-08-29T00:41:27.1001521+00:00" testType="13cdc9d9-ddb5-4fa4-a97d-d965ccfc6d4b" outcome="Passed" testListId="8c84fa94-04c1-424b-9868-57a2d4851a1d" relativeResultsDirectory="deac94e1-a68c-42da-b51c-6d050e71c7d4" />
    <UnitTestResult executionId="32fb1f99-9c0a-49cb-aafa-90051c6e23b9" testId="dd76f619-e962-2008-d0f8-a714bb3f5c46" testName="BuckScience.Tests.Web.Helpers.WeatherHelpersTests.GetWindDirectionOptions_WithNull_AllUnavailable" computerName="pkrvmccyg1gnepe" duration="00:00:00.0090219" startTime="2025-08-29T00:41:27.0948712+00:00" endTime="2025-08-29T00:41:27.0949187+00:00" testType="13cdc9d9-ddb5-4fa4-a97d-d965ccfc6d4b" outcome="Passed" testListId="8c84fa94-04c1-424b-9868-57a2d4851a1d" relativeResultsDirectory="32fb1f99-9c0a-49cb-aafa-90051c6e23b9" />
    <UnitTestResult executionId="2c99c9be-b912-496b-9e17-604f03221840" testId="7264d755-3cfa-51c2-00b7-8c3c5d03bdbd" testName="BuckScience.Tests.Web.Helpers.WeatherHelpersTests.ConvertMoonPhaseTextToNumeric_ValidText_ReturnsCorrectValue(text: &quot;Waxing Crescent&quot;, expected: 0.125)" computerName="pkrvmccyg1gnepe" duration="00:00:00.0000124" startTime="2025-08-29T00:41:27.1740689+00:00" endTime="2025-08-29T00:41:27.1740690+00:00" testType="13cdc9d9-ddb5-4fa4-a97d-d965ccfc6d4b" outcome="Passed" testListId="8c84fa94-04c1-424b-9868-57a2d4851a1d" relativeResultsDirectory="2c99c9be-b912-496b-9e17-604f03221840" />
    <UnitTestResult executionId="cf59291c-cb2f-4b20-9b72-a4bb07ba6342" testId="b909abe1-3b1d-c0ea-a3f1-0b971399890f" testName="BuckScience.Tests.PhotoFilteringIntegrationTests.BuildFilters_WithCameraIds_ReturnsFiltersWithCameras" computerName="pkrvmccyg1gnepe" duration="00:00:00.0003869" startTime="2025-08-29T00:41:27.2598279+00:00" endTime="2025-08-29T00:41:27.2598280+00:00" testType="13cdc9d9-ddb5-4fa4-a97d-d965ccfc6d4b" outcome="Passed" testListId="8c84fa94-04c1-424b-9868-57a2d4851a1d" relativeResultsDirectory="cf59291c-cb2f-4b20-9b72-a4bb07ba6342" />
    <UnitTestResult executionId="13ee0541-d5df-4369-a503-03817111787f" testId="2582410d-2726-a653-733b-0912934edde4" testName="BuckScience.Tests.Web.Helpers.WeatherHelpersTests.ConvertMoonPhaseTextToNumeric_ValidText_ReturnsCorrectValue(text: &quot;Last Quarter&quot;, expected: 0.75)" computerName="pkrvmccyg1gnepe" duration="00:00:00.0013284" startTime="2025-08-29T00:41:27.1732781+00:00" endTime="2025-08-29T00:41:27.1732781+00:00" testType="13cdc9d9-ddb5-4fa4-a97d-d965ccfc6d4b" outcome="Passed" testListId="8c84fa94-04c1-424b-9868-57a2d4851a1d" relativeResultsDirectory="13ee0541-d5df-4369-a503-03817111787f" />
    <UnitTestResult executionId="218678b9-1f21-4b78-80a3-b3d4ed18b837" testId="ddd7ef0f-f8d8-3f23-14c1-c969cc917d3a" testName="BuckScience.Tests.TaggingRequirementsTests.Requirement2_NewTagCreation_ShouldBeSupported" computerName="pkrvmccyg1gnepe" duration="00:00:00.0104261" startTime="2025-08-29T00:41:28.1731909+00:00" endTime="2025-08-29T00:41:28.1731911+00:00" testType="13cdc9d9-ddb5-4fa4-a97d-d965ccfc6d4b" outcome="Passed" testListId="8c84fa94-04c1-424b-9868-57a2d4851a1d" relativeResultsDirectory="218678b9-1f21-4b78-80a3-b3d4ed18b837" />
    <UnitTestResult executionId="2b7dd89e-d763-40bf-bd83-07d72178a90f" testId="f36a8701-085e-04e9-1108-0b102bccb765" testName="BuckScience.Tests.Web.Helpers.WeatherHelpersTests.ConvertWindDirectionToText_RoundTrip_MaintainsAccuracy" computerName="pkrvmccyg1gnepe" duration="00:00:00.0004816" startTime="2025-08-29T00:41:27.1698028+00:00" endTime="2025-08-29T00:41:27.1698029+00:00" testType="13cdc9d9-ddb5-4fa4-a97d-d965ccfc6d4b" outcome="Passed" testListId="8c84fa94-04c1-424b-9868-57a2d4851a1d" relativeResultsDirectory="2b7dd89e-d763-40bf-bd83-07d72178a90f" />
    <UnitTestResult executionId="3a2d39b1-3b03-458e-a6ef-ff81e99d2646" testId="a7aa3cc0-0ea1-3d0c-3a62-ac5a405bf34e" testName="BuckScience.Tests.TaggingRequirementsTests.Requirement1_DatabaseSchema_ShouldMeetAllSpecifications" computerName="pkrvmccyg1gnepe" duration="00:00:00.7827136" startTime="2025-08-29T00:41:28.0172563+00:00" endTime="2025-08-29T00:41:28.0172565+00:00" testType="13cdc9d9-ddb5-4fa4-a97d-d965ccfc6d4b" outcome="Passed" testListId="8c84fa94-04c1-424b-9868-57a2d4851a1d" relativeResultsDirectory="3a2d39b1-3b03-458e-a6ef-ff81e99d2646" />
    <UnitTestResult executionId="21a289d9-1ad3-47d1-9268-238aaf15a240" testId="f2a53262-1031-8641-ce23-2061a5c39410" testName="BuckScience.Tests.TaggingSystemTests.GetOrCreateTag_ShouldThrowException_WhenTagNameIsInvalid(invalidTagName: &quot;&quot;)" computerName="pkrvmccyg1gnepe" duration="00:00:00.0033759" startTime="2025-08-29T00:41:28.0836025+00:00" endTime="2025-08-29T00:41:28.0836026+00:00" testType="13cdc9d9-ddb5-4fa4-a97d-d965ccfc6d4b" outcome="Passed" testListId="8c84fa94-04c1-424b-9868-57a2d4851a1d" relativeResultsDirectory="21a289d9-1ad3-47d1-9268-238aaf15a240" />
    <UnitTestResult executionId="90ae372d-a605-4396-b935-52ba6b739b89" testId="c5847a99-4505-c2ed-d54d-fc269a080b27" testName="BuckScience.Tests.Web.Helpers.WeatherHelpersTests.ConvertMoonPhaseToText_VariousValues_ReturnsCorrectText(phase: 1, expected: &quot;New Moon&quot;)" computerName="pkrvmccyg1gnepe" duration="00:00:00.0000083" startTime="2025-08-29T00:41:27.1046305+00:00" endTime="2025-08-29T00:41:27.1046313+00:00" testType="13cdc9d9-ddb5-4fa4-a97d-d965ccfc6d4b" outcome="Passed" testListId="8c84fa94-04c1-424b-9868-57a2d4851a1d" relativeResultsDirectory="90ae372d-a605-4396-b935-52ba6b739b89" />
    <UnitTestResult executionId="b9d35433-4380-4cfb-b0d6-2cf64359e8ca" testId="22d4e883-d516-a3c1-91a6-c6ccca686050" testName="BuckScience.Tests.Web.Helpers.WeatherHelpersTests.ConvertMoonPhaseToText_VariousValues_ReturnsCorrectText(phase: 0.84999999999999998, expected: &quot;Waning Crescent&quot;)" computerName="pkrvmccyg1gnepe" duration="00:00:00.0003343" startTime="2025-08-29T00:41:27.1044383+00:00" endTime="2025-08-29T00:41:27.1044384+00:00" testType="13cdc9d9-ddb5-4fa4-a97d-d965ccfc6d4b" outcome="Passed" testListId="8c84fa94-04c1-424b-9868-57a2d4851a1d" relativeResultsDirectory="b9d35433-4380-4cfb-b0d6-2cf64359e8ca" />
    <UnitTestResult executionId="ccd87b94-ce20-4467-8b01-16a503bdbb56" testId="5258a2d0-41cb-c3df-1e8f-eff8f92d5e7f" testName="BuckScience.Tests.Web.Helpers.WeatherHelpersTests.ConvertWindDirectionTextToNumeric_InvalidText_ReturnsNull(direction: &quot;Invalid&quot;)" computerName="pkrvmccyg1gnepe" duration="00:00:00.0000130" startTime="2025-08-29T00:41:27.1670821+00:00" endTime="2025-08-29T00:41:27.1670822+00:00" testType="13cdc9d9-ddb5-4fa4-a97d-d965ccfc6d4b" outcome="Passed" testListId="8c84fa94-04c1-424b-9868-57a2d4851a1d" relativeResultsDirectory="ccd87b94-ce20-4467-8b01-16a503bdbb56" />
    <UnitTestResult executionId="a97b95f2-d2c0-4384-b875-42ce7f23113e" testId="f691e718-46df-21d8-be15-dfb8d4456f03" testName="BuckScience.Tests.TaggingSystemTests.GetOrCreateTag_ShouldCreateNewTag_WhenTagDoesNotExist" computerName="pkrvmccyg1gnepe" duration="00:00:00.0471400" startTime="2025-08-29T00:41:28.0686205+00:00" endTime="2025-08-29T00:41:28.0686207+00:00" testType="13cdc9d9-ddb5-4fa4-a97d-d965ccfc6d4b" outcome="Passed" testListId="8c84fa94-04c1-424b-9868-57a2d4851a1d" relativeResultsDirectory="a97b95f2-d2c0-4384-b875-42ce7f23113e" />
    <UnitTestResult executionId="e654c555-bfd9-4bd8-bf15-791770728919" testId="aac2053d-c1f1-3ae9-c811-84c25975dded" testName="BuckScience.Tests.TaggingIntegrationTests.CreateProperty_ShouldAutoAssignDefaultTags" computerName="pkrvmccyg1gnepe" duration="00:00:00.0183852" startTime="2025-08-29T00:41:28.1679337+00:00" endTime="2025-08-29T00:41:28.1679339+00:00" testType="13cdc9d9-ddb5-4fa4-a97d-d965ccfc6d4b" outcome="Passed" testListId="8c84fa94-04c1-424b-9868-57a2d4851a1d" relativeResultsDirectory="e654c555-bfd9-4bd8-bf15-791770728919" />
    <UnitTestResult executionId="62ee2a76-6930-47a1-89b2-c3e858ec7368" testId="2eacfbf3-667b-5a8e-52a0-d9d512e960c7" testName="BuckScience.Tests.Web.Helpers.WeatherHelpersTests.ConvertWindDirectionToText_VariousAngles_ReturnsCorrectDirection(degrees: 270, expected: &quot;W&quot;)" computerName="pkrvmccyg1gnepe" duration="00:00:00.0000058" startTime="2025-08-29T00:41:27.1683640+00:00" endTime="2025-08-29T00:41:27.1683640+00:00" testType="13cdc9d9-ddb5-4fa4-a97d-d965ccfc6d4b" outcome="Passed" testListId="8c84fa94-04c1-424b-9868-57a2d4851a1d" relativeResultsDirectory="62ee2a76-6930-47a1-89b2-c3e858ec7368" />
    <UnitTestResult executionId="89b1d930-0632-4030-b1d6-e5c6ae81ddb0" testId="94acb547-5f92-9634-547a-02395bd6053e" testName="BuckScience.Tests.Web.Helpers.WeatherHelpersTests.ConvertWindDirectionTextToNumeric_InvalidText_ReturnsNull(direction: &quot;North&quot;)" computerName="pkrvmccyg1gnepe" duration="00:00:00.0000036" startTime="2025-08-29T00:41:27.1672140+00:00" endTime="2025-08-29T00:41:27.1672140+00:00" testType="13cdc9d9-ddb5-4fa4-a97d-d965ccfc6d4b" outcome="Passed" testListId="8c84fa94-04c1-424b-9868-57a2d4851a1d" relativeResultsDirectory="89b1d930-0632-4030-b1d6-e5c6ae81ddb0" />
    <UnitTestResult executionId="7e7e15a5-ad0c-465c-92bc-3b74b558ab48" testId="7d4e8658-cb8d-0c66-3167-748289c2e3c6" testName="BuckScience.Tests.Web.Helpers.WeatherHelpersTests.ConvertWindDirectionToText_VariousAngles_ReturnsCorrectDirection(degrees: 135, expected: &quot;SE&quot;)" computerName="pkrvmccyg1gnepe" duration="00:00:00.0000041" startTime="2025-08-29T00:41:27.1686742+00:00" endTime="2025-08-29T00:41:27.1686743+00:00" testType="13cdc9d9-ddb5-4fa4-a97d-d965ccfc6d4b" outcome="Passed" testListId="8c84fa94-04c1-424b-9868-57a2d4851a1d" relativeResultsDirectory="7e7e15a5-ad0c-465c-92bc-3b74b558ab48" />
    <UnitTestResult executionId="2bb08f92-d937-47d0-b2c0-4473ede6f19a" testId="59d49ae8-fe17-c8a4-30e6-e31bf9671e6d" testName="BuckScience.Tests.Web.Helpers.WeatherHelpersTests.ConvertWindDirectionToText_VariousAngles_ReturnsCorrectDirection(degrees: 11.25, expected: &quot;NNE&quot;)" computerName="pkrvmccyg1gnepe" duration="00:00:00.0000038" startTime="2025-08-29T00:41:27.1684872+00:00" endTime="2025-08-29T00:41:27.1684874+00:00" testType="13cdc9d9-ddb5-4fa4-a97d-d965ccfc6d4b" outcome="Passed" testListId="8c84fa94-04c1-424b-9868-57a2d4851a1d" relativeResultsDirectory="2bb08f92-d937-47d0-b2c0-4473ede6f19a" />
    <UnitTestResult executionId="70c27ef7-fa13-4765-8f58-8aa1e304ef19" testId="df8d3f6f-dec6-fe48-30b1-4504bb2aa651" testName="BuckScience.Tests.Web.Helpers.WeatherHelpersTests.ConvertWindDirectionTextToNumeric_ValidDirections_ReturnsCorrectDegrees(direction: &quot;NE&quot;, expected: 45)" computerName="pkrvmccyg1gnepe" duration="00:00:00.0000100" startTime="2025-08-29T00:41:27.1730039+00:00" endTime="2025-08-29T00:41:27.1730039+00:00" testType="13cdc9d9-ddb5-4fa4-a97d-d965ccfc6d4b" outcome="Passed" testListId="8c84fa94-04c1-424b-9868-57a2d4851a1d" relativeResultsDirectory="70c27ef7-fa13-4765-8f58-8aa1e304ef19" />
    <UnitTestResult executionId="03b1f8b6-b689-4203-9e83-28bc8ebeae5e" testId="c005721b-05db-8d7a-5eea-e90626721b80" testName="BuckScience.Tests.Web.Helpers.WeatherHelpersTests.ConvertWindDirectionTextToNumeric_ValidDirections_ReturnsCorrectDegrees(direction: &quot;SW&quot;, expected: 225)" computerName="pkrvmccyg1gnepe" duration="00:00:00.0000104" startTime="2025-08-29T00:41:27.1712483+00:00" endTime="2025-08-29T00:41:27.1712484+00:00" testType="13cdc9d9-ddb5-4fa4-a97d-d965ccfc6d4b" outcome="Passed" testListId="8c84fa94-04c1-424b-9868-57a2d4851a1d" relativeResultsDirectory="03b1f8b6-b689-4203-9e83-28bc8ebeae5e" />
    <UnitTestResult executionId="1cea3dd1-10e2-4ffc-a875-4212a588ea3d" testId="877174d0-c487-453a-b8ad-4f52137508be" testName="BuckScience.Tests.PhotoFiltersTests.PhotoFilters_HasWeatherFilters_ReturnsTrueWhenConditionsFilterSet" computerName="pkrvmccyg1gnepe" duration="00:00:00.0002964" startTime="2025-08-29T00:41:27.1765826+00:00" endTime="2025-08-29T00:41:27.1765827+00:00" testType="13cdc9d9-ddb5-4fa4-a97d-d965ccfc6d4b" outcome="Passed" testListId="8c84fa94-04c1-424b-9868-57a2d4851a1d" relativeResultsDirectory="1cea3dd1-10e2-4ffc-a875-4212a588ea3d" />
    <UnitTestResult executionId="849a719e-34b9-4741-b057-d2fa3cd10b78" testId="1c0d7c7b-e498-3c7a-c145-fce1f6e14e16" testName="BuckScience.Tests.Web.Helpers.WeatherHelpersTests.ConvertMoonPhaseTextToNumeric_ValidText_ReturnsCorrectValue(text: &quot;Waxing Gibbous&quot;, expected: 0.375)" computerName="pkrvmccyg1gnepe" duration="00:00:00.0000165" startTime="2025-08-29T00:41:27.1733347+00:00" endTime="2025-08-29T00:41:27.1733347+00:00" testType="13cdc9d9-ddb5-4fa4-a97d-d965ccfc6d4b" outcome="Passed" testListId="8c84fa94-04c1-424b-9868-57a2d4851a1d" relativeResultsDirectory="849a719e-34b9-4741-b057-d2fa3cd10b78" />
    <UnitTestResult executionId="16a031b5-1554-4c90-90ae-29ca1e32411b" testId="226e9057-54c6-53d9-d48c-5a3aaedbb305" testName="BuckScience.Tests.Web.Helpers.WeatherHelpersTests.ConvertWindDirectionTextToNumeric_ValidDirections_ReturnsCorrectDegrees(direction: &quot;ENE&quot;, expected: 67.5)" computerName="pkrvmccyg1gnepe" duration="00:00:00.0000089" startTime="2025-08-29T00:41:27.1708503+00:00" endTime="2025-08-29T00:41:27.1708504+00:00" testType="13cdc9d9-ddb5-4fa4-a97d-d965ccfc6d4b" outcome="Passed" testListId="8c84fa94-04c1-424b-9868-57a2d4851a1d" relativeResultsDirectory="16a031b5-1554-4c90-90ae-29ca1e32411b" />
    <UnitTestResult executionId="abe1a41b-c28f-4a64-b8c9-698c952e1461" testId="5fc7d131-6de1-7ffe-375b-8ea28a5dbcb8" testName="BuckScience.Tests.TaggingSystemTests.SetAsDefaultTag_ShouldSetTagAsDefault" computerName="pkrvmccyg1gnepe" duration="00:00:00.0001201" startTime="2025-08-29T00:41:28.0936005+00:00" endTime="2025-08-29T00:41:28.0936007+00:00" testType="13cdc9d9-ddb5-4fa4-a97d-d965ccfc6d4b" outcome="Passed" testListId="8c84fa94-04c1-424b-9868-57a2d4851a1d" relativeResultsDirectory="abe1a41b-c28f-4a64-b8c9-698c952e1461" />
    <UnitTestResult executionId="6c51668f-0eb4-4178-817c-07422e8f82ea" testId="8c733a46-a4ea-1620-69ec-bdd69e48dc0b" testName="BuckScience.Tests.PhotoFiltersTests.PhotoFilters_HasAnyFilters_ReturnsFalseWhenNoFiltersSet" computerName="pkrvmccyg1gnepe" duration="00:00:00.0001086" startTime="2025-08-29T00:41:27.1767930+00:00" endTime="2025-08-29T00:41:27.1767931+00:00" testType="13cdc9d9-ddb5-4fa4-a97d-d965ccfc6d4b" outcome="Passed" testListId="8c84fa94-04c1-424b-9868-57a2d4851a1d" relativeResultsDirectory="6c51668f-0eb4-4178-817c-07422e8f82ea" />
    <UnitTestResult executionId="c0f079fd-bc1b-482f-97eb-98b0ec932e11" testId="1335073e-5183-6141-99f1-caaa61dc86f4" testName="BuckScience.Tests.TaggingSystemTests.GetOrCreateTag_ShouldThrowException_WhenTagNameIsInvalid(invalidTagName: null)" computerName="pkrvmccyg1gnepe" duration="00:00:00.0003289" startTime="2025-08-29T00:41:28.0843859+00:00" endTime="2025-08-29T00:41:28.0843860+00:00" testType="13cdc9d9-ddb5-4fa4-a97d-d965ccfc6d4b" outcome="Passed" testListId="8c84fa94-04c1-424b-9868-57a2d4851a1d" relativeResultsDirectory="c0f079fd-bc1b-482f-97eb-98b0ec932e11" />
    <UnitTestResult executionId="cc4a3581-6dfd-47a2-86bb-482019df8708" testId="0c5da287-efdb-ad86-5a1d-4f909e3eba8c" testName="BuckScience.Tests.PhotoFilteringUrlExamples.BuildFilters_UrlParameters_ShouldParseCorrectly(urlParams: &quot;windSpeedMin=5&amp;windSpeedMax=15&quot;, expectedTempMin: null, expectedTempMax: null, expectedWindMin: 5, expectedWindMax: 15)" computerName="pkrvmccyg1gnepe" duration="00:00:00.0000155" startTime="2025-08-29T00:41:27.2661466+00:00" endTime="2025-08-29T00:41:27.2661467+00:00" testType="13cdc9d9-ddb5-4fa4-a97d-d965ccfc6d4b" outcome="Passed" testListId="8c84fa94-04c1-424b-9868-57a2d4851a1d" relativeResultsDirectory="cc4a3581-6dfd-47a2-86bb-482019df8708" />
    <UnitTestResult executionId="58b234c7-3eea-4bf4-a2a2-ecc787ee9b02" testId="9323afa7-c6a5-6a33-bb74-8f4b3b4998d0" testName="BuckScience.Tests.Web.Helpers.WeatherHelpersTests.ConvertWindDirectionToText_VariousAngles_ReturnsCorrectDirection(degrees: 33.740000000000002, expected: &quot;NNE&quot;)" computerName="pkrvmccyg1gnepe" duration="00:00:00.0000054" startTime="2025-08-29T00:41:27.1696673+00:00" endTime="2025-08-29T00:41:27.1696674+00:00" testType="13cdc9d9-ddb5-4fa4-a97d-d965ccfc6d4b" outcome="Passed" testListId="8c84fa94-04c1-424b-9868-57a2d4851a1d" relativeResultsDirectory="58b234c7-3eea-4bf4-a2a2-ecc787ee9b02" />
    <UnitTestResult executionId="519ce134-2a98-45df-92e4-ff56226b8342" testId="ec065801-9998-c7ce-5285-3fe14e38cdac" testName="BuckScience.Tests.Web.Helpers.WeatherHelpersTests.ConvertWindDirectionTextToNumeric_InvalidText_ReturnsNull(direction: &quot;   &quot;)" computerName="pkrvmccyg1gnepe" duration="00:00:00.0014537" startTime="2025-08-29T00:41:27.1649327+00:00" endTime="2025-08-29T00:41:27.1649327+00:00" testType="13cdc9d9-ddb5-4fa4-a97d-d965ccfc6d4b" outcome="Passed" testListId="8c84fa94-04c1-424b-9868-57a2d4851a1d" relativeResultsDirectory="519ce134-2a98-45df-92e4-ff56226b8342" />
    <UnitTestResult executionId="675f1998-20ae-4f99-89f1-eda3797e648f" testId="a52561ca-dbe3-d21e-cc1f-fbc0bb577901" testName="BuckScience.Tests.Web.Helpers.WeatherHelpersTests.ConvertMoonPhaseTextToNumeric_ValidText_ReturnsCorrectValue(text: &quot;Full Moon&quot;, expected: 0.5)" computerName="pkrvmccyg1gnepe" duration="00:00:00.0000134" startTime="2025-08-29T00:41:27.1741300+00:00" endTime="2025-08-29T00:41:27.1741301+00:00" testType="13cdc9d9-ddb5-4fa4-a97d-d965ccfc6d4b" outcome="Passed" testListId="8c84fa94-04c1-424b-9868-57a2d4851a1d" relativeResultsDirectory="675f1998-20ae-4f99-89f1-eda3797e648f" />
[...]
    <TestEntry testId="8dc17fe0-66a4-6cf2-3749-0f755c367e4d" executionId="287f11f8-c41e-4393-9cd9-43c74672390c" testListId="8c84fa94-04c1-424b-9868-57a2d4851a1d" />
    <TestEntry testId="33aaf4d3-9999-0bc6-ded9-bd2870cebad9" executionId="34e26b02-daa7-4e9b-8bff-445a290c796f" testListId="8c84fa94-04c1-424b-9868-57a2d4851a1d" />
    <TestEntry testId="18fd69b0-d054-4b67-4fab-caa28c12efff" executionId="8a86ceab-0ade-419b-b6e5-7629adaa483f" testListId="8c84fa94-04c1-424b-9868-57a2d4851a1d" />
    <TestEntry testId="ce73eb79-a497-c2a4-9a02-ef4f9a7168c5" executionId="1b3aced3-8bc1-49c4-8d86-0f6113672963" testListId="8c84fa94-04c1-424b-9868-57a2d4851a1d" />
    <TestEntry testId="1798213c-35a3-cbbc-3a0a-8843aace427d" executionId="7f97edc5-27df-4abc-851f-4bc52747178f" testListId="8c84fa94-04c1-424b-9868-57a2d4851a1d" />
    <TestEntry testId="5a1b2923-7867-c9d7-9184-902164877e6b" executionId="5420cce3-0ef5-49c1-8006-3c49a0b5976a" testListId="8c84fa94-04c1-424b-9868-57a2d4851a1d" />
    <TestEntry testId="62abf167-66b2-7338-5ead-888596c0fffe" executionId="1036b488-34c2-4e89-b7b6-edae66e9e3f6" testListId="8c84fa94-04c1-424b-9868-57a2d4851a1d" />
    <TestEntry testId="8d324366-3662-08e0-9537-a5a51d46bda5" executionId="49695b07-08a1-4b2e-9dbe-72f99260af9b" testListId="8c84fa94-04c1-424b-9868-57a2d4851a1d" />
    <TestEntry testId="d983931e-3379-4c6a-5c76-852ec2540d36" executionId="adb436a6-1b5d-4f31-969e-967f51c73a31" testListId="8c84fa94-04c1-424b-9868-57a2d4851a1d" />
    <TestEntry testId="fa20158d-fb5e-8e7a-f1da-aa0a1eb9ba5a" executionId="9b4bea88-a21a-4b40-b1ee-aa57684e6b47" testListId="8c84fa94-04c1-424b-9868-57a2d4851a1d" />
    <TestEntry testId="f4c9aa46-811a-389b-d744-72a428dee7d2" executionId="1bbb2649-11ca-45be-a6b1-9eaab6e346e6" testListId="8c84fa94-04c1-424b-9868-57a2d4851a1d" />
    <TestEntry testId="4018bd47-d5cd-e85a-b6de-7760e129dafa" executionId="4b13ad18-2c16-4a7e-b554-2bc4b18cedb4" testListId="8c84fa94-04c1-424b-9868-57a2d4851a1d" />
    <TestEntry testId="5d2b9441-7258-8eb0-806c-14775f849641" executionId="85046c02-d55c-46f9-b7d1-bcaf9131f68f" testListId="8c84fa94-04c1-424b-9868-57a2d4851a1d" />
    <TestEntry testId="e294371f-24bd-e5af-41b0-5a6f22f8d71f" executionId="bde14625-d25b-4d2d-ab66-8641d233fb72" testListId="8c84fa94-04c1-424b-9868-57a2d4851a1d" />
    <TestEntry testId="17d2bd4a-a575-7ccc-1676-102dfc4795d6" executionId="6f1da60f-62ae-41c3-b2e2-4da35647dad9" testListId="8c84fa94-04c1-424b-9868-57a2d4851a1d" />
    <TestEntry testId="f2ce22ba-4e0c-a11c-c657-a799ce863a26" executionId="0f6ca753-20aa-4ea7-9a4c-ea6ac36845b0" testListId="8c84fa94-04c1-424b-9868-57a2d4851a1d" />
    <TestEntry testId="dab68c95-06ed-1b25-9b7e-b55b2972fccc" executionId="7977c2fc-a96a-4bc2-ac59-21a70b6f9e16" testListId="8c84fa94-04c1-424b-9868-57a2d4851a1d" />
    <TestEntry testId="6d9ecacc-771f-c0f8-81b8-e7f5f5ecfa5f" executionId="7512de9c-320a-4c5d-9a06-51324bf52e79" testListId="8c84fa94-04c1-424b-9868-57a2d4851a1d" />
    <TestEntry testId="9b0dd086-97eb-5a55-6e89-79dde58b1fca" executionId="0ea4732a-fe68-46a3-8e0b-b8c66b48d32d" testListId="8c84fa94-04c1-424b-9868-57a2d4851a1d" />
    <TestEntry testId="73d0473b-eb3b-71b8-da90-00961c42343e" executionId="7359e5d5-3b8e-4768-ade1-9f73cf7b123c" testListId="8c84fa94-04c1-424b-9868-57a2d4851a1d" />
    <TestEntry testId="22422765-9e0c-6be7-c83c-360c392ca9f5" executionId="4fa42799-846a-4395-93b6-806e83f67525" testListId="8c84fa94-04c1-424b-9868-57a2d4851a1d" />
    <TestEntry testId="396d4f9b-ac51-22fa-04b5-9956711699f1" executionId="86736a89-e187-4151-85a1-631ba9655cea" testListId="8c84fa94-04c1-424b-9868-57a2d4851a1d" />
    <TestEntry testId="5caf925d-9bc2-c40c-f14f-bb094f78a12c" executionId="6aeb0209-cbed-4aaf-b4d8-949146da2518" testListId="8c84fa94-04c1-424b-9868-57a2d4851a1d" />
    <TestEntry testId="b8a41320-c868-9123-86b4-03e71d0ff6ef" executionId="19a9c9c1-114d-4f29-84fa-486c83919a6d" testListId="8c84fa94-04c1-424b-9868-57a2d4851a1d" />
    <TestEntry testId="31c8774a-1539-0a44-3404-de06d646b468" executionId="3f0e7e2b-e7d7-4047-9fd0-78c7a41b66c7" testListId="8c84fa94-04c1-424b-9868-57a2d4851a1d" />
    <TestEntry testId="7f448030-c6f3-ad7f-1c7b-809f60db9d71" executionId="2aa1c142-0aec-465f-b78b-a931292931a9" testListId="8c84fa94-04c1-424b-9868-57a2d4851a1d" />
    <TestEntry testId="639a2f8f-de06-aff0-2654-2e863df98d3d" executionId="c63b198d-6750-4b10-90a2-ea29bc0346ea" testListId="8c84fa94-04c1-424b-9868-57a2d4851a1d" />
    <TestEntry testId="4e6de647-43c0-2d5e-ffcc-d884e859b7df" executionId="cc86bdb0-c0a6-4b2a-bf38-a337830aa277" testListId="8c84fa94-04c1-424b-9868-57a2d4851a1d" />
    <TestEntry testId="35247ab4-97a5-e557-91c7-742a1f89dba4" executionId="f883ae88-1e63-43fc-85e7-7a3c7640c43b" testListId="8c84fa94-04c1-424b-9868-57a2d4851a1d" />
    <TestEntry testId="282510b6-3046-16e6-500c-da1402387fc9" executionId="72e0bae3-a991-4a91-aade-8c07008e665b" testListId="8c84fa94-04c1-424b-9868-57a2d4851a1d" />
    <TestEntry testId="57fdcf56-cdf1-9f39-baba-1b1c695971d5" executionId="289dee57-79de-40da-9651-5ba021a07e3c" testListId="8c84fa94-04c1-424b-9868-57a2d4851a1d" />
    <TestEntry testId="9cd7f192-bb9b-abd8-007d-2585a8ffb5e9" executionId="25c07d39-ac97-4561-b286-a70ab1b827f8" testListId="8c84fa94-04c1-424b-9868-57a2d4851a1d" />
    <TestEntry testId="ce19e570-cfff-5516-73c5-0c25670038af" executionId="0e0c2fc2-5674-427e-8c47-d6a2713059a4" testListId="8c84fa94-04c1-424b-9868-57a2d4851a1d" />
    <TestEntry testId="d7049aa3-0901-3782-ef96-d1caac1bac5e" executionId="28be4445-f101-43ff-b7db-29673b5fba24" testListId="8c84fa94-04c1-424b-9868-57a2d4851a1d" />
    <TestEntry testId="78d335ed-d8a0-4e68-1b07-0e64ec6fcf01" executionId="3285d2b4-3903-4531-83d9-22210cbe1db3" testListId="8c84fa94-04c1-424b-9868-57a2d4851a1d" />
    <TestEntry testId="dfe6a45f-34c2-c767-91dd-1f8de6538cc0" executionId="99728be9-e245-4879-8b9b-186576e1db6f" testListId="8c84fa94-04c1-424b-9868-57a2d4851a1d" />
    <TestEntry testId="78fd4f15-08d5-878b-fd2a-dd2d3bcc8384" executionId="ae0b3faa-622d-4aac-b1b0-1e30880fb72f" testListId="8c84fa94-04c1-424b-9868-57a2d4851a1d" />
    <TestEntry testId="22960b58-9cb3-5bbf-01a8-8b59f0364e15" executionId="960790c6-e558-4b36-8ad9-89ae9d53f762" testListId="8c84fa94-04c1-424b-9868-57a2d4851a1d" />
    <TestEntry testId="46016c60-0720-f808-02e7-68fa8d4036c4" executionId="f8232b21-f057-481d-a873-869c6db84e51" testListId="8c84fa94-04c1-424b-9868-57a2d4851a1d" />
    <TestEntry testId="878dbf6d-4718-3010-2956-9a909a749d2f" executionId="8cbd4195-9d55-44bf-ad6c-523eeb9eb7c1" testListId="8c84fa94-04c1-424b-9868-57a2d4851a1d" />
    <TestEntry testId="a1855258-2f38-7695-fb75-dcfca8f4ee44" executionId="72aa9a98-e136-4d98-abb2-4d3e4a963d31" testListId="8c84fa94-04c1-424b-9868-57a2d4851a1d" />
    <TestEntry testId="b1a32a5b-bec7-9c13-ecb5-d09eae519281" executionId="f59d0533-2a8b-43e7-8f64-e48791026192" testListId="8c84fa94-04c1-424b-9868-57a2d4851a1d" />
    <TestEntry testId="3f4d3f91-09a2-a334-5932-6e78104fd8ba" executionId="097efea7-9565-44e4-9b46-1105463086df" testListId="8c84fa94-04c1-424b-9868-57a2d4851a1d" />
    <TestEntry testId="172a47eb-7de7-c6df-b8be-70c0be7e14f7" executionId="5284e4e9-2802-4351-ad0d-0e6023bef7f6" testListId="8c84fa94-04c1-424b-9868-57a2d4851a1d" />
    <TestEntry testId="e79130f3-839b-5123-ac52-8ca3bb6ef8c5" executionId="335671b1-37f1-4328-86bc-cb763e410e33" testListId="8c84fa94-04c1-424b-9868-57a2d4851a1d" />
    <TestEntry testId="80f7e275-5c62-bf32-953c-a522d71f0911" executionId="c54f990a-2546-4c7c-9f8d-59c445ad45c4" testListId="8c84fa94-04c1-424b-9868-57a2d4851a1d" />
    <TestEntry testId="188163b5-3a99-e726-205c-6b6fc846baac" executionId="a4f507ed-2d01-4b0f-89e7-c528678ee58a" testListId="8c84fa94-04c1-424b-9868-57a2d4851a1d" />
    <TestEntry testId="5d43f699-35d1-a4da-58e9-d0a22f0dcdd2" executionId="311500c1-c916-4c3b-979e-2a8e7b0a46ca" testListId="8c84fa94-04c1-424b-9868-57a2d4851a1d" />
    <TestEntry testId="6c5bb03b-3d70-308f-aed5-443e0f2530e1" executionId="a74769d4-b5c3-4258-8269-08e9234a04a3" testListId="8c84fa94-04c1-424b-9868-57a2d4851a1d" />
    <TestEntry testId="3b62dc28-12fd-93fe-6512-390293682652" executionId="ed4272c4-79e9-4300-a326-261f7d27c130" testListId="8c84fa94-04c1-424b-9868-57a2d4851a1d" />
    <TestEntry testId="b96d0d20-292a-e609-b515-79cd877929d7" executionId="be416c1a-6e81-4f1c-8886-22d56819291c" testListId="8c84fa94-04c1-424b-9868-57a2d4851a1d" />
    <TestEntry testId="48d95b96-b471-deb8-51bf-62c5a89928a2" executionId="c2075a16-8afd-4817-a216-bf19fd6bf62d" testListId="8c84fa94-04c1-424b-9868-57a2d4851a1d" />
    <TestEntry testId="6ddbf3e0-3ece-b657-908f-2948ae07368f" executionId="50864f00-fa19-4d67-84dc-8f65b0bfebe9" testListId="8c84fa94-04c1-424b-9868-57a2d4851a1d" />
    <TestEntry testId="81cae9df-520c-bb72-ca7a-30a828451359" executionId="dc367ba0-1a05-4645-b593-49804e23d774" testListId="8c84fa94-04c1-424b-9868-57a2d4851a1d" />
    <TestEntry testId="d6582cc4-f5d7-7ddd-419a-8856fe5530f3" executionId="8581b018-740e-4e5f-bd6f-e81d04a379e9" testListId="8c84fa94-04c1-424b-9868-57a2d4851a1d" />
    <TestEntry testId="9f164cb9-b0ee-2833-0b35-619b21bae903" executionId="db45bcc4-fe35-4062-b9ff-42256db0acc2" testListId="8c84fa94-04c1-424b-9868-57a2d4851a1d" />
    <TestEntry testId="0249bb7c-cd9a-b690-46ba-3252e9d64885" executionId="1a2fa605-ef12-4d4f-a884-43acb636e593" testListId="8c84fa94-04c1-424b-9868-57a2d4851a1d" />
    <TestEntry testId="61590a98-8800-c63c-636c-5d74543a54c1" executionId="ccdd2d1a-e0ad-43a6-a99f-59ebe527c4fc" testListId="8c84fa94-04c1-424b-9868-57a2d4851a1d" />
    <TestEntry testId="c900e632-ca6a-8d11-765e-c59876f4f7f8" executionId="d3c8ac20-ce04-4b7d-9bbf-c0a2e83bcad6" testListId="8c84fa94-04c1-424b-9868-57a2d4851a1d" />
    <TestEntry testId="994b105a-2d3c-5d2b-62ff-1c998f53f588" executionId="cb3d284d-f20b-4c49-817b-9b87f17d0be4" testListId="8c84fa94-04c1-424b-9868-57a2d4851a1d" />
    <TestEntry testId="46a7f553-bbcf-0c84-0101-71d2924c06c9" executionId="2777bffb-f7b9-43b7-99c1-409d7e15f4dd" testListId="8c84fa94-04c1-424b-9868-57a2d4851a1d" />
    <TestEntry testId="c91192db-21fb-4e08-e57b-721298eb140d" executionId="d51d60b2-97bb-4938-95b3-5cbc30f94e7a" testListId="8c84fa94-04c1-424b-9868-57a2d4851a1d" />
    <TestEntry testId="407fdbb6-f29a-a8a2-0277-cd698b7b57a7" executionId="ba28ca19-2de4-45c4-8aad-045ddf85d4c0" testListId="8c84fa94-04c1-424b-9868-57a2d4851a1d" />
    <TestEntry testId="65305c54-3e3e-31b1-f5dd-4a4bc66b7c08" executionId="dbb274c9-7991-4cc3-888b-ec0449ff8f7a" testListId="8c84fa94-04c1-424b-9868-57a2d4851a1d" />
    <TestEntry testId="fa4cc283-dfe0-de36-3d73-29ab1e351353" executionId="27b8a962-8005-44ac-909e-20367a23e121" testListId="8c84fa94-04c1-424b-9868-57a2d4851a1d" />
    <TestEntry testId="117d72dd-b186-d8e9-ce14-8d711079c929" executionId="fc9ab476-f558-4581-a261-860a3148d64f" testListId="8c84fa94-04c1-424b-9868-57a2d4851a1d" />
    <TestEntry testId="7d1b1cf4-8561-5b1e-3cb0-e9438583a7c7" executionId="034e1afe-7195-4ee4-bb76-594696563ac0" testListId="8c84fa94-04c1-424b-9868-57a2d4851a1d" />
    <TestEntry testId="3f5baae7-b2ef-0a09-bc51-f8b04a3acced" executionId="d75682cd-56b6-4789-a2e3-ca5fc94bde25" testListId="8c84fa94-04c1-424b-9868-57a2d4851a1d" />
    <TestEntry testId="477057b0-3b6f-36a4-06fc-1b03c23a4da7" executionId="af7329dc-13ad-4f8e-a28e-c8525ff6c08b" testListId="8c84fa94-04c1-424b-9868-57a2d4851a1d" />
    <TestEntry testId="1634510e-087e-a71c-61ba-55901a3677cc" executionId="221352c4-1a01-4a63-805b-b27a934abf0f" testListId="8c84fa94-04c1-424b-9868-57a2d4851a1d" />
    <TestEntry testId="b14ae956-297a-f056-fdd7-ca8f9b76076f" executionId="10dc499c-3b7c-4762-8c6e-fe0768e1048e" testListId="8c84fa94-04c1-424b-9868-57a2d4851a1d" />
    <TestEntry testId="13b70763-63fd-f0df-582a-0fb307fcad59" executionId="d9ac4cb0-aef7-4b55-b7c9-8488ac5e0f38" testListId="8c84fa94-04c1-424b-9868-57a2d4851a1d" />
    <TestEntry testId="62aa58ea-9077-0f9e-c60d-aafd4a8d0ad6" executionId="f6d8bf99-49ee-4758-b56a-1280dd217d43" testListId="8c84fa94-04c1-424b-9868-57a2d4851a1d" />
    <TestEntry testId="d158f051-212f-d40f-0819-bf99fbd314c0" executionId="67f28e49-c1d4-4a15-b3ac-47b6bceade6c" testListId="8c84fa94-04c1-424b-9868-57a2d4851a1d" />
    <TestEntry testId="ec7cd5e3-a82c-cf66-66cc-45c1ba395a3e" executionId="31330ff1-7b08-4277-a0b4-2efdde495d1f" testListId="8c84fa94-04c1-424b-9868-57a2d4851a1d" />
    <TestEntry testId="5184c208-ba66-a1eb-00ca-490830c3b61a" executionId="09e5b99c-1eac-4a93-a4b4-dfb2585ce37f" testListId="8c84fa94-04c1-424b-9868-57a2d4851a1d" />
    <TestEntry testId="7aa5e31a-c407-5fc0-2788-70d3aa03acd3" executionId="854eb70c-dfc9-41e6-82b2-101c048e5136" testListId="8c84fa94-04c1-424b-9868-57a2d4851a1d" />
    <TestEntry testId="088d383f-5fbc-e375-2326-3e321a2adf4f" executionId="4d5d5db3-31c5-4c11-b574-cba6bb584d4b" testListId="8c84fa94-04c1-424b-9868-57a2d4851a1d" />
    <TestEntry testId="29048f6b-b73b-a720-ef94-9f27a4540f3c" executionId="0f2f60c3-d5c8-43fa-aabc-c53911dc573b" testListId="8c84fa94-04c1-424b-9868-57a2d4851a1d" />
    <TestEntry testId="24c340fb-d377-9a86-7f7b-24671f6c604a" executionId="7ce7d90b-4def-4be8-b0d1-8804ee2908bd" testListId="8c84fa94-04c1-424b-9868-57a2d4851a1d" />
    <TestEntry testId="8bb24d97-4056-0aed-e738-d86e9d34f566" executionId="7cdcaef3-f5f3-4772-9120-e6f064bf8309" testListId="8c84fa94-04c1-424b-9868-57a2d4851a1d" />
    <TestEntry testId="61de09e0-94b0-9094-bdcf-74e56c5800ed" executionId="90537c98-6fa0-4cfe-841e-99a199ae724e" testListId="8c84fa94-04c1-424b-9868-57a2d4851a1d" />
    <TestEntry testId="2cc2759a-0e74-d1e3-53c0-3d706804902c" executionId="deac94e1-a68c-42da-b51c-6d050e71c7d4" testListId="8c84fa94-04c1-424b-9868-57a2d4851a1d" />
    <TestEntry testId="dd76f619-e962-2008-d0f8-a714bb3f5c46" executionId="32fb1f99-9c0a-49cb-aafa-90051c6e23b9" testListId="8c84fa94-04c1-424b-9868-57a2d4851a1d" />
    <TestEntry testId="7264d755-3cfa-51c2-00b7-8c3c5d03bdbd" executionId="2c99c9be-b912-496b-9e17-604f03221840" testListId="8c84fa94-04c1-424b-9868-57a2d4851a1d" />
    <TestEntry testId="b909abe1-3b1d-c0ea-a3f1-0b971399890f" executionId="cf59291c-cb2f-4b20-9b72-a4bb07ba6342" testListId="8c84fa94-04c1-424b-9868-57a2d4851a1d" />
    <TestEntry testId="2582410d-2726-a653-733b-0912934edde4" executionId="13ee0541-d5df-4369-a503-03817111787f" testListId="8c84fa94-04c1-424b-9868-57a2d4851a1d" />
    <TestEntry testId="ddd7ef0f-f8d8-3f23-14c1-c969cc917d3a" executionId="218678b9-1f21-4b78-80a3-b3d4ed18b837" testListId="8c84fa94-04c1-424b-9868-57a2d4851a1d" />
    <TestEntry testId="f36a8701-085e-04e9-1108-0b102bccb765" executionId="2b7dd89e-d763-40bf-bd83-07d72178a90f" testListId="8c84fa94-04c1-424b-9868-57a2d4851a1d" />
    <TestEntry testId="a7aa3cc0-0ea1-3d0c-3a62-ac5a405bf34e" executionId="3a2d39b1-3b03-458e-a6ef-ff81e99d2646" testListId="8c84fa94-04c1-424b-9868-57a2d4851a1d" />
    <TestEntry testId="f2a53262-1031-8641-ce23-2061a5c39410" executionId="21a289d9-1ad3-47d1-9268-238aaf15a240" testListId="8c84fa94-04c1-424b-9868-57a2d4851a1d" />
    <TestEntry testId="c5847a99-4505-c2ed-d54d-fc269a080b27" executionId="90ae372d-a605-4396-b935-52ba6b739b89" testListId="8c84fa94-04c1-424b-9868-57a2d4851a1d" />
    <TestEntry testId="22d4e883-d516-a3c1-91a6-c6ccca686050" executionId="b9d35433-4380-4cfb-b0d6-2cf64359e8ca" testListId="8c84fa94-04c1-424b-9868-57a2d4851a1d" />
    <TestEntry testId="5258a2d0-41cb-c3df-1e8f-eff8f92d5e7f" executionId="ccd87b94-ce20-4467-8b01-16a503bdbb56" testListId="8c84fa94-04c1-424b-9868-57a2d4851a1d" />
    <TestEntry testId="f691e718-46df-21d8-be15-dfb8d4456f03" executionId="a97b95f2-d2c0-4384-b875-42ce7f23113e" testListId="8c84fa94-04c1-424b-9868-57a2d4851a1d" />
    <TestEntry testId="aac2053d-c1f1-3ae9-c811-84c25975dded" executionId="e654c555-bfd9-4bd8-bf15-791770728919" testListId="8c84fa94-04c1-424b-9868-57a2d4851a1d" />
    <TestEntry testId="2eacfbf3-667b-5a8e-52a0-d9d512e960c7" executionId="62ee2a76-6930-47a1-89b2-c3e858ec7368" testListId="8c84fa94-04c1-424b-9868-57a2d4851a1d" />
    <TestEntry testId="94acb547-5f92-9634-547a-02395bd6053e" executionId="89b1d930-0632-4030-b1d6-e5c6ae81ddb0" testListId="8c84fa94-04c1-424b-9868-57a2d4851a1d" />
    <TestEntry testId="7d4e8658-cb8d-0c66-3167-748289c2e3c6" executionId="7e7e15a5-ad0c-465c-92bc-3b74b558ab48" testListId="8c84fa94-04c1-424b-9868-57a2d4851a1d" />
    <TestEntry testId="59d49ae8-fe17-c8a4-30e6-e31bf9671e6d" executionId="2bb08f92-d937-47d0-b2c0-4473ede6f19a" testListId="8c84fa94-04c1-424b-9868-57a2d4851a1d" />
    <TestEntry testId="df8d3f6f-dec6-fe48-30b1-4504bb2aa651" executionId="70c27ef7-fa13-4765-8f58-8aa1e304ef19" testListId="8c84fa94-04c1-424b-9868-57a2d4851a1d" />
    <TestEntry testId="c005721b-05db-8d7a-5eea-e90626721b80" executionId="03b1f8b6-b689-4203-9e83-28bc8ebeae5e" testListId="8c84fa94-04c1-424b-9868-57a2d4851a1d" />
    <TestEntry testId="877174d0-c487-453a-b8ad-4f52137508be" executionId="1cea3dd1-10e2-4ffc-a875-4212a588ea3d" testListId="8c84fa94-04c1-424b-9868-57a2d4851a1d" />
    <TestEntry testId="1c0d7c7b-e498-3c7a-c145-fce1f6e14e16" executionId="849a719e-34b9-4741-b057-d2fa3cd10b78" testListId="8c84fa94-04c1-424b-9868-57a2d4851a1d" />
    <TestEntry testId="226e9057-54c6-53d9-d48c-5a3aaedbb305" executionId="16a031b5-1554-4c90-90ae-29ca1e32411b" testListId="8c84fa94-04c1-424b-9868-57a2d4851a1d" />
    <TestEntry testId="5fc7d131-6de1-7ffe-375b-8ea28a5dbcb8" executionId="abe1a41b-c28f-4a64-b8c9-698c952e1461" testListId="8c84fa94-04c1-424b-9868-57a2d4851a1d" />
    <TestEntry testId="8c733a46-a4ea-1620-69ec-bdd69e48dc0b" executionId="6c51668f-0eb4-4178-817c-07422e8f82ea" testListId="8c84fa94-04c1-424b-9868-57a2d4851a1d" />
    <TestEntry testId="1335073e-5183-6141-99f1-caaa61dc86f4" executionId="c0f079fd-bc1b-482f-97eb-98b0ec932e11" testListId="8c84fa94-04c1-424b-9868-57a2d4851a1d" />
    <TestEntry testId="0c5da287-efdb-ad86-5a1d-4f909e3eba8c" executionId="cc4a3581-6dfd-47a2-86bb-482019df8708" testListId="8c84fa94-04c1-424b-9868-57a2d4851a1d" />
    <TestEntry testId="9323afa7-c6a5-6a33-bb74-8f4b3b4998d0" executionId="58b234c7-3eea-4bf4-a2a2-ecc787ee9b02" testListId="8c84fa94-04c1-424b-9868-57a2d4851a1d" />
    <TestEntry testId="ec065801-9998-c7ce-5285-3fe14e38cdac" executionId="519ce134-2a98-45df-92e4-ff56226b8342" testListId="8c84fa94-04c1-424b-9868-57a2d4851a1d" />
    <TestEntry testId="a52561ca-dbe3-d21e-cc1f-fbc0bb577901" executionId="675f1998-20ae-4f99-89f1-eda3797e648f" testListId="8c84fa94-04c1-424b-9868-57a2d4851a1d" />
    <TestEntry testId="69b65817-cd82-0a96-5e68-ab587e27eb95" executionId="77afdac8-9d40-40cb-8f34-63edfd2e787b" testListId="8c84fa94-04c1-424b-9868-57a2d4851a1d" />
    <TestEntry testId="310112f5-4d07-717c-55f6-37a269d700ab" executionId="f1a394eb-fb68-4075-b411-ae0ddcbe2536" testListId="8c84fa94-04c1-424b-9868-57a2d4851a1d" />
    <TestEntry testId="d3a4b1bb-6aeb-d30b-4b3c-0f1cdc5eac6e" executionId="73649cbc-c3cd-49a3-b24c-2398d43ab59d" testListId="8c84fa94-04c1-424b-9868-57a2d4851a1d" />
  </TestEntries>
  <TestLists>
    <TestList name="Results Not in a List" id="8c84fa94-04c1-424b-9868-57a2d4851a1d" />
    <TestList name="All Loaded Results" id="19431567-8539-422a-85d7-44ee4e166bda" />
  </TestLists>
  <ResultSummary outcome="Completed">
    <Counters total="138" executed="138" passed="138" failed="0" error="0" timeout="0" aborted="0" inconclusive="0" passedButRunAborted="0" notRunnable="0" notExecuted="0" disconnected="0" warning="0" completed="0" inProgress="0" pending="0" />
    <Output>
      <StdOut>[xUnit.net 00:00:00.00] xUnit.net VSTest Adapter v2.4.5+1caef2f33e (64-bit .NET 8.0.19)
[xUnit.net 00:00:01.04]   Discovering: BuckScience.Tests
[xUnit.net 00:00:01.12]   Discovered:  BuckScience.Tests
[xUnit.net 00:00:01.13]   Starting:    BuckScience.Tests
[xUnit.net 00:00:02.28]   Finished:    BuckScience.Tests
</StdOut>
    </Output>
  </ResultSummary>
</TestRun>