<?xml version="1.0" encoding="utf-8"?>
<TestRun id="3627d989-d53f-4c86-8e9b-6693d2e161e2" name="@runnervmf4ws1 2025-09-10 18:14:45" xmlns="http://microsoft.com/schemas/VisualStudio/TeamTest/2010">
  <Times creation="2025-09-10T18:14:45.0962291+00:00" queuing="2025-09-10T18:14:45.0962293+00:00" start="2025-09-10T18:14:42.8512641+00:00" finish="2025-09-10T18:14:46.6460182+00:00" />
  <TestSettings name="default" id="23599028-5e05-426b-9acf-d0766973c96f">
    <Deployment runDeploymentRoot="_runnervmf4ws1_2025-09-10_18_14_45" />
  </TestSettings>
  <Results>
    <UnitTestResult executionId="93e0784b-7a0b-42dc-b552-19a94ac7d8a0" testId="6219abff-caed-b73f-a3a3-a932c37fd5fb" testName="BuckScience.Tests.TaggingSystemTests.GetOrCreateTag_ShouldThrowException_WhenTagNameIsInvalid(invalidTagName: &quot;   &quot;)" computerName="runnervmf4ws1" duration="00:00:00.0002012" startTime="2025-09-10T18:14:46.1526353+00:00" endTime="2025-09-10T18:14:46.1526353+00:00" testType="13cdc9d9-ddb5-4fa4-a97d-d965ccfc6d4b" outcome="Passed" testListId="8c84fa94-04c1-424b-9868-57a2d4851a1d" relativeResultsDirectory="93e0784b-7a0b-42dc-b552-19a94ac7d8a0" />
    <UnitTestResult executionId="8e44680e-85fe-4df3-b1f9-5ddc353eed6c" testId="3b0de714-8f13-7aca-97ab-ed01b955f773" testName="BuckScience.Tests.Domain.FeatureWeightTests.FeatureWeight_Constructor_SetsPropertiesCorrectly" computerName="runnervmf4ws1" duration="00:00:00.1295514" startTime="2025-09-10T18:14:45.2033070+00:00" endTime="2025-09-10T18:14:45.2033072+00:00" testType="13cdc9d9-ddb5-4fa4-a97d-d965ccfc6d4b" outcome="Passed" testListId="8c84fa94-04c1-424b-9868-57a2d4851a1d" relativeResultsDirectory="8e44680e-85fe-4df3-b1f9-5ddc353eed6c" />
    <UnitTestResult executionId="32867178-2e57-4338-88a3-dd51dc442af6" testId="dca73a03-b0b0-9398-437e-9e75519b25e4" testName="BuckScience.Tests.CameraPlacementHistoryTests.CameraPlacementHistory_EndPlacement_ShouldThrowIfAlreadyEnded" computerName="runnervmf4ws1" duration="00:00:00.0005502" startTime="2025-09-10T18:14:46.4551908+00:00" endTime="2025-09-10T18:14:46.4551909+00:00" testType="13cdc9d9-ddb5-4fa4-a97d-d965ccfc6d4b" outcome="Passed" testListId="8c84fa94-04c1-424b-9868-57a2d4851a1d" relativeResultsDirectory="32867178-2e57-4338-88a3-dd51dc442af6" />
    <UnitTestResult executionId="3c2f4531-30d1-4264-9378-ca699c790a5b" testId="8c9fb467-c9d9-e4ca-cb2a-8456e527af16" testName="BuckScience.Tests.Domain.SeasonExtensionsTests.GetMonthsForProperty_WithProperty_ReturnsDefaultMonths" computerName="runnervmf4ws1" duration="00:00:00.0011356" startTime="2025-09-10T18:14:46.4253760+00:00" endTime="2025-09-10T18:14:46.4253761+00:00" testType="13cdc9d9-ddb5-4fa4-a97d-d965ccfc6d4b" outcome="Passed" testListId="8c84fa94-04c1-424b-9868-57a2d4851a1d" relativeResultsDirectory="3c2f4531-30d1-4264-9378-ca699c790a5b" />
    <UnitTestResult executionId="0af7719b-1153-49b8-803a-6da52f258574" testId="42292f25-9e9f-80d8-c32a-5aae5cd0c643" testName="BuckScience.Tests.FeatureHelperTests.GetFeatureDescription_ShouldReturnCorrectDescriptions" computerName="runnervmf4ws1" duration="00:00:00.0005924" startTime="2025-09-10T18:14:45.0700540+00:00" endTime="2025-09-10T18:14:45.0700540+00:00" testType="13cdc9d9-ddb5-4fa4-a97d-d965ccfc6d4b" outcome="Passed" testListId="8c84fa94-04c1-424b-9868-57a2d4851a1d" relativeResultsDirectory="0af7719b-1153-49b8-803a-6da52f258574" />
    <UnitTestResult executionId="2c98cb0f-e63e-4736-ad2c-3ca321bff41a" testId="35247ab4-97a5-e557-91c7-742a1f89dba4" testName="BuckScience.Tests.Web.Helpers.WeatherHelpersTests.ConvertWindDirectionTextToNumeric_InvalidText_ReturnsNull(direction: &quot;Northeast&quot;)" computerName="runnervmf4ws1" duration="00:00:00.0002665" startTime="2025-09-10T18:14:46.1998799+00:00" endTime="2025-09-10T18:14:46.1998800+00:00" testType="13cdc9d9-ddb5-4fa4-a97d-d965ccfc6d4b" outcome="Passed" testListId="8c84fa94-04c1-424b-9868-57a2d4851a1d" relativeResultsDirectory="2c98cb0f-e63e-4736-ad2c-3ca321bff41a" />
    <UnitTestResult executionId="17b558d2-b5a9-48cd-9d13-87eaf9fc5467" testId="5caf925d-9bc2-c40c-f14f-bb094f78a12c" testName="BuckScience.Tests.PhotoGroupingTests.PropertyPhotosSortBy_ShouldMapCorrectly" computerName="runnervmf4ws1" duration="00:00:00.0009344" startTime="2025-09-10T18:14:45.0754932+00:00" endTime="2025-09-10T18:14:45.0754933+00:00" testType="13cdc9d9-ddb5-4fa4-a97d-d965ccfc6d4b" outcome="Passed" testListId="8c84fa94-04c1-424b-9868-57a2d4851a1d" relativeResultsDirectory="17b558d2-b5a9-48cd-9d13-87eaf9fc5467" />
    <UnitTestResult executionId="1c61aaf8-c072-4f73-a03f-ff8568563fca" testId="386e0330-7309-7b37-24f5-0984d80d3723" testName="BuckScience.Tests.CameraCreateVmTests.CameraCreateVm_DirectionSync_ShouldWorkForAllDirections(direction: SW, expectedDegrees: 225)" computerName="runnervmf4ws1" duration="00:00:00.0000090" startTime="2025-09-10T18:14:46.1808582+00:00" endTime="2025-09-10T18:14:46.1808582+00:00" testType="13cdc9d9-ddb5-4fa4-a97d-d965ccfc6d4b" outcome="Passed" testListId="8c84fa94-04c1-424b-9868-57a2d4851a1d" relativeResultsDirectory="1c61aaf8-c072-4f73-a03f-ff8568563fca" />
    <UnitTestResult executionId="5f5a07fc-f369-4ca6-b134-f9f394f337d9" testId="9c1cfe7d-bcc9-4b03-b265-ec26ee7c3263" testName="BuckScience.Tests.Application.Profiles.ProfileCrudTests.CreateProfile_ValidData_CreatesProfile" computerName="runnervmf4ws1" duration="00:00:00.0692427" startTime="2025-09-10T18:14:46.5061951+00:00" endTime="2025-09-10T18:14:46.5061953+00:00" testType="13cdc9d9-ddb5-4fa4-a97d-d965ccfc6d4b" outcome="Passed" testListId="8c84fa94-04c1-424b-9868-57a2d4851a1d" relativeResultsDirectory="5f5a07fc-f369-4ca6-b134-f9f394f337d9" />
    <UnitTestResult executionId="0d618dab-be29-48c1-be9e-ef1d3c1c5af1" testId="28faaf32-b614-3b46-c8af-acfb48482d8d" testName="BuckScience.Tests.FeatureHelperTests.GetCategory_ShouldReturnCorrectCategoryForBeddingResources" computerName="runnervmf4ws1" duration="00:00:00.0005135" startTime="2025-09-10T18:14:45.0702760+00:00" endTime="2025-09-10T18:14:45.0702761+00:00" testType="13cdc9d9-ddb5-4fa4-a97d-d965ccfc6d4b" outcome="Passed" testListId="8c84fa94-04c1-424b-9868-57a2d4851a1d" relativeResultsDirectory="0d618dab-be29-48c1-be9e-ef1d3c1c5af1" />
    <UnitTestResult executionId="74fd8474-2d77-4c5f-ab1b-a7eb6d4363a5" testId="a8cebbec-cc48-449c-a357-e8867b7cdbdf" testName="BuckScience.Tests.DirectionHelperTests.DirectionMapping_ShouldBeConsistent" computerName="runnervmf4ws1" duration="00:00:00.0003527" startTime="2025-09-10T18:14:46.4257371+00:00" endTime="2025-09-10T18:14:46.4257372+00:00" testType="13cdc9d9-ddb5-4fa4-a97d-d965ccfc6d4b" outcome="Passed" testListId="8c84fa94-04c1-424b-9868-57a2d4851a1d" relativeResultsDirectory="74fd8474-2d77-4c5f-ab1b-a7eb6d4363a5" />
    <UnitTestResult executionId="dca42eda-b525-47bf-a5c3-359905bf7993" testId="c900e632-ca6a-8d11-765e-c59876f4f7f8" testName="BuckScience.Tests.PhotoFilteringIntegrationTests.BuildFilters_WithDateRange_ReturnsFiltersWithDates" computerName="runnervmf4ws1" duration="00:00:00.0077925" startTime="2025-09-10T18:14:45.0741371+00:00" endTime="2025-09-10T18:14:45.0741372+00:00" testType="13cdc9d9-ddb5-4fa4-a97d-d965ccfc6d4b" outcome="Passed" testListId="8c84fa94-04c1-424b-9868-57a2d4851a1d" relativeResultsDirectory="dca42eda-b525-47bf-a5c3-359905bf7993" />
    <UnitTestResult executionId="000706c4-a784-4c27-aeb9-cefa0dfbc3df" testId="be89a856-c15c-81ed-5ddb-4973639d716d" testName="BuckScience.Tests.CameraPlacementHistoryTests.Camera_PlaceAt_ShouldCreateNewPlacementHistory" computerName="runnervmf4ws1" duration="00:00:00.0003904" startTime="2025-09-10T18:14:46.4585899+00:00" endTime="2025-09-10T18:14:46.4585899+00:00" testType="13cdc9d9-ddb5-4fa4-a97d-d965ccfc6d4b" outcome="Passed" testListId="8c84fa94-04c1-424b-9868-57a2d4851a1d" relativeResultsDirectory="000706c4-a784-4c27-aeb9-cefa0dfbc3df" />
    <UnitTestResult executionId="1349871a-302b-4e58-b991-8f41a71ed3c3" testId="9f544328-b14d-2f96-b54b-781ab9cf51e8" testName="BuckScience.Tests.Web.Helpers.WeatherHelpersTests.ConvertMoonPhaseToText_VariousValues_ReturnsCorrectText(phase: 0.40000000000000002, expected: &quot;Waxing Gibbous&quot;)" computerName="runnervmf4ws1" duration="00:00:00.0000039" startTime="2025-09-10T18:14:46.1991037+00:00" endTime="2025-09-10T18:14:46.1991038+00:00" testType="13cdc9d9-ddb5-4fa4-a97d-d965ccfc6d4b" outcome="Passed" testListId="8c84fa94-04c1-424b-9868-57a2d4851a1d" relativeResultsDirectory="1349871a-302b-4e58-b991-8f41a71ed3c3" />
    <UnitTestResult executionId="04c07235-2740-470c-96f7-3b9c94b7a429" testId="596b7c00-efcf-3d4d-3dbb-d2705ed5b371" testName="BuckScience.Tests.Application.FeatureWeights.UpdateDefaultFeatureWeightsTests.UpdateDefaultFeatureWeights_UpdatesDefaultWeightsCorrectly" computerName="runnervmf4ws1" duration="00:00:00.0202452" startTime="2025-09-10T18:14:46.3973437+00:00" endTime="2025-09-10T18:14:46.3973438+00:00" testType="13cdc9d9-ddb5-4fa4-a97d-d965ccfc6d4b" outcome="Passed" testListId="8c84fa94-04c1-424b-9868-57a2d4851a1d" relativeResultsDirectory="04c07235-2740-470c-96f7-3b9c94b7a429" />
    <UnitTestResult executionId="bcfd7fd0-f6c6-4881-8339-0cfe1bfd5890" testId="f691e718-46df-21d8-be15-dfb8d4456f03" testName="BuckScience.Tests.TaggingSystemTests.GetOrCreateTag_ShouldCreateNewTag_WhenTagDoesNotExist" computerName="runnervmf4ws1" duration="00:00:00.0116385" startTime="2025-09-10T18:14:46.1331187+00:00" endTime="2025-09-10T18:14:46.1331187+00:00" testType="13cdc9d9-ddb5-4fa4-a97d-d965ccfc6d4b" outcome="Passed" testListId="8c84fa94-04c1-424b-9868-57a2d4851a1d" relativeResultsDirectory="bcfd7fd0-f6c6-4881-8339-0cfe1bfd5890" />
    <UnitTestResult executionId="4e96080e-8784-4c71-8d5d-89b6dfc61336" testId="3df0dc6c-72ae-14e2-377c-12e9cf0a4276" testName="BuckScience.Tests.PhotoUploadIntegrationTests.PhotoUpload_AfterCameraMove_ShouldUseNewPlacement" computerName="runnervmf4ws1" duration="00:00:00.0016078" startTime="2025-09-10T18:14:46.4603144+00:00" endTime="2025-09-10T18:14:46.4603144+00:00" testType="13cdc9d9-ddb5-4fa4-a97d-d965ccfc6d4b" outcome="Passed" testListId="8c84fa94-04c1-424b-9868-57a2d4851a1d" relativeResultsDirectory="4e96080e-8784-4c71-8d5d-89b6dfc61336" />
    <UnitTestResult executionId="b91d7ba2-6b87-47b9-bcb3-5211e6bcc928" testId="bae1f3df-becb-30fb-65d6-6c7c19ab5a1d" testName="BuckScience.Tests.Domain.FeatureWeightTests.FeatureWeight_GetEffectiveWeight_FallsBackToDefaultWeight" computerName="runnervmf4ws1" duration="00:00:00.0007946" startTime="2025-09-10T18:14:45.2177476+00:00" endTime="2025-09-10T18:14:45.2177477+00:00" testType="13cdc9d9-ddb5-4fa4-a97d-d965ccfc6d4b" outcome="Passed" testListId="8c84fa94-04c1-424b-9868-57a2d4851a1d" relativeResultsDirectory="b91d7ba2-6b87-47b9-bcb3-5211e6bcc928" />
    <UnitTestResult executionId="e5134c9c-719b-4477-835f-9727654981b3" testId="e531c44f-a81a-259c-843c-505a398d8b55" testName="BuckScience.Tests.Web.Helpers.WeatherHelpersTests.ConvertMoonPhaseTextToNumeric_InvalidText_ReturnsNull(text: &quot;Invalid Phase&quot;)" computerName="runnervmf4ws1" duration="00:00:00.0000093" startTime="2025-09-10T18:14:46.2094731+00:00" endTime="2025-09-10T18:14:46.2094732+00:00" testType="13cdc9d9-ddb5-4fa4-a97d-d965ccfc6d4b" outcome="Passed" testListId="8c84fa94-04c1-424b-9868-57a2d4851a1d" relativeResultsDirectory="e5134c9c-719b-4477-835f-9727654981b3" />
    <UnitTestResult executionId="28e171e0-03b4-4a2e-a667-12411262baea" testId="75b50791-58b3-a264-c6bb-b7e6f52f0f9b" testName="BuckScience.Tests.Domain.MonthsAttributeTests.MonthsAttribute_Constructor_WithBoundaryValidMonths_SetsMonthsCorrectly(month: 1)" computerName="runnervmf4ws1" duration="00:00:00.0002137" startTime="2025-09-10T18:14:46.4640548+00:00" endTime="2025-09-10T18:14:46.4640550+00:00" testType="13cdc9d9-ddb5-4fa4-a97d-d965ccfc6d4b" outcome="Passed" testListId="8c84fa94-04c1-424b-9868-57a2d4851a1d" relativeResultsDirectory="28e171e0-03b4-4a2e-a667-12411262baea" />
    <UnitTestResult executionId="47b9c4f5-a03d-47bd-b906-78040a8e672f" testId="26223a8b-ac6d-ffcd-1256-75d18fb727f7" testName="BuckScience.Tests.DirectionHelperTests.ToFloat_ShouldReturnCorrectDegrees(direction: NW, expectedDegrees: 315)" computerName="runnervmf4ws1" duration="00:00:00.0000074" startTime="2025-09-10T18:14:46.4210540+00:00" endTime="2025-09-10T18:14:46.4210540+00:00" testType="13cdc9d9-ddb5-4fa4-a97d-d965ccfc6d4b" outcome="Passed" testListId="8c84fa94-04c1-424b-9868-57a2d4851a1d" relativeResultsDirectory="47b9c4f5-a03d-47bd-b906-78040a8e672f" />
    <UnitTestResult executionId="29c83397-f946-4e62-b9ba-b94728c3bb73" testId="7f448030-c6f3-ad7f-1c7b-809f60db9d71" testName="BuckScience.Tests.Web.Helpers.WeatherHelpersTests.ConvertWindDirectionTextToNumeric_ValidDirections_ReturnsCorrectDegrees(direction: &quot;NW&quot;, expected: 315)" computerName="runnervmf4ws1" duration="00:00:00.0000087" startTime="2025-09-10T18:14:46.2069989+00:00" endTime="2025-09-10T18:14:46.2069990+00:00" testType="13cdc9d9-ddb5-4fa4-a97d-d965ccfc6d4b" outcome="Passed" testListId="8c84fa94-04c1-424b-9868-57a2d4851a1d" relativeResultsDirectory="29c83397-f946-4e62-b9ba-b94728c3bb73" />
    <UnitTestResult executionId="88c8209a-714b-4bee-a3cf-8fd49f103160" testId="e4c14db6-7ddb-4f54-d632-50f949736205" testName="BuckScience.Tests.Domain.FeatureWeightTests.FeatureWeightHelper_GetCategory_ReturnsCorrectCategory(type: AgCropField, expectedCategory: ResourceFood)" computerName="runnervmf4ws1" duration="00:00:00.0000088" startTime="2025-09-10T18:14:45.0796165+00:00" endTime="2025-09-10T18:14:45.0796166+00:00" testType="13cdc9d9-ddb5-4fa4-a97d-d965ccfc6d4b" outcome="Passed" testListId="8c84fa94-04c1-424b-9868-57a2d4851a1d" relativeResultsDirectory="88c8209a-714b-4bee-a3cf-8fd49f103160" />
    <UnitTestResult executionId="a31bb5fe-1c0c-4cf2-ae21-6c04aa1b376a" testId="117d72dd-b186-d8e9-ce14-8d711079c929" testName="BuckScience.Tests.Web.Helpers.WeatherHelpersTests.ConvertWindDirectionTextToNumeric_ValidDirections_ReturnsCorrectDegrees(direction: &quot;WSW&quot;, expected: 247.5)" computerName="runnervmf4ws1" duration="00:00:00.0000095" startTime="2025-09-10T18:14:46.2057491+00:00" endTime="2025-09-10T18:14:46.2057492+00:00" testType="13cdc9d9-ddb5-4fa4-a97d-d965ccfc6d4b" outcome="Passed" testListId="8c84fa94-04c1-424b-9868-57a2d4851a1d" relativeResultsDirectory="a31bb5fe-1c0c-4cf2-ae21-6c04aa1b376a" />
    <UnitTestResult executionId="36f235d3-a76f-4c54-9a44-bd8b70583bfa" testId="c7c0db12-a7c7-5d4d-aeb3-925cdb576fb9" testName="BuckScience.Tests.Domain.FeatureWeightTests.FeatureWeight_ResetToDefault_UpdatesTimestamp" computerName="runnervmf4ws1" duration="00:00:00.0102666" startTime="2025-09-10T18:14:45.2145349+00:00" endTime="2025-09-10T18:14:45.2145350+00:00" testType="13cdc9d9-ddb5-4fa4-a97d-d965ccfc6d4b" outcome="Passed" testListId="8c84fa94-04c1-424b-9868-57a2d4851a1d" relativeResultsDirectory="36f235d3-a76f-4c54-9a44-bd8b70583bfa" />
    <UnitTestResult executionId="8a7658ec-f998-49f2-972f-976ac5ff0361" testId="356cc39e-f096-9eaf-df3c-a4d73a8c57b9" testName="BuckScience.Tests.Domain.PropertySeasonMonthsOverrideTests.PropertySeasonMonthsOverride_MonthsJson_SerializesCorrectly" computerName="runnervmf4ws1" duration="00:00:00.0002875" startTime="2025-09-10T18:14:46.4057039+00:00" endTime="2025-09-10T18:14:46.4057040+00:00" testType="13cdc9d9-ddb5-4fa4-a97d-d965ccfc6d4b" outcome="Passed" testListId="8c84fa94-04c1-424b-9868-57a2d4851a1d" relativeResultsDirectory="8a7658ec-f998-49f2-972f-976ac5ff0361" />
    <UnitTestResult executionId="61478a85-2138-44da-9e02-ef88a5974b31" testId="e7cf9e58-42dd-8f47-eefc-754488b66343" testName="BuckScience.Tests.Domain.PropertySeasonMonthsOverrideTests.PropertySeasonMonthsOverride_SetMonths_WithInvalidMonths_ThrowsArgumentOutOfRangeException(invalidMonths: [0])" computerName="runnervmf4ws1" duration="00:00:00.0000738" startTime="2025-09-10T18:14:46.4054610+00:00" endTime="2025-09-10T18:14:46.4054611+00:00" testType="13cdc9d9-ddb5-4fa4-a97d-d965ccfc6d4b" outcome="Passed" testListId="8c84fa94-04c1-424b-9868-57a2d4851a1d" relativeResultsDirectory="61478a85-2138-44da-9e02-ef88a5974b31" />
    <UnitTestResult executionId="0668dc54-9cd8-48c7-be39-7f009de4cc16" testId="5281d8e8-e57c-c45e-69f7-66dd4ef8cb7b" testName="BuckScience.Tests.PhotoFiltersTests.PhotoFilters_HasAnyFilters_ReturnsTrueWhenDateFilterSet" computerName="runnervmf4ws1" duration="00:00:00.0002015" startTime="2025-09-10T18:14:46.4370354+00:00" endTime="2025-09-10T18:14:46.4370355+00:00" testType="13cdc9d9-ddb5-4fa4-a97d-d965ccfc6d4b" outcome="Passed" testListId="8c84fa94-04c1-424b-9868-57a2d4851a1d" relativeResultsDirectory="0668dc54-9cd8-48c7-be39-7f009de4cc16" />
    <UnitTestResult executionId="1f05e001-12db-48b4-8d22-2c72d9ad130e" testId="1798213c-35a3-cbbc-3a0a-8843aace427d" testName="BuckScience.Tests.Web.Helpers.WeatherHelpersTests.ConvertWindDirectionToText_VariousAngles_ReturnsCorrectDirection(degrees: 45, expected: &quot;NE&quot;)" computerName="runnervmf4ws1" duration="00:00:00.0000064" startTime="2025-09-10T18:14:46.2036228+00:00" endTime="2025-09-10T18:14:46.2036229+00:00" testType="13cdc9d9-ddb5-4fa4-a97d-d965ccfc6d4b" outcome="Passed" testListId="8c84fa94-04c1-424b-9868-57a2d4851a1d" relativeResultsDirectory="1f05e001-12db-48b4-8d22-2c72d9ad130e" />
    <UnitTestResult executionId="794c7e64-b297-4be3-b33c-eca1df0534a3" testId="af05f3f5-fc25-06fd-0f22-fca8b27396d1" testName="BuckScience.Tests.Domain.PropertyFeatureTests.Constructor_WithInvalidWeight_ThrowsArgumentOutOfRangeException(weight: -1)" computerName="runnervmf4ws1" duration="00:00:00.0000605" startTime="2025-09-10T18:14:46.4287336+00:00" endTime="2025-09-10T18:14:46.4287337+00:00" testType="13cdc9d9-ddb5-4fa4-a97d-d965ccfc6d4b" outcome="Passed" testListId="8c84fa94-04c1-424b-9868-57a2d4851a1d" relativeResultsDirectory="794c7e64-b297-4be3-b33c-eca1df0534a3" />
    <UnitTestResult executionId="3faccca1-0058-49ea-a288-7707d0379c4d" testId="1335073e-5183-6141-99f1-caaa61dc86f4" testName="BuckScience.Tests.TaggingSystemTests.GetOrCreateTag_ShouldThrowException_WhenTagNameIsInvalid(invalidTagName: null)" computerName="runnervmf4ws1" duration="00:00:00.0004051" startTime="2025-09-10T18:14:46.1523630+00:00" endTime="2025-09-10T18:14:46.1523630+00:00" testType="13cdc9d9-ddb5-4fa4-a97d-d965ccfc6d4b" outcome="Passed" testListId="8c84fa94-04c1-424b-9868-57a2d4851a1d" relativeResultsDirectory="3faccca1-0058-49ea-a288-7707d0379c4d" />
    <UnitTestResult executionId="cce84aa8-b009-4a6f-b1e3-52bd56cdb919" testId="d619cb92-2daa-6482-f5e5-56eaf7f3851b" testName="BuckScience.Tests.Domain.FeatureWeightTests.FeatureWeight_UpdateDefaultWeight_ValidatesWeightRange" computerName="runnervmf4ws1" duration="00:00:00.0011275" startTime="2025-09-10T18:14:45.2157278+00:00" endTime="2025-09-10T18:14:45.2157279+00:00" testType="13cdc9d9-ddb5-4fa4-a97d-d965ccfc6d4b" outcome="Passed" testListId="8c84fa94-04c1-424b-9868-57a2d4851a1d" relativeResultsDirectory="cce84aa8-b009-4a6f-b1e3-52bd56cdb919" />
    <UnitTestResult executionId="252c4afb-5bff-4383-b3b4-dd80f53f25f2" testId="877174d0-c487-453a-b8ad-4f52137508be" testName="BuckScience.Tests.PhotoFiltersTests.PhotoFilters_HasWeatherFilters_ReturnsTrueWhenConditionsFilterSet" computerName="runnervmf4ws1" duration="00:00:00.0002416" startTime="2025-09-10T18:14:46.4346011+00:00" endTime="2025-09-10T18:14:46.4346012+00:00" testType="13cdc9d9-ddb5-4fa4-a97d-d965ccfc6d4b" outcome="Passed" testListId="8c84fa94-04c1-424b-9868-57a2d4851a1d" relativeResultsDirectory="252c4afb-5bff-4383-b3b4-dd80f53f25f2" />
    <UnitTestResult executionId="febdc8a4-8bee-4cdd-8a0c-524b6457a37e" testId="d6776beb-14db-e4df-c8a3-8f90548062bb" testName="BuckScience.Tests.Domain.FeatureWeightTests.FeatureWeight_SetSeasonalWeights_SetsIsCustomToTrue" computerName="runnervmf4ws1" duration="00:00:00.0002440" startTime="2025-09-10T18:14:45.2172720+00:00" endTime="2025-09-10T18:14:45.2172721+00:00" testType="13cdc9d9-ddb5-4fa4-a97d-d965ccfc6d4b" outcome="Passed" testListId="8c84fa94-04c1-424b-9868-57a2d4851a1d" relativeResultsDirectory="febdc8a4-8bee-4cdd-8a0c-524b6457a37e" />
    <UnitTestResult executionId="bde6a147-6e6d-443a-b6e3-4c9d783d7d93" testId="6c5bb03b-3d70-308f-aed5-443e0f2530e1" testName="BuckScience.Tests.Web.Helpers.WeatherHelpersTests.WindDirectionOption_Properties_Work" computerName="runnervmf4ws1" duration="00:00:00.0002575" startTime="2025-09-10T18:14:46.2098426+00:00" endTime="2025-09-10T18:14:46.2098427+00:00" testType="13cdc9d9-ddb5-4fa4-a97d-d965ccfc6d4b" outcome="Passed" testListId="8c84fa94-04c1-424b-9868-57a2d4851a1d" relativeResultsDirectory="bde6a147-6e6d-443a-b6e3-4c9d783d7d93" />
    <UnitTestResult executionId="58b47b6a-66c4-4b4d-b383-b6cda7d1d3fd" testId="bcc4ea35-2128-3f0c-9022-a8e4dbbfeab6" testName="BuckScience.Tests.Application.PropertyFeatureApplicationTests.UpdatePropertyFeature_WithWeight_UpdatesWeight" computerName="runnervmf4ws1" duration="00:00:00.0367406" startTime="2025-09-10T18:14:46.4015001+00:00" endTime="2025-09-10T18:14:46.4015002+00:00" testType="13cdc9d9-ddb5-4fa4-a97d-d965ccfc6d4b" outcome="Passed" testListId="8c84fa94-04c1-424b-9868-57a2d4851a1d" relativeResultsDirectory="58b47b6a-66c4-4b4d-b383-b6cda7d1d3fd" />
    <UnitTestResult executionId="ba233e12-ae3a-487d-babd-cffc4aa25a09" testId="d40d14e6-e55e-a2ee-7c2d-3f2b4d1650c4" testName="BuckScience.Tests.CameraEditVmTests.CameraEditVm_SyncSelectionFromDirection_ShouldUpdateDirectionSelection" computerName="runnervmf4ws1" duration="00:00:00.0009380" startTime="2025-09-10T18:14:46.1902088+00:00" endTime="2025-09-10T18:14:46.1902089+00:00" testType="13cdc9d9-ddb5-4fa4-a97d-d965ccfc6d4b" outcome="Passed" testListId="8c84fa94-04c1-424b-9868-57a2d4851a1d" relativeResultsDirectory="ba233e12-ae3a-487d-babd-cffc4aa25a09" />
    <UnitTestResult executionId="f2312a41-188e-42a6-8e80-fe1d75e0cd4b" testId="b96d0d20-292a-e609-b515-79cd877929d7" testName="BuckScience.Tests.Web.Helpers.WeatherHelpersTests.ConvertWindDirectionToText_VariousAngles_ReturnsCorrectDirection(degrees: 337.5, expected: &quot;NNW&quot;)" computerName="runnervmf4ws1" duration="00:00:00.0000050" startTime="2025-09-10T18:14:46.2013560+00:00" endTime="2025-09-10T18:14:46.2013560+00:00" testType="13cdc9d9-ddb5-4fa4-a97d-d965ccfc6d4b" outcome="Passed" testListId="8c84fa94-04c1-424b-9868-57a2d4851a1d" relativeResultsDirectory="f2312a41-188e-42a6-8e80-fe1d75e0cd4b" />
    <UnitTestResult executionId="e0e82d42-9c7c-49e2-b07e-331c48566866" testId="9323afa7-c6a5-6a33-bb74-8f4b3b4998d0" testName="BuckScience.Tests.Web.Helpers.WeatherHelpersTests.ConvertWindDirectionToText_VariousAngles_ReturnsCorrectDirection(degrees: 33.740000000000002, expected: &quot;NNE&quot;)" computerName="runnervmf4ws1" duration="00:00:00.0000054" startTime="2025-09-10T18:14:46.2035634+00:00" endTime="2025-09-10T18:14:46.2035635+00:00" testType="13cdc9d9-ddb5-4fa4-a97d-d965ccfc6d4b" outcome="Passed" testListId="8c84fa94-04c1-424b-9868-57a2d4851a1d" relativeResultsDirectory="e0e82d42-9c7c-49e2-b07e-331c48566866" />
    <UnitTestResult executionId="afda5c23-6cfc-4b65-82e0-aca70f401177" testId="e180b2c2-7fc8-0f15-5653-0156d254c8c9" testName="BuckScience.Tests.DirectionHelperTests.FromFloat_ShouldFindClosestDirection(degrees: 23, expectedDirection: NE)" computerName="runnervmf4ws1" duration="00:00:00.0000080" startTime="2025-09-10T18:14:46.4221814+00:00" endTime="2025-09-10T18:14:46.4221815+00:00" testType="13cdc9d9-ddb5-4fa4-a97d-d965ccfc6d4b" outcome="Passed" testListId="8c84fa94-04c1-424b-9868-57a2d4851a1d" relativeResultsDirectory="afda5c23-6cfc-4b65-82e0-aca70f401177" />
    <UnitTestResult executionId="1c72089e-7aaa-46fb-a7f7-4a68dd225d22" testId="d9e9dfd4-db91-4986-9bbe-4cae120c9790" testName="BuckScience.Tests.Application.FeatureWeights.UpdateFeatureWeightsTests.UpdateFeatureWeights_MultipleUpdates_SetsEachCorrectly" computerName="runnervmf4ws1" duration="00:00:00.0368471" startTime="2025-09-10T18:14:46.4841149+00:00" endTime="2025-09-10T18:14:46.4841150+00:00" testType="13cdc9d9-ddb5-4fa4-a97d-d965ccfc6d4b" outcome="Passed" testListId="8c84fa94-04c1-424b-9868-57a2d4851a1d" relativeResultsDirectory="1c72089e-7aaa-46fb-a7f7-4a68dd225d22" />
    <UnitTestResult executionId="af81f39d-f6b6-4197-8e75-bb01123f7cf5" testId="68647ad1-4f74-1b97-159d-5659e9979e01" testName="BuckScience.Tests.Domain.MonthsAttributeTests.MonthsAttribute_Constructor_WithInvalidMonth_ThrowsArgumentOutOfRangeException(invalidMonth: 0)" computerName="runnervmf4ws1" duration="00:00:00.0000601" startTime="2025-09-10T18:14:46.4637091+00:00" endTime="2025-09-10T18:14:46.4637092+00:00" testType="13cdc9d9-ddb5-4fa4-a97d-d965ccfc6d4b" outcome="Passed" testListId="8c84fa94-04c1-424b-9868-57a2d4851a1d" relativeResultsDirectory="af81f39d-f6b6-4197-8e75-bb01123f7cf5" />
    <UnitTestResult executionId="c5a2ff22-9bce-4795-9d6b-9eebc542bf28" testId="5c035d64-72fa-5f12-cc21-1e89e4c3e9b9" testName="BuckScience.Tests.Domain.PropertyFeatureTests.Constructor_AllParameters_SetsAllPropertiesCorrectly" computerName="runnervmf4ws1" duration="00:00:00.0013577" startTime="2025-09-10T18:14:46.4329011+00:00" endTime="2025-09-10T18:14:46.4329012+00:00" testType="13cdc9d9-ddb5-4fa4-a97d-d965ccfc6d4b" outcome="Passed" testListId="8c84fa94-04c1-424b-9868-57a2d4851a1d" relativeResultsDirectory="c5a2ff22-9bce-4795-9d6b-9eebc542bf28" />
    <UnitTestResult executionId="ea018e5b-4e68-4aae-8580-790934eaf92e" testId="62aa58ea-9077-0f9e-c60d-aafd4a8d0ad6" testName="BuckScience.Tests.Web.Helpers.WeatherHelpersTests.ConvertWindDirectionToText_VariousAngles_ReturnsCorrectDirection(degrees: -10, expected: &quot;N&quot;)" computerName="runnervmf4ws1" duration="00:00:00.0000054" startTime="2025-09-10T18:14:46.2035072+00:00" endTime="2025-09-10T18:14:46.2035073+00:00" testType="13cdc9d9-ddb5-4fa4-a97d-d965ccfc6d4b" outcome="Passed" testListId="8c84fa94-04c1-424b-9868-57a2d4851a1d" relativeResultsDirectory="ea018e5b-4e68-4aae-8580-790934eaf92e" />
    <UnitTestResult executionId="64b79682-d7dd-4c9c-83ce-3dd1ba77713d" testId="9f164cb9-b0ee-2833-0b35-619b21bae903" testName="BuckScience.Tests.Web.Helpers.WeatherHelpersTests.ConvertWindDirectionToText_VariousAngles_ReturnsCorrectDirection(degrees: 348.74000000000001, expected: &quot;NNW&quot;)" computerName="runnervmf4ws1" duration="00:00:00.0000052" startTime="2025-09-10T18:14:46.2032746+00:00" endTime="2025-09-10T18:14:46.2032746+00:00" testType="13cdc9d9-ddb5-4fa4-a97d-d965ccfc6d4b" outcome="Passed" testListId="8c84fa94-04c1-424b-9868-57a2d4851a1d" relativeResultsDirectory="64b79682-d7dd-4c9c-83ce-3dd1ba77713d" />
    <UnitTestResult executionId="c04ccf44-851d-4bb2-8994-83ae7b097671" testId="4e68cf9a-2a3a-1e07-4a4f-0cf27d8d2bbb" testName="BuckScience.Tests.FeatureHelperTests.GetCategoryName_ShouldReturnCorrectCategoryNames" computerName="runnervmf4ws1" duration="00:00:00.0017651" startTime="2025-09-10T18:14:45.0699785+00:00" endTime="2025-09-10T18:14:45.0699785+00:00" testType="13cdc9d9-ddb5-4fa4-a97d-d965ccfc6d4b" outcome="Passed" testListId="8c84fa94-04c1-424b-9868-57a2d4851a1d" relativeResultsDirectory="c04ccf44-851d-4bb2-8994-83ae7b097671" />
    <UnitTestResult executionId="2b757f83-d43f-4139-891a-577d2c95b56f" testId="477057b0-3b6f-36a4-06fc-1b03c23a4da7" testName="BuckScience.Tests.PhotoFilteringUrlExamples.BuildFilters_ConditionsParameters_ShouldParseCorrectly(conditions: &quot;Clear,Cloudy&quot;, expectedConditions: [&quot;Clear&quot;, &quot;Cloudy&quot;])" computerName="runnervmf4ws1" duration="00:00:00.0006521" startTime="2025-09-10T18:14:46.4402475+00:00" endTime="2025-09-10T18:14:46.4402476+00:00" testType="13cdc9d9-ddb5-4fa4-a97d-d965ccfc6d4b" outcome="Passed" testListId="8c84fa94-04c1-424b-9868-57a2d4851a1d" relativeResultsDirectory="2b757f83-d43f-4139-891a-577d2c95b56f" />
    <UnitTestResult executionId="32ddbe5d-278e-4d66-8ce9-28606a506c63" testId="5fc7d131-6de1-7ffe-375b-8ea28a5dbcb8" testName="BuckScience.Tests.TaggingSystemTests.SetAsDefaultTag_ShouldSetTagAsDefault" computerName="runnervmf4ws1" duration="00:00:00.0001060" startTime="2025-09-10T18:14:46.1714693+00:00" endTime="2025-09-10T18:14:46.1714695+00:00" testType="13cdc9d9-ddb5-4fa4-a97d-d965ccfc6d4b" outcome="Passed" testListId="8c84fa94-04c1-424b-9868-57a2d4851a1d" relativeResultsDirectory="32ddbe5d-278e-4d66-8ce9-28606a506c63" />
    <UnitTestResult executionId="4c108e08-cd8c-43bb-b06e-b6737f0f3180" testId="17d2bd4a-a575-7ccc-1676-102dfc4795d6" testName="BuckScience.Tests.PhotoFilteringComprehensiveTests.CameraOption_PropertiesWork" computerName="runnervmf4ws1" duration="00:00:00.0002240" startTime="2025-09-10T18:14:46.3450175+00:00" endTime="2025-09-10T18:14:46.3450175+00:00" testType="13cdc9d9-ddb5-4fa4-a97d-d965ccfc6d4b" outcome="Passed" testListId="8c84fa94-04c1-424b-9868-57a2d4851a1d" relativeResultsDirectory="4c108e08-cd8c-43bb-b06e-b6737f0f3180" />
    <UnitTestResult executionId="8b967747-2fea-4ec6-b793-5147d67ad7e6" testId="e79130f3-839b-5123-ac52-8ca3bb6ef8c5" testName="BuckScience.Tests.WeatherServiceTests.RoundCoordinates_ShouldRoundTo2DecimalPlaces" computerName="runnervmf4ws1" duration="00:00:00.0132938" startTime="2025-09-10T18:14:46.4552495+00:00" endTime="2025-09-10T18:14:46.4552496+00:00" testType="13cdc9d9-ddb5-4fa4-a97d-d965ccfc6d4b" outcome="Passed" testListId="8c84fa94-04c1-424b-9868-57a2d4851a1d" relativeResultsDirectory="8b967747-2fea-4ec6-b793-5147d67ad7e6" />
    <UnitTestResult executionId="11ce2d8e-2c20-4dbb-944f-c1cfaea578b9" testId="7acc5254-e1e8-fc5e-ffbb-a06142942287" testName="BuckScience.Tests.Application.FeatureWeights.UpdateFeatureWeightsTests.UpdateFeatureWeights_OnlyUpdatesSeasonalWeights_SetsOnlyThatAsCustom" computerName="runnervmf4ws1" duration="00:00:00.0027436" startTime="2025-09-10T18:14:46.4902414+00:00" endTime="2025-09-10T18:14:46.4902415+00:00" testType="13cdc9d9-ddb5-4fa4-a97d-d965ccfc6d4b" outcome="Passed" testListId="8c84fa94-04c1-424b-9868-57a2d4851a1d" relativeResultsDirectory="11ce2d8e-2c20-4dbb-944f-c1cfaea578b9" />
    <UnitTestResult executionId="178929fb-906e-4e58-9bc8-f75baaffb6a6" testId="d91077c4-486f-699f-e7de-7a096da96d2b" testName="BuckScience.Tests.Domain.PropertyFeatureTests.UpdateWeight_WithValidWeight_SetsWeightCorrectly" computerName="runnervmf4ws1" duration="00:00:00.0032320" startTime="2025-09-10T18:14:46.4258740+00:00" endTime="2025-09-10T18:14:46.4258741+00:00" testType="13cdc9d9-ddb5-4fa4-a97d-d965ccfc6d4b" outcome="Passed" testListId="8c84fa94-04c1-424b-9868-57a2d4851a1d" relativeResultsDirectory="178929fb-906e-4e58-9bc8-f75baaffb6a6" />
    <UnitTestResult executionId="634739df-435a-4f97-8b08-b3e28d4a1b80" testId="9b0dd086-97eb-5a55-6e89-79dde58b1fca" testName="BuckScience.Tests.PhotoFilteringUrlExamples.BuildFilters_CameraParameters_ShouldParseCorrectly(cameras: &quot;5&quot;, expectedCameras: [5])" computerName="runnervmf4ws1" duration="00:00:00.0002261" startTime="2025-09-10T18:14:46.4387448+00:00" endTime="2025-09-10T18:14:46.4387449+00:00" testType="13cdc9d9-ddb5-4fa4-a97d-d965ccfc6d4b" outcome="Passed" testListId="8c84fa94-04c1-424b-9868-57a2d4851a1d" relativeResultsDirectory="634739df-435a-4f97-8b08-b3e28d4a1b80" />
    <UnitTestResult executionId="f1affcf7-d718-4d89-b8ef-600202e8a38a" testId="2505d350-e44a-f204-9fd8-58dd92f22763" testName="BuckScience.Tests.DirectionHelperTests.ToFloat_ShouldReturnCorrectDegrees(direction: SE, expectedDegrees: 135)" computerName="runnervmf4ws1" duration="00:00:00.0000079" startTime="2025-09-10T18:14:46.4208536+00:00" endTime="2025-09-10T18:14:46.4208537+00:00" testType="13cdc9d9-ddb5-4fa4-a97d-d965ccfc6d4b" outcome="Passed" testListId="8c84fa94-04c1-424b-9868-57a2d4851a1d" relativeResultsDirectory="f1affcf7-d718-4d89-b8ef-600202e8a38a" />
    <UnitTestResult executionId="53689c90-3c61-41f3-874b-2861a4a1b0e1" testId="c32ae7c7-19e6-4795-4595-b867002163f4" testName="BuckScience.Tests.TagCleanupTests.RemoveTagFromPhotos_ShouldNotRemoveDefaultTag_EvenWhenUnused" computerName="runnervmf4ws1" duration="00:00:01.0863411" startTime="2025-09-10T18:14:46.3073045+00:00" endTime="2025-09-10T18:14:46.3073046+00:00" testType="13cdc9d9-ddb5-4fa4-a97d-d965ccfc6d4b" outcome="Passed" testListId="8c84fa94-04c1-424b-9868-57a2d4851a1d" relativeResultsDirectory="53689c90-3c61-41f3-874b-2861a4a1b0e1" />
    <UnitTestResult executionId="dc4a6d27-1ab5-4d59-b281-36aea11789d2" testId="4018bd47-d5cd-e85a-b6de-7760e129dafa" testName="BuckScience.Tests.Web.Helpers.WeatherHelpersTests.ConvertWindDirectionToText_VariousAngles_ReturnsCorrectDirection(degrees: 180, expected: &quot;S&quot;)" computerName="runnervmf4ws1" duration="00:00:00.0000085" startTime="2025-09-10T18:14:46.2005804+00:00" endTime="2025-09-10T18:14:46.2005805+00:00" testType="13cdc9d9-ddb5-4fa4-a97d-d965ccfc6d4b" outcome="Passed" testListId="8c84fa94-04c1-424b-9868-57a2d4851a1d" relativeResultsDirectory="dc4a6d27-1ab5-4d59-b281-36aea11789d2" />
    <UnitTestResult executionId="9d6e5bb3-ebbf-4fa6-9347-42dc54ce9ecd" testId="7d4e8658-cb8d-0c66-3167-748289c2e3c6" testName="BuckScience.Tests.Web.Helpers.WeatherHelpersTests.ConvertWindDirectionToText_VariousAngles_ReturnsCorrectDirection(degrees: 135, expected: &quot;SE&quot;)" computerName="runnervmf4ws1" duration="00:00:00.0000050" startTime="2025-09-10T18:14:46.2032111+00:00" endTime="2025-09-10T18:14:46.2032112+00:00" testType="13cdc9d9-ddb5-4fa4-a97d-d965ccfc6d4b" outcome="Passed" testListId="8c84fa94-04c1-424b-9868-57a2d4851a1d" relativeResultsDirectory="9d6e5bb3-ebbf-4fa6-9347-42dc54ce9ecd" />
    <UnitTestResult executionId="931102dc-1dfe-47f7-8e6f-7b84a28ffad7" testId="4103318d-2de0-6e72-8544-27607329cbb3" testName="BuckScience.Tests.CameraDetailsVmTests.CameraDetailsVm_ShouldAllowNullModel" computerName="runnervmf4ws1" duration="00:00:00.0044126" startTime="2025-09-10T18:14:45.0303411+00:00" endTime="2025-09-10T18:14:45.0303978+00:00" testType="13cdc9d9-ddb5-4fa4-a97d-d965ccfc6d4b" outcome="Passed" testListId="8c84fa94-04c1-424b-9868-57a2d4851a1d" relativeResultsDirectory="931102dc-1dfe-47f7-8e6f-7b84a28ffad7" />
    <UnitTestResult executionId="4415011b-5735-4f92-bf86-baef8e020a8e" testId="6e95a11c-ba0a-17a5-b618-642e6194107c" testName="BuckScience.Tests.PhotoFilteringComprehensiveTests.PhotoFiltering_BackwardCompatibility_WithoutFilters" computerName="runnervmf4ws1" duration="00:00:00.0005003" startTime="2025-09-10T18:14:46.3427281+00:00" endTime="2025-09-10T18:14:46.3427282+00:00" testType="13cdc9d9-ddb5-4fa4-a97d-d965ccfc6d4b" outcome="Passed" testListId="8c84fa94-04c1-424b-9868-57a2d4851a1d" relativeResultsDirectory="4415011b-5735-4f92-bf86-baef8e020a8e" />
    <UnitTestResult executionId="0f377c36-7a0f-4775-928b-ad4e410e1278" testId="a1855258-2f38-7695-fb75-dcfca8f4ee44" testName="BuckScience.Tests.PhotoFilteringIntegrationTests.BuildFilters_WithTemperatureRange_ReturnsFiltersWithTemperature" computerName="runnervmf4ws1" duration="00:00:00.0027904" startTime="2025-09-10T18:14:45.0742129+00:00" endTime="2025-09-10T18:14:45.0742129+00:00" testType="13cdc9d9-ddb5-4fa4-a97d-d965ccfc6d4b" outcome="Passed" testListId="8c84fa94-04c1-424b-9868-57a2d4851a1d" relativeResultsDirectory="0f377c36-7a0f-4775-928b-ad4e410e1278" />
    <UnitTestResult executionId="bbe8e711-9017-4542-a0ec-076e4bcdb699" testId="a52561ca-dbe3-d21e-cc1f-fbc0bb577901" testName="BuckScience.Tests.Web.Helpers.WeatherHelpersTests.ConvertMoonPhaseTextToNumeric_ValidText_ReturnsCorrectValue(text: &quot;Full Moon&quot;, expected: 0.5)" computerName="runnervmf4ws1" duration="00:00:00.0000119" startTime="2025-09-10T18:14:46.2083448+00:00" endTime="2025-09-10T18:14:46.2083448+00:00" testType="13cdc9d9-ddb5-4fa4-a97d-d965ccfc6d4b" outcome="Passed" testListId="8c84fa94-04c1-424b-9868-57a2d4851a1d" relativeResultsDirectory="bbe8e711-9017-4542-a0ec-076e4bcdb699" />
    <UnitTestResult executionId="0239abd2-63bd-4af5-a4ac-1e5b4903906b" testId="407fdbb6-f29a-a8a2-0277-cd698b7b57a7" testName="BuckScience.Tests.PhotoFilteringIntegrationTests.BuildFilters_WithConditions_ReturnsFiltersWithConditions" computerName="runnervmf4ws1" duration="00:00:00.0010045" startTime="2025-09-10T18:14:45.0750392+00:00" endTime="2025-09-10T18:14:45.0750392+00:00" testType="13cdc9d9-ddb5-4fa4-a97d-d965ccfc6d4b" outcome="Passed" testListId="8c84fa94-04c1-424b-9868-57a2d4851a1d" relativeResultsDirectory="0239abd2-63bd-4af5-a4ac-1e5b4903906b" />
    <UnitTestResult executionId="28e0ff9d-4702-439c-9cc9-5cebcc2b9b9d" testId="a7640c1c-3e1a-ff5f-a7c8-4da5a8b29af2" testName="BuckScience.Tests.Web.Helpers.WeatherHelpersTests.ConvertMoonPhaseTextToNumeric_ValidText_ReturnsCorrectValue(text: &quot;First Quarter&quot;, expected: 0.25)" computerName="runnervmf4ws1" duration="00:00:00.0000143" startTime="2025-09-10T18:14:46.2084049+00:00" endTime="2025-09-10T18:14:46.2084050+00:00" testType="13cdc9d9-ddb5-4fa4-a97d-d965ccfc6d4b" outcome="Passed" testListId="8c84fa94-04c1-424b-9868-57a2d4851a1d" relativeResultsDirectory="28e0ff9d-4702-439c-9cc9-5cebcc2b9b9d" />
    <UnitTestResult executionId="df2fbb67-372a-4b25-bad3-b6692a0f42ce" testId="725e041b-cd4a-19c3-f7e9-4d20b2961a86" testName="BuckScience.Tests.Domain.MonthsAttributeTests.MonthsAttribute_Constructor_WithInvalidMonth_ThrowsArgumentOutOfRangeException(invalidMonth: 25)" computerName="runnervmf4ws1" duration="00:00:00.0000525" startTime="2025-09-10T18:14:46.4637778+00:00" endTime="2025-09-10T18:14:46.4637779+00:00" testType="13cdc9d9-ddb5-4fa4-a97d-d965ccfc6d4b" outcome="Passed" testListId="8c84fa94-04c1-424b-9868-57a2d4851a1d" relativeResultsDirectory="df2fbb67-372a-4b25-bad3-b6692a0f42ce" />
    <UnitTestResult executionId="113667af-9861-4067-9f2c-70d208a2faa1" testId="b1a32a5b-bec7-9c13-ecb5-d09eae519281" testName="BuckScience.Tests.WeatherConfigurationTests.WeatherApiSettings_ShouldBindFromConfiguration" computerName="runnervmf4ws1" duration="00:00:00.0173842" startTime="2025-09-10T18:14:46.4485276+00:00" endTime="2025-09-10T18:14:46.4485277+00:00" testType="13cdc9d9-ddb5-4fa4-a97d-d965ccfc6d4b" outcome="Passed" testListId="8c84fa94-04c1-424b-9868-57a2d4851a1d" relativeResultsDirectory="113667af-9861-4067-9f2c-70d208a2faa1" />
    <UnitTestResult executionId="6c24a3fb-2b63-4c35-950a-f86de854718f" testId="7175185a-7456-021f-eecb-6c991ffd0d08" testName="BuckScience.Tests.Application.Profiles.ProfileCrudTests.CreateProfile_InvalidPropertyId_ThrowsUnauthorizedAccessException" computerName="runnervmf4ws1" duration="00:00:00.0023739" startTime="2025-09-10T18:14:46.5596052+00:00" endTime="2025-09-10T18:14:46.5596053+00:00" testType="13cdc9d9-ddb5-4fa4-a97d-d965ccfc6d4b" outcome="Passed" testListId="8c84fa94-04c1-424b-9868-57a2d4851a1d" relativeResultsDirectory="6c24a3fb-2b63-4c35-950a-f86de854718f" />
    <UnitTestResult executionId="0ea114a4-7a60-4199-a764-5e8441542cf7" testId="b2bd5000-3749-abcf-9228-2b95c005c687" testName="BuckScience.Tests.DirectionHelperTests.FromFloat_ShouldFindClosestDirection(degrees: 67, expectedDirection: NE)" computerName="runnervmf4ws1" duration="00:00:00.0000100" startTime="2025-09-10T18:14:46.4220006+00:00" endTime="2025-09-10T18:14:46.4220007+00:00" testType="13cdc9d9-ddb5-4fa4-a97d-d965ccfc6d4b" outcome="Passed" testListId="8c84fa94-04c1-424b-9868-57a2d4851a1d" relativeResultsDirectory="0ea114a4-7a60-4199-a764-5e8441542cf7" />
    <UnitTestResult executionId="326a9ad4-bf73-4b9f-8cac-a9d2142763cb" testId="4e6de647-43c0-2d5e-ffcc-d884e859b7df" testName="BuckScience.Tests.TaggingIntegrationTests.TagUniqueness_ShouldBeEnforcedCorrectly" computerName="runnervmf4ws1" duration="00:00:00.0023908" startTime="2025-09-10T18:14:46.3072153+00:00" endTime="2025-09-10T18:14:46.3072155+00:00" testType="13cdc9d9-ddb5-4fa4-a97d-d965ccfc6d4b" outcome="Passed" testListId="8c84fa94-04c1-424b-9868-57a2d4851a1d" relativeResultsDirectory="326a9ad4-bf73-4b9f-8cac-a9d2142763cb" />
    <UnitTestResult executionId="97ccc00b-f611-4784-b390-d0327815712e" testId="c005721b-05db-8d7a-5eea-e90626721b80" testName="BuckScience.Tests.Web.Helpers.WeatherHelpersTests.ConvertWindDirectionTextToNumeric_ValidDirections_ReturnsCorrectDegrees(direction: &quot;SW&quot;, expected: 225)" computerName="runnervmf4ws1" duration="00:00:00.0000085" startTime="2025-09-10T18:14:46.2065105+00:00" endTime="2025-09-10T18:14:46.2065106+00:00" testType="13cdc9d9-ddb5-4fa4-a97d-d965ccfc6d4b" outcome="Passed" testListId="8c84fa94-04c1-424b-9868-57a2d4851a1d" relativeResultsDirectory="97ccc00b-f611-4784-b390-d0327815712e" />
    <UnitTestResult executionId="3d7238d6-f00e-488f-a4bd-4b3bd3c3483d" testId="973ec4a4-75bf-519b-ad67-04ada4756976" testName="BuckScience.Tests.DirectionHelperTests.FromFloat_ShouldFindClosestDirection(degrees: 22, expectedDirection: N)" computerName="runnervmf4ws1" duration="00:00:00.0001232" startTime="2025-09-10T18:14:46.4211825+00:00" endTime="2025-09-10T18:14:46.4211826+00:00" testType="13cdc9d9-ddb5-4fa4-a97d-d965ccfc6d4b" outcome="Passed" testListId="8c84fa94-04c1-424b-9868-57a2d4851a1d" relativeResultsDirectory="3d7238d6-f00e-488f-a4bd-4b3bd3c3483d" />
    <UnitTestResult executionId="86e9edf8-7f25-4a37-b78d-4423ce19f19b" testId="343fd73e-33e0-a251-14f5-344e69186a31" testName="BuckScience.Tests.Domain.PropertySeasonMonthsOverrideTests.PropertySeasonMonthsOverride_Constructor_WithInvalidMonths_ThrowsArgumentOutOfRangeException(invalidMonths: [1, 13])" computerName="runnervmf4ws1" duration="00:00:00.0000529" startTime="2025-09-10T18:14:46.4017825+00:00" endTime="2025-09-10T18:14:46.4017826+00:00" testType="13cdc9d9-ddb5-4fa4-a97d-d965ccfc6d4b" outcome="Passed" testListId="8c84fa94-04c1-424b-9868-57a2d4851a1d" relativeResultsDirectory="86e9edf8-7f25-4a37-b78d-4423ce19f19b" />
    <UnitTestResult executionId="9adbc2d8-e185-4ae5-908a-fade163c1303" testId="7264d755-3cfa-51c2-00b7-8c3c5d03bdbd" testName="BuckScience.Tests.Web.Helpers.WeatherHelpersTests.ConvertMoonPhaseTextToNumeric_ValidText_ReturnsCorrectValue(text: &quot;Waxing Crescent&quot;, expected: 0.125)" computerName="runnervmf4ws1" duration="00:00:00.0000118" startTime="2025-09-10T18:14:46.2082854+00:00" endTime="2025-09-10T18:14:46.2082855+00:00" testType="13cdc9d9-ddb5-4fa4-a97d-d965ccfc6d4b" outcome="Passed" testListId="8c84fa94-04c1-424b-9868-57a2d4851a1d" relativeResultsDirectory="9adbc2d8-e185-4ae5-908a-fade163c1303" />
    <UnitTestResult executionId="f4990d77-6749-4994-806a-6f82c7fd73f2" testId="b14ae956-297a-f056-fdd7-ca8f9b76076f" testName="BuckScience.Tests.PhotoFilteringUrlExamples.BuildFilters_CameraParameters_ShouldParseCorrectly(cameras: &quot;1,2,3&quot;, expectedCameras: [1, 2, 3])" computerName="runnervmf4ws1" duration="00:00:00.0019685" startTime="2025-09-10T18:14:46.4386847+00:00" endTime="2025-09-10T18:14:46.4386849+00:00" testType="13cdc9d9-ddb5-4fa4-a97d-d965ccfc6d4b" outcome="Passed" testListId="8c84fa94-04c1-424b-9868-57a2d4851a1d" relativeResultsDirectory="f4990d77-6749-4994-806a-6f82c7fd73f2" />
    <UnitTestResult executionId="e328d463-521c-431c-971c-a43a71c4b569" testId="77c94a3a-bf51-e754-8b05-8ef3b5f32220" testName="BuckScience.Tests.DirectionHelperTests.FromFloat_ShouldReturnCorrectDirection(degrees: 270, expectedDirection: W)" computerName="runnervmf4ws1" duration="00:00:00.0000093" startTime="2025-09-10T18:14:46.4174189+00:00" endTime="2025-09-10T18:14:46.4174189+00:00" testType="13cdc9d9-ddb5-4fa4-a97d-d965ccfc6d4b" outcome="Passed" testListId="8c84fa94-04c1-424b-9868-57a2d4851a1d" relativeResultsDirectory="e328d463-521c-431c-971c-a43a71c4b569" />
    <UnitTestResult executionId="6c9c5773-eef4-4dd8-adcb-38e94d8928dc" testId="752ffb05-78eb-92e0-4e1e-4d5811cca95a" testName="BuckScience.Tests.Domain.MonthsAttributeTests.MonthsAttribute_Constructor_WithEmptyMonths_ThrowsArgumentException" computerName="runnervmf4ws1" duration="00:00:00.0003750" startTime="2025-09-10T18:14:46.4649702+00:00" endTime="2025-09-10T18:14:46.4649703+00:00" testType="13cdc9d9-ddb5-4fa4-a97d-d965ccfc6d4b" outcome="Passed" testListId="8c84fa94-04c1-424b-9868-57a2d4851a1d" relativeResultsDirectory="6c9c5773-eef4-4dd8-adcb-38e94d8928dc" />
    <UnitTestResult executionId="3b187df9-6286-4c01-aeb1-b51473881cd5" testId="5d068b70-09ca-86be-04bc-7a667c7e0484" testName="BuckScience.Tests.Domain.PropertyFeatureTests.Constructor_WithNullWeight_SetsWeightToNull" computerName="runnervmf4ws1" duration="00:00:00.0001934" startTime="2025-09-10T18:14:46.4315323+00:00" endTime="2025-09-10T18:14:46.4315324+00:00" testType="13cdc9d9-ddb5-4fa4-a97d-d965ccfc6d4b" outcome="Passed" testListId="8c84fa94-04c1-424b-9868-57a2d4851a1d" relativeResultsDirectory="3b187df9-6286-4c01-aeb1-b51473881cd5" />
    <UnitTestResult executionId="e392fe76-9f13-4ea3-93da-daeed23b7aa2" testId="5def33b1-c62c-99fb-8bf7-753117f8b16e" testName="BuckScience.Tests.Domain.FeatureWeightTests.FeatureWeight_ResetToDefault_ClearsCustomizations" computerName="runnervmf4ws1" duration="00:00:00.0006142" startTime="2025-09-10T18:14:45.2036039+00:00" endTime="2025-09-10T18:14:45.2036041+00:00" testType="13cdc9d9-ddb5-4fa4-a97d-d965ccfc6d4b" outcome="Passed" testListId="8c84fa94-04c1-424b-9868-57a2d4851a1d" relativeResultsDirectory="e392fe76-9f13-4ea3-93da-daeed23b7aa2" />
    <UnitTestResult executionId="0d62a5e6-545c-4ae2-9773-f3e4023f2e00" testId="64fa6710-678a-0a23-7d5a-26a655d565e8" testName="BuckScience.Tests.PhotoFilteringIntegrationTests.BuildFilters_WithCameraPlacementHistoryIds_ReturnsFiltersWithPlacementHistories" computerName="runnervmf4ws1" duration="00:00:00.0270881" startTime="2025-09-10T18:14:45.0474655+00:00" endTime="2025-09-10T18:14:45.0474663+00:00" testType="13cdc9d9-ddb5-4fa4-a97d-d965ccfc6d4b" outcome="Passed" testListId="8c84fa94-04c1-424b-9868-57a2d4851a1d" relativeResultsDirectory="0d62a5e6-545c-4ae2-9773-f3e4023f2e00" />
    <UnitTestResult executionId="c36b95d5-c453-4f82-86b6-da22d9950a64" testId="5258a2d0-41cb-c3df-1e8f-eff8f92d5e7f" testName="BuckScience.Tests.Web.Helpers.WeatherHelpersTests.ConvertWindDirectionTextToNumeric_InvalidText_ReturnsNull(direction: &quot;Invalid&quot;)" computerName="runnervmf4ws1" duration="00:00:00.0000124" startTime="2025-09-10T18:14:46.1999316+00:00" endTime="2025-09-10T18:14:46.1999317+00:00" testType="13cdc9d9-ddb5-4fa4-a97d-d965ccfc6d4b" outcome="Passed" testListId="8c84fa94-04c1-424b-9868-57a2d4851a1d" relativeResultsDirectory="c36b95d5-c453-4f82-86b6-da22d9950a64" />
    <UnitTestResult executionId="33f5173a-1aa3-4246-8801-8b437aaeb774" testId="0249bb7c-cd9a-b690-46ba-3252e9d64885" testName="BuckScience.Tests.PhotoFilteringUrlExamples.BuildFilters_CameraParameters_ShouldParseCorrectly(cameras: &quot;1,5,10&quot;, expectedCameras: [1, 5, 10])" computerName="runnervmf4ws1" duration="00:00:00.0000145" startTime="2025-09-10T18:14:46.4387966+00:00" endTime="2025-09-10T18:14:46.4387967+00:00" testType="13cdc9d9-ddb5-4fa4-a97d-d965ccfc6d4b" outcome="Passed" testListId="8c84fa94-04c1-424b-9868-57a2d4851a1d" relativeResultsDirectory="33f5173a-1aa3-4246-8801-8b437aaeb774" />
    <UnitTestResult executionId="1996072c-ed4e-4dda-beb5-fd69c35fed20" testId="226e9057-54c6-53d9-d48c-5a3aaedbb305" testName="BuckScience.Tests.Web.Helpers.WeatherHelpersTests.ConvertWindDirectionTextToNumeric_ValidDirections_ReturnsCorrectDegrees(direction: &quot;ENE&quot;, expected: 67.5)" computerName="runnervmf4ws1" duration="00:00:00.0000088" startTime="2025-09-10T18:14:46.2055541+00:00" endTime="2025-09-10T18:14:46.2055541+00:00" testType="13cdc9d9-ddb5-4fa4-a97d-d965ccfc6d4b" outcome="Passed" testListId="8c84fa94-04c1-424b-9868-57a2d4851a1d" relativeResultsDirectory="1996072c-ed4e-4dda-beb5-fd69c35fed20" />
    <UnitTestResult executionId="1274b629-6c96-4f1c-9ff4-e9ca433c6a92" testId="8d324366-3662-08e0-9537-a5a51d46bda5" testName="BuckScience.Tests.Web.Helpers.WeatherHelpersTests.ConvertMoonPhaseToText_VariousValues_ReturnsCorrectText(phase: 0.5, expected: &quot;Full Moon&quot;)" computerName="runnervmf4ws1" duration="00:00:00.0000045" startTime="2025-09-10T18:14:46.1991292+00:00" endTime="2025-09-10T18:14:46.1991292+00:00" testType="13cdc9d9-ddb5-4fa4-a97d-d965ccfc6d4b" outcome="Passed" testListId="8c84fa94-04c1-424b-9868-57a2d4851a1d" relativeResultsDirectory="1274b629-6c96-4f1c-9ff4-e9ca433c6a92" />
    <UnitTestResult executionId="8e521a3d-3a97-40a6-866d-0c3e08dc8481" testId="8bb24e9f-b033-fdc0-7830-bccb21534250" testName="BuckScience.Tests.DirectionHelperTests.GetAllDirections_ShouldReturnAllDirectionsWithCorrectData" computerName="runnervmf4ws1" duration="00:00:00.0103351" startTime="2025-09-10T18:14:46.4330384+00:00" endTime="2025-09-10T18:14:46.4330385+00:00" testType="13cdc9d9-ddb5-4fa4-a97d-d965ccfc6d4b" outcome="Passed" testListId="8c84fa94-04c1-424b-9868-57a2d4851a1d" relativeResultsDirectory="8e521a3d-3a97-40a6-866d-0c3e08dc8481" />
    <UnitTestResult executionId="4b81e55e-6905-42e9-b99f-52fd407adf74" testId="22d4e883-d516-a3c1-91a6-c6ccca686050" testName="BuckScience.Tests.Web.Helpers.WeatherHelpersTests.ConvertMoonPhaseToText_VariousValues_ReturnsCorrectText(phase: 0.84999999999999998, expected: &quot;Waning Crescent&quot;)" computerName="runnervmf4ws1" duration="00:00:00.0002439" startTime="2025-09-10T18:14:46.1988263+00:00" endTime="2025-09-10T18:14:46.1988264+00:00" testType="13cdc9d9-ddb5-4fa4-a97d-d965ccfc6d4b" outcome="Passed" testListId="8c84fa94-04c1-424b-9868-57a2d4851a1d" relativeResultsDirectory="4b81e55e-6905-42e9-b99f-52fd407adf74" />
    <UnitTestResult executionId="589552d5-6d3b-464f-b77d-0a2218b118d9" testId="1c742a22-39f7-5815-626c-daa50ff10c87" testName="BuckScience.Tests.Domain.FeatureWeightTests.FeatureWeight_SeasonalWeights_JsonSerialization_WorksCorrectly" computerName="runnervmf4ws1" duration="00:00:00.0003668" startTime="2025-09-10T18:14:45.2207157+00:00" endTime="2025-09-10T18:14:45.2207158+00:00" testType="13cdc9d9-ddb5-4fa4-a97d-d965ccfc6d4b" outcome="Passed" testListId="8c84fa94-04c1-424b-9868-57a2d4851a1d" relativeResultsDirectory="589552d5-6d3b-464f-b77d-0a2218b118d9" />
    <UnitTestResult executionId="6a25b68d-ec4f-42e5-8f7f-ce7d3d27290d" testId="81cae9df-520c-bb72-ca7a-30a828451359" testName="BuckScience.Tests.PhotoFilteringComprehensiveTests.PhotoFilters_ComplexCombination_AllFilterTypes" computerName="runnervmf4ws1" duration="00:00:00.0009191" startTime="2025-09-10T18:14:46.3449536+00:00" endTime="2025-09-10T18:14:46.3449537+00:00" testType="13cdc9d9-ddb5-4fa4-a97d-d965ccfc6d4b" outcome="Passed" testListId="8c84fa94-04c1-424b-9868-57a2d4851a1d" relativeResultsDirectory="6a25b68d-ec4f-42e5-8f7f-ce7d3d27290d" />
    <UnitTestResult executionId="c609dabe-664a-4e29-9b3a-ce4d70ca3dd5" testId="aecfa300-816f-69bf-9efe-1e4204feea85" testName="BuckScience.Tests.Domain.SeasonExtensionsTests.GetDefaultMonths_AllSeasons_HaveValidAttributes" computerName="runnervmf4ws1" duration="00:00:00.0021991" startTime="2025-09-10T18:14:46.4223490+00:00" endTime="2025-09-10T18:14:46.4223491+00:00" testType="13cdc9d9-ddb5-4fa4-a97d-d965ccfc6d4b" outcome="Passed" testListId="8c84fa94-04c1-424b-9868-57a2d4851a1d" relativeResultsDirectory="c609dabe-664a-4e29-9b3a-ce4d70ca3dd5" />
    <UnitTestResult executionId="76a591a1-951d-4ccc-b13f-5cde93ac8038" testId="fa35896d-315e-329a-8dc3-bb5ba3189b52" testName="BuckScience.Tests.Web.Helpers.WeatherHelpersTests.ConvertWindDirectionTextToNumeric_ValidDirections_ReturnsCorrectDegrees(direction: &quot;WNW&quot;, expected: 292.5)" computerName="runnervmf4ws1" duration="00:00:00.0002413" startTime="2025-09-10T18:14:46.2054397+00:00" endTime="2025-09-10T18:14:46.2054398+00:00" testType="13cdc9d9-ddb5-4fa4-a97d-d965ccfc6d4b" outcome="Passed" testListId="8c84fa94-04c1-424b-9868-57a2d4851a1d" relativeResultsDirectory="76a591a1-951d-4ccc-b13f-5cde93ac8038" />
    <UnitTestResult executionId="1f5c69a6-498e-4925-b9af-38e016aa57b7" testId="188163b5-3a99-e726-205c-6b6fc846baac" testName="BuckScience.Tests.PhotoGroupingTests.PhotoGrouping_ShouldGroupByMonthYear_Ascending" computerName="runnervmf4ws1" duration="00:00:00.0059975" startTime="2025-09-10T18:14:45.0791980+00:00" endTime="2025-09-10T18:14:45.0791981+00:00" testType="13cdc9d9-ddb5-4fa4-a97d-d965ccfc6d4b" outcome="Passed" testListId="8c84fa94-04c1-424b-9868-57a2d4851a1d" relativeResultsDirectory="1f5c69a6-498e-4925-b9af-38e016aa57b7" />
    <UnitTestResult executionId="3e4282ed-a614-45e6-a42d-e02c5a3535d6" testId="e65338ab-e9eb-2800-4922-6e2f693b11d4" testName="BuckScience.Tests.Application.FeatureWeights.UpdateFeatureWeightsTests.UpdateFeatureWeights_ResetToDefault_ClearsAllCustomizations" computerName="runnervmf4ws1" duration="00:00:00.0021600" startTime="2025-09-10T18:14:46.4924823+00:00" endTime="2025-09-10T18:14:46.4924824+00:00" testType="13cdc9d9-ddb5-4fa4-a97d-d965ccfc6d4b" outcome="Passed" testListId="8c84fa94-04c1-424b-9868-57a2d4851a1d" relativeResultsDirectory="3e4282ed-a614-45e6-a42d-e02c5a3535d6" />
    <UnitTestResult executionId="555b15ff-82bb-4b6a-a944-f9f942add32f" testId="5439de61-630e-08c6-3445-f1eed3fd3847" testName="BuckScience.Tests.TagCleanupTests.RemoveTagFromPhotos_ShouldCleanupTag_WhenNotUsedAnywhere" computerName="runnervmf4ws1" duration="00:00:00.0240812" startTime="2025-09-10T18:14:46.4212416+00:00" endTime="2025-09-10T18:14:46.4212417+00:00" testType="13cdc9d9-ddb5-4fa4-a97d-d965ccfc6d4b" outcome="Passed" testListId="8c84fa94-04c1-424b-9868-57a2d4851a1d" relativeResultsDirectory="555b15ff-82bb-4b6a-a944-f9f942add32f" />
    <UnitTestResult executionId="971b0b71-a4e7-4f38-b5fd-b411e01ac611" testId="87537a65-edc4-293b-e0c7-ff87f3dc8e79" testName="BuckScience.Tests.PhotoPlacementHistoryTests.Photo_SetCameraPlacementHistory_ShouldThrowForInvalidId" computerName="runnervmf4ws1" duration="00:00:00.0007523" startTime="2025-09-10T18:14:46.4265515+00:00" endTime="2025-09-10T18:14:46.4265515+00:00" testType="13cdc9d9-ddb5-4fa4-a97d-d965ccfc6d4b" outcome="Passed" testListId="8c84fa94-04c1-424b-9868-57a2d4851a1d" relativeResultsDirectory="971b0b71-a4e7-4f38-b5fd-b411e01ac611" />
    <UnitTestResult executionId="e1c092be-d833-424a-90be-a01d33ef100a" testId="33aaf4d3-9999-0bc6-ded9-bd2870cebad9" testName="BuckScience.Tests.Web.Helpers.WeatherHelpersTests.ConvertWindDirectionToText_VariousAngles_ReturnsCorrectDirection(degrees: 22.5, expected: &quot;NNE&quot;)" computerName="runnervmf4ws1" duration="00:00:00.0000062" startTime="2025-09-10T18:14:46.2012938+00:00" endTime="2025-09-10T18:14:46.2012939+00:00" testType="13cdc9d9-ddb5-4fa4-a97d-d965ccfc6d4b" outcome="Passed" testListId="8c84fa94-04c1-424b-9868-57a2d4851a1d" relativeResultsDirectory="e1c092be-d833-424a-90be-a01d33ef100a" />
    <UnitTestResult executionId="b35f5277-f482-4b76-baf7-a0d9b356565f" testId="1be37c51-af7c-9e7b-8fa3-a746d27f5f9b" testName="BuckScience.Tests.CameraCreateVmTests.CameraCreateVm_SyncDirectionFromSelection_ShouldUpdateDirectionDegrees" computerName="runnervmf4ws1" duration="00:00:00.0001457" startTime="2025-09-10T18:14:46.1837736+00:00" endTime="2025-09-10T18:14:46.1837738+00:00" testType="13cdc9d9-ddb5-4fa4-a97d-d965ccfc6d4b" outcome="Passed" testListId="8c84fa94-04c1-424b-9868-57a2d4851a1d" relativeResultsDirectory="b35f5277-f482-4b76-baf7-a0d9b356565f" />
    <UnitTestResult executionId="670aa096-6bc4-4897-b4a0-8478e42c5d76" testId="9cd7f192-bb9b-abd8-007d-2585a8ffb5e9" testName="BuckScience.Tests.PhotoFilteringUrlExamples.PhotoFiltering_RealWorldScenario_TempAndCameraFilter" computerName="runnervmf4ws1" duration="00:00:00.0006196" startTime="2025-09-10T18:14:46.4413811+00:00" endTime="2025-09-10T18:14:46.4413812+00:00" testType="13cdc9d9-ddb5-4fa4-a97d-d965ccfc6d4b" outcome="Passed" testListId="8c84fa94-04c1-424b-9868-57a2d4851a1d" relativeResultsDirectory="670aa096-6bc4-4897-b4a0-8478e42c5d76" />
    <UnitTestResult executionId="f10de16e-1dc1-4373-a747-95f334a15890" testId="639a2f8f-de06-aff0-2654-2e863df98d3d" testName="BuckScience.Tests.Web.Helpers.WeatherHelpersTests.ConvertMoonPhaseToText_VariousValues_ReturnsCorrectText(phase: 0.25, expected: &quot;First Quarter&quot;)" computerName="runnervmf4ws1" duration="00:00:00.0004229" startTime="2025-09-10T18:14:46.1980300+00:00" endTime="2025-09-10T18:14:46.1980301+00:00" testType="13cdc9d9-ddb5-4fa4-a97d-d965ccfc6d4b" outcome="Passed" testListId="8c84fa94-04c1-424b-9868-57a2d4851a1d" relativeResultsDirectory="f10de16e-1dc1-4373-a747-95f334a15890" />
    <UnitTestResult executionId="f2046632-13d6-44b9-afa4-8dcd461174a0" testId="6ddbf3e0-3ece-b657-908f-2948ae07368f" testName="BuckScience.Tests.Web.Helpers.WeatherHelpersTests.ConvertMoonPhaseTextToNumeric_CaseInsensitive_Works" computerName="runnervmf4ws1" duration="00:00:00.0013542" startTime="2025-09-10T18:14:46.2072345+00:00" endTime="2025-09-10T18:14:46.2072346+00:00" testType="13cdc9d9-ddb5-4fa4-a97d-d965ccfc6d4b" outcome="Passed" testListId="8c84fa94-04c1-424b-9868-57a2d4851a1d" relativeResultsDirectory="f2046632-13d6-44b9-afa4-8dcd461174a0" />
    <UnitTestResult executionId="20c23fca-8e9c-4de6-91a4-5a466d5166c7" testId="7b1afa91-2553-0542-d21b-b944f43fb732" testName="BuckScience.Tests.Application.PropertyFeatureApplicationTests.GetPropertyFeature_ReturnsWeightCorrectly" computerName="runnervmf4ws1" duration="00:00:00.1479936" startTime="2025-09-10T18:14:46.3584906+00:00" endTime="2025-09-10T18:14:46.3584907+00:00" testType="13cdc9d9-ddb5-4fa4-a97d-d965ccfc6d4b" outcome="Passed" testListId="8c84fa94-04c1-424b-9868-57a2d4851a1d" relativeResultsDirectory="20c23fca-8e9c-4de6-91a4-5a466d5166c7" />
    <UnitTestResult executionId="150b2943-e035-4cd5-8710-173422de297d" testId="75f4d661-9754-0157-eb91-1cb0c3ea30c4" testName="BuckScience.Tests.Domain.PropertySeasonMonthsOverrideTests.PropertySeasonMonthsOverride_SetMonths_WithEmptyArray_ClearsMonths" computerName="runnervmf4ws1" duration="00:00:00.0002232" startTime="2025-09-10T18:14:46.4058536+00:00" endTime="2025-09-10T18:14:46.4058536+00:00" testType="13cdc9d9-ddb5-4fa4-a97d-d965ccfc6d4b" outcome="Passed" testListId="8c84fa94-04c1-424b-9868-57a2d4851a1d" relativeResultsDirectory="150b2943-e035-4cd5-8710-173422de297d" />
    <UnitTestResult executionId="8db068f3-e7f5-4625-9ea5-6677389d173b" testId="e5846600-5bfc-193d-66eb-f1933de5487e" testName="BuckScience.Tests.CameraEditVmTests.CameraEditVm_SyncDirectionFromSelection_ShouldUpdateDirectionDegrees" computerName="runnervmf4ws1" duration="00:00:00.0002215" startTime="2025-09-10T18:14:46.1905161+00:00" endTime="2025-09-10T18:14:46.1905162+00:00" testType="13cdc9d9-ddb5-4fa4-a97d-d965ccfc6d4b" outcome="Passed" testListId="8c84fa94-04c1-424b-9868-57a2d4851a1d" relativeResultsDirectory="8db068f3-e7f5-4625-9ea5-6677389d173b" />
    <UnitTestResult executionId="5b30827c-aa76-43d2-a867-fee9522582c7" testId="f2ce22ba-4e0c-a11c-c657-a799ce863a26" testName="BuckScience.Tests.Web.Helpers.WeatherHelpersTests.ConvertMoonPhaseTextToNumeric_InvalidText_ReturnsNull(text: &quot;&quot;)" computerName="runnervmf4ws1" duration="00:00:00.0001216" startTime="2025-09-10T18:14:46.2094116+00:00" endTime="2025-09-10T18:14:46.2094117+00:00" testType="13cdc9d9-ddb5-4fa4-a97d-d965ccfc6d4b" outcome="Passed" testListId="8c84fa94-04c1-424b-9868-57a2d4851a1d" relativeResultsDirectory="5b30827c-aa76-43d2-a867-fee9522582c7" />
    <UnitTestResult executionId="48e39c3c-2c59-4d46-a95d-fa0076d9d8f5" testId="d10743fd-41b6-9a87-757a-05484dce75fb" testName="BuckScience.Tests.TagCleanupTests.RemoveTagFromPhotos_ShouldCleanupPropertyTag_WhenNoOtherPhotosOnPropertyUseTag" computerName="runnervmf4ws1" duration="00:00:00.0440275" startTime="2025-09-10T18:14:46.3950854+00:00" endTime="2025-09-10T18:14:46.3950855+00:00" testType="13cdc9d9-ddb5-4fa4-a97d-d965ccfc6d4b" outcome="Passed" testListId="8c84fa94-04c1-424b-9868-57a2d4851a1d" relativeResultsDirectory="48e39c3c-2c59-4d46-a95d-fa0076d9d8f5" />
    <UnitTestResult executionId="5d8eedb1-f5a4-42d8-9d3b-27d536fa84ba" testId="162f6cfb-c27f-27d9-ae85-1a410ddacc2e" testName="BuckScience.Tests.Application.SeasonMonthMappingServiceTests.SeasonMonthMappingService_Constructor_WithNullDbContext_ThrowsArgumentNullException" computerName="runnervmf4ws1" duration="00:00:00.0004468" startTime="2025-09-10T18:14:46.4605334+00:00" endTime="2025-09-10T18:14:46.4605335+00:00" testType="13cdc9d9-ddb5-4fa4-a97d-d965ccfc6d4b" outcome="Passed" testListId="8c84fa94-04c1-424b-9868-57a2d4851a1d" relativeResultsDirectory="5d8eedb1-f5a4-42d8-9d3b-27d536fa84ba" />
    <UnitTestResult executionId="f4c65fb3-c92c-49f0-b819-09d732f5c8c3" testId="2d42558b-0e16-1806-a5ca-7006bc54a2c7" testName="BuckScience.Tests.Domain.PropertySeasonMonthsOverrideTests.PropertySeasonMonthsOverride_SetMonths_WithInvalidMonths_ThrowsArgumentOutOfRangeException(invalidMonths: [1, 0, 5])" computerName="runnervmf4ws1" duration="00:00:00.0004856" startTime="2025-09-10T18:14:46.4046953+00:00" endTime="2025-09-10T18:14:46.4046954+00:00" testType="13cdc9d9-ddb5-4fa4-a97d-d965ccfc6d4b" outcome="Passed" testListId="8c84fa94-04c1-424b-9868-57a2d4851a1d" relativeResultsDirectory="f4c65fb3-c92c-49f0-b819-09d732f5c8c3" />
    <UnitTestResult executionId="f584a615-05ac-4c91-b61e-0bf3249e656e" testId="f36a8701-085e-04e9-1108-0b102bccb765" testName="BuckScience.Tests.Web.Helpers.WeatherHelpersTests.ConvertWindDirectionToText_RoundTrip_MaintainsAccuracy" computerName="runnervmf4ws1" duration="00:00:00.0004130" startTime="2025-09-10T18:14:46.2047319+00:00" endTime="2025-09-10T18:14:46.2047320+00:00" testType="13cdc9d9-ddb5-4fa4-a97d-d965ccfc6d4b" outcome="Passed" testListId="8c84fa94-04c1-424b-9868-57a2d4851a1d" relativeResultsDirectory="f584a615-05ac-4c91-b61e-0bf3249e656e" />
    <UnitTestResult executionId="7e070acd-7b7f-42f7-98fd-1311fc5ed04b" testId="5c61d628-c74f-c8f0-779e-82c0c2dc77df" testName="BuckScience.Tests.Web.Helpers.WeatherHelpersTests.ConvertWindDirectionTextToNumeric_ValidDirections_ReturnsCorrectDegrees(direction: &quot;N&quot;, expected: 0)" computerName="runnervmf4ws1" duration="00:00:00.0000066" startTime="2025-09-10T18:14:46.2071381+00:00" endTime="2025-09-10T18:14:46.2071382+00:00" testType="13cdc9d9-ddb5-4fa4-a97d-d965ccfc6d4b" outcome="Passed" testListId="8c84fa94-04c1-424b-9868-57a2d4851a1d" relativeResultsDirectory="7e070acd-7b7f-42f7-98fd-1311fc5ed04b" />
    <UnitTestResult executionId="786163e9-5bc6-445e-99bb-65e0c797d411" testId="3101a1d2-70b0-545d-5f32-eb96f6803b5f" testName="BuckScience.Tests.Domain.FeatureWeightTests.FeatureWeightHelper_GetCategory_ReturnsCorrectCategory(type: Ridge, expectedCategory: Topographical)" computerName="runnervmf4ws1" duration="00:00:00.0017338" startTime="2025-09-10T18:14:45.0794932+00:00" endTime="2025-09-10T18:14:45.0794933+00:00" testType="13cdc9d9-ddb5-4fa4-a97d-d965ccfc6d4b" outcome="Passed" testListId="8c84fa94-04c1-424b-9868-57a2d4851a1d" relativeResultsDirectory="786163e9-5bc6-445e-99bb-65e0c797d411" />
    <UnitTestResult executionId="c01e761e-5367-4eb9-a373-d53e63764ac8" testId="2b9ecce3-1ede-532e-6e3c-66b19452e797" testName="BuckScience.Tests.Application.SeasonMonthMappingServiceTests.GetMonthsForPropertyAsync_WithNullProperty_ReturnsDefaultMonths" computerName="runnervmf4ws1" duration="00:00:00.0021981" startTime="2025-09-10T18:14:46.4604676+00:00" endTime="2025-09-10T18:14:46.4604676+00:00" testType="13cdc9d9-ddb5-4fa4-a97d-d965ccfc6d4b" outcome="Passed" testListId="8c84fa94-04c1-424b-9868-57a2d4851a1d" relativeResultsDirectory="c01e761e-5367-4eb9-a373-d53e63764ac8" />
    <UnitTestResult executionId="fc43be61-9f03-4df1-b808-896737fc7800" testId="415f1005-69c1-a314-0e6a-db0b7d4bab74" testName="BuckScience.Tests.Domain.MonthsAttributeTests.MonthsAttribute_Constructor_WithInvalidMonth_ThrowsArgumentOutOfRangeException(invalidMonth: -1)" computerName="runnervmf4ws1" duration="00:00:00.0016681" startTime="2025-09-10T18:14:46.4614575+00:00" endTime="2025-09-10T18:14:46.4614576+00:00" testType="13cdc9d9-ddb5-4fa4-a97d-d965ccfc6d4b" outcome="Passed" testListId="8c84fa94-04c1-424b-9868-57a2d4851a1d" relativeResultsDirectory="fc43be61-9f03-4df1-b808-896737fc7800" />
    <UnitTestResult executionId="209d7b71-c8e0-45a1-a398-4eee5a6e03d9" testId="abed9d03-2d03-a6ea-317e-f9cbae3ef978" testName="BuckScience.Tests.DirectionHelperTests.FromFloat_ShouldReturnCorrectDirection(degrees: 45, expectedDirection: NE)" computerName="runnervmf4ws1" duration="00:00:00.0000144" startTime="2025-09-10T18:14:46.4173529+00:00" endTime="2025-09-10T18:14:46.4173530+00:00" testType="13cdc9d9-ddb5-4fa4-a97d-d965ccfc6d4b" outcome="Passed" testListId="8c84fa94-04c1-424b-9868-57a2d4851a1d" relativeResultsDirectory="209d7b71-c8e0-45a1-a398-4eee5a6e03d9" />
    <UnitTestResult executionId="5d6b71eb-3d4a-4b80-aebb-128e91973b9b" testId="31c8774a-1539-0a44-3404-de06d646b468" testName="BuckScience.Tests.Web.Helpers.WeatherHelpersTests.ConvertMoonPhaseToText_VariousValues_ReturnsCorrectText(phase: 0.10000000000000001, expected: &quot;Waxing Crescent&quot;)" computerName="runnervmf4ws1" duration="00:00:00.0000045" startTime="2025-09-10T18:14:46.1990334+00:00" endTime="2025-09-10T18:14:46.1990335+00:00" testType="13cdc9d9-ddb5-4fa4-a97d-d965ccfc6d4b" outcome="Passed" testListId="8c84fa94-04c1-424b-9868-57a2d4851a1d" relativeResultsDirectory="5d6b71eb-3d4a-4b80-aebb-128e91973b9b" />
    <UnitTestResult executionId="01631a55-1657-40a2-9720-9046acccd3bd" testId="8d702d1b-c14c-4dd0-cea5-aaa087d77d3f" testName="BuckScience.Tests.CameraEditVmTests.CameraEditVm_SyncSelectionFromDirection_ShouldFindClosestDirection" computerName="runnervmf4ws1" duration="00:00:00.0001261" startTime="2025-09-10T18:14:46.1907048+00:00" endTime="2025-09-10T18:14:46.1907050+00:00" testType="13cdc9d9-ddb5-4fa4-a97d-d965ccfc6d4b" outcome="Passed" testListId="8c84fa94-04c1-424b-9868-57a2d4851a1d" relativeResultsDirectory="01631a55-1657-40a2-9720-9046acccd3bd" />
    <UnitTestResult executionId="dfba149d-860a-4d56-af0c-93e476d5ad72" testId="9e88128c-c893-0f4c-cf4f-ba4eb6951e77" testName="BuckScience.Tests.Domain.MonthsAttributeTests.MonthsAttribute_Constructor_WithAllMonths_SetsAllMonthsCorrectly" computerName="runnervmf4ws1" duration="00:00:00.0001952" startTime="2025-09-10T18:14:46.4641986+00:00" endTime="2025-09-10T18:14:46.4641987+00:00" testType="13cdc9d9-ddb5-4fa4-a97d-d965ccfc6d4b" outcome="Passed" testListId="8c84fa94-04c1-424b-9868-57a2d4851a1d" relativeResultsDirectory="dfba149d-860a-4d56-af0c-93e476d5ad72" />
    <UnitTestResult executionId="914e9765-5173-4763-9b5d-23c7856ce093" testId="62abf167-66b2-7338-5ead-888596c0fffe" testName="BuckScience.Tests.TaggingRequirementsTests.Requirement2_PropertyCreation_ShouldAutoAssignDefaultTags" computerName="runnervmf4ws1" duration="00:00:00.0345806" startTime="2025-09-10T18:14:46.3313778+00:00" endTime="2025-09-10T18:14:46.3313780+00:00" testType="13cdc9d9-ddb5-4fa4-a97d-d965ccfc6d4b" outcome="Passed" testListId="8c84fa94-04c1-424b-9868-57a2d4851a1d" relativeResultsDirectory="914e9765-5173-4763-9b5d-23c7856ce093" />
    <UnitTestResult executionId="0e1bf700-08ef-4386-b55f-748b038aafdf" testId="13b70763-63fd-f0df-582a-0fb307fcad59" testName="BuckScience.Tests.PhotoFiltersTests.PhotoFilters_AllWeatherRangeFiltersWork" computerName="runnervmf4ws1" duration="00:00:00.0014719" startTime="2025-09-10T18:14:46.4359607+00:00" endTime="2025-09-10T18:14:46.4359608+00:00" testType="13cdc9d9-ddb5-4fa4-a97d-d965ccfc6d4b" outcome="Passed" testListId="8c84fa94-04c1-424b-9868-57a2d4851a1d" relativeResultsDirectory="0e1bf700-08ef-4386-b55f-748b038aafdf" />
    <UnitTestResult executionId="b7a8b77f-d5d5-4b30-ac97-8f1317212722" testId="9660e9b2-80f8-e700-08d8-e0b7717e9f85" testName="BuckScience.Tests.Domain.PropertyFeatureTests.Constructor_WithoutWeight_SetsWeightToNull" computerName="runnervmf4ws1" duration="00:00:00.0002044" startTime="2025-09-10T18:14:46.4264159+00:00" endTime="2025-09-10T18:14:46.4264161+00:00" testType="13cdc9d9-ddb5-4fa4-a97d-d965ccfc6d4b" outcome="Passed" testListId="8c84fa94-04c1-424b-9868-57a2d4851a1d" relativeResultsDirectory="b7a8b77f-d5d5-4b30-ac97-8f1317212722" />
    <UnitTestResult executionId="509da302-5c9c-4d13-aeee-5d09694cc689" testId="b1f41500-5f15-b967-f0a8-55e935ea7819" testName="BuckScience.Tests.WeatherBatchProcessingTests.WeatherService_ShouldRoundCoordinatesConsistently" computerName="runnervmf4ws1" duration="00:00:00.1325448" startTime="2025-09-10T18:14:45.2057629+00:00" endTime="2025-09-10T18:14:45.2057630+00:00" testType="13cdc9d9-ddb5-4fa4-a97d-d965ccfc6d4b" outcome="Passed" testListId="8c84fa94-04c1-424b-9868-57a2d4851a1d" relativeResultsDirectory="509da302-5c9c-4d13-aeee-5d09694cc689" />
    <UnitTestResult executionId="e2ed82ae-d8c6-41c8-b4cf-3b3d63615d1f" testId="88b5a428-7422-548a-ca90-5bd2a62420ae" testName="BuckScience.Tests.DirectionHelperTests.FromFloat_ShouldReturnCorrectDirection(degrees: 225, expectedDirection: SW)" computerName="runnervmf4ws1" duration="00:00:00.0000153" startTime="2025-09-10T18:14:46.4156111+00:00" endTime="2025-09-10T18:14:46.4156112+00:00" testType="13cdc9d9-ddb5-4fa4-a97d-d965ccfc6d4b" outcome="Passed" testListId="8c84fa94-04c1-424b-9868-57a2d4851a1d" relativeResultsDirectory="e2ed82ae-d8c6-41c8-b4cf-3b3d63615d1f" />
    <UnitTestResult executionId="8eec8362-9382-41a2-a942-a3e1a4e3dc6d" testId="6312f765-830a-9014-ae5b-70adf30832c5" testName="BuckScience.Tests.Domain.PropertyFeatureTests.SetWeight_WithInvalidWeight_ThrowsArgumentOutOfRangeException(weight: -0.100000001)" computerName="runnervmf4ws1" duration="00:00:00.0009497" startTime="2025-09-10T18:14:46.4284232+00:00" endTime="2025-09-10T18:14:46.4284233+00:00" testType="13cdc9d9-ddb5-4fa4-a97d-d965ccfc6d4b" outcome="Passed" testListId="8c84fa94-04c1-424b-9868-57a2d4851a1d" relativeResultsDirectory="8eec8362-9382-41a2-a942-a3e1a4e3dc6d" />
    <UnitTestResult executionId="4fa8551f-e093-480e-88b3-ff9f965fbf83" testId="ea3e05c1-5c7d-865c-be9d-8f2ae46de9bb" testName="BuckScience.Tests.Application.PropertyFeatureApplicationTests.CreatePropertyFeature_WithoutWeight_CreatesFeatureWithDefaultWeight" computerName="runnervmf4ws1" duration="00:00:00.0021524" startTime="2025-09-10T18:14:46.4055483+00:00" endTime="2025-09-10T18:14:46.4055484+00:00" testType="13cdc9d9-ddb5-4fa4-a97d-d965ccfc6d4b" outcome="Passed" testListId="8c84fa94-04c1-424b-9868-57a2d4851a1d" relativeResultsDirectory="4fa8551f-e093-480e-88b3-ff9f965fbf83" />
    <UnitTestResult executionId="ea89ba0c-3ffb-4ec0-b355-1dcce43f9840" testId="d5e7318a-a156-7dde-f329-f35fdf925ffa" testName="BuckScience.Tests.Domain.PropertySeasonMonthsOverrideTests.PropertySeasonMonthsOverride_SetMonths_WithNullMonths_ClearsMonths" computerName="runnervmf4ws1" duration="00:00:00.0120463" startTime="2025-09-10T18:14:46.3786379+00:00" endTime="2025-09-10T18:14:46.3786380+00:00" testType="13cdc9d9-ddb5-4fa4-a97d-d965ccfc6d4b" outcome="Passed" testListId="8c84fa94-04c1-424b-9868-57a2d4851a1d" relativeResultsDirectory="ea89ba0c-3ffb-4ec0-b355-1dcce43f9840" />
    <UnitTestResult executionId="24534fe8-6a83-47c2-a73c-cb6b4e64b443" testId="0df754ab-3374-deab-a269-326e3752e38a" testName="BuckScience.Tests.Domain.FeatureWeightTests.FeatureWeightHelper_GetCategory_ReturnsCorrectCategory(type: BeddingArea, expectedCategory: ResourceBedding)" computerName="runnervmf4ws1" duration="00:00:00.0003562" startTime="2025-09-10T18:14:45.0794361+00:00" endTime="2025-09-10T18:14:45.0794362+00:00" testType="13cdc9d9-ddb5-4fa4-a97d-d965ccfc6d4b" outcome="Passed" testListId="8c84fa94-04c1-424b-9868-57a2d4851a1d" relativeResultsDirectory="24534fe8-6a83-47c2-a73c-cb6b4e64b443" />
    <UnitTestResult executionId="6e258fa5-c757-4783-8f69-45d913f91718" testId="8dc17fe0-66a4-6cf2-3749-0f755c367e4d" testName="BuckScience.Tests.Web.Helpers.WeatherHelpersTests.GetWindDirectionOptions_WithEmptyAvailable_AllUnavailable" computerName="runnervmf4ws1" duration="00:00:00.0003284" startTime="2025-09-10T18:14:46.2096947+00:00" endTime="2025-09-10T18:14:46.2096948+00:00" testType="13cdc9d9-ddb5-4fa4-a97d-d965ccfc6d4b" outcome="Passed" testListId="8c84fa94-04c1-424b-9868-57a2d4851a1d" relativeResultsDirectory="6e258fa5-c757-4783-8f69-45d913f91718" />
    <UnitTestResult executionId="c397c3bb-eba3-4b4a-887e-eb699160631c" testId="3e754e7c-3120-cf7a-7a68-ce1c9a477533" testName="BuckScience.Tests.CameraCreateVmTests.CameraCreateVm_DirectionSync_ShouldWorkForAllDirections(direction: NE, expectedDegrees: 45)" computerName="runnervmf4ws1" duration="00:00:00.0000092" startTime="2025-09-10T18:14:46.1809686+00:00" endTime="2025-09-10T18:14:46.1809687+00:00" testType="13cdc9d9-ddb5-4fa4-a97d-d965ccfc6d4b" outcome="Passed" testListId="8c84fa94-04c1-424b-9868-57a2d4851a1d" relativeResultsDirectory="c397c3bb-eba3-4b4a-887e-eb699160631c" />
    <UnitTestResult executionId="02986654-e4cc-49c6-8f8b-74b08431ad26" testId="2b043a8d-e346-04e5-47b3-898bfcbeb615" testName="BuckScience.Tests.CameraPlacementHistoryTests.CameraPlacementHistory_Duration_ShouldCalculateCorrectly" computerName="runnervmf4ws1" duration="00:00:00.0010313" startTime="2025-09-10T18:14:46.4546080+00:00" endTime="2025-09-10T18:14:46.4546081+00:00" testType="13cdc9d9-ddb5-4fa4-a97d-d965ccfc6d4b" outcome="Passed" testListId="8c84fa94-04c1-424b-9868-57a2d4851a1d" relativeResultsDirectory="02986654-e4cc-49c6-8f8b-74b08431ad26" />
    <UnitTestResult executionId="95994027-5216-4534-958c-3ae7ef2ab518" testId="2e480f4f-8e65-8226-244e-bc56a9d64e7e" testName="BuckScience.Tests.Web.Helpers.WeatherHelpersTests.ConvertWindDirectionToText_VariousAngles_ReturnsCorrectDirection(degrees: 33.75, expected: &quot;NE&quot;)" computerName="runnervmf4ws1" duration="00:00:00.0000055" startTime="2025-09-10T18:14:46.2034472+00:00" endTime="2025-09-10T18:14:46.2034473+00:00" testType="13cdc9d9-ddb5-4fa4-a97d-d965ccfc6d4b" outcome="Passed" testListId="8c84fa94-04c1-424b-9868-57a2d4851a1d" relativeResultsDirectory="95994027-5216-4534-958c-3ae7ef2ab518" />
    <UnitTestResult executionId="053b00e2-c5b4-4a6d-8d78-c3a0b9ad52e9" testId="b7a065c7-7a2e-0d14-6498-b30f746da816" testName="BuckScience.Tests.DirectionHelperTests.ToFloat_ShouldReturnCorrectDegrees(direction: E, expectedDegrees: 90)" computerName="runnervmf4ws1" duration="00:00:00.0007517" startTime="2025-09-10T18:14:46.4201034+00:00" endTime="2025-09-10T18:14:46.4201035+00:00" testType="13cdc9d9-ddb5-4fa4-a97d-d965ccfc6d4b" outcome="Passed" testListId="8c84fa94-04c1-424b-9868-57a2d4851a1d" relativeResultsDirectory="053b00e2-c5b4-4a6d-8d78-c3a0b9ad52e9" />
    <UnitTestResult executionId="6b1b5165-7c21-4b92-b430-ff58a3042065" testId="520cf6eb-1b87-3f3a-4e2f-2f4e620f4b62" testName="BuckScience.Tests.Domain.FeatureWeightTests.FeatureWeight_IsCustom_CanBeSetInConstructor" computerName="runnervmf4ws1" duration="00:00:00.0032900" startTime="2025-09-10T18:14:45.0753604+00:00" endTime="2025-09-10T18:14:45.0753605+00:00" testType="13cdc9d9-ddb5-4fa4-a97d-d965ccfc6d4b" outcome="Passed" testListId="8c84fa94-04c1-424b-9868-57a2d4851a1d" relativeResultsDirectory="6b1b5165-7c21-4b92-b430-ff58a3042065" />
    <UnitTestResult executionId="d0140f55-7d58-4f2b-9e45-5cbacf22e8c0" testId="6e1a460b-06b0-f626-b520-bfe11fd26de1" testName="BuckScience.Tests.Domain.FeatureWeightTests.FeatureWeight_SetSeasonalWeights_ValidatesWeightRange" computerName="runnervmf4ws1" duration="00:00:00.0005155" startTime="2025-09-10T18:14:45.2163173+00:00" endTime="2025-09-10T18:14:45.2163174+00:00" testType="13cdc9d9-ddb5-4fa4-a97d-d965ccfc6d4b" outcome="Passed" testListId="8c84fa94-04c1-424b-9868-57a2d4851a1d" relativeResultsDirectory="d0140f55-7d58-4f2b-9e45-5cbacf22e8c0" />
    <UnitTestResult executionId="28e3993d-c617-4eab-8987-60192a887c07" testId="d781b83d-5216-d63d-acc7-8c5d47cd7ccf" testName="BuckScience.Tests.CameraCreateVmTests.CameraCreateVm_DirectionSync_ShouldWorkForAllDirections(direction: W, expectedDegrees: 270)" computerName="runnervmf4ws1" duration="00:00:00.0000061" startTime="2025-09-10T18:14:46.1808078+00:00" endTime="2025-09-10T18:14:46.1808078+00:00" testType="13cdc9d9-ddb5-4fa4-a97d-d965ccfc6d4b" outcome="Passed" testListId="8c84fa94-04c1-424b-9868-57a2d4851a1d" relativeResultsDirectory="28e3993d-c617-4eab-8987-60192a887c07" />
    <UnitTestResult executionId="7e098597-22e7-435e-aa84-601fcd672e58" testId="12f16ac3-f6d6-9802-1d09-4301de2f7efc" testName="BuckScience.Tests.Domain.PropertySeasonMonthsOverrideTests.PropertySeasonMonthsOverride_Constructor_WithInvalidMonths_ThrowsArgumentOutOfRangeException(invalidMonths: [0, 5, 10])" computerName="runnervmf4ws1" duration="00:00:00.0002850" startTime="2025-09-10T18:14:46.4016745+00:00" endTime="2025-09-10T18:14:46.4016746+00:00" testType="13cdc9d9-ddb5-4fa4-a97d-d965ccfc6d4b" outcome="Passed" testListId="8c84fa94-04c1-424b-9868-57a2d4851a1d" relativeResultsDirectory="7e098597-22e7-435e-aa84-601fcd672e58" />
    <UnitTestResult executionId="bfe30ae6-f6b0-4206-bd41-81fe1c5b8a88" testId="a5f21c48-f469-8d11-cd8e-07391ae2a35b" testName="BuckScience.Tests.Domain.FeatureWeightTests.FeatureWeightHelper_GetDefaultWeight_ReturnsExpectedValues(type: Saddle, expectedWeight: 0.800000012)" computerName="runnervmf4ws1" duration="00:00:00.0069468" startTime="2025-09-10T18:14:45.0742879+00:00" endTime="2025-09-10T18:14:45.0742879+00:00" testType="13cdc9d9-ddb5-4fa4-a97d-d965ccfc6d4b" outcome="Passed" testListId="8c84fa94-04c1-424b-9868-57a2d4851a1d" relativeResultsDirectory="bfe30ae6-f6b0-4206-bd41-81fe1c5b8a88" />
    <UnitTestResult executionId="47728585-3bc1-489c-8807-31e55e4f7c29" testId="8bb24d97-4056-0aed-e738-d86e9d34f566" testName="BuckScience.Tests.Web.Helpers.WeatherHelpersTests.ConvertWindDirectionTextToNumeric_ValidDirections_ReturnsCorrectDegrees(direction: &quot;ESE&quot;, expected: 112.5)" computerName="runnervmf4ws1" duration="00:00:00.0000079" startTime="2025-09-10T18:14:46.2056876+00:00" endTime="2025-09-10T18:14:46.2056877+00:00" testType="13cdc9d9-ddb5-4fa4-a97d-d965ccfc6d4b" outcome="Passed" testListId="8c84fa94-04c1-424b-9868-57a2d4851a1d" relativeResultsDirectory="47728585-3bc1-489c-8807-31e55e4f7c29" />
    <UnitTestResult executionId="95e2ebf6-7068-4629-8e3d-286007ce336e" testId="5ad698c0-31c3-b3d2-caa9-9fa5ad866948" testName="BuckScience.Tests.FeatureHelperTests.FeatureNames_ShouldContainAllClassificationTypes" computerName="runnervmf4ws1" duration="00:00:00.0016781" startTime="2025-09-10T18:14:45.0739478+00:00" endTime="2025-09-10T18:14:45.0739479+00:00" testType="13cdc9d9-ddb5-4fa4-a97d-d965ccfc6d4b" outcome="Passed" testListId="8c84fa94-04c1-424b-9868-57a2d4851a1d" relativeResultsDirectory="95e2ebf6-7068-4629-8e3d-286007ce336e" />
    <UnitTestResult executionId="fb6cba9f-4e43-41db-ad0b-ec08e0f64497" testId="54dac1bc-0f72-9d60-bad7-07e4a0566a24" testName="BuckScience.Tests.CameraPlacementHistoryTests.Camera_Move_ShouldEndCurrentPlacementAndCreateNew" computerName="runnervmf4ws1" duration="00:00:00.0008867" startTime="2025-09-10T18:14:46.4558684+00:00" endTime="2025-09-10T18:14:46.4558685+00:00" testType="13cdc9d9-ddb5-4fa4-a97d-d965ccfc6d4b" outcome="Passed" testListId="8c84fa94-04c1-424b-9868-57a2d4851a1d" relativeResultsDirectory="fb6cba9f-4e43-41db-ad0b-ec08e0f64497" />
    <UnitTestResult executionId="bfe7f91a-1607-45de-bae0-729f0fa95ae9" testId="2eacfbf3-667b-5a8e-52a0-d9d512e960c7" testName="BuckScience.Tests.Web.Helpers.WeatherHelpersTests.ConvertWindDirectionToText_VariousAngles_ReturnsCorrectDirection(degrees: 270, expected: &quot;W&quot;)" computerName="runnervmf4ws1" duration="00:00:00.0000049" startTime="2025-09-10T18:14:46.2015291+00:00" endTime="2025-09-10T18:14:46.2015291+00:00" testType="13cdc9d9-ddb5-4fa4-a97d-d965ccfc6d4b" outcome="Passed" testListId="8c84fa94-04c1-424b-9868-57a2d4851a1d" relativeResultsDirectory="bfe7f91a-1607-45de-bae0-729f0fa95ae9" />
    <UnitTestResult executionId="18f96dd5-5335-4c34-9945-6f5bb5a19741" testId="1d7b16e9-5047-ebb1-e4a1-207c49ea6bcd" testName="BuckScience.Tests.Domain.PropertyFeatureTests.Constructor_WithInvalidWeight_ThrowsArgumentOutOfRangeException(weight: 2)" computerName="runnervmf4ws1" duration="00:00:00.0005007" startTime="2025-09-10T18:14:46.4285581+00:00" endTime="2025-09-10T18:14:46.4285582+00:00" testType="13cdc9d9-ddb5-4fa4-a97d-d965ccfc6d4b" outcome="Passed" testListId="8c84fa94-04c1-424b-9868-57a2d4851a1d" relativeResultsDirectory="18f96dd5-5335-4c34-9945-6f5bb5a19741" />
[...]
    <TestEntry testId="b1f7f7a9-9f3c-0788-8363-349e751ff986" executionId="e7626a01-69de-4f10-93fc-38bcb16b1bd6" testListId="8c84fa94-04c1-424b-9868-57a2d4851a1d" />
    <TestEntry testId="61de09e0-94b0-9094-bdcf-74e56c5800ed" executionId="4ed54add-2e1a-4b17-8803-d99c7d0ebc1b" testListId="8c84fa94-04c1-424b-9868-57a2d4851a1d" />
    <TestEntry testId="63390816-73a6-312f-e706-2ca3dfa39f0e" executionId="61c81a22-8edc-49fb-aee7-463632eec14a" testListId="8c84fa94-04c1-424b-9868-57a2d4851a1d" />
    <TestEntry testId="29c59d8d-b92b-cfb2-1c78-b6b82406cb09" executionId="bd0de5ce-5537-4667-a150-3f01822d2c58" testListId="8c84fa94-04c1-424b-9868-57a2d4851a1d" />
    <TestEntry testId="517f9dbf-42b8-6c68-c79b-d5d973668018" executionId="feced3a1-cf8c-4eef-8703-8baa3d2d0ee8" testListId="8c84fa94-04c1-424b-9868-57a2d4851a1d" />
    <TestEntry testId="185a6cd6-33af-0e1e-0bd1-2a440f9d65a0" executionId="7a3c97c0-9817-42c9-99d7-3bcee3f4c788" testListId="8c84fa94-04c1-424b-9868-57a2d4851a1d" />
    <TestEntry testId="305d09f5-4e54-c015-79c0-ffb75c48bf18" executionId="510ff12b-b006-44e2-9d71-c0438ab74210" testListId="8c84fa94-04c1-424b-9868-57a2d4851a1d" />
    <TestEntry testId="5586d107-f84a-20c0-07c2-a380e15c327c" executionId="f73683ed-694f-4734-a56a-2eab0a659ea1" testListId="8c84fa94-04c1-424b-9868-57a2d4851a1d" />
    <TestEntry testId="e59f6969-24d1-ee70-57fe-d99344040a63" executionId="c7b57817-a5ef-4f09-8323-48e89873855c" testListId="8c84fa94-04c1-424b-9868-57a2d4851a1d" />
    <TestEntry testId="7bc9b0b3-f390-4717-09ce-b059301b82e1" executionId="3f5d7f7a-1a9c-4a0f-9c4e-d14427bb7591" testListId="8c84fa94-04c1-424b-9868-57a2d4851a1d" />
    <TestEntry testId="0c5da287-efdb-ad86-5a1d-4f909e3eba8c" executionId="9ee64783-1565-4c1c-a4cd-fc4fa38a9085" testListId="8c84fa94-04c1-424b-9868-57a2d4851a1d" />
    <TestEntry testId="c91192db-21fb-4e08-e57b-721298eb140d" executionId="066d909c-f338-4e3c-b129-cb2c9ec7e1ed" testListId="8c84fa94-04c1-424b-9868-57a2d4851a1d" />
    <TestEntry testId="61feef70-4f4a-625c-42d0-d394030d758f" executionId="3acf400e-3732-4e1b-a9e2-2b3f7ed9a3c4" testListId="8c84fa94-04c1-424b-9868-57a2d4851a1d" />
    <TestEntry testId="ec065801-9998-c7ce-5285-3fe14e38cdac" executionId="8103630a-6c5d-4f5d-8403-47ed841f15eb" testListId="8c84fa94-04c1-424b-9868-57a2d4851a1d" />
    <TestEntry testId="7d1b1cf4-8561-5b1e-3cb0-e9438583a7c7" executionId="7657e24e-c234-4b43-adc7-e8ecc1012869" testListId="8c84fa94-04c1-424b-9868-57a2d4851a1d" />
    <TestEntry testId="4331c44f-f3ff-6fce-80db-d30dfc1b0433" executionId="006f740b-f7b3-4afb-a6a8-8aba716a09c4" testListId="8c84fa94-04c1-424b-9868-57a2d4851a1d" />
    <TestEntry testId="d9d0929f-95f9-5181-aa9b-10571d330d53" executionId="be5d90b7-9d17-4268-b621-6be755b2858e" testListId="8c84fa94-04c1-424b-9868-57a2d4851a1d" />
    <TestEntry testId="2cc2759a-0e74-d1e3-53c0-3d706804902c" executionId="cb59be55-bde6-42d5-8057-296dd88db6f6" testListId="8c84fa94-04c1-424b-9868-57a2d4851a1d" />
    <TestEntry testId="9b597749-8f28-5ece-3f0e-b5bb4e23820c" executionId="d48de37f-98e5-4c1d-937c-98c6dddfa2dc" testListId="8c84fa94-04c1-424b-9868-57a2d4851a1d" />
    <TestEntry testId="8c733a46-a4ea-1620-69ec-bdd69e48dc0b" executionId="0372392b-9e9e-4e91-908c-82d4b7167881" testListId="8c84fa94-04c1-424b-9868-57a2d4851a1d" />
    <TestEntry testId="7882d79f-7e75-7cd0-3f6e-4fc087cc8ade" executionId="9d9b3690-d6d9-4d17-bb82-fd39cd0784e9" testListId="8c84fa94-04c1-424b-9868-57a2d4851a1d" />
    <TestEntry testId="65305c54-3e3e-31b1-f5dd-4a4bc66b7c08" executionId="99555d6b-d884-4920-a374-2e4403eecac6" testListId="8c84fa94-04c1-424b-9868-57a2d4851a1d" />
    <TestEntry testId="1d2cb59d-b905-737a-61a2-6d873910d1e1" executionId="946aca38-d556-4ae1-8db7-6a3827f3940b" testListId="8c84fa94-04c1-424b-9868-57a2d4851a1d" />
    <TestEntry testId="b10f5741-388a-3ae9-2087-f07485587a15" executionId="9998db80-9d13-4c5d-9197-6de5283a8f6f" testListId="8c84fa94-04c1-424b-9868-57a2d4851a1d" />
    <TestEntry testId="80f7e275-5c62-bf32-953c-a522d71f0911" executionId="0272b922-8eff-4dff-8943-89735a12463a" testListId="8c84fa94-04c1-424b-9868-57a2d4851a1d" />
    <TestEntry testId="abcb8fa3-cd85-2471-5636-a22af31205a3" executionId="966ec78a-00f3-4383-a987-e1eb7f6fa5e7" testListId="8c84fa94-04c1-424b-9868-57a2d4851a1d" />
    <TestEntry testId="5184c208-ba66-a1eb-00ca-490830c3b61a" executionId="6afc020d-bf1d-42f9-8fe3-22ef1db84a57" testListId="8c84fa94-04c1-424b-9868-57a2d4851a1d" />
    <TestEntry testId="11c53883-3d96-0957-d8a1-9dcf44cb5e78" executionId="d4e60403-8d7e-466a-ae46-02802e4d1b40" testListId="8c84fa94-04c1-424b-9868-57a2d4851a1d" />
    <TestEntry testId="ce73eb79-a497-c2a4-9a02-ef4f9a7168c5" executionId="ddad0843-8596-4560-a352-8b72544019f2" testListId="8c84fa94-04c1-424b-9868-57a2d4851a1d" />
    <TestEntry testId="f2c9e096-86d1-9457-0421-5a040989da55" executionId="1a205ddb-6e59-49ac-bddb-f3e760d63433" testListId="8c84fa94-04c1-424b-9868-57a2d4851a1d" />
    <TestEntry testId="46016c60-0720-f808-02e7-68fa8d4036c4" executionId="86919231-bd92-4fa3-86ec-2d5b630a70b4" testListId="8c84fa94-04c1-424b-9868-57a2d4851a1d" />
    <TestEntry testId="ce19e570-cfff-5516-73c5-0c25670038af" executionId="b7d572ba-c18c-4f74-b3e6-73d5fa33bfae" testListId="8c84fa94-04c1-424b-9868-57a2d4851a1d" />
    <TestEntry testId="44213f5c-f4e3-7f19-6a5d-6c4a3c8d0dec" executionId="92d4bb1f-62f1-4b83-bcf6-e20c54cfa122" testListId="8c84fa94-04c1-424b-9868-57a2d4851a1d" />
    <TestEntry testId="310112f5-4d07-717c-55f6-37a269d700ab" executionId="abcf7a8a-bc50-43b8-9618-753e07421243" testListId="8c84fa94-04c1-424b-9868-57a2d4851a1d" />
    <TestEntry testId="4e409710-7600-d8ec-3aaf-52ff72372913" executionId="5b8e77d9-5d4b-4834-b376-839b2fbc989a" testListId="8c84fa94-04c1-424b-9868-57a2d4851a1d" />
    <TestEntry testId="35d57337-18a5-4629-635a-b25a895ec8a2" executionId="c8bd32e9-c15d-4b6e-82f5-1c3b5c9475da" testListId="8c84fa94-04c1-424b-9868-57a2d4851a1d" />
    <TestEntry testId="3b62dc28-12fd-93fe-6512-390293682652" executionId="5c5f9f82-bb6a-49f3-be2d-7a1e0abd00f4" testListId="8c84fa94-04c1-424b-9868-57a2d4851a1d" />
    <TestEntry testId="df69a92c-44e3-a51a-3c69-97077bc8aa3a" executionId="235533b9-c0d6-415b-b5a6-4ecbaf13dfa3" testListId="8c84fa94-04c1-424b-9868-57a2d4851a1d" />
    <TestEntry testId="51c22198-79c6-8565-1359-1e7a59cd2ad4" executionId="69b53cb4-78b9-43a8-9c6d-9a3924df0de9" testListId="8c84fa94-04c1-424b-9868-57a2d4851a1d" />
    <TestEntry testId="827cffd5-57e2-399d-4e16-80e94a843b77" executionId="e6d0250b-e526-4deb-995a-d03a198dad62" testListId="8c84fa94-04c1-424b-9868-57a2d4851a1d" />
    <TestEntry testId="85f24840-3222-d447-0677-9820b9294533" executionId="ed8f1fdc-462e-4063-abd8-202ba39f4aeb" testListId="8c84fa94-04c1-424b-9868-57a2d4851a1d" />
    <TestEntry testId="1c0d7c7b-e498-3c7a-c145-fce1f6e14e16" executionId="8cbfbd56-b616-44fd-86df-425bfedde857" testListId="8c84fa94-04c1-424b-9868-57a2d4851a1d" />
    <TestEntry testId="99b19fe9-9646-fec1-29a0-b1e5f49baebb" executionId="ee04e3bc-8df3-47e1-90e0-1155dcfd4917" testListId="8c84fa94-04c1-424b-9868-57a2d4851a1d" />
    <TestEntry testId="697a3a18-bb68-1bc4-ecac-a4680501e02f" executionId="565d630f-fd25-411f-bcba-5c5d642d6fb4" testListId="8c84fa94-04c1-424b-9868-57a2d4851a1d" />
    <TestEntry testId="ddea20c7-b2e3-61c7-335c-b2bd52df33d9" executionId="acf98fb0-2580-4659-86d0-5a64a5739e6b" testListId="8c84fa94-04c1-424b-9868-57a2d4851a1d" />
    <TestEntry testId="dfe6a45f-34c2-c767-91dd-1f8de6538cc0" executionId="d45493a5-4f0d-4ae2-acdd-3fd0178f611f" testListId="8c84fa94-04c1-424b-9868-57a2d4851a1d" />
    <TestEntry testId="fb896724-2095-3026-71b5-ad9198efd098" executionId="dc2379e3-5324-43d8-938d-4507eb0e128f" testListId="8c84fa94-04c1-424b-9868-57a2d4851a1d" />
    <TestEntry testId="57fdcf56-cdf1-9f39-baba-1b1c695971d5" executionId="a3e69d10-534c-4735-a8c0-da551033ab71" testListId="8c84fa94-04c1-424b-9868-57a2d4851a1d" />
    <TestEntry testId="0046d277-9b70-8213-d3d2-32e9f1ff9915" executionId="b69cd4ef-8bed-4a6b-bc92-49aa4b0fe49d" testListId="8c84fa94-04c1-424b-9868-57a2d4851a1d" />
    <TestEntry testId="c5847a99-4505-c2ed-d54d-fc269a080b27" executionId="eba49a46-3e6e-4c7d-a92a-5daf36ce3d2e" testListId="8c84fa94-04c1-424b-9868-57a2d4851a1d" />
    <TestEntry testId="1393749b-9888-f339-bbe0-fe7c36d53117" executionId="3fd622d4-a1e5-4948-a851-b5a61ce1e83e" testListId="8c84fa94-04c1-424b-9868-57a2d4851a1d" />
    <TestEntry testId="ee1257ff-a5a9-5181-9e7b-d35ad6e89445" executionId="e5a1c125-7cd4-4844-b45d-dcf0a8ea2291" testListId="8c84fa94-04c1-424b-9868-57a2d4851a1d" />
    <TestEntry testId="5a1b2923-7867-c9d7-9184-902164877e6b" executionId="63bb5490-054b-4bd8-99cd-8110b3ff0bad" testListId="8c84fa94-04c1-424b-9868-57a2d4851a1d" />
    <TestEntry testId="08260a64-8541-0630-0fbb-fef9aaa19f85" executionId="1d58b563-55fd-43ed-9c10-c2af5dcfdd15" testListId="8c84fa94-04c1-424b-9868-57a2d4851a1d" />
    <TestEntry testId="e7727167-90de-6177-0043-c32edeea9377" executionId="d5ddfd20-95bd-4047-a67c-d2fd88071ae3" testListId="8c84fa94-04c1-424b-9868-57a2d4851a1d" />
    <TestEntry testId="4bbe555c-8fb0-44dc-18a4-86549d9ecd64" executionId="4a61e1a9-2642-4150-9371-922801ad0236" testListId="8c84fa94-04c1-424b-9868-57a2d4851a1d" />
    <TestEntry testId="1346760c-63cd-b7f1-1c05-6d40bed27cce" executionId="2bd8c952-e0ee-4511-bd25-51a45527c070" testListId="8c84fa94-04c1-424b-9868-57a2d4851a1d" />
    <TestEntry testId="3d204cd7-14f8-bc71-3ad1-38415f6304bc" executionId="1f5a6153-90a1-4012-bafd-76c987377cfe" testListId="8c84fa94-04c1-424b-9868-57a2d4851a1d" />
    <TestEntry testId="2b789b90-6459-6d41-420f-e5502ba7ca12" executionId="e195d72f-31e1-4081-891a-0b968a9e795d" testListId="8c84fa94-04c1-424b-9868-57a2d4851a1d" />
    <TestEntry testId="93b0e2c3-3a46-c74b-dad5-afcb4f0bfcfa" executionId="ca5a48a2-2c22-4cce-b0a1-8f66597990e1" testListId="8c84fa94-04c1-424b-9868-57a2d4851a1d" />
    <TestEntry testId="dc5f28f7-09cd-2ab7-408b-876a39c8dcda" executionId="f311ec57-48fb-4668-9a8f-140c16515b9e" testListId="8c84fa94-04c1-424b-9868-57a2d4851a1d" />
    <TestEntry testId="5d2b9441-7258-8eb0-806c-14775f849641" executionId="f76e3e7a-c159-493e-8fb3-47e95b6e2e3a" testListId="8c84fa94-04c1-424b-9868-57a2d4851a1d" />
    <TestEntry testId="396d4f9b-ac51-22fa-04b5-9956711699f1" executionId="3c7cf536-3d72-44d0-a3fe-3de61a5af82c" testListId="8c84fa94-04c1-424b-9868-57a2d4851a1d" />
    <TestEntry testId="10354eb4-4c14-dba7-068b-24dcfb475d53" executionId="e16e500a-96af-457c-8ab8-2c153c3cb46e" testListId="8c84fa94-04c1-424b-9868-57a2d4851a1d" />
    <TestEntry testId="f34471f4-815a-4ec3-4038-5fedcb003a99" executionId="3ab0ebda-8e10-4722-b4ee-668d81755e88" testListId="8c84fa94-04c1-424b-9868-57a2d4851a1d" />
    <TestEntry testId="1634510e-087e-a71c-61ba-55901a3677cc" executionId="74f83b08-771b-4832-8d0a-c1928de50536" testListId="8c84fa94-04c1-424b-9868-57a2d4851a1d" />
    <TestEntry testId="dc5b4323-69df-5b53-04b8-b2edd86e4211" executionId="3eacacac-2bc7-4a74-a848-a2ab9f98c410" testListId="8c84fa94-04c1-424b-9868-57a2d4851a1d" />
    <TestEntry testId="fb1e59a0-19c5-d0be-0d94-4bf533d92746" executionId="7d0926c8-ceb1-4748-a2f5-58bb3ca60044" testListId="8c84fa94-04c1-424b-9868-57a2d4851a1d" />
    <TestEntry testId="ddd7ef0f-f8d8-3f23-14c1-c969cc917d3a" executionId="6dfdb8a6-f530-4dc8-a9c9-9609d9aaad22" testListId="8c84fa94-04c1-424b-9868-57a2d4851a1d" />
    <TestEntry testId="5d43f699-35d1-a4da-58e9-d0a22f0dcdd2" executionId="7a564973-2bd2-4544-8613-d8ec3ffea7f4" testListId="8c84fa94-04c1-424b-9868-57a2d4851a1d" />
    <TestEntry testId="b737e5bb-0356-fd2c-e9f5-061fb14537a5" executionId="d017b056-e51e-44ac-b8ac-99d094c8e1c6" testListId="8c84fa94-04c1-424b-9868-57a2d4851a1d" />
    <TestEntry testId="2e93bee1-fb36-0850-7490-5577524da5c2" executionId="3d3af53a-73c6-49e8-804a-e5b03a18cf7e" testListId="8c84fa94-04c1-424b-9868-57a2d4851a1d" />
    <TestEntry testId="d3a4b1bb-6aeb-d30b-4b3c-0f1cdc5eac6e" executionId="31e04a9b-4d9c-4a5b-9864-6fe929a45ae7" testListId="8c84fa94-04c1-424b-9868-57a2d4851a1d" />
    <TestEntry testId="6d9ecacc-771f-c0f8-81b8-e7f5f5ecfa5f" executionId="15fd8bf8-c375-49b0-8a17-c532abaac7aa" testListId="8c84fa94-04c1-424b-9868-57a2d4851a1d" />
    <TestEntry testId="3f5baae7-b2ef-0a09-bc51-f8b04a3acced" executionId="56962bd0-a190-4507-a1e7-b8fa91f8412d" testListId="8c84fa94-04c1-424b-9868-57a2d4851a1d" />
    <TestEntry testId="a6b1c1b8-42d6-da05-0367-8e170c8545bb" executionId="3203b93f-9311-4c71-9bf8-42d7feb99740" testListId="8c84fa94-04c1-424b-9868-57a2d4851a1d" />
    <TestEntry testId="7af06183-9c70-25ca-b4dd-507d650d671c" executionId="b19ff552-56d2-4a6e-99cb-ee0a62e3e71f" testListId="8c84fa94-04c1-424b-9868-57a2d4851a1d" />
    <TestEntry testId="994b105a-2d3c-5d2b-62ff-1c998f53f588" executionId="eebe9ff9-349a-4410-9e88-2e0b516b36a5" testListId="8c84fa94-04c1-424b-9868-57a2d4851a1d" />
    <TestEntry testId="59d49ae8-fe17-c8a4-30e6-e31bf9671e6d" executionId="ff0c9dd7-d95c-4df8-9be8-6e7b73453cf0" testListId="8c84fa94-04c1-424b-9868-57a2d4851a1d" />
    <TestEntry testId="1ccac014-6a4c-a22a-90fa-db21298e0651" executionId="71e4ead0-f678-4396-abc2-fdb2656250ab" testListId="8c84fa94-04c1-424b-9868-57a2d4851a1d" />
    <TestEntry testId="78d335ed-d8a0-4e68-1b07-0e64ec6fcf01" executionId="99a2372f-a4c1-44e4-9a15-40db3ec5d361" testListId="8c84fa94-04c1-424b-9868-57a2d4851a1d" />
    <TestEntry testId="49d22b5a-8a11-c5d8-4359-de2ffd90b380" executionId="6289711c-de09-43ac-afdd-34c7ddde3cdb" testListId="8c84fa94-04c1-424b-9868-57a2d4851a1d" />
    <TestEntry testId="ce7424f3-8800-2916-ce22-d9c4a6a2d917" executionId="e7855033-4805-4989-8dd0-60e1c0470505" testListId="8c84fa94-04c1-424b-9868-57a2d4851a1d" />
    <TestEntry testId="42b838e4-a515-a0a8-9201-8a5607fcd950" executionId="8ed6f51e-8aad-4a2c-af3c-0c19920447db" testListId="8c84fa94-04c1-424b-9868-57a2d4851a1d" />
    <TestEntry testId="d6582cc4-f5d7-7ddd-419a-8856fe5530f3" executionId="a5168989-10f4-451f-95e9-8e51d528dfc7" testListId="8c84fa94-04c1-424b-9868-57a2d4851a1d" />
    <TestEntry testId="61590a98-8800-c63c-636c-5d74543a54c1" executionId="48559676-51dc-4b06-a7fc-b7acdabc8046" testListId="8c84fa94-04c1-424b-9868-57a2d4851a1d" />
    <TestEntry testId="f4c9aa46-811a-389b-d744-72a428dee7d2" executionId="585e581c-71ef-49b7-99fd-53dbfc133f9b" testListId="8c84fa94-04c1-424b-9868-57a2d4851a1d" />
    <TestEntry testId="73d0473b-eb3b-71b8-da90-00961c42343e" executionId="3a5176b1-35dc-480f-9e2d-b0c7396ab543" testListId="8c84fa94-04c1-424b-9868-57a2d4851a1d" />
    <TestEntry testId="d1c2a2fd-4568-2e97-946f-7480ea03bef1" executionId="21dc8ad2-5dbb-4be6-8566-f8a17bacb588" testListId="8c84fa94-04c1-424b-9868-57a2d4851a1d" />
    <TestEntry testId="08a9b593-cfee-9bdf-6d80-833bb0b65ba9" executionId="296292bf-7775-4942-9313-8651f44f93bc" testListId="8c84fa94-04c1-424b-9868-57a2d4851a1d" />
    <TestEntry testId="0bff2ecc-4f41-029d-f57b-08de3b707d06" executionId="75719357-bb8f-4f8d-ad24-0bb8989a0e15" testListId="8c84fa94-04c1-424b-9868-57a2d4851a1d" />
    <TestEntry testId="9ad59ac2-75e0-43fa-c7a4-360f06bdf706" executionId="85bca2ec-fdb2-4873-8928-03732d4bbd1e" testListId="8c84fa94-04c1-424b-9868-57a2d4851a1d" />
    <TestEntry testId="ad4bf482-4b9d-1c7e-1b22-27f5b448acad" executionId="2d2f82be-240c-4f52-9bc9-4cb29900ed54" testListId="8c84fa94-04c1-424b-9868-57a2d4851a1d" />
    <TestEntry testId="6a32519d-0b48-1a74-f23b-101b1449f4f4" executionId="da958048-721b-4cef-90a7-be90f626a6ae" testListId="8c84fa94-04c1-424b-9868-57a2d4851a1d" />
    <TestEntry testId="18fd69b0-d054-4b67-4fab-caa28c12efff" executionId="a2b902c1-fe78-45ff-b55c-07569f16409a" testListId="8c84fa94-04c1-424b-9868-57a2d4851a1d" />
    <TestEntry testId="f33495c4-e0d0-5acc-0d2f-99762039f6f2" executionId="b5d7deaa-f7ea-491c-bb1f-43014a81ebfe" testListId="8c84fa94-04c1-424b-9868-57a2d4851a1d" />
    <TestEntry testId="6acfe581-a1ff-0243-6a25-fa30ab98af8f" executionId="e6db978c-8add-43f9-9ec6-dcc89690f5b1" testListId="8c84fa94-04c1-424b-9868-57a2d4851a1d" />
    <TestEntry testId="4bb73173-b83c-b642-8102-032feaeaf8ff" executionId="55a6cb6f-fef6-4ad8-95ed-44bcd8bd9870" testListId="8c84fa94-04c1-424b-9868-57a2d4851a1d" />
    <TestEntry testId="57048c9f-2c1b-ae85-11e6-989795af7a80" executionId="648c1f34-6ece-4bd7-bb55-787a173ef213" testListId="8c84fa94-04c1-424b-9868-57a2d4851a1d" />
    <TestEntry testId="7ae16dcf-6b89-2e79-9d90-4b5fa9ac7af9" executionId="b863f146-5a91-40dc-9191-9528f01a5aec" testListId="8c84fa94-04c1-424b-9868-57a2d4851a1d" />
    <TestEntry testId="0c283173-5d83-3aa6-5e6a-5b618b66073f" executionId="bc7a813b-b811-45f3-a727-2fdc1f5c42a7" testListId="8c84fa94-04c1-424b-9868-57a2d4851a1d" />
    <TestEntry testId="a6b7ec4e-8439-0e75-5dff-9c306313533e" executionId="ab36f9fe-19ed-4f82-845e-de67f0ae8711" testListId="8c84fa94-04c1-424b-9868-57a2d4851a1d" />
    <TestEntry testId="b8a41320-c868-9123-86b4-03e71d0ff6ef" executionId="1ce61c56-ca88-4a9f-ac21-c63a28916ca4" testListId="8c84fa94-04c1-424b-9868-57a2d4851a1d" />
    <TestEntry testId="e6b5dbec-3ede-e88e-98ad-309ef50c1b15" executionId="5de34990-30bc-4c28-a622-5153a7e77233" testListId="8c84fa94-04c1-424b-9868-57a2d4851a1d" />
    <TestEntry testId="0161b4d2-48af-5756-816a-41884dcebe59" executionId="ae669d8c-cf02-4846-b94c-02acf6ea7530" testListId="8c84fa94-04c1-424b-9868-57a2d4851a1d" />
    <TestEntry testId="75db6be7-a24b-fda6-3919-e716d174ed3d" executionId="ce2783ed-8df0-4018-a0e0-89c744b875d5" testListId="8c84fa94-04c1-424b-9868-57a2d4851a1d" />
    <TestEntry testId="a7aa3cc0-0ea1-3d0c-3a62-ac5a405bf34e" executionId="58ce415a-52fc-44c1-94c9-4ca15c3f5a3c" testListId="8c84fa94-04c1-424b-9868-57a2d4851a1d" />
    <TestEntry testId="8a64a4c9-65f1-e14d-6fbe-7d49565403f4" executionId="34bb43b8-9d54-4144-83a3-36ec5c3a2a6d" testListId="8c84fa94-04c1-424b-9868-57a2d4851a1d" />
    <TestEntry testId="878dbf6d-4718-3010-2956-9a909a749d2f" executionId="41f76e06-eadd-4f26-ab06-9dcff01ad7b0" testListId="8c84fa94-04c1-424b-9868-57a2d4851a1d" />
    <TestEntry testId="231e01f7-8ce3-c622-6ddb-f4a558f73635" executionId="2e225f25-1b0a-48ea-b805-04bef333cb3f" testListId="8c84fa94-04c1-424b-9868-57a2d4851a1d" />
    <TestEntry testId="2582410d-2726-a653-733b-0912934edde4" executionId="9a7f0641-4e41-4ea5-822c-4c10b74571ea" testListId="8c84fa94-04c1-424b-9868-57a2d4851a1d" />
    <TestEntry testId="46a7f553-bbcf-0c84-0101-71d2924c06c9" executionId="2c7365a7-b5dd-4614-b593-a35f1d2975af" testListId="8c84fa94-04c1-424b-9868-57a2d4851a1d" />
    <TestEntry testId="7f31b8c1-231f-a39c-8870-f0d4abe51343" executionId="84efe118-4103-415b-98dc-4392f7d4306c" testListId="8c84fa94-04c1-424b-9868-57a2d4851a1d" />
    <TestEntry testId="0a4fef64-4b22-b6e1-3068-172d5dc1b64f" executionId="bd5699fe-89ca-40d3-b399-52380a1b8d5d" testListId="8c84fa94-04c1-424b-9868-57a2d4851a1d" />
    <TestEntry testId="d2d2f826-9cbd-9c14-4121-a07b2094c76e" executionId="9c2cba74-235e-45a2-8729-1ac8c6f2e18b" testListId="8c84fa94-04c1-424b-9868-57a2d4851a1d" />
  </TestEntries>
  <TestLists>
    <TestList name="Results Not in a List" id="8c84fa94-04c1-424b-9868-57a2d4851a1d" />
    <TestList name="All Loaded Results" id="19431567-8539-422a-85d7-44ee4e166bda" />
  </TestLists>
  <ResultSummary outcome="Completed">
    <Counters total="328" executed="328" passed="328" failed="0" error="0" timeout="0" aborted="0" inconclusive="0" passedButRunAborted="0" notRunnable="0" notExecuted="0" disconnected="0" warning="0" completed="0" inProgress="0" pending="0" />
    <Output>
      <StdOut>[xUnit.net 00:00:00.00] xUnit.net VSTest Adapter v2.4.5+1caef2f33e (64-bit .NET 8.0.19)
[xUnit.net 00:00:01.25]   Discovering: BuckScience.Tests
[xUnit.net 00:00:01.36]   Discovered:  BuckScience.Tests
[xUnit.net 00:00:01.37]   Starting:    BuckScience.Tests
[xUnit.net 00:00:02.99]   Finished:    BuckScience.Tests
</StdOut>
    </Output>
  </ResultSummary>
</TestRun>