<?xml version="1.0" encoding="utf-8"?>
<TestRun id="c5c4cab9-3b82-49d0-a108-274080ab0659" name="@runnervmf4ws1 2025-09-10 21:38:46" xmlns="http://microsoft.com/schemas/VisualStudio/TeamTest/2010">
  <Times creation="2025-09-10T21:38:46.2757999+00:00" queuing="2025-09-10T21:38:46.2758000+00:00" start="2025-09-10T21:38:44.7285462+00:00" finish="2025-09-10T21:38:47.6814536+00:00" />
  <TestSettings name="default" id="6f639b5a-90b8-400b-af01-5e0dab3f6796">
    <Deployment runDeploymentRoot="_runnervmf4ws1_2025-09-10_21_38_46" />
  </TestSettings>
  <Results>
    <UnitTestResult executionId="41fc23d7-d033-47b1-840f-ab7c470dafa8" testId="dc5b4323-69df-5b53-04b8-b2edd86e4211" testName="BuckScience.Tests.TagCleanupTests.RemoveTagFromPhotos_ShouldKeepTagAndPropertyTag_WhenUsedOnOtherProperties" computerName="runnervmf4ws1" duration="00:00:00.0404078" startTime="2025-09-10T21:38:47.4935323+00:00" endTime="2025-09-10T21:38:47.4935325+00:00" testType="13cdc9d9-ddb5-4fa4-a97d-d965ccfc6d4b" outcome="Passed" testListId="8c84fa94-04c1-424b-9868-57a2d4851a1d" relativeResultsDirectory="41fc23d7-d033-47b1-840f-ab7c470dafa8" />
    <UnitTestResult executionId="8e4e5f16-df55-4c1d-982a-ba5cb743960d" testId="d781b83d-5216-d63d-acc7-8c5d47cd7ccf" testName="BuckScience.Tests.CameraCreateVmTests.CameraCreateVm_DirectionSync_ShouldWorkForAllDirections(direction: W, expectedDegrees: 270)" computerName="runnervmf4ws1" duration="00:00:00.0000044" startTime="2025-09-10T21:38:47.1835183+00:00" endTime="2025-09-10T21:38:47.1835184+00:00" testType="13cdc9d9-ddb5-4fa4-a97d-d965ccfc6d4b" outcome="Passed" testListId="8c84fa94-04c1-424b-9868-57a2d4851a1d" relativeResultsDirectory="8e4e5f16-df55-4c1d-982a-ba5cb743960d" />
    <UnitTestResult executionId="0a9d3072-4e5e-4309-95c1-674f3f507094" testId="f2a53262-1031-8641-ce23-2061a5c39410" testName="BuckScience.Tests.TaggingSystemTests.GetOrCreateTag_ShouldThrowException_WhenTagNameIsInvalid(invalidTagName: &quot;&quot;)" computerName="runnervmf4ws1" duration="00:00:00.0011900" startTime="2025-09-10T21:38:47.5112446+00:00" endTime="2025-09-10T21:38:47.5112448+00:00" testType="13cdc9d9-ddb5-4fa4-a97d-d965ccfc6d4b" outcome="Passed" testListId="8c84fa94-04c1-424b-9868-57a2d4851a1d" relativeResultsDirectory="0a9d3072-4e5e-4309-95c1-674f3f507094" />
    <UnitTestResult executionId="3aba5293-8704-4b26-a5c9-be3e196837ab" testId="4e68cf9a-2a3a-1e07-4a4f-0cf27d8d2bbb" testName="BuckScience.Tests.FeatureHelperTests.GetCategoryName_ShouldReturnCorrectCategoryNames" computerName="runnervmf4ws1" duration="00:00:00.0041015" startTime="2025-09-10T21:38:46.2350752+00:00" endTime="2025-09-10T21:38:46.2350753+00:00" testType="13cdc9d9-ddb5-4fa4-a97d-d965ccfc6d4b" outcome="Passed" testListId="8c84fa94-04c1-424b-9868-57a2d4851a1d" relativeResultsDirectory="3aba5293-8704-4b26-a5c9-be3e196837ab" />
    <UnitTestResult executionId="8eb0d558-1a51-4c0f-a2a3-b9e589397826" testId="ddd7ef0f-f8d8-3f23-14c1-c969cc917d3a" testName="BuckScience.Tests.TaggingRequirementsTests.Requirement2_NewTagCreation_ShouldBeSupported" computerName="runnervmf4ws1" duration="00:00:00.0149712" startTime="2025-09-10T21:38:47.4648776+00:00" endTime="2025-09-10T21:38:47.4648777+00:00" testType="13cdc9d9-ddb5-4fa4-a97d-d965ccfc6d4b" outcome="Passed" testListId="8c84fa94-04c1-424b-9868-57a2d4851a1d" relativeResultsDirectory="8eb0d558-1a51-4c0f-a2a3-b9e589397826" />
    <UnitTestResult executionId="6b77d6aa-463e-49d4-b332-3b79a1eac1f7" testId="c005721b-05db-8d7a-5eea-e90626721b80" testName="BuckScience.Tests.Web.Helpers.WeatherHelpersTests.ConvertWindDirectionTextToNumeric_ValidDirections_ReturnsCorrectDegrees(direction: &quot;SW&quot;, expected: 225)" computerName="runnervmf4ws1" duration="00:00:00.0000080" startTime="2025-09-10T21:38:47.1610249+00:00" endTime="2025-09-10T21:38:47.1610250+00:00" testType="13cdc9d9-ddb5-4fa4-a97d-d965ccfc6d4b" outcome="Passed" testListId="8c84fa94-04c1-424b-9868-57a2d4851a1d" relativeResultsDirectory="6b77d6aa-463e-49d4-b332-3b79a1eac1f7" />
    <UnitTestResult executionId="93a6f824-3287-4240-9d43-35b287820e9d" testId="87e55bdd-4276-ed24-3a0c-df1323a9e2c9" testName="BuckScience.Tests.DirectionHelperTests.ToFloat_ShouldReturnCorrectDegrees(direction: S, expectedDegrees: 180)" computerName="runnervmf4ws1" duration="00:00:00.0002794" startTime="2025-09-10T21:38:47.2148270+00:00" endTime="2025-09-10T21:38:47.2148271+00:00" testType="13cdc9d9-ddb5-4fa4-a97d-d965ccfc6d4b" outcome="Passed" testListId="8c84fa94-04c1-424b-9868-57a2d4851a1d" relativeResultsDirectory="93a6f824-3287-4240-9d43-35b287820e9d" />
    <UnitTestResult executionId="3f34184c-4a98-4855-a9b8-2ee8bc4a4ed1" testId="08ddb4d1-1ea9-4a39-f70b-490a5dd2fdfe" testName="BuckScience.Tests.Domain.FeatureWeightTests.FeatureWeightHelper_GetDefaultWeight_ReturnsExpectedValues(type: BeddingArea, expectedWeight: 0.899999976)" computerName="runnervmf4ws1" duration="00:00:00.0000053" startTime="2025-09-10T21:38:47.5263031+00:00" endTime="2025-09-10T21:38:47.5263032+00:00" testType="13cdc9d9-ddb5-4fa4-a97d-d965ccfc6d4b" outcome="Passed" testListId="8c84fa94-04c1-424b-9868-57a2d4851a1d" relativeResultsDirectory="3f34184c-4a98-4855-a9b8-2ee8bc4a4ed1" />
    <UnitTestResult executionId="f349afb0-4cee-4a4b-aa5c-19e0ab71b3f2" testId="e59ff618-3ced-6a2f-d01c-20262e337085" testName="BuckScience.Tests.DirectionHelperTests.FromFloat_ShouldFindClosestDirection(degrees: 68, expectedDirection: E)" computerName="runnervmf4ws1" duration="00:00:00.0000104" startTime="2025-09-10T21:38:47.2191783+00:00" endTime="2025-09-10T21:38:47.2191784+00:00" testType="13cdc9d9-ddb5-4fa4-a97d-d965ccfc6d4b" outcome="Passed" testListId="8c84fa94-04c1-424b-9868-57a2d4851a1d" relativeResultsDirectory="f349afb0-4cee-4a4b-aa5c-19e0ab71b3f2" />
    <UnitTestResult executionId="0b57eadb-4221-4f2b-a741-7dd1a94496fe" testId="a4c9dc78-d66c-c69a-90ef-d545d65a1a43" testName="BuckScience.Tests.Web.Helpers.WeatherHelpersTests.ConvertWindDirectionTextToNumeric_ValidDirections_ReturnsCorrectDegrees(direction: &quot;E&quot;, expected: 90)" computerName="runnervmf4ws1" duration="00:00:00.0000095" startTime="2025-09-10T21:38:47.1611866+00:00" endTime="2025-09-10T21:38:47.1611866+00:00" testType="13cdc9d9-ddb5-4fa4-a97d-d965ccfc6d4b" outcome="Passed" testListId="8c84fa94-04c1-424b-9868-57a2d4851a1d" relativeResultsDirectory="0b57eadb-4221-4f2b-a741-7dd1a94496fe" />
    <UnitTestResult executionId="48057948-6b0a-41e1-a62e-f743b4a90083" testId="a6b7ec4e-8439-0e75-5dff-9c306313533e" testName="BuckScience.Tests.Domain.PropertySeasonMonthsOverrideTests.PropertySeasonMonthsOverride_Constructor_WithNullMonths_ThrowsArgumentNullException" computerName="runnervmf4ws1" duration="00:00:00.0003512" startTime="2025-09-10T21:38:47.5647892+00:00" endTime="2025-09-10T21:38:47.5647893+00:00" testType="13cdc9d9-ddb5-4fa4-a97d-d965ccfc6d4b" outcome="Passed" testListId="8c84fa94-04c1-424b-9868-57a2d4851a1d" relativeResultsDirectory="48057948-6b0a-41e1-a62e-f743b4a90083" />
    <UnitTestResult executionId="26f51398-0f89-4f94-9f8a-eaab27d2e353" testId="65305c54-3e3e-31b1-f5dd-4a4bc66b7c08" testName="BuckScience.Tests.CameraCreateVmTests.CameraCreateVm_ShouldIncludePropertyCoordinates" computerName="runnervmf4ws1" duration="00:00:00.0010370" startTime="2025-09-10T21:38:47.1840100+00:00" endTime="2025-09-10T21:38:47.1840101+00:00" testType="13cdc9d9-ddb5-4fa4-a97d-d965ccfc6d4b" outcome="Passed" testListId="8c84fa94-04c1-424b-9868-57a2d4851a1d" relativeResultsDirectory="26f51398-0f89-4f94-9f8a-eaab27d2e353" />
    <UnitTestResult executionId="e4b31057-2bc2-48ec-b023-b08ee763c789" testId="3e754e7c-3120-cf7a-7a68-ce1c9a477533" testName="BuckScience.Tests.CameraCreateVmTests.CameraCreateVm_DirectionSync_ShouldWorkForAllDirections(direction: NE, expectedDegrees: 45)" computerName="runnervmf4ws1" duration="00:00:00.0000047" startTime="2025-09-10T21:38:47.1837013+00:00" endTime="2025-09-10T21:38:47.1837013+00:00" testType="13cdc9d9-ddb5-4fa4-a97d-d965ccfc6d4b" outcome="Passed" testListId="8c84fa94-04c1-424b-9868-57a2d4851a1d" relativeResultsDirectory="e4b31057-2bc2-48ec-b023-b08ee763c789" />
    <UnitTestResult executionId="fda82baa-a26a-4e14-8b12-fe728f1749f3" testId="23376aab-8018-81b3-8b3c-57bc8b0141ed" testName="BuckScience.Tests.Application.Profiles.ProfileCrudTests.UpdateProfile_ValidData_UpdatesProfile" computerName="runnervmf4ws1" duration="00:00:00.0261963" startTime="2025-09-10T21:38:47.5524571+00:00" endTime="2025-09-10T21:38:47.5524574+00:00" testType="13cdc9d9-ddb5-4fa4-a97d-d965ccfc6d4b" outcome="Passed" testListId="8c84fa94-04c1-424b-9868-57a2d4851a1d" relativeResultsDirectory="fda82baa-a26a-4e14-8b12-fe728f1749f3" />
    <UnitTestResult executionId="451d0b96-b5e6-4958-a922-0c1fd0fcf91e" testId="c32ae7c7-19e6-4795-4595-b867002163f4" testName="BuckScience.Tests.TagCleanupTests.RemoveTagFromPhotos_ShouldNotRemoveDefaultTag_EvenWhenUnused" computerName="runnervmf4ws1" duration="00:00:00.0842898" startTime="2025-09-10T21:38:47.4530496+00:00" endTime="2025-09-10T21:38:47.4530497+00:00" testType="13cdc9d9-ddb5-4fa4-a97d-d965ccfc6d4b" outcome="Passed" testListId="8c84fa94-04c1-424b-9868-57a2d4851a1d" relativeResultsDirectory="451d0b96-b5e6-4958-a922-0c1fd0fcf91e" />
    <UnitTestResult executionId="c648b99f-aa26-4dd4-99a2-19f2dfd7ba1f" testId="b7a065c7-7a2e-0d14-6498-b30f746da816" testName="BuckScience.Tests.DirectionHelperTests.ToFloat_ShouldReturnCorrectDegrees(direction: E, expectedDegrees: 90)" computerName="runnervmf4ws1" duration="00:00:00.0001238" startTime="2025-09-10T21:38:47.2147700+00:00" endTime="2025-09-10T21:38:47.2147700+00:00" testType="13cdc9d9-ddb5-4fa4-a97d-d965ccfc6d4b" outcome="Passed" testListId="8c84fa94-04c1-424b-9868-57a2d4851a1d" relativeResultsDirectory="c648b99f-aa26-4dd4-99a2-19f2dfd7ba1f" />
    <UnitTestResult executionId="d6b088dc-aab4-42d4-adf3-5e5622e8a842" testId="531c078f-331c-97b0-43b5-206453bfc074" testName="BuckScience.Tests.Domain.FeatureWeightTests.FeatureWeightHelper_GetDisplayName_ReturnsReadableNames" computerName="runnervmf4ws1" duration="00:00:00.0005661" startTime="2025-09-10T21:38:47.5393647+00:00" endTime="2025-09-10T21:38:47.5393648+00:00" testType="13cdc9d9-ddb5-4fa4-a97d-d965ccfc6d4b" outcome="Passed" testListId="8c84fa94-04c1-424b-9868-57a2d4851a1d" relativeResultsDirectory="d6b088dc-aab4-42d4-adf3-5e5622e8a842" />
    <UnitTestResult executionId="59a5ea24-a475-4b8a-92a0-d0f7870036e7" testId="bcc4ea35-2128-3f0c-9022-a8e4dbbfeab6" testName="BuckScience.Tests.Application.PropertyFeatureApplicationTests.UpdatePropertyFeature_WithWeight_UpdatesWeight" computerName="runnervmf4ws1" duration="00:00:00.0289958" startTime="2025-09-10T21:38:47.4396327+00:00" endTime="2025-09-10T21:38:47.4396328+00:00" testType="13cdc9d9-ddb5-4fa4-a97d-d965ccfc6d4b" outcome="Passed" testListId="8c84fa94-04c1-424b-9868-57a2d4851a1d" relativeResultsDirectory="59a5ea24-a475-4b8a-92a0-d0f7870036e7" />
    <UnitTestResult executionId="9c9939c8-7bf3-4ce6-9d1d-34294cba38b2" testId="7ae16dcf-6b89-2e79-9d90-4b5fa9ac7af9" testName="BuckScience.Tests.Domain.FeatureWeightTests.FeatureWeight_UpdateUserWeight_UpdatesValueAndTimestamp" computerName="runnervmf4ws1" duration="00:00:00.0104616" startTime="2025-09-10T21:38:47.5368401+00:00" endTime="2025-09-10T21:38:47.5368404+00:00" testType="13cdc9d9-ddb5-4fa4-a97d-d965ccfc6d4b" outcome="Passed" testListId="8c84fa94-04c1-424b-9868-57a2d4851a1d" relativeResultsDirectory="9c9939c8-7bf3-4ce6-9d1d-34294cba38b2" />
    <UnitTestResult executionId="d1b6958d-4184-4e71-8a93-6d301f45c03a" testId="6acfe581-a1ff-0243-6a25-fa30ab98af8f" testName="BuckScience.Tests.FeatureHelperTests.GetCategory_ShouldReturnCorrectCategoryForFoodResources" computerName="runnervmf4ws1" duration="00:00:00.0002010" startTime="2025-09-10T21:38:46.2349219+00:00" endTime="2025-09-10T21:38:46.2349220+00:00" testType="13cdc9d9-ddb5-4fa4-a97d-d965ccfc6d4b" outcome="Passed" testListId="8c84fa94-04c1-424b-9868-57a2d4851a1d" relativeResultsDirectory="d1b6958d-4184-4e71-8a93-6d301f45c03a" />
    <UnitTestResult executionId="5cf31f9a-4318-4d0d-aea9-54e802799763" testId="dfe6a45f-34c2-c767-91dd-1f8de6538cc0" testName="BuckScience.Tests.Web.Helpers.WeatherHelpersTests.ConvertMoonPhaseTextToNumeric_ValidText_ReturnsCorrectValue(text: &quot;Waning Crescent&quot;, expected: 0.875)" computerName="runnervmf4ws1" duration="00:00:00.0001822" startTime="2025-09-10T21:38:47.1620577+00:00" endTime="2025-09-10T21:38:47.1620578+00:00" testType="13cdc9d9-ddb5-4fa4-a97d-d965ccfc6d4b" outcome="Passed" testListId="8c84fa94-04c1-424b-9868-57a2d4851a1d" relativeResultsDirectory="5cf31f9a-4318-4d0d-aea9-54e802799763" />
    <UnitTestResult executionId="40a7c14a-6425-43a4-b545-b743a4941bda" testId="877174d0-c487-453a-b8ad-4f52137508be" testName="BuckScience.Tests.PhotoFiltersTests.PhotoFilters_HasWeatherFilters_ReturnsTrueWhenConditionsFilterSet" computerName="runnervmf4ws1" duration="00:00:00.0067301" startTime="2025-09-10T21:38:46.1676342+00:00" endTime="2025-09-10T21:38:46.1676343+00:00" testType="13cdc9d9-ddb5-4fa4-a97d-d965ccfc6d4b" outcome="Passed" testListId="8c84fa94-04c1-424b-9868-57a2d4851a1d" relativeResultsDirectory="40a7c14a-6425-43a4-b545-b743a4941bda" />
    <UnitTestResult executionId="0d47e263-c612-4382-b57f-a60a3bc84916" testId="8d324366-3662-08e0-9537-a5a51d46bda5" testName="BuckScience.Tests.Web.Helpers.WeatherHelpersTests.ConvertMoonPhaseToText_VariousValues_ReturnsCorrectText(phase: 0.5, expected: &quot;Full Moon&quot;)" computerName="runnervmf4ws1" duration="00:00:00.0000029" startTime="2025-09-10T21:38:47.1544094+00:00" endTime="2025-09-10T21:38:47.1544095+00:00" testType="13cdc9d9-ddb5-4fa4-a97d-d965ccfc6d4b" outcome="Passed" testListId="8c84fa94-04c1-424b-9868-57a2d4851a1d" relativeResultsDirectory="0d47e263-c612-4382-b57f-a60a3bc84916" />
    <UnitTestResult executionId="4b03fd0d-a90b-4c9c-9205-00cb10384f09" testId="9f164cb9-b0ee-2833-0b35-619b21bae903" testName="BuckScience.Tests.Web.Helpers.WeatherHelpersTests.ConvertWindDirectionToText_VariousAngles_ReturnsCorrectDirection(degrees: 348.74000000000001, expected: &quot;NNW&quot;)" computerName="runnervmf4ws1" duration="00:00:00.0000043" startTime="2025-09-10T21:38:47.1587218+00:00" endTime="2025-09-10T21:38:47.1587219+00:00" testType="13cdc9d9-ddb5-4fa4-a97d-d965ccfc6d4b" outcome="Passed" testListId="8c84fa94-04c1-424b-9868-57a2d4851a1d" relativeResultsDirectory="4b03fd0d-a90b-4c9c-9205-00cb10384f09" />
    <UnitTestResult executionId="892005ee-5488-42f6-970a-f789debeef37" testId="29c59d8d-b92b-cfb2-1c78-b6b82406cb09" testName="BuckScience.Tests.Domain.SeasonExtensionsTests.GetDefaultMonths_ReturnsArrayCopy_PreventsMutation" computerName="runnervmf4ws1" duration="00:00:00.0003770" startTime="2025-09-10T21:38:47.2361149+00:00" endTime="2025-09-10T21:38:47.2361151+00:00" testType="13cdc9d9-ddb5-4fa4-a97d-d965ccfc6d4b" outcome="Passed" testListId="8c84fa94-04c1-424b-9868-57a2d4851a1d" relativeResultsDirectory="892005ee-5488-42f6-970a-f789debeef37" />
    <UnitTestResult executionId="0ff15835-cc92-4b10-8afa-39e1e98eb27a" testId="d1c2a2fd-4568-2e97-946f-7480ea03bef1" testName="BuckScience.Tests.FeatureHelperTests.GetFeatureName_ShouldReturnCorrectDisplayNames" computerName="runnervmf4ws1" duration="00:00:00.0003856" startTime="2025-09-10T21:38:46.2359587+00:00" endTime="2025-09-10T21:38:46.2359588+00:00" testType="13cdc9d9-ddb5-4fa4-a97d-d965ccfc6d4b" outcome="Passed" testListId="8c84fa94-04c1-424b-9868-57a2d4851a1d" relativeResultsDirectory="0ff15835-cc92-4b10-8afa-39e1e98eb27a" />
    <UnitTestResult executionId="cbc94802-0b6b-4703-a178-fddcbc51a406" testId="b6a182bd-655d-0c92-283a-3c75d3d71c02" testName="BuckScience.Tests.Application.PropertyFeatureApplicationTests.ListPropertyFeatures_ReturnsWeightsCorrectly" computerName="runnervmf4ws1" duration="00:00:00.0265036" startTime="2025-09-10T21:38:47.4751274+00:00" endTime="2025-09-10T21:38:47.4751275+00:00" testType="13cdc9d9-ddb5-4fa4-a97d-d965ccfc6d4b" outcome="Passed" testListId="8c84fa94-04c1-424b-9868-57a2d4851a1d" relativeResultsDirectory="cbc94802-0b6b-4703-a178-fddcbc51a406" />
    <UnitTestResult executionId="c256d9ab-a6e4-4915-9338-ccf453e87dde" testId="57fdcf56-cdf1-9f39-baba-1b1c695971d5" testName="BuckScience.Tests.Web.Helpers.WeatherHelpersTests.ConvertWindDirectionTextToNumeric_CaseInsensitive_Works" computerName="runnervmf4ws1" duration="00:00:00.0002281" startTime="2025-09-10T21:38:47.1659292+00:00" endTime="2025-09-10T21:38:47.1659294+00:00" testType="13cdc9d9-ddb5-4fa4-a97d-d965ccfc6d4b" outcome="Passed" testListId="8c84fa94-04c1-424b-9868-57a2d4851a1d" relativeResultsDirectory="c256d9ab-a6e4-4915-9338-ccf453e87dde" />
    <UnitTestResult executionId="ed797723-a1ca-4b72-811c-3bebaa4c5c67" testId="f950f79e-ba5e-b1e8-b4c0-7c88acd39e8b" testName="BuckScience.Tests.CameraCreateVmTests.CameraCreateVm_DirectionSync_ShouldWorkForAllDirections(direction: SE, expectedDegrees: 135)" computerName="runnervmf4ws1" duration="00:00:00.0002562" startTime="2025-09-10T21:38:47.1827208+00:00" endTime="2025-09-10T21:38:47.1827210+00:00" testType="13cdc9d9-ddb5-4fa4-a97d-d965ccfc6d4b" outcome="Passed" testListId="8c84fa94-04c1-424b-9868-57a2d4851a1d" relativeResultsDirectory="ed797723-a1ca-4b72-811c-3bebaa4c5c67" />
    <UnitTestResult executionId="08654b27-8030-4772-9349-7a504e175fe1" testId="188163b5-3a99-e726-205c-6b6fc846baac" testName="BuckScience.Tests.PhotoGroupingTests.PhotoGrouping_ShouldGroupByMonthYear_Ascending" computerName="runnervmf4ws1" duration="00:00:00.0019576" startTime="2025-09-10T21:38:47.1486199+00:00" endTime="2025-09-10T21:38:47.1486200+00:00" testType="13cdc9d9-ddb5-4fa4-a97d-d965ccfc6d4b" outcome="Passed" testListId="8c84fa94-04c1-424b-9868-57a2d4851a1d" relativeResultsDirectory="08654b27-8030-4772-9349-7a504e175fe1" />
    <UnitTestResult executionId="541a6e01-5724-45b0-9b43-95baa38c6c85" testId="1798213c-35a3-cbbc-3a0a-8843aace427d" testName="BuckScience.Tests.Web.Helpers.WeatherHelpersTests.ConvertWindDirectionToText_VariousAngles_ReturnsCorrectDirection(degrees: 45, expected: &quot;NE&quot;)" computerName="runnervmf4ws1" duration="00:00:00.0000059" startTime="2025-09-10T21:38:47.1596511+00:00" endTime="2025-09-10T21:38:47.1596512+00:00" testType="13cdc9d9-ddb5-4fa4-a97d-d965ccfc6d4b" outcome="Passed" testListId="8c84fa94-04c1-424b-9868-57a2d4851a1d" relativeResultsDirectory="541a6e01-5724-45b0-9b43-95baa38c6c85" />
    <UnitTestResult executionId="e947c46f-41aa-4c67-a769-24d1bf9999e1" testId="8a64a4c9-65f1-e14d-6fbe-7d49565403f4" testName="BuckScience.Tests.Domain.PropertySeasonMonthsOverrideTests.PropertySeasonMonthsOverride_Constructor_WithValidParameters_SetsPropertiesCorrectly" computerName="runnervmf4ws1" duration="00:00:00.0024952" startTime="2025-09-10T21:38:47.5667986+00:00" endTime="2025-09-10T21:38:47.5667987+00:00" testType="13cdc9d9-ddb5-4fa4-a97d-d965ccfc6d4b" outcome="Passed" testListId="8c84fa94-04c1-424b-9868-57a2d4851a1d" relativeResultsDirectory="e947c46f-41aa-4c67-a769-24d1bf9999e1" />
    <UnitTestResult executionId="4df51d2a-630d-4d96-8801-12e7f0b2d63f" testId="40701e53-787e-9af9-e51e-796a4964c5fd" testName="BuckScience.Tests.Domain.MonthsAttributeTests.MonthsAttribute_Constructor_WithMixedValidAndInvalidMonths_ThrowsArgumentOutOfRangeException" computerName="runnervmf4ws1" duration="00:00:00.0018296" startTime="2025-09-10T21:38:46.2345090+00:00" endTime="2025-09-10T21:38:46.2345091+00:00" testType="13cdc9d9-ddb5-4fa4-a97d-d965ccfc6d4b" outcome="Passed" testListId="8c84fa94-04c1-424b-9868-57a2d4851a1d" relativeResultsDirectory="4df51d2a-630d-4d96-8801-12e7f0b2d63f" />
    <UnitTestResult executionId="ab540c41-23a6-4359-8efd-58ad9137838a" testId="35d57337-18a5-4629-635a-b25a895ec8a2" testName="BuckScience.Tests.PhotoGroupingTests.CameraPhotoGrouping_ShouldGroupByMonthYear_Ascending" computerName="runnervmf4ws1" duration="00:00:00.0063013" startTime="2025-09-10T21:38:47.1437236+00:00" endTime="2025-09-10T21:38:47.1437237+00:00" testType="13cdc9d9-ddb5-4fa4-a97d-d965ccfc6d4b" outcome="Passed" testListId="8c84fa94-04c1-424b-9868-57a2d4851a1d" relativeResultsDirectory="ab540c41-23a6-4359-8efd-58ad9137838a" />
    <UnitTestResult executionId="0ae929af-7263-48a0-a082-e9aeff1b1bdc" testId="994b105a-2d3c-5d2b-62ff-1c998f53f588" testName="BuckScience.Tests.TaggingSystemTests.AddTagToPhotos_ShouldNotCreateDuplicates" computerName="runnervmf4ws1" duration="00:00:00.0050523" startTime="2025-09-10T21:38:47.5196407+00:00" endTime="2025-09-10T21:38:47.5196408+00:00" testType="13cdc9d9-ddb5-4fa4-a97d-d965ccfc6d4b" outcome="Passed" testListId="8c84fa94-04c1-424b-9868-57a2d4851a1d" relativeResultsDirectory="0ae929af-7263-48a0-a082-e9aeff1b1bdc" />
    <UnitTestResult executionId="3e29cc93-2e7b-4c28-b8fc-c11dcf73a4c9" testId="e7727167-90de-6177-0043-c32edeea9377" testName="BuckScience.Tests.Domain.PropertySeasonMonthsOverrideTests.PropertySeasonMonthsOverride_RoundTripSerialization_MaintainsData(months: [1])" computerName="runnervmf4ws1" duration="00:00:00.0000349" startTime="2025-09-10T21:38:47.5506907+00:00" endTime="2025-09-10T21:38:47.5506907+00:00" testType="13cdc9d9-ddb5-4fa4-a97d-d965ccfc6d4b" outcome="Passed" testListId="8c84fa94-04c1-424b-9868-57a2d4851a1d" relativeResultsDirectory="3e29cc93-2e7b-4c28-b8fc-c11dcf73a4c9" />
    <UnitTestResult executionId="f7c9f3b5-8829-4c18-af6e-6cf74c953ffe" testId="2c3f2f16-fb94-3325-49ee-53aa9585411a" testName="BuckScience.Tests.Application.FeatureWeights.UpdateFeatureWeightsTests.UpdateFeatureWeights_OnlyUpdatesSpecificWeight_SetsOnlyThatAsCustom" computerName="runnervmf4ws1" duration="00:00:00.0036480" startTime="2025-09-10T21:38:47.3020333+00:00" endTime="2025-09-10T21:38:47.3020334+00:00" testType="13cdc9d9-ddb5-4fa4-a97d-d965ccfc6d4b" outcome="Passed" testListId="8c84fa94-04c1-424b-9868-57a2d4851a1d" relativeResultsDirectory="f7c9f3b5-8829-4c18-af6e-6cf74c953ffe" />
    <UnitTestResult executionId="5baa442c-fab3-40f1-91f8-24e9ae210be1" testId="b1f7f7a9-9f3c-0788-8363-349e751ff986" testName="BuckScience.Tests.Domain.PropertyFeatureTests.UpdateWeight_WithNull_SetsWeightToNull" computerName="runnervmf4ws1" duration="00:00:00.0002156" startTime="2025-09-10T21:38:47.2006889+00:00" endTime="2025-09-10T21:38:47.2006889+00:00" testType="13cdc9d9-ddb5-4fa4-a97d-d965ccfc6d4b" outcome="Passed" testListId="8c84fa94-04c1-424b-9868-57a2d4851a1d" relativeResultsDirectory="5baa442c-fab3-40f1-91f8-24e9ae210be1" />
    <UnitTestResult executionId="0ffb9ee1-3c0c-42a1-a51a-f7205d572d64" testId="6d9ecacc-771f-c0f8-81b8-e7f5f5ecfa5f" testName="BuckScience.Tests.WeatherConfigurationTests.WeatherSettings_ShouldBindFromConfiguration" computerName="runnervmf4ws1" duration="00:00:00.0024374" startTime="2025-09-10T21:38:46.2530878+00:00" endTime="2025-09-10T21:38:46.2530879+00:00" testType="13cdc9d9-ddb5-4fa4-a97d-d965ccfc6d4b" outcome="Passed" testListId="8c84fa94-04c1-424b-9868-57a2d4851a1d" relativeResultsDirectory="0ffb9ee1-3c0c-42a1-a51a-f7205d572d64" />
    <UnitTestResult executionId="30ad6cbb-0c4e-4f7a-a1e4-bd9d089cd3cd" testId="22960b58-9cb3-5bbf-01a8-8b59f0364e15" testName="BuckScience.Tests.CameraDetailsVmTests.CameraDetailsVm_ShouldHaveAllRequiredProperties" computerName="runnervmf4ws1" duration="00:00:00.0033552" startTime="2025-09-10T21:38:47.1375265+00:00" endTime="2025-09-10T21:38:47.1375266+00:00" testType="13cdc9d9-ddb5-4fa4-a97d-d965ccfc6d4b" outcome="Passed" testListId="8c84fa94-04c1-424b-9868-57a2d4851a1d" relativeResultsDirectory="30ad6cbb-0c4e-4f7a-a1e4-bd9d089cd3cd" />
    <UnitTestResult executionId="eaf398d6-c94c-435a-a329-c6a872779277" testId="d40d14e6-e55e-a2ee-7c2d-3f2b4d1650c4" testName="BuckScience.Tests.CameraEditVmTests.CameraEditVm_SyncSelectionFromDirection_ShouldUpdateDirectionSelection" computerName="runnervmf4ws1" duration="00:00:00.0005670" startTime="2025-09-10T21:38:47.1927563+00:00" endTime="2025-09-10T21:38:47.1927565+00:00" testType="13cdc9d9-ddb5-4fa4-a97d-d965ccfc6d4b" outcome="Passed" testListId="8c84fa94-04c1-424b-9868-57a2d4851a1d" relativeResultsDirectory="eaf398d6-c94c-435a-a329-c6a872779277" />
    <UnitTestResult executionId="a495b8d1-82ac-4285-a30d-93da9394c955" testId="072094bf-9963-158f-becb-8dd6d4e2c76c" testName="BuckScience.Tests.Application.SeasonMonthMappingServiceTests.GetMonthsForPropertyAsync_WithoutOverrides_ReturnsCorrectDefaults(season: YearRound, expectedMonths: [1, 2, 3, 4, 5, ...])" computerName="runnervmf4ws1" duration="00:00:00.0007391" startTime="2025-09-10T21:38:47.4925535+00:00" endTime="2025-09-10T21:38:47.4925535+00:00" testType="13cdc9d9-ddb5-4fa4-a97d-d965ccfc6d4b" outcome="Passed" testListId="8c84fa94-04c1-424b-9868-57a2d4851a1d" relativeResultsDirectory="a495b8d1-82ac-4285-a30d-93da9394c955" />
    <UnitTestResult executionId="24486796-42ab-4a9d-b3c2-a9c1e79c35db" testId="7f448030-c6f3-ad7f-1c7b-809f60db9d71" testName="BuckScience.Tests.Web.Helpers.WeatherHelpersTests.ConvertWindDirectionTextToNumeric_ValidDirections_ReturnsCorrectDegrees(direction: &quot;NW&quot;, expected: 315)" computerName="runnervmf4ws1" duration="00:00:00.0000090" startTime="2025-09-10T21:38:47.1612348+00:00" endTime="2025-09-10T21:38:47.1612348+00:00" testType="13cdc9d9-ddb5-4fa4-a97d-d965ccfc6d4b" outcome="Passed" testListId="8c84fa94-04c1-424b-9868-57a2d4851a1d" relativeResultsDirectory="24486796-42ab-4a9d-b3c2-a9c1e79c35db" />
    <UnitTestResult executionId="4536f5bb-5aaf-4d67-bc72-3ab758756145" testId="e6b5dbec-3ede-e88e-98ad-309ef50c1b15" testName="BuckScience.Tests.FeatureHelperTests.CategoryMapping_ShouldContainAllClassificationTypes" computerName="runnervmf4ws1" duration="00:00:00.0004331" startTime="2025-09-10T21:38:46.2350004+00:00" endTime="2025-09-10T21:38:46.2350005+00:00" testType="13cdc9d9-ddb5-4fa4-a97d-d965ccfc6d4b" outcome="Passed" testListId="8c84fa94-04c1-424b-9868-57a2d4851a1d" relativeResultsDirectory="4536f5bb-5aaf-4d67-bc72-3ab758756145" />
    <UnitTestResult executionId="307eb40e-2e76-4588-b2b5-bf2466776875" testId="d158f051-212f-d40f-0819-bf99fbd314c0" testName="BuckScience.Tests.Web.Helpers.WeatherHelpersTests.ConvertWindDirectionToText_VariousAngles_ReturnsCorrectDirection(degrees: 0, expected: &quot;N&quot;)" computerName="runnervmf4ws1" duration="00:00:00.0000056" startTime="2025-09-10T21:38:47.1587888+00:00" endTime="2025-09-10T21:38:47.1587889+00:00" testType="13cdc9d9-ddb5-4fa4-a97d-d965ccfc6d4b" outcome="Passed" testListId="8c84fa94-04c1-424b-9868-57a2d4851a1d" relativeResultsDirectory="307eb40e-2e76-4588-b2b5-bf2466776875" />
    <UnitTestResult executionId="1342204a-c112-437d-ac6c-fd9ac3b2aa95" testId="af05f3f5-fc25-06fd-0f22-fca8b27396d1" testName="BuckScience.Tests.Domain.PropertyFeatureTests.Constructor_WithInvalidWeight_ThrowsArgumentOutOfRangeException(weight: -1)" computerName="runnervmf4ws1" duration="00:00:00.0000621" startTime="2025-09-10T21:38:47.2040620+00:00" endTime="2025-09-10T21:38:47.2040620+00:00" testType="13cdc9d9-ddb5-4fa4-a97d-d965ccfc6d4b" outcome="Passed" testListId="8c84fa94-04c1-424b-9868-57a2d4851a1d" relativeResultsDirectory="1342204a-c112-437d-ac6c-fd9ac3b2aa95" />
    <UnitTestResult executionId="d6ecbf67-705a-4269-ba55-de35c1ac33a8" testId="2b043a8d-e346-04e5-47b3-898bfcbeb615" testName="BuckScience.Tests.CameraPlacementHistoryTests.CameraPlacementHistory_Duration_ShouldCalculateCorrectly" computerName="runnervmf4ws1" duration="00:00:00.0009007" startTime="2025-09-10T21:38:46.2371845+00:00" endTime="2025-09-10T21:38:46.2371846+00:00" testType="13cdc9d9-ddb5-4fa4-a97d-d965ccfc6d4b" outcome="Passed" testListId="8c84fa94-04c1-424b-9868-57a2d4851a1d" relativeResultsDirectory="d6ecbf67-705a-4269-ba55-de35c1ac33a8" />
    <UnitTestResult executionId="24777ac1-2a43-4d5e-a257-ebea3fb0a82f" testId="9b0dd086-97eb-5a55-6e89-79dde58b1fca" testName="BuckScience.Tests.PhotoFilteringUrlExamples.BuildFilters_CameraParameters_ShouldParseCorrectly(cameras: &quot;5&quot;, expectedCameras: [5])" computerName="runnervmf4ws1" duration="00:00:00.0002153" startTime="2025-09-10T21:38:47.1704661+00:00" endTime="2025-09-10T21:38:47.1704662+00:00" testType="13cdc9d9-ddb5-4fa4-a97d-d965ccfc6d4b" outcome="Passed" testListId="8c84fa94-04c1-424b-9868-57a2d4851a1d" relativeResultsDirectory="24777ac1-2a43-4d5e-a257-ebea3fb0a82f" />
    <UnitTestResult executionId="a59dc8e9-4683-4c68-82e3-c39feac014e5" testId="1c0d7c7b-e498-3c7a-c145-fce1f6e14e16" testName="BuckScience.Tests.Web.Helpers.WeatherHelpersTests.ConvertMoonPhaseTextToNumeric_ValidText_ReturnsCorrectValue(text: &quot;Waxing Gibbous&quot;, expected: 0.375)" computerName="runnervmf4ws1" duration="00:00:00.0000122" startTime="2025-09-10T21:38:47.1621698+00:00" endTime="2025-09-10T21:38:47.1621699+00:00" testType="13cdc9d9-ddb5-4fa4-a97d-d965ccfc6d4b" outcome="Passed" testListId="8c84fa94-04c1-424b-9868-57a2d4851a1d" relativeResultsDirectory="a59dc8e9-4683-4c68-82e3-c39feac014e5" />
    <UnitTestResult executionId="7c2361d9-b6c1-47a0-a47a-e45345d11e47" testId="e180b2c2-7fc8-0f15-5653-0156d254c8c9" testName="BuckScience.Tests.DirectionHelperTests.FromFloat_ShouldFindClosestDirection(degrees: 23, expectedDirection: NE)" computerName="runnervmf4ws1" duration="00:00:00.0000073" startTime="2025-09-10T21:38:47.2191187+00:00" endTime="2025-09-10T21:38:47.2191188+00:00" testType="13cdc9d9-ddb5-4fa4-a97d-d965ccfc6d4b" outcome="Passed" testListId="8c84fa94-04c1-424b-9868-57a2d4851a1d" relativeResultsDirectory="7c2361d9-b6c1-47a0-a47a-e45345d11e47" />
    <UnitTestResult executionId="804d9bb4-a44d-4f0c-a5bd-e98424a23c29" testId="4331c44f-f3ff-6fce-80db-d30dfc1b0433" testName="BuckScience.Tests.DirectionHelperTests.ToFloat_ShouldReturnCorrectDegrees(direction: NE, expectedDegrees: 45)" computerName="runnervmf4ws1" duration="00:00:00.0000041" startTime="2025-09-10T21:38:47.2156956+00:00" endTime="2025-09-10T21:38:47.2156957+00:00" testType="13cdc9d9-ddb5-4fa4-a97d-d965ccfc6d4b" outcome="Passed" testListId="8c84fa94-04c1-424b-9868-57a2d4851a1d" relativeResultsDirectory="804d9bb4-a44d-4f0c-a5bd-e98424a23c29" />
    <UnitTestResult executionId="74c99097-6263-4c47-8e5c-6ccb236cf6cd" testId="0c283173-5d83-3aa6-5e6a-5b618b66073f" testName="BuckScience.Tests.Domain.MonthsAttributeTests.MonthsAttribute_Constructor_WithInvalidMonth_ThrowsArgumentOutOfRangeException(invalidMonth: 13)" computerName="runnervmf4ws1" duration="00:00:00.0005643" startTime="2025-09-10T21:38:46.1699075+00:00" endTime="2025-09-10T21:38:46.1699076+00:00" testType="13cdc9d9-ddb5-4fa4-a97d-d965ccfc6d4b" outcome="Passed" testListId="8c84fa94-04c1-424b-9868-57a2d4851a1d" relativeResultsDirectory="74c99097-6263-4c47-8e5c-6ccb236cf6cd" />
    <UnitTestResult executionId="539a2e5d-0372-4b58-9b73-1506ae7e8530" testId="520cf6eb-1b87-3f3a-4e2f-2f4e620f4b62" testName="BuckScience.Tests.Domain.FeatureWeightTests.FeatureWeight_IsCustom_CanBeSetInConstructor" computerName="runnervmf4ws1" duration="00:00:00.0001455" startTime="2025-09-10T21:38:47.5264554+00:00" endTime="2025-09-10T21:38:47.5264555+00:00" testType="13cdc9d9-ddb5-4fa4-a97d-d965ccfc6d4b" outcome="Passed" testListId="8c84fa94-04c1-424b-9868-57a2d4851a1d" relativeResultsDirectory="539a2e5d-0372-4b58-9b73-1506ae7e8530" />
    <UnitTestResult executionId="c0729db8-9835-4dbd-a642-7a103054137b" testId="827cffd5-57e2-399d-4e16-80e94a843b77" testName="BuckScience.Tests.PhotoPlacementHistoryTests.Photo_Constructor_ShouldAllowNullCameraPlacementHistoryId" computerName="runnervmf4ws1" duration="00:00:00.0007108" startTime="2025-09-10T21:38:47.4794293+00:00" endTime="2025-09-10T21:38:47.4794294+00:00" testType="13cdc9d9-ddb5-4fa4-a97d-d965ccfc6d4b" outcome="Passed" testListId="8c84fa94-04c1-424b-9868-57a2d4851a1d" relativeResultsDirectory="c0729db8-9835-4dbd-a642-7a103054137b" />
    <UnitTestResult executionId="461134c2-e848-4ef5-b837-be97326e5909" testId="5184c208-ba66-a1eb-00ca-490830c3b61a" testName="BuckScience.Tests.Web.Helpers.WeatherHelpersTests.ConvertWindDirectionToText_VariousAngles_ReturnsCorrectDirection(degrees: 225, expected: &quot;SW&quot;)" computerName="runnervmf4ws1" duration="00:00:00.0000051" startTime="2025-09-10T21:38:47.1588433+00:00" endTime="2025-09-10T21:38:47.1588433+00:00" testType="13cdc9d9-ddb5-4fa4-a97d-d965ccfc6d4b" outcome="Passed" testListId="8c84fa94-04c1-424b-9868-57a2d4851a1d" relativeResultsDirectory="461134c2-e848-4ef5-b837-be97326e5909" />
    <UnitTestResult executionId="0258b7fb-99c1-497d-af2e-645579c9abf7" testId="5439de61-630e-08c6-3445-f1eed3fd3847" testName="BuckScience.Tests.TagCleanupTests.RemoveTagFromPhotos_ShouldCleanupTag_WhenNotUsedAnywhere" computerName="runnervmf4ws1" duration="00:00:00.0233563" startTime="2025-09-10T21:38:47.5470707+00:00" endTime="2025-09-10T21:38:47.5470708+00:00" testType="13cdc9d9-ddb5-4fa4-a97d-d965ccfc6d4b" outcome="Passed" testListId="8c84fa94-04c1-424b-9868-57a2d4851a1d" relativeResultsDirectory="0258b7fb-99c1-497d-af2e-645579c9abf7" />
    <UnitTestResult executionId="ec01e943-c192-481b-957f-ebd6fa52907c" testId="3b62dc28-12fd-93fe-6512-390293682652" testName="BuckScience.Tests.CameraCreateVmTests.CameraCreateVm_PropertyCoordinates_ShouldBeInitializedToZero" computerName="runnervmf4ws1" duration="00:00:00.0001710" startTime="2025-09-10T21:38:47.1853452+00:00" endTime="2025-09-10T21:38:47.1853454+00:00" testType="13cdc9d9-ddb5-4fa4-a97d-d965ccfc6d4b" outcome="Passed" testListId="8c84fa94-04c1-424b-9868-57a2d4851a1d" relativeResultsDirectory="ec01e943-c192-481b-957f-ebd6fa52907c" />
    <UnitTestResult executionId="f424905b-a641-488e-8dd5-0cc04f03379d" testId="7264d755-3cfa-51c2-00b7-8c3c5d03bdbd" testName="BuckScience.Tests.Web.Helpers.WeatherHelpersTests.ConvertMoonPhaseTextToNumeric_ValidText_ReturnsCorrectValue(text: &quot;Waxing Crescent&quot;, expected: 0.125)" computerName="runnervmf4ws1" duration="00:00:00.0000099" startTime="2025-09-10T21:38:47.1623016+00:00" endTime="2025-09-10T21:38:47.1623017+00:00" testType="13cdc9d9-ddb5-4fa4-a97d-d965ccfc6d4b" outcome="Passed" testListId="8c84fa94-04c1-424b-9868-57a2d4851a1d" relativeResultsDirectory="f424905b-a641-488e-8dd5-0cc04f03379d" />
    <UnitTestResult executionId="bd548615-febc-4648-845b-5ee238a59f0e" testId="7acc5254-e1e8-fc5e-ffbb-a06142942287" testName="BuckScience.Tests.Application.FeatureWeights.UpdateFeatureWeightsTests.UpdateFeatureWeights_OnlyUpdatesSeasonalWeights_SetsOnlyThatAsCustom" computerName="runnervmf4ws1" duration="00:00:00.0040170" startTime="2025-09-10T21:38:47.2944186+00:00" endTime="2025-09-10T21:38:47.2944187+00:00" testType="13cdc9d9-ddb5-4fa4-a97d-d965ccfc6d4b" outcome="Passed" testListId="8c84fa94-04c1-424b-9868-57a2d4851a1d" relativeResultsDirectory="bd548615-febc-4648-845b-5ee238a59f0e" />
    <UnitTestResult executionId="b213fbe7-1604-4fa4-80df-ca7bbfd8d2f7" testId="12f16ac3-f6d6-9802-1d09-4301de2f7efc" testName="BuckScience.Tests.Domain.PropertySeasonMonthsOverrideTests.PropertySeasonMonthsOverride_Constructor_WithInvalidMonths_ThrowsArgumentOutOfRangeException(invalidMonths: [0, 5, 10])" computerName="runnervmf4ws1" duration="00:00:00.0002933" startTime="2025-09-10T21:38:47.5622196+00:00" endTime="2025-09-10T21:38:47.5622197+00:00" testType="13cdc9d9-ddb5-4fa4-a97d-d965ccfc6d4b" outcome="Passed" testListId="8c84fa94-04c1-424b-9868-57a2d4851a1d" relativeResultsDirectory="b213fbe7-1604-4fa4-80df-ca7bbfd8d2f7" />
    <UnitTestResult executionId="7668a0ab-cb98-46a3-b1f7-68bc495b2bfe" testId="fa20158d-fb5e-8e7a-f1da-aa0a1eb9ba5a" testName="BuckScience.Tests.PhotoGroupingTests.CameraPhotoGrouping_ShouldGroupByMonthYear" computerName="runnervmf4ws1" duration="00:00:00.0006861" startTime="2025-09-10T21:38:47.1458845+00:00" endTime="2025-09-10T21:38:47.1458846+00:00" testType="13cdc9d9-ddb5-4fa4-a97d-d965ccfc6d4b" outcome="Passed" testListId="8c84fa94-04c1-424b-9868-57a2d4851a1d" relativeResultsDirectory="7668a0ab-cb98-46a3-b1f7-68bc495b2bfe" />
    <UnitTestResult executionId="2f27e7c8-bc05-4534-9393-c0b3a2cf0c2a" testId="9b0f50d1-0319-2e52-3133-7e2638dde793" testName="BuckScience.Tests.CameraCreateVmTests.CameraCreateVm_DirectionSync_ShouldWorkForAllDirections(direction: E, expectedDegrees: 90)" computerName="runnervmf4ws1" duration="00:00:00.0000044" startTime="2025-09-10T21:38:47.1836414+00:00" endTime="2025-09-10T21:38:47.1836414+00:00" testType="13cdc9d9-ddb5-4fa4-a97d-d965ccfc6d4b" outcome="Passed" testListId="8c84fa94-04c1-424b-9868-57a2d4851a1d" relativeResultsDirectory="2f27e7c8-bc05-4534-9393-c0b3a2cf0c2a" />
    <UnitTestResult executionId="ab94af93-eb7d-4692-9f50-c43c30d42bf8" testId="185a6cd6-33af-0e1e-0bd1-2a440f9d65a0" testName="BuckScience.Tests.CameraPlacementHistoryTests.Camera_CurrentLocationProperties_ShouldReturnFromPlacementHistory" computerName="runnervmf4ws1" duration="00:00:00.0227433" startTime="2025-09-10T21:38:46.2364280+00:00" endTime="2025-09-10T21:38:46.2364281+00:00" testType="13cdc9d9-ddb5-4fa4-a97d-d965ccfc6d4b" outcome="Passed" testListId="8c84fa94-04c1-424b-9868-57a2d4851a1d" relativeResultsDirectory="ab94af93-eb7d-4692-9f50-c43c30d42bf8" />
    <UnitTestResult executionId="6d37cb97-a816-4b71-845d-5a3c1facbd75" testId="e35c95a4-d974-6814-c593-743bae04117a" testName="BuckScience.Tests.Domain.PropertyFeatureTests.UpdateWeight_WithInvalidWeight_ThrowsArgumentOutOfRangeException(weight: -0.5)" computerName="runnervmf4ws1" duration="00:00:00.0005809" startTime="2025-09-10T21:38:47.2013698+00:00" endTime="2025-09-10T21:38:47.2013699+00:00" testType="13cdc9d9-ddb5-4fa4-a97d-d965ccfc6d4b" outcome="Passed" testListId="8c84fa94-04c1-424b-9868-57a2d4851a1d" relativeResultsDirectory="6d37cb97-a816-4b71-845d-5a3c1facbd75" />
    <UnitTestResult executionId="53d8b496-08f5-4880-958d-760dbbfe0505" testId="17d2bd4a-a575-7ccc-1676-102dfc4795d6" testName="BuckScience.Tests.PhotoFilteringComprehensiveTests.CameraOption_PropertiesWork" computerName="runnervmf4ws1" duration="00:00:00.0002354" startTime="2025-09-10T21:38:46.2954248+00:00" endTime="2025-09-10T21:38:46.2954249+00:00" testType="13cdc9d9-ddb5-4fa4-a97d-d965ccfc6d4b" outcome="Passed" testListId="8c84fa94-04c1-424b-9868-57a2d4851a1d" relativeResultsDirectory="53d8b496-08f5-4880-958d-760dbbfe0505" />
    <UnitTestResult executionId="63eec4dd-be9d-4db5-a2db-d14e2b74b46e" testId="42b838e4-a515-a0a8-9201-8a5607fcd950" testName="BuckScience.Tests.CameraPlacementHistoryTests.CameraEditVm_ShouldIncludeDirectionDegrees" computerName="runnervmf4ws1" duration="00:00:00.0011421" startTime="2025-09-10T21:38:46.2372638+00:00" endTime="2025-09-10T21:38:46.2372638+00:00" testType="13cdc9d9-ddb5-4fa4-a97d-d965ccfc6d4b" outcome="Passed" testListId="8c84fa94-04c1-424b-9868-57a2d4851a1d" relativeResultsDirectory="63eec4dd-be9d-4db5-a2db-d14e2b74b46e" />
    <UnitTestResult executionId="86afd005-89bb-4f9f-8f30-fa108f69c82b" testId="80f7e275-5c62-bf32-953c-a522d71f0911" testName="BuckScience.Tests.PhotoFilteringUrlExamples.PhotoFiltering_RealWorldScenario_MoonPhaseAndConditions" computerName="runnervmf4ws1" duration="00:00:00.0008155" startTime="2025-09-10T21:38:47.1703264+00:00" endTime="2025-09-10T21:38:47.1703265+00:00" testType="13cdc9d9-ddb5-4fa4-a97d-d965ccfc6d4b" outcome="Passed" testListId="8c84fa94-04c1-424b-9868-57a2d4851a1d" relativeResultsDirectory="86afd005-89bb-4f9f-8f30-fa108f69c82b" />
    <UnitTestResult executionId="1a938287-f3fa-4cb2-8e65-dd765c1a7cf0" testId="5def33b1-c62c-99fb-8bf7-753117f8b16e" testName="BuckScience.Tests.Domain.FeatureWeightTests.FeatureWeight_ResetToDefault_ClearsCustomizations" computerName="runnervmf4ws1" duration="00:00:00.0003191" startTime="2025-09-10T21:38:47.5392672+00:00" endTime="2025-09-10T21:38:47.5392673+00:00" testType="13cdc9d9-ddb5-4fa4-a97d-d965ccfc6d4b" outcome="Passed" testListId="8c84fa94-04c1-424b-9868-57a2d4851a1d" relativeResultsDirectory="1a938287-f3fa-4cb2-8e65-dd765c1a7cf0" />
    <UnitTestResult executionId="3184bf2f-8b7f-42bf-a49c-b9675d3ea8be" testId="5639502e-a141-45eb-1c4f-81dc941ff67a" testName="BuckScience.Tests.Domain.PropertySeasonMonthsOverrideTests.PropertySeasonMonthsOverride_GetMonths_ReturnsCorrectMonths" computerName="runnervmf4ws1" duration="00:00:00.0002811" startTime="2025-09-10T21:38:47.5639530+00:00" endTime="2025-09-10T21:38:47.5639531+00:00" testType="13cdc9d9-ddb5-4fa4-a97d-d965ccfc6d4b" outcome="Passed" testListId="8c84fa94-04c1-424b-9868-57a2d4851a1d" relativeResultsDirectory="3184bf2f-8b7f-42bf-a49c-b9675d3ea8be" />
    <UnitTestResult executionId="e97a61fd-0b20-45e7-995c-ffc3b13ec507" testId="c77238a9-c057-c0ba-9741-2b480cb950cf" testName="BuckScience.Tests.Domain.PropertySeasonMonthsOverrideTests.PropertySeasonMonthsOverride_Constructor_WithInvalidMonths_ThrowsArgumentOutOfRangeException(invalidMonths: [13])" computerName="runnervmf4ws1" duration="00:00:00.0004848" startTime="2025-09-10T21:38:47.5612451+00:00" endTime="2025-09-10T21:38:47.5612452+00:00" testType="13cdc9d9-ddb5-4fa4-a97d-d965ccfc6d4b" outcome="Passed" testListId="8c84fa94-04c1-424b-9868-57a2d4851a1d" relativeResultsDirectory="e97a61fd-0b20-45e7-995c-ffc3b13ec507" />
    <UnitTestResult executionId="eb32ee33-16bf-4494-bbd3-b26775838e3c" testId="78d335ed-d8a0-4e68-1b07-0e64ec6fcf01" testName="BuckScience.Tests.Web.Helpers.WeatherHelpersTests.ConvertMoonPhaseToText_VariousValues_ReturnsCorrectText(phase: 0.75, expected: &quot;Last Quarter&quot;)" computerName="runnervmf4ws1" duration="00:00:00.0000050" startTime="2025-09-10T21:38:47.1532610+00:00" endTime="2025-09-10T21:38:47.1532611+00:00" testType="13cdc9d9-ddb5-4fa4-a97d-d965ccfc6d4b" outcome="Passed" testListId="8c84fa94-04c1-424b-9868-57a2d4851a1d" relativeResultsDirectory="eb32ee33-16bf-4494-bbd3-b26775838e3c" />
    <UnitTestResult executionId="984c828c-01ff-4510-a563-23c6f1ab668b" testId="87537a65-edc4-293b-e0c7-ff87f3dc8e79" testName="BuckScience.Tests.PhotoPlacementHistoryTests.Photo_SetCameraPlacementHistory_ShouldThrowForInvalidId" computerName="runnervmf4ws1" duration="00:00:00.0007716" startTime="2025-09-10T21:38:47.4778877+00:00" endTime="2025-09-10T21:38:47.4778879+00:00" testType="13cdc9d9-ddb5-4fa4-a97d-d965ccfc6d4b" outcome="Passed" testListId="8c84fa94-04c1-424b-9868-57a2d4851a1d" relativeResultsDirectory="984c828c-01ff-4510-a563-23c6f1ab668b" />
    <UnitTestResult executionId="8b892f14-4815-4cd9-92e9-ce43561b670f" testId="a7aa3cc0-0ea1-3d0c-3a62-ac5a405bf34e" testName="BuckScience.Tests.TaggingRequirementsTests.Requirement1_DatabaseSchema_ShouldMeetAllSpecifications" computerName="runnervmf4ws1" duration="00:00:00.0434123" startTime="2025-09-10T21:38:47.3484148+00:00" endTime="2025-09-10T21:38:47.3484150+00:00" testType="13cdc9d9-ddb5-4fa4-a97d-d965ccfc6d4b" outcome="Passed" testListId="8c84fa94-04c1-424b-9868-57a2d4851a1d" relativeResultsDirectory="8b892f14-4815-4cd9-92e9-ce43561b670f" />
    <UnitTestResult executionId="ca22a1b5-4217-4e60-abeb-776b846cc2d7" testId="3456ad39-e674-a27d-da41-053fedd7e6ad" testName="BuckScience.Tests.DirectionHelperTests.FromFloat_ShouldReturnCorrectDirection(degrees: 90, expectedDirection: E)" computerName="runnervmf4ws1" duration="00:00:00.0001807" startTime="2025-09-10T21:38:47.2129952+00:00" endTime="2025-09-10T21:38:47.2129953+00:00" testType="13cdc9d9-ddb5-4fa4-a97d-d965ccfc6d4b" outcome="Passed" testListId="8c84fa94-04c1-424b-9868-57a2d4851a1d" relativeResultsDirectory="ca22a1b5-4217-4e60-abeb-776b846cc2d7" />
    <UnitTestResult executionId="f5afaf94-3340-4ef8-9c9b-74ad32a6dd2d" testId="4949997c-46c8-3183-1501-b1267871bfcf" testName="BuckScience.Tests.DirectionHelperTests.FromFloat_ShouldReturnCorrectDirection(degrees: 0, expectedDirection: N)" computerName="runnervmf4ws1" duration="00:00:00.0000060" startTime="2025-09-10T21:38:47.2146988+00:00" endTime="2025-09-10T21:38:47.2146989+00:00" testType="13cdc9d9-ddb5-4fa4-a97d-d965ccfc6d4b" outcome="Passed" testListId="8c84fa94-04c1-424b-9868-57a2d4851a1d" relativeResultsDirectory="f5afaf94-3340-4ef8-9c9b-74ad32a6dd2d" />
    <UnitTestResult executionId="244889c5-7a1d-4547-a640-c886a6a20933" testId="aef446e3-f136-0d0b-1c4f-72b145e6d953" testName="BuckScience.Tests.DirectionHelperTests.FromFloat_ShouldFindClosestDirection(degrees: 365, expectedDirection: N)" computerName="runnervmf4ws1" duration="00:00:00.0010884" startTime="2025-09-10T21:38:47.2183269+00:00" endTime="2025-09-10T21:38:47.2183271+00:00" testType="13cdc9d9-ddb5-4fa4-a97d-d965ccfc6d4b" outcome="Passed" testListId="8c84fa94-04c1-424b-9868-57a2d4851a1d" relativeResultsDirectory="244889c5-7a1d-4547-a640-c886a6a20933" />
    <UnitTestResult executionId="410f4530-2cd6-4271-b62b-8d211a4ceec0" testId="13b70763-63fd-f0df-582a-0fb307fcad59" testName="BuckScience.Tests.PhotoFiltersTests.PhotoFilters_AllWeatherRangeFiltersWork" computerName="runnervmf4ws1" duration="00:00:00.0004121" startTime="2025-09-10T21:38:46.2252612+00:00" endTime="2025-09-10T21:38:46.2252614+00:00" testType="13cdc9d9-ddb5-4fa4-a97d-d965ccfc6d4b" outcome="Passed" testListId="8c84fa94-04c1-424b-9868-57a2d4851a1d" relativeResultsDirectory="410f4530-2cd6-4271-b62b-8d211a4ceec0" />
    <UnitTestResult executionId="7d12bb06-10ac-4720-a2c6-aa2995c3035a" testId="fa4cb098-045c-45a9-65cd-11b5fd8b475f" testName="BuckScience.Tests.Application.SeasonMonthMappingServiceTests.SetPropertySeasonOverrideAsync_CreatesNewOverride_WhenNoneExists" computerName="runnervmf4ws1" duration="00:00:00.0019853" startTime="2025-09-10T21:38:47.5786117+00:00" endTime="2025-09-10T21:38:47.5786118+00:00" testType="13cdc9d9-ddb5-4fa4-a97d-d965ccfc6d4b" outcome="Passed" testListId="8c84fa94-04c1-424b-9868-57a2d4851a1d" relativeResultsDirectory="7d12bb06-10ac-4720-a2c6-aa2995c3035a" />
    <UnitTestResult executionId="6fba4c6b-1769-4eaf-a524-224382a2ba4c" testId="9ad59ac2-75e0-43fa-c7a4-360f06bdf706" testName="BuckScience.Tests.Domain.SeasonExtensionsTests.GetDefaultMonths_Rut_ReturnsCorrectMonths" computerName="runnervmf4ws1" duration="00:00:00.0001540" startTime="2025-09-10T21:38:47.2300864+00:00" endTime="2025-09-10T21:38:47.2300865+00:00" testType="13cdc9d9-ddb5-4fa4-a97d-d965ccfc6d4b" outcome="Passed" testListId="8c84fa94-04c1-424b-9868-57a2d4851a1d" relativeResultsDirectory="6fba4c6b-1769-4eaf-a524-224382a2ba4c" />
    <UnitTestResult executionId="c3bd4077-3212-4428-8b96-ff294828bc65" testId="9f544328-b14d-2f96-b54b-781ab9cf51e8" testName="BuckScience.Tests.Web.Helpers.WeatherHelpersTests.ConvertMoonPhaseToText_VariousValues_ReturnsCorrectText(phase: 0.40000000000000002, expected: &quot;Waxing Gibbous&quot;)" computerName="runnervmf4ws1" duration="00:00:00.0000033" startTime="2025-09-10T21:38:47.1543481+00:00" endTime="2025-09-10T21:38:47.1543482+00:00" testType="13cdc9d9-ddb5-4fa4-a97d-d965ccfc6d4b" outcome="Passed" testListId="8c84fa94-04c1-424b-9868-57a2d4851a1d" relativeResultsDirectory="c3bd4077-3212-4428-8b96-ff294828bc65" />
    <UnitTestResult executionId="cfa82a9e-45a7-441e-8412-bc6543ac7f1b" testId="52ae0b6b-063d-fda1-eda2-bf4a1c9b90a4" testName="BuckScience.Tests.Application.SeasonMonthMappingServiceTests.GetAllPropertyOverridesAsync_ReturnsAllOverrides_ForProperty" computerName="runnervmf4ws1" duration="00:00:00.0106669" startTime="2025-09-10T21:38:47.5721419+00:00" endTime="2025-09-10T21:38:47.5721420+00:00" testType="13cdc9d9-ddb5-4fa4-a97d-d965ccfc6d4b" outcome="Passed" testListId="8c84fa94-04c1-424b-9868-57a2d4851a1d" relativeResultsDirectory="cfa82a9e-45a7-441e-8412-bc6543ac7f1b" />
    <UnitTestResult executionId="da1a3319-e4b1-4236-9bf9-b33877a7f7dc" testId="8bb24e9f-b033-fdc0-7830-bccb21534250" testName="BuckScience.Tests.DirectionHelperTests.GetAllDirections_ShouldReturnAllDirectionsWithCorrectData" computerName="runnervmf4ws1" duration="00:00:00.0092163" startTime="2025-09-10T21:38:47.2273334+00:00" endTime="2025-09-10T21:38:47.2273337+00:00" testType="13cdc9d9-ddb5-4fa4-a97d-d965ccfc6d4b" outcome="Passed" testListId="8c84fa94-04c1-424b-9868-57a2d4851a1d" relativeResultsDirectory="da1a3319-e4b1-4236-9bf9-b33877a7f7dc" />
    <UnitTestResult executionId="b6d28075-c070-432e-9f42-657bc3d6c1cf" testId="a1855258-2f38-7695-fb75-dcfca8f4ee44" testName="BuckScience.Tests.PhotoFilteringIntegrationTests.BuildFilters_WithTemperatureRange_ReturnsFiltersWithTemperature" computerName="runnervmf4ws1" duration="00:00:00.0029499" startTime="2025-09-10T21:38:46.2313577+00:00" endTime="2025-09-10T21:38:46.2313578+00:00" testType="13cdc9d9-ddb5-4fa4-a97d-d965ccfc6d4b" outcome="Passed" testListId="8c84fa94-04c1-424b-9868-57a2d4851a1d" relativeResultsDirectory="b6d28075-c070-432e-9f42-657bc3d6c1cf" />
    <UnitTestResult executionId="9029d491-1c1c-4494-918a-579ae86eeb90" testId="a6b1c1b8-42d6-da05-0367-8e170c8545bb" testName="BuckScience.Tests.Domain.PropertyFeatureTests.Constructor_WithValidWeight_SetsWeightCorrectly(weight: 1)" computerName="runnervmf4ws1" duration="00:00:00.0002389" startTime="2025-09-10T21:38:47.2111621+00:00" endTime="2025-09-10T21:38:47.2111623+00:00" testType="13cdc9d9-ddb5-4fa4-a97d-d965ccfc6d4b" outcome="Passed" testListId="8c84fa94-04c1-424b-9868-57a2d4851a1d" relativeResultsDirectory="9029d491-1c1c-4494-918a-579ae86eeb90" />
    <UnitTestResult executionId="97621953-6640-48a7-9345-2cb0661fa7c9" testId="5281d8e8-e57c-c45e-69f7-66dd4ef8cb7b" testName="BuckScience.Tests.PhotoFiltersTests.PhotoFilters_HasAnyFilters_ReturnsTrueWhenDateFilterSet" computerName="runnervmf4ws1" duration="00:00:00.0002685" startTime="2025-09-10T21:38:46.2280877+00:00" endTime="2025-09-10T21:38:46.2280878+00:00" testType="13cdc9d9-ddb5-4fa4-a97d-d965ccfc6d4b" outcome="Passed" testListId="8c84fa94-04c1-424b-9868-57a2d4851a1d" relativeResultsDirectory="97621953-6640-48a7-9345-2cb0661fa7c9" />
    <UnitTestResult executionId="3c7611ca-9423-4d86-9edc-6571d485b3c1" testId="1393749b-9888-f339-bbe0-fe7c36d53117" testName="BuckScience.Tests.FeatureHelperTests.GetFeatureIcon_ShouldReturnCorrectIcons" computerName="runnervmf4ws1" duration="00:00:00.0003111" startTime="2025-09-10T21:38:46.2362499+00:00" endTime="2025-09-10T21:38:46.2362500+00:00" testType="13cdc9d9-ddb5-4fa4-a97d-d965ccfc6d4b" outcome="Passed" testListId="8c84fa94-04c1-424b-9868-57a2d4851a1d" relativeResultsDirectory="3c7611ca-9423-4d86-9edc-6571d485b3c1" />
    <UnitTestResult executionId="e9f1a5af-7a41-40b8-b28c-f6e627db71c7" testId="1bb4d31b-4aa9-50a4-5ac5-e8f09827ba51" testName="BuckScience.Tests.Domain.SeasonExtensionsTests.GetDefaultMonths_EarlySeason_ReturnsCorrectMonths" computerName="runnervmf4ws1" duration="00:00:00.0002844" startTime="2025-09-10T21:38:47.2295402+00:00" endTime="2025-09-10T21:38:47.2295404+00:00" testType="13cdc9d9-ddb5-4fa4-a97d-d965ccfc6d4b" outcome="Passed" testListId="8c84fa94-04c1-424b-9868-57a2d4851a1d" relativeResultsDirectory="e9f1a5af-7a41-40b8-b28c-f6e627db71c7" />
    <UnitTestResult executionId="5c8e5618-8ad4-4d82-a7aa-3a10f3d3dd79" testId="96fd8acb-4fd6-1b77-8f7e-7416089655db" testName="BuckScience.Tests.Application.SeasonMonthMappingServiceTests.GetMonthsForPropertyAsync_WithoutOverrides_ReturnsCorrectDefaults(season: Rut, expectedMonths: [11])" computerName="runnervmf4ws1" duration="00:00:00.0011218" startTime="2025-09-10T21:38:47.4884141+00:00" endTime="2025-09-10T21:38:47.4884143+00:00" testType="13cdc9d9-ddb5-4fa4-a97d-d965ccfc6d4b" outcome="Passed" testListId="8c84fa94-04c1-424b-9868-57a2d4851a1d" relativeResultsDirectory="5c8e5618-8ad4-4d82-a7aa-3a10f3d3dd79" />
    <UnitTestResult executionId="ca5ba08b-16e9-4446-9138-cf1cbd57bced" testId="6ddbf3e0-3ece-b657-908f-2948ae07368f" testName="BuckScience.Tests.Web.Helpers.WeatherHelpersTests.ConvertMoonPhaseTextToNumeric_CaseInsensitive_Works" computerName="runnervmf4ws1" duration="00:00:00.0008392" startTime="2025-09-10T21:38:47.1619893+00:00" endTime="2025-09-10T21:38:47.1619894+00:00" testType="13cdc9d9-ddb5-4fa4-a97d-d965ccfc6d4b" outcome="Passed" testListId="8c84fa94-04c1-424b-9868-57a2d4851a1d" relativeResultsDirectory="ca5ba08b-16e9-4446-9138-cf1cbd57bced" />
    <UnitTestResult executionId="93178334-73f1-4991-b446-a9baec2ff64c" testId="31c8774a-1539-0a44-3404-de06d646b468" testName="BuckScience.Tests.Web.Helpers.WeatherHelpersTests.ConvertMoonPhaseToText_VariousValues_ReturnsCorrectText(phase: 0.10000000000000001, expected: &quot;Waxing Crescent&quot;)" computerName="runnervmf4ws1" duration="00:00:00.0000040" startTime="2025-09-10T21:38:47.1534130+00:00" endTime="2025-09-10T21:38:47.1534130+00:00" testType="13cdc9d9-ddb5-4fa4-a97d-d965ccfc6d4b" outcome="Passed" testListId="8c84fa94-04c1-424b-9868-57a2d4851a1d" relativeResultsDirectory="93178334-73f1-4991-b446-a9baec2ff64c" />
    <UnitTestResult executionId="637ce019-3155-4486-837f-aa5a3c760647" testId="3f4d3f91-09a2-a334-5932-6e78104fd8ba" testName="BuckScience.Tests.WeatherBatchProcessingTests.PhotoGrouping_ShouldGroupByLocationAndDate" computerName="runnervmf4ws1" duration="00:00:00.0144761" startTime="2025-09-10T21:38:47.2909502+00:00" endTime="2025-09-10T21:38:47.2909503+00:00" testType="13cdc9d9-ddb5-4fa4-a97d-d965ccfc6d4b" outcome="Passed" testListId="8c84fa94-04c1-424b-9868-57a2d4851a1d" relativeResultsDirectory="637ce019-3155-4486-837f-aa5a3c760647" />
    <UnitTestResult executionId="43fe8f39-3ba1-4571-ba1c-db715cd0f358" testId="6e1a460b-06b0-f626-b520-bfe11fd26de1" testName="BuckScience.Tests.Domain.FeatureWeightTests.FeatureWeight_SetSeasonalWeights_ValidatesWeightRange" computerName="runnervmf4ws1" duration="00:00:00.0005655" startTime="2025-09-10T21:38:47.5523531+00:00" endTime="2025-09-10T21:38:47.5523533+00:00" testType="13cdc9d9-ddb5-4fa4-a97d-d965ccfc6d4b" outcome="Passed" testListId="8c84fa94-04c1-424b-9868-57a2d4851a1d" relativeResultsDirectory="43fe8f39-3ba1-4571-ba1c-db715cd0f358" />
    <UnitTestResult executionId="ecfda58a-03ff-40b8-862d-d8c5cc8d1989" testId="57048c9f-2c1b-ae85-11e6-989795af7a80" testName="BuckScience.Tests.Domain.SeasonExtensionsTests.GetMonthsForProperty_WithNullProperty_ReturnsDefaultMonths" computerName="runnervmf4ws1" duration="00:00:00.0005063" startTime="2025-09-10T21:38:47.2356077+00:00" endTime="2025-09-10T21:38:47.2356078+00:00" testType="13cdc9d9-ddb5-4fa4-a97d-d965ccfc6d4b" outcome="Passed" testListId="8c84fa94-04c1-424b-9868-57a2d4851a1d" relativeResultsDirectory="ecfda58a-03ff-40b8-862d-d8c5cc8d1989" />
    <UnitTestResult executionId="09a61c73-ff63-416e-becf-3d27b2659291" testId="878dbf6d-4718-3010-2956-9a909a749d2f" testName="BuckScience.Tests.PhotoFilteringComprehensiveTests.PhotoFilters_EdgeCases_HandleCorrectly" computerName="runnervmf4ws1" duration="00:00:00.0005569" startTime="2025-09-10T21:38:46.2936551+00:00" endTime="2025-09-10T21:38:46.2936553+00:00" testType="13cdc9d9-ddb5-4fa4-a97d-d965ccfc6d4b" outcome="Passed" testListId="8c84fa94-04c1-424b-9868-57a2d4851a1d" relativeResultsDirectory="09a61c73-ff63-416e-becf-3d27b2659291" />
    <UnitTestResult executionId="bd2e92d7-c3a8-442d-9bbf-db81c30237f1" testId="be89a856-c15c-81ed-5ddb-4973639d716d" testName="BuckScience.Tests.CameraPlacementHistoryTests.Camera_PlaceAt_ShouldCreateNewPlacementHistory" computerName="runnervmf4ws1" duration="00:00:00.0009415" startTime="2025-09-10T21:38:46.2375599+00:00" endTime="2025-09-10T21:38:46.2375600+00:00" testType="13cdc9d9-ddb5-4fa4-a97d-d965ccfc6d4b" outcome="Passed" testListId="8c84fa94-04c1-424b-9868-57a2d4851a1d" relativeResultsDirectory="bd2e92d7-c3a8-442d-9bbf-db81c30237f1" />
    <UnitTestResult executionId="e225d222-2442-404a-96e0-96c3e744c020" testId="3f5baae7-b2ef-0a09-bc51-f8b04a3acced" testName="BuckScience.Tests.Web.Helpers.WeatherHelpersTests.ConvertWindDirectionToText_VariousAngles_ReturnsCorrectDirection(degrees: 67.5, expected: &quot;ENE&quot;)" computerName="runnervmf4ws1" duration="00:00:00.0000049" startTime="2025-09-10T21:38:47.1585593+00:00" endTime="2025-09-10T21:38:47.1585594+00:00" testType="13cdc9d9-ddb5-4fa4-a97d-d965ccfc6d4b" outcome="Passed" testListId="8c84fa94-04c1-424b-9868-57a2d4851a1d" relativeResultsDirectory="e225d222-2442-404a-96e0-96c3e744c020" />
    <UnitTestResult executionId="d1fe55a4-b248-4f9c-a0b9-f35761e2333d" testId="9660e9b2-80f8-e700-08d8-e0b7717e9f85" testName="BuckScience.Tests.Domain.PropertyFeatureTests.Constructor_WithoutWeight_SetsWeightToNull" computerName="runnervmf4ws1" duration="00:00:00.0001640" startTime="2025-09-10T21:38:47.1993250+00:00" endTime="2025-09-10T21:38:47.1993251+00:00" testType="13cdc9d9-ddb5-4fa4-a97d-d965ccfc6d4b" outcome="Passed" testListId="8c84fa94-04c1-424b-9868-57a2d4851a1d" relativeResultsDirectory="d1fe55a4-b248-4f9c-a0b9-f35761e2333d" />
    <UnitTestResult executionId="8a3bb188-426c-4887-bc22-57cf60881bfd" testId="08260a64-8541-0630-0fbb-fef9aaa19f85" testName="BuckScience.Tests.Domain.PropertySeasonMonthsOverrideTests.PropertySeasonMonthsOverride_GetMonths_WithCorruptedJson_ReturnsNull" computerName="runnervmf4ws1" duration="00:00:00.0046977" startTime="2025-09-10T21:38:47.5715884+00:00" endTime="2025-09-10T21:38:47.5715885+00:00" testType="13cdc9d9-ddb5-4fa4-a97d-d965ccfc6d4b" outcome="Passed" testListId="8c84fa94-04c1-424b-9868-57a2d4851a1d" relativeResultsDirectory="8a3bb188-426c-4887-bc22-57cf60881bfd" />
    <UnitTestResult executionId="00c98fca-3ddf-4c09-9a09-57244b7b7809" testId="22d4e883-d516-a3c1-91a6-c6ccca686050" testName="BuckScience.Tests.Web.Helpers.WeatherHelpersTests.ConvertMoonPhaseToText_VariousValues_ReturnsCorrectText(phase: 0.84999999999999998, expected: &quot;Waning Crescent&quot;)" computerName="runnervmf4ws1" duration="00:00:00.0002330" startTime="2025-09-10T21:38:47.1531323+00:00" endTime="2025-09-10T21:38:47.1531325+00:00" testType="13cdc9d9-ddb5-4fa4-a97d-d965ccfc6d4b" outcome="Passed" testListId="8c84fa94-04c1-424b-9868-57a2d4851a1d" relativeResultsDirectory="00c98fca-3ddf-4c09-9a09-57244b7b7809" />
    <UnitTestResult executionId="481276fa-b1af-404f-9a32-fc848f0fc22c" testId="24c340fb-d377-9a86-7f7b-24671f6c604a" testName="BuckScience.Tests.UnitTest1.Test1" computerName="runnervmf4ws1" duration="00:00:00.0001551" startTime="2025-09-10T21:38:47.3053470+00:00" endTime="2025-09-10T21:38:47.3053473+00:00" testType="13cdc9d9-ddb5-4fa4-a97d-d965ccfc6d4b" outcome="Passed" testListId="8c84fa94-04c1-424b-9868-57a2d4851a1d" relativeResultsDirectory="481276fa-b1af-404f-9a32-fc848f0fc22c" />
    <UnitTestResult executionId="fabeb549-e01d-4328-bdd9-cc0fa4e64c3c" testId="75f4d661-9754-0157-eb91-1cb0c3ea30c4" testName="BuckScience.Tests.Domain.PropertySeasonMonthsOverrideTests.PropertySeasonMonthsOverride_SetMonths_WithEmptyArray_ClearsMonths" computerName="runnervmf4ws1" duration="00:00:00.0001893" startTime="2025-09-10T21:38:47.5648569+00:00" endTime="2025-09-10T21:38:47.5648570+00:00" testType="13cdc9d9-ddb5-4fa4-a97d-d965ccfc6d4b" outcome="Passed" testListId="8c84fa94-04c1-424b-9868-57a2d4851a1d" relativeResultsDirectory="fabeb549-e01d-4328-bdd9-cc0fa4e64c3c" />
    <UnitTestResult executionId="0430fcf7-4c93-44c0-9325-41bb47ad8c5f" testId="b1a32a5b-bec7-9c13-ecb5-d09eae519281" testName="BuckScience.Tests.WeatherConfigurationTests.WeatherApiSettings_ShouldBindFromConfiguration" computerName="runnervmf4ws1" duration="00:00:00.0495678" startTime="2025-09-10T21:38:46.2516058+00:00" endTime="2025-09-10T21:38:46.2516059+00:00" testType="13cdc9d9-ddb5-4fa4-a97d-d965ccfc6d4b" outcome="Passed" testListId="8c84fa94-04c1-424b-9868-57a2d4851a1d" relativeResultsDirectory="0430fcf7-4c93-44c0-9325-41bb47ad8c5f" />
    <UnitTestResult executionId="ba373fa7-6fbd-4b25-84d4-5cadc36f3d4b" testId="d5e7318a-a156-7dde-f329-f35fdf925ffa" testName="BuckScience.Tests.Domain.PropertySeasonMonthsOverrideTests.PropertySeasonMonthsOverride_SetMonths_WithNullMonths_ClearsMonths" computerName="runnervmf4ws1" duration="00:00:00.0002406" startTime="2025-09-10T21:38:47.5505775+00:00" endTime="2025-09-10T21:38:47.5505776+00:00" testType="13cdc9d9-ddb5-4fa4-a97d-d965ccfc6d4b" outcome="Passed" testListId="8c84fa94-04c1-424b-9868-57a2d4851a1d" relativeResultsDirectory="ba373fa7-6fbd-4b25-84d4-5cadc36f3d4b" />
    <UnitTestResult executionId="cc996984-b0a8-46f5-8946-54af2fff0bf8" testId="d6582cc4-f5d7-7ddd-419a-8856fe5530f3" testName="BuckScience.Tests.TaggingSystemTests.AssignDefaultTagsToProperty_ShouldAssignOnlyDefaultTags" computerName="runnervmf4ws1" duration="00:00:00.0087604" startTime="2025-09-10T21:38:47.5071332+00:00" endTime="2025-09-10T21:38:47.5071333+00:00" testType="13cdc9d9-ddb5-4fa4-a97d-d965ccfc6d4b" outcome="Passed" testListId="8c84fa94-04c1-424b-9868-57a2d4851a1d" relativeResultsDirectory="cc996984-b0a8-46f5-8946-54af2fff0bf8" />
    <UnitTestResult executionId="0bbd781c-4631-4c51-abe9-b641f47e3228" testId="0249bb7c-cd9a-b690-46ba-3252e9d64885" testName="BuckScience.Tests.PhotoFilteringUrlExamples.BuildFilters_CameraParameters_ShouldParseCorrectly(cameras: &quot;1,5,10&quot;, expectedCameras: [1, 5, 10])" computerName="runnervmf4ws1" duration="00:00:00.0000172" startTime="2025-09-10T21:38:47.1705241+00:00" endTime="2025-09-10T21:38:47.1705242+00:00" testType="13cdc9d9-ddb5-4fa4-a97d-d965ccfc6d4b" outcome="Passed" testListId="8c84fa94-04c1-424b-9868-57a2d4851a1d" relativeResultsDirectory="0bbd781c-4631-4c51-abe9-b641f47e3228" />
    <UnitTestResult executionId="249557bd-596c-46b1-9f51-41d69c6de8ea" testId="df69a92c-44e3-a51a-3c69-97077bc8aa3a" testName="BuckScience.Tests.Domain.PropertyFeatureTests.Constructor_WithValidWeight_SetsWeightCorrectly(weight: 0.5)" computerName="runnervmf4ws1" duration="00:00:00.0000223" startTime="2025-09-10T21:38:47.2120352+00:00" endTime="2025-09-10T21:38:47.2120353+00:00" testType="13cdc9d9-ddb5-4fa4-a97d-d965ccfc6d4b" outcome="Passed" testListId="8c84fa94-04c1-424b-9868-57a2d4851a1d" relativeResultsDirectory="249557bd-596c-46b1-9f51-41d69c6de8ea" />
    <UnitTestResult executionId="543a885c-6b22-41a7-a3e6-531c0162df7b" testId="d269bbab-e11e-9189-e523-cf92a42762f7" testName="BuckScience.Tests.DirectionHelperTests.FromFloat_ShouldReturnCorrectDirection(degrees: 315, expectedDirection: NW)" computerName="runnervmf4ws1" duration="00:00:00.0000080" startTime="2025-09-10T21:38:47.2145334+00:00" endTime="2025-09-10T21:38:47.2145335+00:00" testType="13cdc9d9-ddb5-4fa4-a97d-d965ccfc6d4b" outcome="Passed" testListId="8c84fa94-04c1-424b-9868-57a2d4851a1d" relativeResultsDirectory="543a885c-6b22-41a7-a3e6-531c0162df7b" />
    <UnitTestResult executionId="4af3b67f-737c-48a7-980e-182c8eaa942a" testId="7b1afa91-2553-0542-d21b-b944f43fb732" testName="BuckScience.Tests.Application.PropertyFeatureApplicationTests.GetPropertyFeature_ReturnsWeightCorrectly" computerName="runnervmf4ws1" duration="00:00:00.1109193" startTime="2025-09-10T21:38:47.4022697+00:00" endTime="2025-09-10T21:38:47.4022699+00:00" testType="13cdc9d9-ddb5-4fa4-a97d-d965ccfc6d4b" outcome="Passed" testListId="8c84fa94-04c1-424b-9868-57a2d4851a1d" relativeResultsDirectory="4af3b67f-737c-48a7-980e-182c8eaa942a" />
    <UnitTestResult executionId="2af36aae-56ce-4d51-98be-3191e3bf276e" testId="6312f765-830a-9014-ae5b-70adf30832c5" testName="BuckScience.Tests.Domain.PropertyFeatureTests.SetWeight_WithInvalidWeight_ThrowsArgumentOutOfRangeException(weight: -0.100000001)" computerName="runnervmf4ws1" duration="00:00:00.0005660" startTime="2025-09-10T21:38:47.2037586+00:00" endTime="2025-09-10T21:38:47.2037587+00:00" testType="13cdc9d9-ddb5-4fa4-a97d-d965ccfc6d4b" outcome="Passed" testListId="8c84fa94-04c1-424b-9868-57a2d4851a1d" relativeResultsDirectory="2af36aae-56ce-4d51-98be-3191e3bf276e" />
    <UnitTestResult executionId="2e71f0fe-c635-490f-8623-be4568d4d26d" testId="88b5a428-7422-548a-ca90-5bd2a62420ae" testName="BuckScience.Tests.DirectionHelperTests.FromFloat_ShouldReturnCorrectDirection(degrees: 225, expectedDirection: SW)" computerName="runnervmf4ws1" duration="00:00:00.0000127" startTime="2025-09-10T21:38:47.2138137+00:00" endTime="2025-09-10T21:38:47.2138137+00:00" testType="13cdc9d9-ddb5-4fa4-a97d-d965ccfc6d4b" outcome="Passed" testListId="8c84fa94-04c1-424b-9868-57a2d4851a1d" relativeResultsDirectory="2e71f0fe-c635-490f-8623-be4568d4d26d" />
    <UnitTestResult executionId="3dd279bc-c809-4ec2-9b44-b96e5c6bcfee" testId="6219abff-caed-b73f-a3a3-a932c37fd5fb" testName="BuckScience.Tests.TaggingSystemTests.GetOrCreateTag_ShouldThrowException_WhenTagNameIsInvalid(invalidTagName: &quot;   &quot;)" computerName="runnervmf4ws1" duration="00:00:00.0002007" startTime="2025-09-10T21:38:47.5143271+00:00" endTime="2025-09-10T21:38:47.5143273+00:00" testType="13cdc9d9-ddb5-4fa4-a97d-d965ccfc6d4b" outcome="Passed" testListId="8c84fa94-04c1-424b-9868-57a2d4851a1d" relativeResultsDirectory="3dd279bc-c809-4ec2-9b44-b96e5c6bcfee" />
    <UnitTestResult executionId="280665da-49ab-434a-add5-244fd1d5f071" testId="def966b3-b198-e5b0-2219-bdde89be7924" testName="BuckScience.Tests.CameraEditVmTests.CameraEditVm_ValidationAttributes_ShouldBeApplied" computerName="runnervmf4ws1" duration="00:00:00.0008768" startTime="2025-09-10T21:38:47.1943070+00:00" endTime="2025-09-10T21:38:47.1943072+00:00" testType="13cdc9d9-ddb5-4fa4-a97d-d965ccfc6d4b" outcome="Passed" testListId="8c84fa94-04c1-424b-9868-57a2d4851a1d" relativeResultsDirectory="280665da-49ab-434a-add5-244fd1d5f071" />
    <UnitTestResult executionId="8fc3c933-8072-4f9d-a20d-6748dbde1094" testId="29048f6b-b73b-a720-ef94-9f27a4540f3c" testName="BuckScience.Tests.Web.Helpers.WeatherHelpersTests.ConvertMoonPhaseTextToNumeric_ValidText_ReturnsCorrectValue(text: &quot;New Moon&quot;, expected: 0)" computerName="runnervmf4ws1" duration="00:00:00.0000086" startTime="2025-09-10T21:38:47.1622259+00:00" endTime="2025-09-10T21:38:47.1622259+00:00" testType="13cdc9d9-ddb5-4fa4-a97d-d965ccfc6d4b" outcome="Passed" testListId="8c84fa94-04c1-424b-9868-57a2d4851a1d" relativeResultsDirectory="8fc3c933-8072-4f9d-a20d-6748dbde1094" />
    <UnitTestResult executionId="de6cab4c-58f1-47a0-a80d-ad6c7b294843" testId="46016c60-0720-f808-02e7-68fa8d4036c4" testName="BuckScience.Tests.Web.Helpers.WeatherHelpersTests.ConvertMoonPhaseToText_VariousValues_ReturnsCorrectText(phase: 0.98999999999999999, expected: &quot;New Moon&quot;)" computerName="runnervmf4ws1" duration="00:00:00.0000081" startTime="2025-09-10T21:38:47.1531989+00:00" endTime="2025-09-10T21:38:47.1531990+00:00" testType="13cdc9d9-ddb5-4fa4-a97d-d965ccfc6d4b" outcome="Passed" testListId="8c84fa94-04c1-424b-9868-57a2d4851a1d" relativeResultsDirectory="de6cab4c-58f1-47a0-a80d-ad6c7b294843" />
    <UnitTestResult executionId="a84a3c9a-0997-4efe-9145-879d714bbcd6" testId="b96d0d20-292a-e609-b515-79cd877929d7" testName="BuckScience.Tests.Web.Helpers.WeatherHelpersTests.ConvertWindDirectionToText_VariousAngles_ReturnsCorrectDirection(degrees: 337.5, expected: &quot;NNW&quot;)" computerName="runnervmf4ws1" duration="00:00:00.0000044" startTime="2025-09-10T21:38:47.1576161+00:00" endTime="2025-09-10T21:38:47.1576161+00:00" testType="13cdc9d9-ddb5-4fa4-a97d-d965ccfc6d4b" outcome="Passed" testListId="8c84fa94-04c1-424b-9868-57a2d4851a1d" relativeResultsDirectory="a84a3c9a-0997-4efe-9145-879d714bbcd6" />
    <UnitTestResult executionId="82256a6c-cd4a-4c67-8d1f-e363e4b1bd7e" testId="231e01f7-8ce3-c622-6ddb-f4a558f73635" testName="BuckScience.Tests.Domain.MonthsAttributeTests.MonthsAttribute_Constructor_WithBoundaryValidMonths_SetsMonthsCorrectly(month: 12)" computerName="runnervmf4ws1" duration="00:00:00.0011400" startTime="2025-09-10T21:38:46.2314229+00:00" endTime="2025-09-10T21:38:46.2314229+00:00" testType="13cdc9d9-ddb5-4fa4-a97d-d965ccfc6d4b" outcome="Passed" testListId="8c84fa94-04c1-424b-9868-57a2d4851a1d" relativeResultsDirectory="82256a6c-cd4a-4c67-8d1f-e363e4b1bd7e" />
    <UnitTestResult executionId="94eaf643-87b3-473e-bc6c-bc77d056cd4f" testId="5d43f699-35d1-a4da-58e9-d0a22f0dcdd2" testName="BuckScience.Tests.PhotoFiltersTests.PhotoFilters_HasWeatherFilters_ReturnsFalseWhenNoWeatherFiltersSet" computerName="runnervmf4ws1" duration="00:00:00.0002417" startTime="2025-09-10T21:38:46.2281619+00:00" endTime="2025-09-10T21:38:46.2281620+00:00" testType="13cdc9d9-ddb5-4fa4-a97d-d965ccfc6d4b" outcome="Passed" testListId="8c84fa94-04c1-424b-9868-57a2d4851a1d" relativeResultsDirectory="94eaf643-87b3-473e-bc6c-bc77d056cd4f" />
    <UnitTestResult executionId="50f330ff-b8de-443a-b502-605639dc59ea" testId="2b789b90-6459-6d41-420f-e5502ba7ca12" testName="BuckScience.Tests.DirectionHelperTests.GetDisplayName_ShouldReturnCorrectDisplayNames" computerName="runnervmf4ws1" duration="00:00:00.0012097" startTime="2025-09-10T21:38:47.2192481+00:00" endTime="2025-09-10T21:38:47.2192482+00:00" testType="13cdc9d9-ddb5-4fa4-a97d-d965ccfc6d4b" outcome="Passed" testListId="8c84fa94-04c1-424b-9868-57a2d4851a1d" relativeResultsDirectory="50f330ff-b8de-443a-b502-605639dc59ea" />
    <UnitTestResult executionId="05cefe2c-71ac-4d35-8a78-55130bb07b04" testId="ec7cd5e3-a82c-cf66-66cc-45c1ba395a3e" testName="BuckScience.Tests.Web.Helpers.WeatherHelpersTests.ConvertMoonPhaseTextToNumeric_InvalidText_ReturnsNull(text: &quot;   &quot;)" computerName="runnervmf4ws1" duration="00:00:00.0000039" startTime="2025-09-10T21:38:47.1657154+00:00" endTime="2025-09-10T21:38:47.1657155+00:00" testType="13cdc9d9-ddb5-4fa4-a97d-d965ccfc6d4b" outcome="Passed" testListId="8c84fa94-04c1-424b-9868-57a2d4851a1d" relativeResultsDirectory="05cefe2c-71ac-4d35-8a78-55130bb07b04" />
    <UnitTestResult executionId="79a65f2b-5571-4723-a8f4-674bd827bfe8" testId="49d22b5a-8a11-c5d8-4359-de2ffd90b380" testName="BuckScience.Tests.Application.FeatureWeights.UpdateDefaultFeatureWeightsTests.UpdateDefaultFeatureWeights_ValidatesWeightRange" computerName="runnervmf4ws1" duration="00:00:00.7845304" startTime="2025-09-10T21:38:47.0798643+00:00" endTime="2025-09-10T21:38:47.0798647+00:00" testType="13cdc9d9-ddb5-4fa4-a97d-d965ccfc6d4b" outcome="Passed" testListId="8c84fa94-04c1-424b-9868-57a2d4851a1d" relativeResultsDirectory="79a65f2b-5571-4723-a8f4-674bd827bfe8" />
    <UnitTestResult executionId="d98c4a1c-bb3f-412e-886a-a532eedb0a38" testId="697a3a18-bb68-1bc4-ecac-a4680501e02f" testName="BuckScience.Tests.PhotoFilteringIntegrationTests.BuildFilters_WithNoParameters_ReturnsNull" computerName="runnervmf4ws1" duration="00:00:00.0013786" startTime="2025-09-10T21:38:46.2282020+00:00" endTime="2025-09-10T21:38:46.2282021+00:00" testType="13cdc9d9-ddb5-4fa4-a97d-d965ccfc6d4b" outcome="Passed" testListId="8c84fa94-04c1-424b-9868-57a2d4851a1d" relativeResultsDirectory="d98c4a1c-bb3f-412e-886a-a532eedb0a38" />
    <UnitTestResult executionId="7ce7ad53-baeb-4cd6-8e66-ae8526f14fe7" testId="28faaf32-b614-3b46-c8af-acfb48482d8d" testName="BuckScience.Tests.FeatureHelperTests.GetCategory_ShouldReturnCorrectCategoryForBeddingResources" computerName="runnervmf4ws1" duration="00:00:00.0004751" startTime="2025-09-10T21:38:46.2361128+00:00" endTime="2025-09-10T21:38:46.2361129+00:00" testType="13cdc9d9-ddb5-4fa4-a97d-d965ccfc6d4b" outcome="Passed" testListId="8c84fa94-04c1-424b-9868-57a2d4851a1d" relativeResultsDirectory="7ce7ad53-baeb-4cd6-8e66-ae8526f14fe7" />
    <UnitTestResult executionId="3faa9bbc-3399-4144-bf67-97fbf42bfc39" testId="aecfa300-816f-69bf-9efe-1e4204feea85" testName="BuckScience.Tests.Domain.SeasonExtensionsTests.GetDefaultMonths_AllSeasons_HaveValidAttributes" computerName="runnervmf4ws1" duration="00:00:00.0021646" startTime="2025-09-10T21:38:47.2326380+00:00" endTime="2025-09-10T21:38:47.2326381+00:00" testType="13cdc9d9-ddb5-4fa4-a97d-d965ccfc6d4b" outcome="Passed" testListId="8c84fa94-04c1-424b-9868-57a2d4851a1d" relativeResultsDirectory="3faa9bbc-3399-4144-bf67-97fbf42bfc39" />
    <UnitTestResult executionId="705f9848-5a9b-41bb-bf53-c18d29afb1cb" testId="386e0330-7309-7b37-24f5-0984d80d3723" testName="BuckScience.Tests.CameraCreateVmTests.CameraCreateVm_DirectionSync_ShouldWorkForAllDirections(direction: SW, expectedDegrees: 225)" computerName="runnervmf4ws1" duration="00:00:00.0000039" startTime="2025-09-10T21:38:47.1835813+00:00" endTime="2025-09-10T21:38:47.1835814+00:00" testType="13cdc9d9-ddb5-4fa4-a97d-d965ccfc6d4b" outcome="Passed" testListId="8c84fa94-04c1-424b-9868-57a2d4851a1d" relativeResultsDirectory="705f9848-5a9b-41bb-bf53-c18d29afb1cb" />
    <UnitTestResult executionId="566dd72d-f8a2-4036-9257-4a7c6a877362" testId="5c035d64-72fa-5f12-cc21-1e89e4c3e9b9" testName="BuckScience.Tests.Domain.PropertyFeatureTests.Constructor_AllParameters_SetsAllPropertiesCorrectly" computerName="runnervmf4ws1" duration="00:00:00.0053538" startTime="2025-09-10T21:38:47.2105803+00:00" endTime="2025-09-10T21:38:47.2105805+00:00" testType="13cdc9d9-ddb5-4fa4-a97d-d965ccfc6d4b" outcome="Passed" testListId="8c84fa94-04c1-424b-9868-57a2d4851a1d" relativeResultsDirectory="566dd72d-f8a2-4036-9257-4a7c6a877362" />
    <UnitTestResult executionId="f17f84b9-0c99-48f4-a62f-65293537d82c" testId="2b9ecce3-1ede-532e-6e3c-66b19452e797" testName="BuckScience.Tests.Application.SeasonMonthMappingServiceTests.GetMonthsForPropertyAsync_WithNullProperty_ReturnsDefaultMonths" computerName="runnervmf4ws1" duration="00:00:00.0008337" startTime="2025-09-10T21:38:47.5576787+00:00" endTime="2025-09-10T21:38:47.5576788+00:00" testType="13cdc9d9-ddb5-4fa4-a97d-d965ccfc6d4b" outcome="Passed" testListId="8c84fa94-04c1-424b-9868-57a2d4851a1d" relativeResultsDirectory="f17f84b9-0c99-48f4-a62f-65293537d82c" />
    <UnitTestResult executionId="250b8bad-3d9d-4a7e-8213-9b28cdab1705" testId="08a9b593-cfee-9bdf-6d80-833bb0b65ba9" testName="BuckScience.Tests.CameraCreateVmTests.CameraCreateVm_SyncSelectionFromDirection_ShouldUpdateDirectionSelection" computerName="runnervmf4ws1" duration="00:00:00.0058674" startTime="2025-09-10T21:38:47.1919553+00:00" endTime="2025-09-10T21:38:47.1919554+00:00" testType="13cdc9d9-ddb5-4fa4-a97d-d965ccfc6d4b" outcome="Passed" testListId="8c84fa94-04c1-424b-9868-57a2d4851a1d" relativeResultsDirectory="250b8bad-3d9d-4a7e-8213-9b28cdab1705" />
    <UnitTestResult executionId="2f51a456-3f5b-4654-8f1b-881364578379" testId="415f1005-69c1-a314-0e6a-db0b7d4bab74" testName="BuckScience.Tests.Domain.MonthsAttributeTests.MonthsAttribute_Constructor_WithInvalidMonth_ThrowsArgumentOutOfRangeException(invalidMonth: -1)" computerName="runnervmf4ws1" duration="00:00:00.0067757" startTime="2025-09-10T21:38:46.1572072+00:00" endTime="2025-09-10T21:38:46.1572661+00:00" testType="13cdc9d9-ddb5-4fa4-a97d-d965ccfc6d4b" outcome="Passed" testListId="8c84fa94-04c1-424b-9868-57a2d4851a1d" relativeResultsDirectory="2f51a456-3f5b-4654-8f1b-881364578379" />
    <UnitTestResult executionId="7c128121-2817-4e2f-895e-7c5b116ee838" testId="77c94a3a-bf51-e754-8b05-8ef3b5f32220" testName="BuckScience.Tests.DirectionHelperTests.FromFloat_ShouldReturnCorrectDirection(degrees: 270, expectedDirection: W)" computerName="runnervmf4ws1" duration="00:00:00.0000053" startTime="2025-09-10T21:38:47.2146444+00:00" endTime="2025-09-10T21:38:47.2146445+00:00" testType="13cdc9d9-ddb5-4fa4-a97d-d965ccfc6d4b" outcome="Passed" testListId="8c84fa94-04c1-424b-9868-57a2d4851a1d" relativeResultsDirectory="7c128121-2817-4e2f-895e-7c5b116ee838" />
    <UnitTestResult executionId="d200f865-a7cf-4895-b29c-3a6e836c814a" testId="b737e5bb-0356-fd2c-e9f5-061fb14537a5" testName="BuckScience.Tests.Application.PropertyFeatureApplicationTests.CreatePropertyFeature_WithWeight_CreatesFeatureWithWeight" computerName="runnervmf4ws1" duration="00:00:00.0074924" startTime="2025-09-10T21:38:47.4102573+00:00" endTime="2025-09-10T21:38:47.4102574+00:00" testType="13cdc9d9-ddb5-4fa4-a97d-d965ccfc6d4b" outcome="Passed" testListId="8c84fa94-04c1-424b-9868-57a2d4851a1d" relativeResultsDirectory="d200f865-a7cf-4895-b29c-3a6e836c814a" />
    <UnitTestResult executionId="4f271915-1e56-4823-8d98-edc0c6d03a0d" testId="6c5bb03b-3d70-308f-aed5-443e0f2530e1" testName="BuckScience.Tests.Web.Helpers.WeatherHelpersTests.WindDirectionOption_Properties_Work" computerName="runnervmf4ws1" duration="00:00:00.0002484" startTime="2025-09-10T21:38:47.1670059+00:00" endTime="2025-09-10T21:38:47.1670060+00:00" testType="13cdc9d9-ddb5-4fa4-a97d-d965ccfc6d4b" outcome="Passed" testListId="8c84fa94-04c1-424b-9868-57a2d4851a1d" relativeResultsDirectory="4f271915-1e56-4823-8d98-edc0c6d03a0d" />
    <UnitTestResult executionId="d2ebae78-2947-4dfd-8211-be5b78b444a4" testId="d23e84fd-71f4-7bce-d8fe-1741eb8da08e" testName="BuckScience.Tests.PhotoFilteringComprehensiveTests.PropertyPhotosVm_WithoutFilters_CorrectProperties" computerName="runnervmf4ws1" duration="00:00:00.0001482" startTime="2025-09-10T21:38:46.2929533+00:00" endTime="2025-09-10T21:38:46.2929535+00:00" testType="13cdc9d9-ddb5-4fa4-a97d-d965ccfc6d4b" outcome="Passed" testListId="8c84fa94-04c1-424b-9868-57a2d4851a1d" relativeResultsDirectory="d2ebae78-2947-4dfd-8211-be5b78b444a4" />
    <UnitTestResult executionId="d7d04f80-618b-4d66-8b04-4452b9d8d0fc" testId="c7c0db12-a7c7-5d4d-aeb3-925cdb576fb9" testName="BuckScience.Tests.Domain.FeatureWeightTests.FeatureWeight_ResetToDefault_UpdatesTimestamp" computerName="runnervmf4ws1" duration="00:00:00.0103329" startTime="2025-09-10T21:38:47.5506702+00:00" endTime="2025-09-10T21:38:47.5506703+00:00" testType="13cdc9d9-ddb5-4fa4-a97d-d965ccfc6d4b" outcome="Passed" testListId="8c84fa94-04c1-424b-9868-57a2d4851a1d" relativeResultsDirectory="d7d04f80-618b-4d66-8b04-4452b9d8d0fc" />
    <UnitTestResult executionId="0326bee6-f2b3-485e-b47f-1ca79365130f" testId="7f31b8c1-231f-a39c-8870-f0d4abe51343" testName="BuckScience.Tests.FeatureHelperTests.FeatureDescriptions_ShouldContainAllClassificationTypes" computerName="runnervmf4ws1" duration="00:00:00.0043684" startTime="2025-09-10T21:38:46.2347826+00:00" endTime="2025-09-10T21:38:46.2347827+00:00" testType="13cdc9d9-ddb5-4fa4-a97d-d965ccfc6d4b" outcome="Passed" testListId="8c84fa94-04c1-424b-9868-57a2d4851a1d" relativeResultsDirectory="0326bee6-f2b3-485e-b47f-1ca79365130f" />
    <UnitTestResult executionId="a2a2737b-5d80-4b8a-b0b1-2230e2e3bdb0" testId="e7cf9e58-42dd-8f47-eefc-754488b66343" testName="BuckScience.Tests.Domain.PropertySeasonMonthsOverrideTests.PropertySeasonMonthsOverride_SetMonths_WithInvalidMonths_ThrowsArgumentOutOfRangeException(invalidMonths: [0])" computerName="runnervmf4ws1" duration="00:00:00.0000710" startTime="2025-09-10T21:38:47.5638841+00:00" endTime="2025-09-10T21:38:47.5638841+00:00" testType="13cdc9d9-ddb5-4fa4-a97d-d965ccfc6d4b" outcome="Passed" testListId="8c84fa94-04c1-424b-9868-57a2d4851a1d" relativeResultsDirectory="a2a2737b-5d80-4b8a-b0b1-2230e2e3bdb0" />
    <UnitTestResult executionId="c555f417-87d0-4a3d-b282-1a9d4d2faeef" testId="44b98cc9-e1a6-60bb-436a-f6cfa2554196" testName="BuckScience.Tests.Application.PropertyFeatureApplicationTests.CreatePropertyFeature_WithInvalidWeight_ThrowsArgumentOutOfRangeException" computerName="runnervmf4ws1" duration="00:00:00.0020129" startTime="2025-09-10T21:38:47.4768625+00:00" endTime="2025-09-10T21:38:47.4768627+00:00" testType="13cdc9d9-ddb5-4fa4-a97d-d965ccfc6d4b" outcome="Passed" testListId="8c84fa94-04c1-424b-9868-57a2d4851a1d" relativeResultsDirectory="c555f417-87d0-4a3d-b282-1a9d4d2faeef" />
    <UnitTestResult executionId="ff765b6e-64d6-4818-ac22-7e1be42f238d" testId="5258a2d0-41cb-c3df-1e8f-eff8f92d5e7f" testName="BuckScience.Tests.Web.Helpers.WeatherHelpersTests.ConvertWindDirectionTextToNumeric_InvalidText_ReturnsNull(direction: &quot;Invalid&quot;)" computerName="runnervmf4ws1" duration="00:00:00.0000131" startTime="2025-09-10T21:38:47.1547208+00:00" endTime="2025-09-10T21:38:47.1547209+00:00" testType="13cdc9d9-ddb5-4fa4-a97d-d965ccfc6d4b" outcome="Passed" testListId="8c84fa94-04c1-424b-9868-57a2d4851a1d" relativeResultsDirectory="ff765b6e-64d6-4818-ac22-7e1be42f238d" />
    <UnitTestResult executionId="54b93795-3777-44ee-985b-34ccf6f9df84" testId="7aa5e31a-c407-5fc0-2788-70d3aa03acd3" testName="BuckScience.Tests.PhotoFilteringUrlExamples.BuildFilters_ConditionsParameters_ShouldParseCorrectly(conditions: &quot;Rainy&quot;, expectedConditions: [&quot;Rainy&quot;])" computerName="runnervmf4ws1" duration="00:00:00.0000181" startTime="2025-09-10T21:38:47.1754721+00:00" endTime="2025-09-10T21:38:47.1754722+00:00" testType="13cdc9d9-ddb5-4fa4-a97d-d965ccfc6d4b" outcome="Passed" testListId="8c84fa94-04c1-424b-9868-57a2d4851a1d" relativeResultsDirectory="54b93795-3777-44ee-985b-34ccf6f9df84" />
[...]
    <TestEntry testId="54dac1bc-0f72-9d60-bad7-07e4a0566a24" executionId="a125d783-80db-4eaa-a356-fe9f50b9099a" testListId="8c84fa94-04c1-424b-9868-57a2d4851a1d" />
    <TestEntry testId="d91077c4-486f-699f-e7de-7a096da96d2b" executionId="6d1027b0-da9b-4877-8078-3ddaa492db19" testListId="8c84fa94-04c1-424b-9868-57a2d4851a1d" />
    <TestEntry testId="088d383f-5fbc-e375-2326-3e321a2adf4f" executionId="894c8cdd-10e5-4ced-aaec-51e64bfeaa34" testListId="8c84fa94-04c1-424b-9868-57a2d4851a1d" />
    <TestEntry testId="596b7c00-efcf-3d4d-3dbb-d2705ed5b371" executionId="ad48e55d-d7b1-4d46-839f-257a16954c07" testListId="8c84fa94-04c1-424b-9868-57a2d4851a1d" />
    <TestEntry testId="1be37c51-af7c-9e7b-8fa3-a746d27f5f9b" executionId="142f5284-cf5d-4d66-be89-496222f3a9e7" testListId="8c84fa94-04c1-424b-9868-57a2d4851a1d" />
    <TestEntry testId="ce73eb79-a497-c2a4-9a02-ef4f9a7168c5" executionId="ef906870-913e-4ae7-bece-6d3f48c21675" testListId="8c84fa94-04c1-424b-9868-57a2d4851a1d" />
    <TestEntry testId="e9f8fc86-f5b4-af50-fd5d-96735f013b0a" executionId="527d12c9-7078-41e0-b23c-8ed10c5a0834" testListId="8c84fa94-04c1-424b-9868-57a2d4851a1d" />
    <TestEntry testId="99b19fe9-9646-fec1-29a0-b1e5f49baebb" executionId="8e190c66-274a-44ce-80ca-b3e9252f9518" testListId="8c84fa94-04c1-424b-9868-57a2d4851a1d" />
    <TestEntry testId="162f6cfb-c27f-27d9-ae85-1a410ddacc2e" executionId="06c9c488-8832-45b0-bfc4-9d992e8feef4" testListId="8c84fa94-04c1-424b-9868-57a2d4851a1d" />
    <TestEntry testId="1d2cb59d-b905-737a-61a2-6d873910d1e1" executionId="94d3d0a7-cc30-460a-b502-1453a6a53841" testListId="8c84fa94-04c1-424b-9868-57a2d4851a1d" />
    <TestEntry testId="9e5e4569-9acc-0235-4e91-ee81d67e124e" executionId="b3b5fb90-a5ac-4cfa-baea-c6bfd7d7da0a" testListId="8c84fa94-04c1-424b-9868-57a2d4851a1d" />
    <TestEntry testId="172a47eb-7de7-c6df-b8be-70c0be7e14f7" executionId="dc720dd2-9b1a-4664-b992-6e1bb85153c4" testListId="8c84fa94-04c1-424b-9868-57a2d4851a1d" />
    <TestEntry testId="ccc07dc4-5c65-0922-771d-b881981eeb94" executionId="26688ac7-b4e7-4d6c-be5c-784ff993228e" testListId="8c84fa94-04c1-424b-9868-57a2d4851a1d" />
    <TestEntry testId="4e6de647-43c0-2d5e-ffcc-d884e859b7df" executionId="e0a4c73d-c512-485f-b09f-895005bb0c9f" testListId="8c84fa94-04c1-424b-9868-57a2d4851a1d" />
    <TestEntry testId="90576d28-8c3e-aa47-8e92-100b02ac5a05" executionId="e8ae31a1-ec05-47e3-b6e3-19219b191a7c" testListId="8c84fa94-04c1-424b-9868-57a2d4851a1d" />
    <TestEntry testId="9cd7f192-bb9b-abd8-007d-2585a8ffb5e9" executionId="25873343-2a76-45ab-babc-cdee5629d683" testListId="8c84fa94-04c1-424b-9868-57a2d4851a1d" />
    <TestEntry testId="0161b4d2-48af-5756-816a-41884dcebe59" executionId="8ddedc46-abc0-420b-8e9c-54c35595faa6" testListId="8c84fa94-04c1-424b-9868-57a2d4851a1d" />
    <TestEntry testId="62aa58ea-9077-0f9e-c60d-aafd4a8d0ad6" executionId="f3440b14-caa3-46d0-b66d-066588ee775c" testListId="8c84fa94-04c1-424b-9868-57a2d4851a1d" />
    <TestEntry testId="7d4e8658-cb8d-0c66-3167-748289c2e3c6" executionId="03b56a98-eef6-48da-9439-69300b3ec311" testListId="8c84fa94-04c1-424b-9868-57a2d4851a1d" />
    <TestEntry testId="0eac1afa-cee8-c2b1-e775-7c9bd515bfb3" executionId="7f5cd81b-f2a1-4676-8484-ab27d190918b" testListId="8c84fa94-04c1-424b-9868-57a2d4851a1d" />
    <TestEntry testId="3ab77925-e532-466c-f70d-fb6c68a8918c" executionId="993a3905-e7cc-414a-b826-13f8f890722d" testListId="8c84fa94-04c1-424b-9868-57a2d4851a1d" />
    <TestEntry testId="6a32519d-0b48-1a74-f23b-101b1449f4f4" executionId="61303c51-df8b-44cc-86cb-2750ca16ddc2" testListId="8c84fa94-04c1-424b-9868-57a2d4851a1d" />
    <TestEntry testId="18fd69b0-d054-4b67-4fab-caa28c12efff" executionId="3e8f6b81-db20-44e8-9a51-634325f6bb6a" testListId="8c84fa94-04c1-424b-9868-57a2d4851a1d" />
    <TestEntry testId="0c5da287-efdb-ad86-5a1d-4f909e3eba8c" executionId="314ddfe1-b724-4d8b-8b2a-cb84563f8f0b" testListId="8c84fa94-04c1-424b-9868-57a2d4851a1d" />
    <TestEntry testId="dd76f619-e962-2008-d0f8-a714bb3f5c46" executionId="a8260c85-7b0b-4a33-afe5-f083bc0cb0b3" testListId="8c84fa94-04c1-424b-9868-57a2d4851a1d" />
    <TestEntry testId="d983931e-3379-4c6a-5c76-852ec2540d36" executionId="59d2d5f9-3602-4058-b0cb-3b32be4fe8b2" testListId="8c84fa94-04c1-424b-9868-57a2d4851a1d" />
    <TestEntry testId="d3a4b1bb-6aeb-d30b-4b3c-0f1cdc5eac6e" executionId="0fa2e3c8-057d-4148-9c48-64867c967eec" testListId="8c84fa94-04c1-424b-9868-57a2d4851a1d" />
    <TestEntry testId="b2bd5000-3749-abcf-9228-2b95c005c687" executionId="c4616a3b-ce50-4f33-832b-8d45370d882d" testListId="8c84fa94-04c1-424b-9868-57a2d4851a1d" />
    <TestEntry testId="0bff2ecc-4f41-029d-f57b-08de3b707d06" executionId="6cdc51f4-6c79-46b3-b57e-318e0f806dce" testListId="8c84fa94-04c1-424b-9868-57a2d4851a1d" />
    <TestEntry testId="d6776beb-14db-e4df-c8a3-8f90548062bb" executionId="44380732-7841-4e43-8f19-12b098bcc2a6" testListId="8c84fa94-04c1-424b-9868-57a2d4851a1d" />
    <TestEntry testId="407fdbb6-f29a-a8a2-0277-cd698b7b57a7" executionId="3a040162-7747-4e37-bf81-dc8f95ab6eed" testListId="8c84fa94-04c1-424b-9868-57a2d4851a1d" />
    <TestEntry testId="fa4cc283-dfe0-de36-3d73-29ab1e351353" executionId="59e3ed58-d6aa-4e45-bea1-68801fc8febe" testListId="8c84fa94-04c1-424b-9868-57a2d4851a1d" />
    <TestEntry testId="396d4f9b-ac51-22fa-04b5-9956711699f1" executionId="36c63282-2bd6-44b4-bee9-eb7147f5cb2d" testListId="8c84fa94-04c1-424b-9868-57a2d4851a1d" />
    <TestEntry testId="59d49ae8-fe17-c8a4-30e6-e31bf9671e6d" executionId="173f6e05-1a93-4e34-9590-89e7777aa361" testListId="8c84fa94-04c1-424b-9868-57a2d4851a1d" />
    <TestEntry testId="e294371f-24bd-e5af-41b0-5a6f22f8d71f" executionId="c52252bb-e10f-4ad0-8dd3-cf128ac050ee" testListId="8c84fa94-04c1-424b-9868-57a2d4851a1d" />
    <TestEntry testId="db79dd17-8f15-9022-848e-d377803a0707" executionId="5a31b716-56e7-4f39-aef6-acc52e4944cc" testListId="8c84fa94-04c1-424b-9868-57a2d4851a1d" />
    <TestEntry testId="5a1b2923-7867-c9d7-9184-902164877e6b" executionId="a596b8e0-c999-411b-aaa2-e87be21ded9d" testListId="8c84fa94-04c1-424b-9868-57a2d4851a1d" />
    <TestEntry testId="94acb547-5f92-9634-547a-02395bd6053e" executionId="83d006ea-c07a-4655-a6fc-8e9e19155ba4" testListId="8c84fa94-04c1-424b-9868-57a2d4851a1d" />
    <TestEntry testId="5d2b9441-7258-8eb0-806c-14775f849641" executionId="4275ae9e-e7a6-49eb-ae49-102fe87fa518" testListId="8c84fa94-04c1-424b-9868-57a2d4851a1d" />
    <TestEntry testId="f2ce22ba-4e0c-a11c-c657-a799ce863a26" executionId="5fb9cef3-a5f7-45e8-bb0c-9744e6a57d7f" testListId="8c84fa94-04c1-424b-9868-57a2d4851a1d" />
    <TestEntry testId="fb1e59a0-19c5-d0be-0d94-4bf533d92746" executionId="5846bfa0-0dd8-4816-862b-eaa7d67af3b2" testListId="8c84fa94-04c1-424b-9868-57a2d4851a1d" />
    <TestEntry testId="dab68c95-06ed-1b25-9b7e-b55b2972fccc" executionId="b72b5b89-f7cd-4cdc-8409-c590b285de53" testListId="8c84fa94-04c1-424b-9868-57a2d4851a1d" />
    <TestEntry testId="a8cebbec-cc48-449c-a357-e8867b7cdbdf" executionId="4757119b-0934-4e62-9654-c801a58f220e" testListId="8c84fa94-04c1-424b-9868-57a2d4851a1d" />
    <TestEntry testId="f691e718-46df-21d8-be15-dfb8d4456f03" executionId="b9e58e4c-8150-47ce-b33a-1f8505af2a04" testListId="8c84fa94-04c1-424b-9868-57a2d4851a1d" />
    <TestEntry testId="d619cb92-2daa-6482-f5e5-56eaf7f3851b" executionId="7a801bb0-b296-48de-bec1-4cf8bae89cbd" testListId="8c84fa94-04c1-424b-9868-57a2d4851a1d" />
    <TestEntry testId="dca73a03-b0b0-9398-437e-9e75519b25e4" executionId="e1795e63-d146-4d21-925e-0a03596c005c" testListId="8c84fa94-04c1-424b-9868-57a2d4851a1d" />
    <TestEntry testId="b1f41500-5f15-b967-f0a8-55e935ea7819" executionId="53fd5903-a43d-47f8-acfb-1942cfafb037" testListId="8c84fa94-04c1-424b-9868-57a2d4851a1d" />
    <TestEntry testId="2d42558b-0e16-1806-a5ca-7006bc54a2c7" executionId="9c124d3b-e147-488f-a991-166548318e00" testListId="8c84fa94-04c1-424b-9868-57a2d4851a1d" />
    <TestEntry testId="343fd73e-33e0-a251-14f5-344e69186a31" executionId="4916b7e9-11f8-4fb5-9575-feb6cc38cca3" testListId="8c84fa94-04c1-424b-9868-57a2d4851a1d" />
    <TestEntry testId="3b0de714-8f13-7aca-97ab-ed01b955f773" executionId="807e19b3-a5b2-4ad4-a616-bb6bebb57c1f" testListId="8c84fa94-04c1-424b-9868-57a2d4851a1d" />
    <TestEntry testId="d9d0929f-95f9-5181-aa9b-10571d330d53" executionId="28cefce5-90e0-4dc2-af5d-b29a071accda" testListId="8c84fa94-04c1-424b-9868-57a2d4851a1d" />
    <TestEntry testId="5fc7d131-6de1-7ffe-375b-8ea28a5dbcb8" executionId="388ff8bc-c8d7-44a3-bbd9-2405f5c6f852" testListId="8c84fa94-04c1-424b-9868-57a2d4851a1d" />
    <TestEntry testId="d7049aa3-0901-3782-ef96-d1caac1bac5e" executionId="d86fd53a-2330-4b2b-a695-4437d7212108" testListId="8c84fa94-04c1-424b-9868-57a2d4851a1d" />
    <TestEntry testId="3df0dc6c-72ae-14e2-377c-12e9cf0a4276" executionId="9afc33f7-56d8-408b-b4b1-8f0044451e7f" testListId="8c84fa94-04c1-424b-9868-57a2d4851a1d" />
    <TestEntry testId="e65338ab-e9eb-2800-4922-6e2f693b11d4" executionId="b0822d24-24cc-4274-b03a-d70ded4eafe2" testListId="8c84fa94-04c1-424b-9868-57a2d4851a1d" />
    <TestEntry testId="9e88128c-c893-0f4c-cf4f-ba4eb6951e77" executionId="6f31d607-9ae1-46ae-a9d4-43340eae8473" testListId="8c84fa94-04c1-424b-9868-57a2d4851a1d" />
    <TestEntry testId="517f9dbf-42b8-6c68-c79b-d5d973668018" executionId="80ca1ddf-e55c-42dc-97b5-681ab8f6363c" testListId="8c84fa94-04c1-424b-9868-57a2d4851a1d" />
    <TestEntry testId="e0dcc631-95da-6f78-075b-f4a50d72ea72" executionId="90607d16-dfe7-4680-b5b9-1463c687a592" testListId="8c84fa94-04c1-424b-9868-57a2d4851a1d" />
    <TestEntry testId="a7640c1c-3e1a-ff5f-a7c8-4da5a8b29af2" executionId="77355cf8-8202-4ad1-b4c7-feb160adb948" testListId="8c84fa94-04c1-424b-9868-57a2d4851a1d" />
    <TestEntry testId="2582410d-2726-a653-733b-0912934edde4" executionId="e358ef82-f69e-4488-8977-02d6180b26e3" testListId="8c84fa94-04c1-424b-9868-57a2d4851a1d" />
    <TestEntry testId="61de09e0-94b0-9094-bdcf-74e56c5800ed" executionId="899af638-ff1c-4e62-9f55-aa0056c2fb04" testListId="8c84fa94-04c1-424b-9868-57a2d4851a1d" />
    <TestEntry testId="48d95b96-b471-deb8-51bf-62c5a89928a2" executionId="ef01b5d1-2530-4a72-b829-580825c124ca" testListId="8c84fa94-04c1-424b-9868-57a2d4851a1d" />
    <TestEntry testId="6e95a11c-ba0a-17a5-b618-642e6194107c" executionId="cecc7944-54bd-4da3-a183-ea8736217b1f" testListId="8c84fa94-04c1-424b-9868-57a2d4851a1d" />
    <TestEntry testId="4e409710-7600-d8ec-3aaf-52ff72372913" executionId="a810c7aa-ef8b-4302-87a9-2991275be69c" testListId="8c84fa94-04c1-424b-9868-57a2d4851a1d" />
    <TestEntry testId="0df754ab-3374-deab-a269-326e3752e38a" executionId="47f82073-51f2-4d6b-b37d-cb25cab38992" testListId="8c84fa94-04c1-424b-9868-57a2d4851a1d" />
    <TestEntry testId="33aaf4d3-9999-0bc6-ded9-bd2870cebad9" executionId="dcae52c5-ca5f-4f9d-80b5-e9aeb2a2091a" testListId="8c84fa94-04c1-424b-9868-57a2d4851a1d" />
    <TestEntry testId="75db6be7-a24b-fda6-3919-e716d174ed3d" executionId="9a821588-b975-4811-b680-ec636389e347" testListId="8c84fa94-04c1-424b-9868-57a2d4851a1d" />
    <TestEntry testId="5c61d628-c74f-c8f0-779e-82c0c2dc77df" executionId="1d3d53c2-75bb-47e0-aa2e-a885ae75e558" testListId="8c84fa94-04c1-424b-9868-57a2d4851a1d" />
    <TestEntry testId="5d068b70-09ca-86be-04bc-7a667c7e0484" executionId="59641a2c-1948-4499-83f4-59ca3df67a05" testListId="8c84fa94-04c1-424b-9868-57a2d4851a1d" />
    <TestEntry testId="0046d277-9b70-8213-d3d2-32e9f1ff9915" executionId="72e31c4f-8afa-43dd-b58c-1492fd083a8d" testListId="8c84fa94-04c1-424b-9868-57a2d4851a1d" />
    <TestEntry testId="82ad2eed-c2a8-00e1-ef28-e5a6803fece0" executionId="a97bf289-aaaf-4a85-9e8b-27021b4d27ed" testListId="8c84fa94-04c1-424b-9868-57a2d4851a1d" />
    <TestEntry testId="62abf167-66b2-7338-5ead-888596c0fffe" executionId="ab652062-dffd-400e-b526-c09b887818dd" testListId="8c84fa94-04c1-424b-9868-57a2d4851a1d" />
    <TestEntry testId="4bb73173-b83c-b642-8102-032feaeaf8ff" executionId="7db7e79f-32f3-4621-94c7-fe333242a803" testListId="8c84fa94-04c1-424b-9868-57a2d4851a1d" />
    <TestEntry testId="305d09f5-4e54-c015-79c0-ffb75c48bf18" executionId="6a6dcac1-39f1-4c4c-a9b5-87d80de9c24f" testListId="8c84fa94-04c1-424b-9868-57a2d4851a1d" />
    <TestEntry testId="75b50791-58b3-a264-c6bb-b7e6f52f0f9b" executionId="658b16ce-f328-41da-9e5d-080e131bb83b" testListId="8c84fa94-04c1-424b-9868-57a2d4851a1d" />
    <TestEntry testId="7175185a-7456-021f-eecb-6c991ffd0d08" executionId="56f01eb5-8466-4cab-9bd7-a289788d3253" testListId="8c84fa94-04c1-424b-9868-57a2d4851a1d" />
    <TestEntry testId="725e041b-cd4a-19c3-f7e9-4d20b2961a86" executionId="8d7fbc2e-716e-4c4d-b454-61dfb6356406" testListId="8c84fa94-04c1-424b-9868-57a2d4851a1d" />
    <TestEntry testId="f36a8701-085e-04e9-1108-0b102bccb765" executionId="53f81637-57ed-430d-9c68-26ac51400037" testListId="8c84fa94-04c1-424b-9868-57a2d4851a1d" />
    <TestEntry testId="5586d107-f84a-20c0-07c2-a380e15c327c" executionId="4d8031a8-03fe-45a2-ac1c-c9979940918d" testListId="8c84fa94-04c1-424b-9868-57a2d4851a1d" />
    <TestEntry testId="f4c9aa46-811a-389b-d744-72a428dee7d2" executionId="28c94730-4d21-4406-a959-21ba9d80d2ba" testListId="8c84fa94-04c1-424b-9868-57a2d4851a1d" />
    <TestEntry testId="11c53883-3d96-0957-d8a1-9dcf44cb5e78" executionId="6d02958c-0d0e-4319-b882-c5701a10195f" testListId="8c84fa94-04c1-424b-9868-57a2d4851a1d" />
    <TestEntry testId="c5847a99-4505-c2ed-d54d-fc269a080b27" executionId="02062ce2-5322-4474-944b-e32a284c6daa" testListId="8c84fa94-04c1-424b-9868-57a2d4851a1d" />
    <TestEntry testId="19df813d-aa7e-5539-ce76-ba8a68683016" executionId="dbd237d4-be70-469c-9748-6f61cb87c5fd" testListId="8c84fa94-04c1-424b-9868-57a2d4851a1d" />
    <TestEntry testId="ea3e05c1-5c7d-865c-be9d-8f2ae46de9bb" executionId="ae03f8cf-6ce4-4213-862d-d15185a8a6f0" testListId="8c84fa94-04c1-424b-9868-57a2d4851a1d" />
    <TestEntry testId="fb896724-2095-3026-71b5-ad9198efd098" executionId="36438f9e-3f54-4619-b3e1-58a64f855864" testListId="8c84fa94-04c1-424b-9868-57a2d4851a1d" />
    <TestEntry testId="fdc90908-8368-ee5f-7b4f-9fee688fecb2" executionId="d3484896-5623-4985-9e90-626e880ffafa" testListId="8c84fa94-04c1-424b-9868-57a2d4851a1d" />
    <TestEntry testId="c5f68921-dad4-1a69-07c9-dd9ef56e29ff" executionId="683a5f8b-17cf-4803-bba4-527943771b31" testListId="8c84fa94-04c1-424b-9868-57a2d4851a1d" />
    <TestEntry testId="1346760c-63cd-b7f1-1c05-6d40bed27cce" executionId="08689720-e81c-4976-ac6d-8396948153fa" testListId="8c84fa94-04c1-424b-9868-57a2d4851a1d" />
    <TestEntry testId="237f5a59-e781-9088-3a51-e29d89420089" executionId="d86046b1-0e32-47a0-b81e-00c295411319" testListId="8c84fa94-04c1-424b-9868-57a2d4851a1d" />
    <TestEntry testId="3101a1d2-70b0-545d-5f32-eb96f6803b5f" executionId="45561bdc-c542-4f66-8521-8142d2311256" testListId="8c84fa94-04c1-424b-9868-57a2d4851a1d" />
    <TestEntry testId="7bc9b0b3-f390-4717-09ce-b059301b82e1" executionId="5cc12c9c-6676-474c-9d76-000234b369f0" testListId="8c84fa94-04c1-424b-9868-57a2d4851a1d" />
    <TestEntry testId="be34b3ae-4d99-48a5-415d-a9f5ba8821a1" executionId="eef568fe-1cbe-4865-8b78-821b78991ba3" testListId="8c84fa94-04c1-424b-9868-57a2d4851a1d" />
    <TestEntry testId="3f9861f9-4bc2-45e4-3f18-99d7b31a3667" executionId="b0d13452-abff-4c25-8995-70a1406fbc52" testListId="8c84fa94-04c1-424b-9868-57a2d4851a1d" />
    <TestEntry testId="b14ae956-297a-f056-fdd7-ca8f9b76076f" executionId="91605e6d-2111-4e38-8e71-ba113bf641d6" testListId="8c84fa94-04c1-424b-9868-57a2d4851a1d" />
    <TestEntry testId="a9d39b02-2996-0d69-08ab-284d0ae0393a" executionId="622e8d87-361b-40b8-9c6e-a255074f2b08" testListId="8c84fa94-04c1-424b-9868-57a2d4851a1d" />
    <TestEntry testId="35247ab4-97a5-e557-91c7-742a1f89dba4" executionId="4b1e03cd-b136-49e8-9e6c-e040a965c101" testListId="8c84fa94-04c1-424b-9868-57a2d4851a1d" />
    <TestEntry testId="aac2053d-c1f1-3ae9-c811-84c25975dded" executionId="daaa63a9-f438-4d07-b1d2-d0961b5a0576" testListId="8c84fa94-04c1-424b-9868-57a2d4851a1d" />
    <TestEntry testId="7c2d9e42-a64f-2cb9-82f9-1e417facca20" executionId="a295caf3-87c2-4b85-9715-9bf5980668ca" testListId="8c84fa94-04c1-424b-9868-57a2d4851a1d" />
    <TestEntry testId="633c7180-abf2-d38a-1f50-b48e71e9c2bd" executionId="2ae0829a-c107-403c-b35f-7fe86b86a528" testListId="8c84fa94-04c1-424b-9868-57a2d4851a1d" />
    <TestEntry testId="477057b0-3b6f-36a4-06fc-1b03c23a4da7" executionId="b1791795-8f5c-4d33-af66-843b3abc77f8" testListId="8c84fa94-04c1-424b-9868-57a2d4851a1d" />
    <TestEntry testId="8c733a46-a4ea-1620-69ec-bdd69e48dc0b" executionId="66c2c9bb-b804-485e-97ab-18d98376db98" testListId="8c84fa94-04c1-424b-9868-57a2d4851a1d" />
    <TestEntry testId="68647ad1-4f74-1b97-159d-5659e9979e01" executionId="fe51a4c4-a1ea-4fba-8306-f3da1cb46dea" testListId="8c84fa94-04c1-424b-9868-57a2d4851a1d" />
    <TestEntry testId="973ec4a4-75bf-519b-ad67-04ada4756976" executionId="c46c369f-159b-49c0-ba19-251514501a47" testListId="8c84fa94-04c1-424b-9868-57a2d4851a1d" />
    <TestEntry testId="1da9127c-d651-72aa-5a84-7cfe9f562b5c" executionId="ad4bcb52-789f-4ffc-8509-c99ed460118d" testListId="8c84fa94-04c1-424b-9868-57a2d4851a1d" />
    <TestEntry testId="63390816-73a6-312f-e706-2ca3dfa39f0e" executionId="d251ab62-d2ce-4ae0-81a2-8c7598f3e42f" testListId="8c84fa94-04c1-424b-9868-57a2d4851a1d" />
    <TestEntry testId="ce7424f3-8800-2916-ce22-d9c4a6a2d917" executionId="2412e8a7-2a9a-412d-b0d6-c21554868630" testListId="8c84fa94-04c1-424b-9868-57a2d4851a1d" />
    <TestEntry testId="41d6624e-c316-a2d4-4992-8e24e9424bdf" executionId="42ba02c9-2323-4b35-aa19-0060c94f4547" testListId="8c84fa94-04c1-424b-9868-57a2d4851a1d" />
    <TestEntry testId="8c01a8cb-2ffc-5487-6da3-7bc37c88340c" executionId="54d801a4-ec76-4824-b49e-45b2b47ec4df" testListId="8c84fa94-04c1-424b-9868-57a2d4851a1d" />
    <TestEntry testId="89ecaa3a-044a-88b6-09ea-2d19af9e4614" executionId="b741841e-74d9-4f3a-a368-adf5819fbe60" testListId="8c84fa94-04c1-424b-9868-57a2d4851a1d" />
    <TestEntry testId="e59f6969-24d1-ee70-57fe-d99344040a63" executionId="1b31adb2-3b77-4e51-be2c-6120f20091f0" testListId="8c84fa94-04c1-424b-9868-57a2d4851a1d" />
    <TestEntry testId="2e480f4f-8e65-8226-244e-bc56a9d64e7e" executionId="281d4dcb-db85-469f-a50a-65b03e2766c1" testListId="8c84fa94-04c1-424b-9868-57a2d4851a1d" />
    <TestEntry testId="8bb24d97-4056-0aed-e738-d86e9d34f566" executionId="79167260-fb4a-4a2a-a914-c9890d3a36c4" testListId="8c84fa94-04c1-424b-9868-57a2d4851a1d" />
    <TestEntry testId="2cc2759a-0e74-d1e3-53c0-3d706804902c" executionId="128875b5-566c-4c1c-a41d-753fac5e9e93" testListId="8c84fa94-04c1-424b-9868-57a2d4851a1d" />
    <TestEntry testId="abed9d03-2d03-a6ea-317e-f9cbae3ef978" executionId="8944f34b-fb08-434e-9451-7609ddfe9187" testListId="8c84fa94-04c1-424b-9868-57a2d4851a1d" />
    <TestEntry testId="0a4fef64-4b22-b6e1-3068-172d5dc1b64f" executionId="66d7a743-6c10-44a3-bd34-7a7b760f18dd" testListId="8c84fa94-04c1-424b-9868-57a2d4851a1d" />
  </TestEntries>
  <TestLists>
    <TestList name="Results Not in a List" id="8c84fa94-04c1-424b-9868-57a2d4851a1d" />
    <TestList name="All Loaded Results" id="19431567-8539-422a-85d7-44ee4e166bda" />
  </TestLists>
  <ResultSummary outcome="Completed">
    <Counters total="349" executed="349" passed="349" failed="0" error="0" timeout="0" aborted="0" inconclusive="0" passedButRunAborted="0" notRunnable="0" notExecuted="0" disconnected="0" warning="0" completed="0" inProgress="0" pending="0" />
    <Output>
      <StdOut>[xUnit.net 00:00:00.00] xUnit.net VSTest Adapter v2.4.5+1caef2f33e (64-bit .NET 8.0.19)
[xUnit.net 00:00:00.76]   Discovering: BuckScience.Tests
[xUnit.net 00:00:00.87]   Discovered:  BuckScience.Tests
[xUnit.net 00:00:00.87]   Starting:    BuckScience.Tests
[xUnit.net 00:00:02.38]   Finished:    BuckScience.Tests
</StdOut>
    </Output>
  </ResultSummary>
</TestRun>